<?xml version="1.0" encoding="utf-8"?>
<TestRun id="c0e4b160-692f-4f1f-9ba2-f6c7e560b1c6" name="zzz81@ZZZ的电脑 2026-08-09 01:32:15" runUser="ZZZ的电脑\zzz81" xmlns="http://microsoft.com/schemas/VisualStudio/TeamTest/2010">
  <Times creation="2026-08-09T01:32:15.1295443+08:00" queuing="2026-08-09T01:32:15.1295446+08:00" start="2026-08-09T01:32:12.5005985+08:00" finish="2026-08-09T01:32:15.1342978+08:00" />
  <TestSettings name="default" id="76fdce64-27c2-4764-96b2-b168403c5cf4">
    <Deployment runDeploymentRoot="zzz81_ZZZ的电脑_2026-08-09_01_32_15" />
  </TestSettings>
  <Results>
    <UnitTestResult executionId="8b0cdab6-2d41-4b6e-99eb-f4e1641e9d37" testId="f6d65453-720b-8f4c-2296-b61c11fdc6d8" testName="CurrencyWarsAssistant.Tests.RewardShopCloseIntegrationTests.DisabledRefreshShopIsRecognizedClickedAndVerifiedClosed" computerName="ZZZ的电脑" duration="00:00:01.9844651" startTime="2026-08-09T01:32:15.0631320+08:00" endTime="2026-08-09T01:32:15.0631426+08:00" testType="13cdc9d9-ddb5-4fa4-a97d-d965ccfc6d4b" outcome="Passed" testListId="8c84fa94-04c1-424b-9868-57a2d4851a1d" relativeResultsDirectory="8b0cdab6-2d41-4b6e-99eb-f4e1641e9d37" />
  </Results>
  <TestDefinitions>
    <UnitTest name="CurrencyWarsAssistant.Tests.RewardShopCloseIntegrationTests.DisabledRefreshShopIsRecognizedClickedAndVerifiedClosed" storage="d:\codex-2\work\currencywarsassistant-0.2.839-audit-20260808\tests\currencywarsassistant.tests\bin\release\net8.0-windows10.0.19041.0\currencywarsassistant.tests.dll" id="f6d65453-720b-8f4c-2296-b61c11fdc6d8">
      <Execution id="8b0cdab6-2d41-4b6e-99eb-f4e1641e9d37" />
      <TestMethod codeBase="D:\Codex-2\work\CurrencyWarsAssistant-0.2.839-audit-20260808\tests\CurrencyWarsAssistant.Tests\bin\Release\net8.0-windows10.0.19041.0\CurrencyWarsAssistant.Tests.dll" adapterTypeName="executor://xunit/VsTestRunner2/netcoreapp" className="CurrencyWarsAssistant.Tests.RewardShopCloseIntegrationTests" name="DisabledRefreshShopIsRecognizedClickedAndVerifiedClosed" />
    </UnitTest>
  </TestDefinitions>
  <TestEntries>
    <TestEntry testId="f6d65453-720b-8f4c-2296-b61c11fdc6d8" executionId="8b0cdab6-2d41-4b6e-99eb-f4e1641e9d37" testListId="8c84fa94-04c1-424b-9868-57a2d4851a1d" />
  </TestEntries>
  <TestLists>
    <TestList name="列表中未列出的结果" id="8c84fa94-04c1-424b-9868-57a2d4851a1d" />
    <TestList name="所有已加载的结果" id="19431567-8539-422a-85d7-44ee4e166bda" />
  </TestLists>
  <ResultSummary outcome="Completed">
    <Counters total="1" executed="1" passed="1" failed="0" error="0" timeout="0" aborted="0" inconclusive="0" passedButRunAborted="0" notRunnable="0" notExecuted="0" disconnected="0" warning="0" completed="0" inProgress="0" pending="0" />
    <Output>
      <StdOut>[xUnit.net 00:00:00.00] xUnit.net VSTest Adapter v2.8.2+699d445a1a (64-bit .NET 8.0.29)&#xD;
[xUnit.net 00:00:00.07]   Discovering: CurrencyWarsAssistant.Tests&#xD;
[xUnit.net 00:00:00.18]   Discovered:  CurrencyWarsAssistant.Tests&#xD;
[xUnit.net 00:00:00.18]   Starting:    CurrencyWarsAssistant.Tests&#xD;
[xUnit.net 00:00:02.20]   Finished:    CurrencyWarsAssistant.Tests&#xD;
</StdOut>
    </Output>
  </ResultSummary>
</TestRun>