<?xml version="1.0" encoding="utf-8"?>
<TestRun id="6f03c4ee-cde6-4529-9e0a-090b77dcf807" name="zzz81@ZZZ的电脑 2026-08-09 01:08:22" runUser="ZZZ的电脑\zzz81" xmlns="http://microsoft.com/schemas/VisualStudio/TeamTest/2010">
  <Times creation="2026-08-09T01:08:22.1579515+08:00" queuing="2026-08-09T01:08:22.1579520+08:00" start="2026-08-09T01:08:17.4143351+08:00" finish="2026-08-09T01:08:22.2874923+08:00" />
  <TestSettings name="default" id="c190c5eb-3b72-4b16-96e8-9ce1e5e0adba">
    <Deployment runDeploymentRoot="zzz81_ZZZ的电脑_2026-08-09_01_08_22" />
  </TestSettings>
  <Results>
    <UnitTestResult executionId="f886236d-6f17-49a6-85b2-2abd33cceff3" testId="3763b439-9d59-a6e5-9eef-0e6f41970212" testName="CurrencyWarsAssistant.Tests.Phase2OperationalCollectionTests.ExpandedShopAnalyzerKeepsVisibleFormationWithCompactEvidenceRegions" computerName="ZZZ的电脑" duration="00:00:03.9494215" startTime="2026-08-09T01:08:22.0909899+08:00" endTime="2026-08-09T01:08:22.0910149+08:00" testType="13cdc9d9-ddb5-4fa4-a97d-d965ccfc6d4b" outcome="Failed" testListId="8c84fa94-04c1-424b-9868-57a2d4851a1d" relativeResultsDirectory="f886236d-6f17-49a6-85b2-2abd33cceff3">
      <Output>
        <StdOut>Front[0]=currency_wars_character_44; slot0:Empty/-/0.900/[], slot1:Equipped/currency_wars_equipment_080/0.745/[currency_wars_equipment_080|currency_wars_equipment_119], slot2:Empty/-/0.900/[]&#xD;
Front[1]=currency_wars_character_34; slot0:Empty/-/0.900/[], slot1:Empty/-/0.900/[], slot2:Empty/-/0.900/[]&#xD;
Front[2]=currency_wars_character_36; slot0:Empty/-/0.900/[], slot1:Empty/-/0.900/[], slot2:Empty/-/0.900/[]&#xD;
Back[4]=currency_wars_character_43; slot0:Empty/-/0.900/[], slot1:Empty/-/0.900/[], slot2:Empty/-/0.900/[]&#xD;
Bench[0]=unknown-formation-unit-Bench-1; slot0:Empty/-/0.900/[], slot1:Empty/-/0.900/[], slot2:Empty/-/0.900/[]&#xD;
inventory: slot0:Equipped/SimpleEquipment/currency_wars_equipment_044/0.922/[currency_wars_equipment_044], slot1:Equipped/SimpleEquipment/currency_wars_equipment_045/0.913/[currency_wars_equipment_045], slot2:Equipped/SimpleEquipment/currency_wars_equipment_041/0.935/[currency_wars_equipment_041], slot3:Equipped/AdvancedEquipment/currency_wars_equipment_123/0.781/[currency_wars_equipment_123]</StdOut>
        <ErrorInfo>
          <Message>Assert.Equal() Failure: Values differ&#xD;
Expected: Unknown&#xD;
Actual:   Equipped</Message>
          <StackTrace>   at CurrencyWarsAssistant.Tests.Phase2OperationalCollectionTests.ExpandedShopAnalyzerKeepsVisibleFormationWithCompactEvidenceRegions() in D:\Codex-2\work\CurrencyWarsAssistant-0.2.839-audit-20260808\tests\CurrencyWarsAssistant.Tests\Phase2OperationalCollectionTests.cs:line 1494&#xD;
--- End of stack trace from previous location ---</StackTrace>
        </ErrorInfo>
      </Output>
    </UnitTestResult>
    <UnitTestResult executionId="4181eb50-5497-4bab-bc48-808d20a9df32" testId="310c696d-b091-1b18-3e10-b1c6e3399c58" testName="CurrencyWarsAssistant.Tests.Phase2OperationalCollectionTests.IconCatalogLoadsExistingAndImportedResourcesWithExplicitVisualAmbiguity" computerName="ZZZ的电脑" duration="00:00:00.0813509" startTime="2026-08-09T01:08:22.1681025+08:00" endTime="2026-08-09T01:08:22.1681028+08:00" testType="13cdc9d9-ddb5-4fa4-a97d-d965ccfc6d4b" outcome="Passed" testListId="8c84fa94-04c1-424b-9868-57a2d4851a1d" relativeResultsDirectory="4181eb50-5497-4bab-bc48-808d20a9df32" />
  </Results>
  <TestDefinitions>
    <UnitTest name="CurrencyWarsAssistant.Tests.Phase2OperationalCollectionTests.IconCatalogLoadsExistingAndImportedResourcesWithExplicitVisualAmbiguity" storage="d:\codex-2\work\currencywarsassistant-0.2.839-audit-20260808\tests\currencywarsassistant.tests\bin\release\net8.0-windows10.0.19041.0\currencywarsassistant.tests.dll" id="310c696d-b091-1b18-3e10-b1c6e3399c58">
      <Execution id="4181eb50-5497-4bab-bc48-808d20a9df32" />
      <TestMethod codeBase="D:\Codex-2\work\CurrencyWarsAssistant-0.2.839-audit-20260808\tests\CurrencyWarsAssistant.Tests\bin\Release\net8.0-windows10.0.19041.0\CurrencyWarsAssistant.Tests.dll" adapterTypeName="executor://xunit/VsTestRunner2/netcoreapp" className="CurrencyWarsAssistant.Tests.Phase2OperationalCollectionTests" name="IconCatalogLoadsExistingAndImportedResourcesWithExplicitVisualAmbiguity" />
    </UnitTest>
    <UnitTest name="CurrencyWarsAssistant.Tests.Phase2OperationalCollectionTests.ExpandedShopAnalyzerKeepsVisibleFormationWithCompactEvidenceRegions" storage="d:\codex-2\work\currencywarsassistant-0.2.839-audit-20260808\tests\currencywarsassistant.tests\bin\release\net8.0-windows10.0.19041.0\currencywarsassistant.tests.dll" id="3763b439-9d59-a6e5-9eef-0e6f41970212">
      <Execution id="f886236d-6f17-49a6-85b2-2abd33cceff3" />
      <TestMethod codeBase="D:\Codex-2\work\CurrencyWarsAssistant-0.2.839-audit-20260808\tests\CurrencyWarsAssistant.Tests\bin\Release\net8.0-windows10.0.19041.0\CurrencyWarsAssistant.Tests.dll" adapterTypeName="executor://xunit/VsTestRunner2/netcoreapp" className="CurrencyWarsAssistant.Tests.Phase2OperationalCollectionTests" name="ExpandedShopAnalyzerKeepsVisibleFormationWithCompactEvidenceRegions" />
    </UnitTest>
  </TestDefinitions>
  <TestEntries>
    <TestEntry testId="3763b439-9d59-a6e5-9eef-0e6f41970212" executionId="f886236d-6f17-49a6-85b2-2abd33cceff3" testListId="8c84fa94-04c1-424b-9868-57a2d4851a1d" />
    <TestEntry testId="310c696d-b091-1b18-3e10-b1c6e3399c58" executionId="4181eb50-5497-4bab-bc48-808d20a9df32" testListId="8c84fa94-04c1-424b-9868-57a2d4851a1d" />
  </TestEntries>
  <TestLists>
    <TestList name="列表中未列出的结果" id="8c84fa94-04c1-424b-9868-57a2d4851a1d" />
    <TestList name="所有已加载的结果" id="19431567-8539-422a-85d7-44ee4e166bda" />
  </TestLists>
  <ResultSummary outcome="Failed">
    <Counters total="2" executed="2" passed="1" failed="1" error="0" timeout="0" aborted="0" inconclusive="0" passedButRunAborted="0" notRunnable="0" notExecuted="0" disconnected="0" warning="0" completed="0" inProgress="0" pending="0" />
    <Output>
      <StdOut>[xUnit.net 00:00:00.00] xUnit.net VSTest Adapter v2.8.2+699d445a1a (64-bit .NET 8.0.29)&#xD;
[xUnit.net 00:00:00.08]   Discovering: CurrencyWarsAssistant.Tests&#xD;
[xUnit.net 00:00:00.21]   Discovered:  CurrencyWarsAssistant.Tests&#xD;
[xUnit.net 00:00:00.21]   Starting:    CurrencyWarsAssistant.Tests&#xD;
[xUnit.net 00:00:04.22]       Assert.Equal() Failure: Values differ&#xD;
[xUnit.net 00:00:04.22]       Expected: Unknown&#xD;
[xUnit.net 00:00:04.22]       Actual:   Equipped&#xD;
[xUnit.net 00:00:04.22]       Stack Trace:&#xD;
[xUnit.net 00:00:04.22]         D:\Codex-2\work\CurrencyWarsAssistant-0.2.839-audit-20260808\tests\CurrencyWarsAssistant.Tests\Phase2OperationalCollectionTests.cs(1494,0): at CurrencyWarsAssistant.Tests.Phase2OperationalCollectionTests.ExpandedShopAnalyzerKeepsVisibleFormationWithCompactEvidenceRegions()&#xD;
[xUnit.net 00:00:04.22]         --- End of stack trace from previous location ---&#xD;
[xUnit.net 00:00:04.22]       Output:&#xD;
[xUnit.net 00:00:04.22]         Front[0]=currency_wars_character_44; slot0:Empty/-/0.900/[], slot1:Equipped/currency_wars_equipment_080/0.745/[currency_wars_equipment_080|currency_wars_equipment_119], slot2:Empty/-/0.900/[]&#xD;
[xUnit.net 00:00:04.22]         Front[1]=currency_wars_character_34; slot0:Empty/-/0.900/[], slot1:Empty/-/0.900/[], slot2:Empty/-/0.900/[]&#xD;
[xUnit.net 00:00:04.22]         Front[2]=currency_wars_character_36; slot0:Empty/-/0.900/[], slot1:Empty/-/0.900/[], slot2:Empty/-/0.900/[]&#xD;
[xUnit.net 00:00:04.22]         Back[4]=currency_wars_character_43; slot0:Empty/-/0.900/[], slot1:Empty/-/0.900/[], slot2:Empty/-/0.900/[]&#xD;
[xUnit.net 00:00:04.22]         Bench[0]=unknown-formation-unit-Bench-1; slot0:Empty/-/0.900/[], slot1:Empty/-/0.900/[], slot2:Empty/-/0.900/[]&#xD;
[xUnit.net 00:00:04.22]         inventory: slot0:Equipped/SimpleEquipment/currency_wars_equipment_044/0.922/[currency_wars_equipment_044], slot1:Equipped/SimpleEquipment/currency_wars_equipment_045/0.913/[currency_wars_equipment_045], slot2:Equipped/SimpleEquipment/currency_wars_equipment_041/0.935/[currency_wars_equipment_041], slot3:Equipped/AdvancedEquipment/currency_wars_equipment_123/0.781/[currency_wars_equipment_123]&#xD;
action-value-digit=12 ambiguous=0, action-value-indicator=2 ambiguous=0, advanced-equipment=70 ambiguous=41, character-avatar=72 ambiguous=0, inventory-item=101 ambiguous=47, investment-environment=83 ambiguous=0, investment-strategy=306 ambiguous=23, negative-affix=44 ambiguous=4, simple-equipment=8 ambiguous=0, special-item=21 ambiguous=1, synergy=33 ambiguous=1&#xD;
[xUnit.net 00:00:04.31]   Finished:    CurrencyWarsAssistant.Tests&#xD;
</StdOut>
    </Output>
    <RunInfos>
      <RunInfo computerName="ZZZ的电脑" outcome="Error" timestamp="2026-08-09T01:08:22.0869711+08:00">
        <Text>[xUnit.net 00:00:04.22]     CurrencyWarsAssistant.Tests.Phase2OperationalCollectionTests.ExpandedShopAnalyzerKeepsVisibleFormationWithCompactEvidenceRegions [FAIL]</Text>
      </RunInfo>
    </RunInfos>
  </ResultSummary>
</TestRun>