<?xml version="1.0" encoding="utf-8"?>
<TestRun id="30cd26d5-ec2f-45e0-8633-d8cf928fc18c" name="zzz81@ZZZ的电脑 2026-08-09 14:39:16" runUser="ZZZ的电脑\zzz81" xmlns="http://microsoft.com/schemas/VisualStudio/TeamTest/2010">
  <Times creation="2026-08-09T14:39:16.8267960+08:00" queuing="2026-08-09T14:39:16.8267961+08:00" start="2026-08-09T14:39:15.0546183+08:00" finish="2026-08-09T14:41:31.8333477+08:00" />
  <TestSettings name="default" id="196a3632-cbd5-483d-bc31-0d5a3ea9e12e">
    <Deployment runDeploymentRoot="zzz81_ZZZ的电脑_2026-08-09_14_39_16" />
  </TestSettings>
  <Results>
    <UnitTestResult executionId="81f08096-1486-4115-afea-fe53f1b69c6b" testId="4224521a-f298-f4f6-3f56-227ea29ae17e" testName="CurrencyWarsAssistant.Tests.Phase2OperationalCollectionTests.BatchAnalysisBoundsAnUnresponsiveSingleImageAndWritesProgress" computerName="ZZZ的电脑" duration="00:00:00.1525089" startTime="2026-08-09T14:41:10.6688803+08:00" endTime="2026-08-09T14:41:10.6688810+08:00" testType="13cdc9d9-ddb5-4fa4-a97d-d965ccfc6d4b" outcome="Passed" testListId="8c84fa94-04c1-424b-9868-57a2d4851a1d" relativeResultsDirectory="81f08096-1486-4115-afea-fe53f1b69c6b" />
    <UnitTestResult executionId="863dab5f-1737-4682-8cc0-08c7f2ba76dc" testId="b845be75-2204-dfd2-6220-3112d45de609" testName="CurrencyWarsAssistant.Tests.Phase2OperationalCollectionTests.RepeatedPreparationFramesMeetTheTwoSecondRealtimeBudget" computerName="ZZZ的电脑" duration="00:00:04.6254009" startTime="2026-08-09T14:41:20.2543192+08:00" endTime="2026-08-09T14:41:20.2543197+08:00" testType="13cdc9d9-ddb5-4fa4-a97d-d965ccfc6d4b" outcome="Passed" testListId="8c84fa94-04c1-424b-9868-57a2d4851a1d" relativeResultsDirectory="863dab5f-1737-4682-8cc0-08c7f2ba76dc">
      <Output>
        <StdOut>Warm preparation iteration 1: 1402.0 ms&#xD;
Warm preparation iteration 2: 1374.7 ms</StdOut>
      </Output>
    </UnitTestResult>
    <UnitTestResult executionId="d0db8f62-799d-45a2-bd22-1350e7e68d12" testId="d2ae6a16-1038-ed9a-55aa-cf61ffbd7e7c" testName="CurrencyWarsAssistant.Tests.Phase2OperationalCollectionTests.LiveCapturedFramesUseTheProductionFastPagePath(fileName: &quot;battle-1-7.png&quot;, expectedPage: Battle)" computerName="ZZZ的电脑" duration="00:00:00.9725223" startTime="2026-08-09T14:40:37.7819071+08:00" endTime="2026-08-09T14:40:37.7819075+08:00" testType="13cdc9d9-ddb5-4fa4-a97d-d965ccfc6d4b" outcome="Passed" testListId="8c84fa94-04c1-424b-9868-57a2d4851a1d" relativeResultsDirectory="d0db8f62-799d-45a2-bd22-1350e7e68d12">
      <Output>
        <StdOut>battle-panel OCR: &#xD;
battle_generic/battle_generic_damage_tabs: 0.862/0.700&#xD;
battle_generic/battle_generic_pause_control: 0.736/0.700&#xD;
reward_shop/reward_shop_refresh_panel: 0.369/0.860&#xD;
preparation_generic/preparation_stage_label: 0.114/0.350&#xD;
reward_shop/reward_shop_refresh_disabled_panel: 0.089/0.860&#xD;
battle-1-7.png: Battle, 268.4 ms</StdOut>
      </Output>
    </UnitTestResult>
    <UnitTestResult executionId="25dc52a5-1410-42aa-8d24-cd5e4168b1ea" testId="cd247386-805d-f565-ab01-227043c52c49" testName="CurrencyWarsAssistant.Tests.Phase2OperationalCollectionTests.SettlementAnimationDoesNotFinalizeBeforeStableSummaryEvidence" computerName="ZZZ的电脑" duration="00:00:00.0012877" startTime="2026-08-09T14:41:00.1657361+08:00" endTime="2026-08-09T14:41:00.1657362+08:00" testType="13cdc9d9-ddb5-4fa4-a97d-d965ccfc6d4b" outcome="Passed" testListId="8c84fa94-04c1-424b-9868-57a2d4851a1d" relativeResultsDirectory="25dc52a5-1410-42aa-8d24-cd5e4168b1ea" />
    <UnitTestResult executionId="322f92a2-a10f-4e1b-acfa-5b90858eb876" testId="eb4bb86a-8023-49c0-48b0-f651f1b449b1" testName="CurrencyWarsAssistant.Tests.Phase2OperationalCollectionTests.LargerBattleCandidateWinsWithoutDiscardingSettlementEvidence" computerName="ZZZ的电脑" duration="00:00:00.0007913" startTime="2026-08-09T14:41:26.0896210+08:00" endTime="2026-08-09T14:41:26.0896211+08:00" testType="13cdc9d9-ddb5-4fa4-a97d-d965ccfc6d4b" outcome="Passed" testListId="8c84fa94-04c1-424b-9868-57a2d4851a1d" relativeResultsDirectory="322f92a2-a10f-4e1b-acfa-5b90858eb876" />
    <UnitTestResult executionId="83f2eb1b-efa6-4175-9928-05fc406780f5" testId="9ef1ecbd-e9c0-6feb-966d-db3642170fbb" testName="CurrencyWarsAssistant.Tests.Phase2OperationalCollectionTests.WalterCanLegitimatelyDelayBattleCountdown(starLevel: 1, delayedRounds: 1, delayedActionValue: 48, expectedTotal: 148)" computerName="ZZZ的电脑" duration="00:00:00.0004266" startTime="2026-08-09T14:41:15.3661624+08:00" endTime="2026-08-09T14:41:15.3661625+08:00" testType="13cdc9d9-ddb5-4fa4-a97d-d965ccfc6d4b" outcome="Passed" testListId="8c84fa94-04c1-424b-9868-57a2d4851a1d" relativeResultsDirectory="83f2eb1b-efa6-4175-9928-05fc406780f5" />
    <UnitTestResult executionId="05a623e8-d67e-4d03-830f-6f0008188bc3" testId="a49f0141-3dd8-9825-05e6-8a14ec114514" testName="CurrencyWarsAssistant.Tests.Phase2OperationalCollectionTests.UnknownSettlementCharactersStillContributeToNumericCandidate" computerName="ZZZ的电脑" duration="00:00:00.0003378" startTime="2026-08-09T14:41:25.2103257+08:00" endTime="2026-08-09T14:41:25.2103257+08:00" testType="13cdc9d9-ddb5-4fa4-a97d-d965ccfc6d4b" outcome="Passed" testListId="8c84fa94-04c1-424b-9868-57a2d4851a1d" relativeResultsDirectory="05a623e8-d67e-4d03-830f-6f0008188bc3" />
    <UnitTestResult executionId="4a0d171e-0662-486f-8994-954ac5ddc0f2" testId="324701a6-e2c6-7833-40c9-b7325b2c7bec" testName="CurrencyWarsAssistant.Tests.Phase2OperationalCollectionTests.BattleDamageRequiresExplicitScaleBeforeReliableSummation(text: &quot;9215万&quot;, expected: True)" computerName="ZZZ的电脑" duration="00:00:00.0000009" startTime="2026-08-09T14:40:14.1452856+08:00" endTime="2026-08-09T14:40:14.1452857+08:00" testType="13cdc9d9-ddb5-4fa4-a97d-d965ccfc6d4b" outcome="Passed" testListId="8c84fa94-04c1-424b-9868-57a2d4851a1d" relativeResultsDirectory="4a0d171e-0662-486f-8994-954ac5ddc0f2" />
    <UnitTestResult executionId="de69d983-158d-4c01-b20a-218d1881052c" testId="e05b8dcc-bb0d-19c9-48a9-0a447769ff4d" testName="CurrencyWarsAssistant.Tests.Phase2OperationalCollectionTests.DamageUnitsAreNormalizedBeforeCandidatesAreCompared(text: &quot;2.5亿&quot;, expected: 250000000)" computerName="ZZZ的电脑" duration="00:00:00.0000023" startTime="2026-08-09T14:40:48.6721504+08:00" endTime="2026-08-09T14:40:48.6721504+08:00" testType="13cdc9d9-ddb5-4fa4-a97d-d965ccfc6d4b" outcome="Passed" testListId="8c84fa94-04c1-424b-9868-57a2d4851a1d" relativeResultsDirectory="de69d983-158d-4c01-b20a-218d1881052c" />
    <UnitTestResult executionId="aae8da38-5606-47b7-9bb6-67f08d353efa" testId="771db495-66f8-e88f-a61a-545fe52527a2" testName="CurrencyWarsAssistant.Tests.Phase2OperationalCollectionTests.ConfirmedPageTransitionsProduceMilestones" computerName="ZZZ的电脑" duration="00:00:00.0002119" startTime="2026-08-09T14:41:10.6740961+08:00" endTime="2026-08-09T14:41:10.6740961+08:00" testType="13cdc9d9-ddb5-4fa4-a97d-d965ccfc6d4b" outcome="Passed" testListId="8c84fa94-04c1-424b-9868-57a2d4851a1d" relativeResultsDirectory="aae8da38-5606-47b7-9bb6-67f08d353efa" />
    <UnitTestResult executionId="bf2da299-414c-47ad-8942-25846a2d01b8" testId="4ba9afd6-3d19-a095-f57b-bb2e67cee298" testName="CurrencyWarsAssistant.Tests.Phase2OperationalCollectionTests.RepeatedSettlementCandidateWithoutDamageUnitStaysUntrusted" computerName="ZZZ的电脑" duration="00:00:00.0010725" startTime="2026-08-09T14:40:45.7182827+08:00" endTime="2026-08-09T14:40:45.7182828+08:00" testType="13cdc9d9-ddb5-4fa4-a97d-d965ccfc6d4b" outcome="Passed" testListId="8c84fa94-04c1-424b-9868-57a2d4851a1d" relativeResultsDirectory="bf2da299-414c-47ad-8942-25846a2d01b8" />
    <UnitTestResult executionId="55784ae2-d1ee-43fe-a0f3-53caff44166c" testId="60e13278-3502-d9c1-1573-f2944beed619" testName="CurrencyWarsAssistant.Tests.Phase2OperationalCollectionTests.BattleThousandsSeparatorUsesBaseUnits(text: &quot;8,863&quot;, expected: 8863)" computerName="ZZZ的电脑" duration="00:00:00.1724221" startTime="2026-08-09T14:39:16.0347297+08:00" endTime="2026-08-09T14:39:16.0347299+08:00" testType="13cdc9d9-ddb5-4fa4-a97d-d965ccfc6d4b" outcome="Passed" testListId="8c84fa94-04c1-424b-9868-57a2d4851a1d" relativeResultsDirectory="55784ae2-d1ee-43fe-a0f3-53caff44166c" />
    <UnitTestResult executionId="76a15220-e100-4c9b-a8db-a1b08490a4be" testId="faaf8d18-1047-aab5-cd77-46d1aa26f8cc" testName="CurrencyWarsAssistant.Tests.Phase2OperationalCollectionTests.UnknownFrameBetweenPreparationFramesDoesNotResetPageConfirmation" computerName="ZZZ的电脑" duration="00:00:00.0001052" startTime="2026-08-09T14:41:15.3684154+08:00" endTime="2026-08-09T14:41:15.3684155+08:00" testType="13cdc9d9-ddb5-4fa4-a97d-d965ccfc6d4b" outcome="Passed" testListId="8c84fa94-04c1-424b-9868-57a2d4851a1d" relativeResultsDirectory="76a15220-e100-4c9b-a8db-a1b08490a4be" />
    <UnitTestResult executionId="7adf68c6-c1a9-4a03-953f-65aef8c49c47" testId="57e33c05-2bf7-cc89-4099-d4c6bd8fc58b" testName="CurrencyWarsAssistant.Tests.Phase2OperationalCollectionTests.UnknownTransitionFrameIsSkippedAndRecognitionRecovers" computerName="ZZZ的电脑" duration="00:00:00.0003509" startTime="2026-08-09T14:41:15.5001528+08:00" endTime="2026-08-09T14:41:15.5001529+08:00" testType="13cdc9d9-ddb5-4fa4-a97d-d965ccfc6d4b" outcome="Passed" testListId="8c84fa94-04c1-424b-9868-57a2d4851a1d" relativeResultsDirectory="7adf68c6-c1a9-4a03-953f-65aef8c49c47" />
    <UnitTestResult executionId="c8914b05-7e7c-423f-84f9-6594ea6004bd" testId="ef633e9e-3c4f-85e2-5d06-6714adf82f19" testName="CurrencyWarsAssistant.Tests.Phase2OperationalCollectionTests.PartialOcclusionKeepsOnlyCoveredFieldAsTimestampedStale" computerName="ZZZ的电脑" duration="00:00:00.0020602" startTime="2026-08-09T14:41:23.2514198+08:00" endTime="2026-08-09T14:41:23.2514199+08:00" testType="13cdc9d9-ddb5-4fa4-a97d-d965ccfc6d4b" outcome="Passed" testListId="8c84fa94-04c1-424b-9868-57a2d4851a1d" relativeResultsDirectory="c8914b05-7e7c-423f-84f9-6594ea6004bd" />
    <UnitTestResult executionId="e3b11a7e-f86d-4b8e-9fc4-9da5a4d961fa" testId="b63a4aec-1236-bcb9-def0-312a6bd2be9c" testName="CurrencyWarsAssistant.Tests.Phase2OperationalCollectionTests.OneAndTwoStarWalterCannotProduceThreeStarCountdownJump(starLevel: 1)" computerName="ZZZ的电脑" duration="00:00:00.0003178" startTime="2026-08-09T14:41:10.6727330+08:00" endTime="2026-08-09T14:41:10.6727331+08:00" testType="13cdc9d9-ddb5-4fa4-a97d-d965ccfc6d4b" outcome="Passed" testListId="8c84fa94-04c1-424b-9868-57a2d4851a1d" relativeResultsDirectory="e3b11a7e-f86d-4b8e-9fc4-9da5a4d961fa" />
    <UnitTestResult executionId="c1e4bec9-65c8-40a0-a228-dea7632fdeea" testId="b91521df-8f38-50d0-9b71-631df0c89c6b" testName="CurrencyWarsAssistant.Tests.Phase2OperationalCollectionTests.ReferencePreparationIconsProduceTraceableRecognitionEvidence(fileName: &quot;125924.png&quot;)" computerName="ZZZ的电脑" duration="00:00:00.4925688" startTime="2026-08-09T14:41:00.6583713+08:00" endTime="2026-08-09T14:41:00.6583715+08:00" testType="13cdc9d9-ddb5-4fa4-a97d-d965ccfc6d4b" outcome="Passed" testListId="8c84fa94-04c1-424b-9868-57a2d4851a1d" relativeResultsDirectory="c1e4bec9-65c8-40a0-a228-dea7632fdeea" />
    <UnitTestResult executionId="1f4e554f-ca2a-42ee-ad67-2e7fcf9fb505" testId="e3e066c2-6fdc-7a94-c8a8-8e6eb72f80a5" testName="CurrencyWarsAssistant.Tests.Phase2OperationalCollectionTests.RunStableContentLeavesTheThreeSecondHotPathAfterConfirmation" computerName="ZZZ的电脑" duration="00:00:00.1746004" startTime="2026-08-09T14:39:51.9624886+08:00" endTime="2026-08-09T14:39:51.9624887+08:00" testType="13cdc9d9-ddb5-4fa4-a97d-d965ccfc6d4b" outcome="Passed" testListId="8c84fa94-04c1-424b-9868-57a2d4851a1d" relativeResultsDirectory="1f4e554f-ca2a-42ee-ad67-2e7fcf9fb505" />
    <UnitTestResult executionId="fcd388f0-584b-4770-8eec-ca8aa5cd9a9f" testId="603776ec-7f49-ce67-8dd6-94e07783583c" testName="CurrencyWarsAssistant.Tests.Phase2OperationalCollectionTests.Run171955CoreFramesSeparatePageFamilyFromNodeIdentity(fileName: &quot;run-171955-battle-1-3.png&quot;, expectedFamily: Battle, expectedNode: &quot;1-3&quot;)" computerName="ZZZ的电脑" duration="00:00:04.0721354" startTime="2026-08-09T14:41:07.6497200+08:00" endTime="2026-08-09T14:41:07.6497203+08:00" testType="13cdc9d9-ddb5-4fa4-a97d-d965ccfc6d4b" outcome="Passed" testListId="8c84fa94-04c1-424b-9868-57a2d4851a1d" relativeResultsDirectory="fcd388f0-584b-4770-8eec-ca8aa5cd9a9f">
      <Output>
        <StdOut>anchor=reward_shop_refresh_panel; page=reward_shop; score=0.458; threshold=0.860&#xD;
anchor=plane_progress_continue; page=plane_progress; score=0.390; threshold=0.900&#xD;
anchor=reward_battle_status_bar; page=reward_battle; score=0.388; threshold=0.900&#xD;
anchor=mode_selection_standard_header; page=mode_selection; score=0.366; threshold=0.900&#xD;
anchor=investment_environment_title; page=investment_environment; score=0.298; threshold=0.900&#xD;
anchor=incomplete_lineup_prompt_title; page=incomplete_lineup_prompt; score=0.296; threshold=0.900&#xD;
anchor=enemy_overview_leader_label; page=enemy_overview; score=0.239; threshold=0.800&#xD;
anchor=companion_selection_title; page=companion_selection; score=0.206; threshold=0.900&#xD;
run-171955-battle-1-3.png: family=Battle; node=Known/1-3; page=unknown; nodeOcr=; panelOcr=; wideNode=× 1 · 3 0 ％; header=总 伤 害; action=我 方 行 动 中</StdOut>
      </Output>
    </UnitTestResult>
    <UnitTestResult executionId="8f581d83-c6ea-4c70-b94b-640b48ae2fcd" testId="80bda62d-62bb-7bbe-38f7-7d7730108b40" testName="CurrencyWarsAssistant.Tests.Phase2OperationalCollectionTests.SettlementDamageWithTrillionUnitIsParsed" computerName="ZZZ的电脑" duration="00:00:00.0001983" startTime="2026-08-09T14:41:00.1644219+08:00" endTime="2026-08-09T14:41:00.1644220+08:00" testType="13cdc9d9-ddb5-4fa4-a97d-d965ccfc6d4b" outcome="Passed" testListId="8c84fa94-04c1-424b-9868-57a2d4851a1d" relativeResultsDirectory="8f581d83-c6ea-4c70-b94b-640b48ae2fcd" />
    <UnitTestResult executionId="525c4484-7f7c-49be-ace8-f5e0616c2c25" testId="1f8bd6e2-2d8c-2947-34e9-c07ed9576f42" testName="CurrencyWarsAssistant.Tests.Phase2OperationalCollectionTests.LiveCapturedBattleFramesProduceCoreStateWithinRealtimeBudget(fileName: &quot;battle-1-3-action-value-leading-digit.png&quot;, expectedNode: &quot;1-3&quot;, expectedActionValue: 76, expectedDamage: 5086000)" computerName="ZZZ的电脑" duration="00:00:01.4478198" startTime="2026-08-09T14:39:37.4666041+08:00" endTime="2026-08-09T14:39:37.4666043+08:00" testType="13cdc9d9-ddb5-4fa4-a97d-d965ccfc6d4b" outcome="Passed" testListId="8c84fa94-04c1-424b-9868-57a2d4851a1d" relativeResultsDirectory="525c4484-7f7c-49be-ace8-f5e0616c2c25">
      <Output>
        <StdOut>action indicators: round-1-action-28@0.583,PixelRect { X = 36, Y = 642, Width = 169, Height = 46, Right = 205, Bottom = 688, Center = PixelPoint { X = 120, Y = 665 }, IsEmpty = False } | round-1-action-28@0.424,PixelRect { X = 54, Y = 917, Width = 169, Height = 46, Right = 223, Bottom = 963, Center = PixelPoint { X = 138, Y = 940 }, IsEmpty = False } | round-1-action-28@0.410,PixelRect { X = 98, Y = 888, Width = 141, Height = 38, Right = 239, Bottom = 926, Center = PixelPoint { X = 168, Y = 907 }, IsEmpty = False } | round-1-action-100@0.368,PixelRect { X = 103, Y = 403, Width = 179, Height = 40, Right = 282, Bottom = 443, Center = PixelPoint { X = 192, Y = 423 }, IsEmpty = False } | round-1-action-28@0.347,PixelRect { X = 106, Y = 315, Width = 169, Height = 46, Right = 275, Bottom = 361, Center = PixelPoint { X = 190, Y = 338 }, IsEmpty = False } | round-1-action-28@0.336,PixelRect { X = 109, Y = 481, Width = 169, Height = 46, Right = 278, Bottom = 527, Center = PixelPoint { X = 193, Y = 504 }, IsEmpty = False } | round-1-action-28@0.314,PixelRect { X = 85, Y = 786, Width = 169, Height = 46, Right = 254, Bottom = 832, Center = PixelPoint { X = 169, Y = 809 }, IsEmpty = False } | round-1-action-28@0.306,PixelRect { X = 78, Y = 733, Width = 169, Height = 46, Right = 247, Bottom = 779, Center = PixelPoint { X = 162, Y = 756 }, IsEmpty = False }&#xD;
battle-1-3-action-value-leading-digit.png: 613.2 ms; node=Known/1-3; action=Known/76; damage=Known/5086000&#xD;
action evidence: round=0; value=76; round-ocr=; value-ocr=76; round-digit-confidence=0.623; value-digit-confidence=; region=PixelRect { X = 36, Y = 642, Width = 169, Height = 46, Right = 205, Bottom = 688, Center = PixelPoint { X = 120, Y = 665 }, IsEmpty = False }; match=0.583&#xD;
node evidence: 1-3&#xD;
damage uncertainty:</StdOut>
      </Output>
    </UnitTestResult>
    <UnitTestResult executionId="d91b6724-6287-4e56-86d0-1e9f14585a92" testId="70619fb1-08b9-56c9-6d87-fd340c0de182" testName="CurrencyWarsAssistant.Tests.Phase2OperationalCollectionTests.RealReferenceFramesAreClassifiedIntoExpectedPageFamily(fileName: &quot;132307.png&quot;, expectedPage: Preparation)" computerName="ZZZ的电脑" duration="00:00:02.3303053" startTime="2026-08-09T14:40:30.3937973+08:00" endTime="2026-08-09T14:40:30.3937977+08:00" testType="13cdc9d9-ddb5-4fa4-a97d-d965ccfc6d4b" outcome="Passed" testListId="8c84fa94-04c1-424b-9868-57a2d4851a1d" relativeResultsDirectory="d91b6724-6287-4e56-86d0-1e9f14585a92" />
    <UnitTestResult executionId="c0ba3182-207f-40dc-8475-2f7d0293bc4e" testId="56d2b0ce-97a6-42f4-a5cc-154f7dcce19c" testName="CurrencyWarsAssistant.Tests.Phase2OperationalCollectionTests.OneTimeOpeningPagesDoNotEnterTheOperationalRecognitionLoop(pageId: &quot;reward_battle&quot;, expected: False)" computerName="ZZZ的电脑" duration="00:00:00.0001838" startTime="2026-08-09T14:41:10.6734949+08:00" endTime="2026-08-09T14:41:10.6734949+08:00" testType="13cdc9d9-ddb5-4fa4-a97d-d965ccfc6d4b" outcome="Passed" testListId="8c84fa94-04c1-424b-9868-57a2d4851a1d" relativeResultsDirectory="c0ba3182-207f-40dc-8475-2f7d0293bc4e" />
    <UnitTestResult executionId="b7947eaa-6400-4b87-bfe6-ef6d8c786141" testId="cca411af-f2f9-118c-b9ca-7fe20e3a7dc3" testName="CurrencyWarsAssistant.Tests.Phase2OperationalCollectionTests.WalterOnBenchDoesNotPermitCountdownIncrease" computerName="ZZZ的电脑" duration="00:00:00.0069338" startTime="2026-08-09T14:40:45.7171937+08:00" endTime="2026-08-09T14:40:45.7171938+08:00" testType="13cdc9d9-ddb5-4fa4-a97d-d965ccfc6d4b" outcome="Passed" testListId="8c84fa94-04c1-424b-9868-57a2d4851a1d" relativeResultsDirectory="b7947eaa-6400-4b87-bfe6-ef6d8c786141" />
    <UnitTestResult executionId="3cbe66bd-3a4d-4938-bad9-10c1a7859c5f" testId="4e91147c-7aa4-0b71-7a4a-5998ea5b6534" testName="CurrencyWarsAssistant.Tests.Phase2OperationalCollectionTests.SecondaryPreparationOcrEvidenceUsesReadableChineseLabels" computerName="ZZZ的电脑" duration="00:00:00.0557399" startTime="2026-08-09T14:40:42.2455488+08:00" endTime="2026-08-09T14:40:42.2455493+08:00" testType="13cdc9d9-ddb5-4fa4-a97d-d965ccfc6d4b" outcome="Passed" testListId="8c84fa94-04c1-424b-9868-57a2d4851a1d" relativeResultsDirectory="3cbe66bd-3a4d-4938-bad9-10c1a7859c5f" />
    <UnitTestResult executionId="620627b0-9782-4567-90e6-1a18103debef" testId="6f7f6999-016c-435f-0a45-ab0a4cbacb90" testName="CurrencyWarsAssistant.Tests.Phase2OperationalCollectionTests.PreparationFramesBeyondOneTwoResolveNodeFromFullTextOcr(fileName: &quot;preparation-1-4-user-2026-08-01.png&quot;, expectedNode: &quot;1-4&quot;)" computerName="ZZZ的电脑" duration="00:00:01.9368571" startTime="2026-08-09T14:40:08.4065399+08:00" endTime="2026-08-09T14:40:08.4065401+08:00" testType="13cdc9d9-ddb5-4fa4-a97d-d965ccfc6d4b" outcome="Passed" testListId="8c84fa94-04c1-424b-9868-57a2d4851a1d" relativeResultsDirectory="620627b0-9782-4567-90e6-1a18103debef">
      <Output>
        <StdOut>preparation-1-4-user-2026-08-01.png: family=Preparation; node=Known/1-4; page=unknown</StdOut>
      </Output>
    </UnitTestResult>
    <UnitTestResult executionId="e53083de-8a14-43fc-90f2-ae6f44b79cc1" testId="6e4ec690-440a-0243-beb3-e2af7e9ea900" testName="CurrencyWarsAssistant.Tests.Phase2OperationalCollectionTests.RegionalRecognizerFailuresDoNotFailTheWholeFrame" computerName="ZZZ的电脑" duration="00:00:00.8207753" startTime="2026-08-09T14:40:49.4941283+08:00" endTime="2026-08-09T14:40:49.4941285+08:00" testType="13cdc9d9-ddb5-4fa4-a97d-d965ccfc6d4b" outcome="Passed" testListId="8c84fa94-04c1-424b-9868-57a2d4851a1d" relativeResultsDirectory="e53083de-8a14-43fc-90f2-ae6f44b79cc1" />
    <UnitTestResult executionId="d4dcd30f-4d3e-42d6-b654-aa16657d9977" testId="8c12acef-beec-c2cb-2259-87a1d961a76e" testName="CurrencyWarsAssistant.Tests.Phase2OperationalCollectionTests.ActionIndicatorTemplateFindsCountdownRow(fileName: &quot;130112.png&quot;, minimumY: 0.66000000000000003, maximumY: 0.76000000000000001)" computerName="ZZZ的电脑" duration="00:00:00.1348331" startTime="2026-08-09T14:39:53.1808072+08:00" endTime="2026-08-09T14:39:53.1808075+08:00" testType="13cdc9d9-ddb5-4fa4-a97d-d965ccfc6d4b" outcome="Passed" testListId="8c84fa94-04c1-424b-9868-57a2d4851a1d" relativeResultsDirectory="d4dcd30f-4d3e-42d6-b654-aa16657d9977" />
    <UnitTestResult executionId="6b6c078c-2d95-4470-b53b-eef09a4f9a01" testId="4a594a0e-876a-28c6-df09-2ccaa49af9f9" testName="CurrencyWarsAssistant.Tests.Phase2OperationalCollectionTests.ExpandedEconomyCropDoesNotPrependCoinIconToSingleDigitGold" computerName="ZZZ的电脑" duration="00:00:00.0867264" startTime="2026-08-09T14:41:26.0690427+08:00" endTime="2026-08-09T14:41:26.0690430+08:00" testType="13cdc9d9-ddb5-4fa4-a97d-d965ccfc6d4b" outcome="Passed" testListId="8c84fa94-04c1-424b-9868-57a2d4851a1d" relativeResultsDirectory="6b6c078c-2d95-4470-b53b-eef09a4f9a01" />
    <UnitTestResult executionId="d958de9b-e8ef-433e-87dc-3feabc4b7042" testId="155624d8-2dba-a677-f1b4-621366485b90" testName="CurrencyWarsAssistant.Tests.Phase2OperationalCollectionTests.BattleReferencesExposeCharacterDamageAndRemainingAction(fileName: &quot;130104.png&quot;, expectedNode: &quot;1-9&quot;, expectedActionValue: 200, expectedVisibleDamage: 199000)" computerName="ZZZ的电脑" duration="00:00:01.4230463" startTime="2026-08-09T14:39:51.7215294+08:00" endTime="2026-08-09T14:39:51.7215296+08:00" testType="13cdc9d9-ddb5-4fa4-a97d-d965ccfc6d4b" outcome="Passed" testListId="8c84fa94-04c1-424b-9868-57a2d4851a1d" relativeResultsDirectory="d958de9b-e8ef-433e-87dc-3feabc4b7042" />
    <UnitTestResult executionId="fc0a8ba9-8b2b-402f-a042-c07dbf96b4a6" testId="5e3cdc3b-433d-0bcd-cd09-ead3761bf269" testName="CurrencyWarsAssistant.Tests.Phase2OperationalCollectionTests.DuplicateStrategyVisualRemainsUnknownAndReportsAllCandidates" computerName="ZZZ的电脑" duration="00:00:00.3416082" startTime="2026-08-09T14:39:52.5375834+08:00" endTime="2026-08-09T14:39:52.5375837+08:00" testType="13cdc9d9-ddb5-4fa4-a97d-d965ccfc6d4b" outcome="Passed" testListId="8c84fa94-04c1-424b-9868-57a2d4851a1d" relativeResultsDirectory="fc0a8ba9-8b2b-402f-a042-c07dbf96b4a6" />
    <UnitTestResult executionId="d93a26e1-26b3-4971-9bbc-42472ae4b5ae" testId="efab9ccf-4ec2-b10a-0606-a00560cf72bd" testName="CurrencyWarsAssistant.Tests.Phase2OperationalCollectionTests.Run171955CoreFramesSeparatePageFamilyFromNodeIdentity(fileName: &quot;run-171955-preparation-1-3-stable.png&quot;, expectedFamily: Preparation, expectedNode: &quot;1-3&quot;)" computerName="ZZZ的电脑" duration="00:00:02.8631198" startTime="2026-08-09T14:41:10.5132061+08:00" endTime="2026-08-09T14:41:10.5132064+08:00" testType="13cdc9d9-ddb5-4fa4-a97d-d965ccfc6d4b" outcome="Passed" testListId="8c84fa94-04c1-424b-9868-57a2d4851a1d" relativeResultsDirectory="d93a26e1-26b3-4971-9bbc-42472ae4b5ae">
      <Output>
        <StdOut>anchor=reward_battle_status_bar; page=reward_battle; score=0.496; threshold=0.900&#xD;
anchor=preparation_stage_label; page=preparation_generic; score=0.473; threshold=0.350&#xD;
anchor=plane_progress_continue; page=plane_progress; score=0.355; threshold=0.900&#xD;
anchor=update_popup_header; page=update_popup; score=0.355; threshold=0.900&#xD;
anchor=reward_shop_refresh_panel; page=reward_shop; score=0.329; threshold=0.860&#xD;
anchor=companion_selection_title; page=companion_selection; score=0.288; threshold=0.900&#xD;
anchor=mode_selection_standard_header; page=mode_selection; score=0.277; threshold=0.900&#xD;
anchor=incomplete_lineup_prompt_title; page=incomplete_lineup_prompt; score=0.241; threshold=0.900&#xD;
run-171955-preparation-1-3-stable.png: family=Preparation; node=Known/1-3; page=unknown; nodeOcr=; panelOcr=0; wideNode=; header=; action=商 店 .I 《 33ms</StdOut>
      </Output>
    </UnitTestResult>
    <UnitTestResult executionId="36dbae02-9768-40e6-b9e6-0a8d28f69aca" testId="50f85b0c-6c60-8ce2-e2fb-1845e9abccfc" testName="CurrencyWarsAssistant.Tests.Phase2OperationalCollectionTests.RealReferenceFramesAreClassifiedIntoExpectedPageFamily(fileName: &quot;130123.png&quot;, expectedPage: Battle)" computerName="ZZZ的电脑" duration="00:00:04.7339931" startTime="2026-08-09T14:40:24.4666871+08:00" endTime="2026-08-09T14:40:24.4666875+08:00" testType="13cdc9d9-ddb5-4fa4-a97d-d965ccfc6d4b" outcome="Passed" testListId="8c84fa94-04c1-424b-9868-57a2d4851a1d" relativeResultsDirectory="36dbae02-9768-40e6-b9e6-0a8d28f69aca" />
    <UnitTestResult executionId="08adbab7-eacd-48f9-a9e1-99342de32513" testId="13675ed4-6be9-e7ad-c1c6-cc4d9def3a42" testName="CurrencyWarsAssistant.Tests.Phase2OperationalCollectionTests.BattleReferencesExposeCharacterDamageAndRemainingAction(fileName: &quot;130123.png&quot;, expectedNode: &quot;1-9&quot;, expectedActionValue: 188, expectedVisibleDamage: 2634000)" computerName="ZZZ的电脑" duration="00:00:01.2886355" startTime="2026-08-09T14:39:50.2981308+08:00" endTime="2026-08-09T14:39:50.2981310+08:00" testType="13cdc9d9-ddb5-4fa4-a97d-d965ccfc6d4b" outcome="Passed" testListId="8c84fa94-04c1-424b-9868-57a2d4851a1d" relativeResultsDirectory="08adbab7-eacd-48f9-a9e1-99342de32513" />
    <UnitTestResult executionId="9cc7c13b-66bf-4e81-aad0-df70c2f54a2b" testId="3ddf7502-997c-4fe2-f078-49ae89cda01a" testName="CurrencyWarsAssistant.Tests.Phase2OperationalCollectionTests.LiveCapturedBattleFramesProduceCoreStateWithinRealtimeBudget(fileName: &quot;battle-1-7.png&quot;, expectedNode: &quot;1-7&quot;, expectedActionValue: 180, expectedDamage: 521000)" computerName="ZZZ的电脑" duration="00:00:01.8257064" startTime="2026-08-09T14:39:34.4662780+08:00" endTime="2026-08-09T14:39:34.4662785+08:00" testType="13cdc9d9-ddb5-4fa4-a97d-d965ccfc6d4b" outcome="Passed" testListId="8c84fa94-04c1-424b-9868-57a2d4851a1d" relativeResultsDirectory="9cc7c13b-66bf-4e81-aad0-df70c2f54a2b">
      <Output>
        <StdOut>action indicators: round-1-action-28@0.462,PixelRect { X = 88, Y = 492, Width = 113, Height = 30, Right = 201, Bottom = 522, Center = PixelPoint { X = 144, Y = 507 }, IsEmpty = False } | round-1-action-28@0.406,PixelRect { X = 34, Y = 1017, Width = 113, Height = 30, Right = 147, Bottom = 1047, Center = PixelPoint { X = 90, Y = 1032 }, IsEmpty = False } | round-1-action-100@0.402,PixelRect { X = 112, Y = 81, Width = 119, Height = 26, Right = 231, Bottom = 107, Center = PixelPoint { X = 171, Y = 94 }, IsEmpty = False } | round-1-action-28@0.395,PixelRect { X = 110, Y = 700, Width = 113, Height = 30, Right = 223, Bottom = 730, Center = PixelPoint { X = 166, Y = 715 }, IsEmpty = False } | round-1-action-28@0.321,PixelRect { X = 113, Y = 239, Width = 169, Height = 46, Right = 282, Bottom = 285, Center = PixelPoint { X = 197, Y = 262 }, IsEmpty = False } | round-1-action-28@0.283,PixelRect { X = 110, Y = 116, Width = 169, Height = 46, Right = 279, Bottom = 162, Center = PixelPoint { X = 194, Y = 139 }, IsEmpty = False } | round-1-action-28@0.281,PixelRect { X = 110, Y = 339, Width = 169, Height = 46, Right = 279, Bottom = 385, Center = PixelPoint { X = 194, Y = 362 }, IsEmpty = False } | round-1-action-28@0.270,PixelRect { X = 113, Y = 270, Width = 169, Height = 46, Right = 282, Bottom = 316, Center = PixelPoint { X = 197, Y = 293 }, IsEmpty = False }&#xD;
battle-1-7.png: 787.3 ms; node=Known/1-7; action=Known/180; damage=Unknown/521000&#xD;
action evidence: round=1; value=80; round-ocr=; value-ocr=; round-digit-confidence=0.541; value-digit-confidence=0.544; region=PixelRect { X = 34, Y = 1017, Width = 113, Height = 30, Right = 147, Bottom = 1047, Center = PixelPoint { X = 90, Y = 1032 }, IsEmpty = False }; match=0.406&#xD;
node evidence: 1-7&#xD;
damage uncertainty: 战斗最后一帧仍有伤害数值暂不可见；当前和仅作残缺候选。</StdOut>
      </Output>
    </UnitTestResult>
    <UnitTestResult executionId="6ca01c6e-ff9e-4e1d-ac9b-779b8d3fab78" testId="59592f6d-610f-a86e-f9d0-331c89c74bac" testName="CurrencyWarsAssistant.Tests.Phase2OperationalCollectionTests.SettlementRewardUsesObtainedGoldOverviewInsteadOfBreakdownRow" computerName="ZZZ的电脑" duration="00:00:01.0668732" startTime="2026-08-09T14:41:15.3654457+08:00" endTime="2026-08-09T14:41:15.3654459+08:00" testType="13cdc9d9-ddb5-4fa4-a97d-d965ccfc6d4b" outcome="Passed" testListId="8c84fa94-04c1-424b-9868-57a2d4851a1d" relativeResultsDirectory="6ca01c6e-ff9e-4e1d-ac9b-779b8d3fab78">
      <Output>
        <StdOut>settlement gold=Unknown/0; evidence=</StdOut>
      </Output>
    </UnitTestResult>
    <UnitTestResult executionId="347954b1-f1db-459f-b6f9-152e047fb052" testId="e2bbdb2b-4093-3fb0-bc9a-ab52b94fc778" testName="CurrencyWarsAssistant.Tests.Phase2OperationalCollectionTests.RealReferenceFramesAreClassifiedIntoExpectedPageFamily(fileName: &quot;130112.png&quot;, expectedPage: Battle)" computerName="ZZZ的电脑" duration="00:00:04.2009899" startTime="2026-08-09T14:40:36.8090261+08:00" endTime="2026-08-09T14:40:36.8090263+08:00" testType="13cdc9d9-ddb5-4fa4-a97d-d965ccfc6d4b" outcome="Passed" testListId="8c84fa94-04c1-424b-9868-57a2d4851a1d" relativeResultsDirectory="347954b1-f1db-459f-b6f9-152e047fb052" />
    <UnitTestResult executionId="5260b84c-a964-48de-a353-9235cef462d8" testId="cc42d316-51b6-1b28-d31a-ee4f1ff7be48" testName="CurrencyWarsAssistant.Tests.Phase2OperationalCollectionTests.BattleDamageRequiresExplicitScaleBeforeReliableSummation(text: &quot;1,001&quot;, expected: True)" computerName="ZZZ的电脑" duration="00:00:00.0000492" startTime="2026-08-09T14:40:14.1451879+08:00" endTime="2026-08-09T14:40:14.1451879+08:00" testType="13cdc9d9-ddb5-4fa4-a97d-d965ccfc6d4b" outcome="Passed" testListId="8c84fa94-04c1-424b-9868-57a2d4851a1d" relativeResultsDirectory="5260b84c-a964-48de-a353-9235cef462d8" />
    <UnitTestResult executionId="aa2957cd-c9be-4aa9-b7a6-6f4e5e4852ad" testId="39e865eb-c8d2-c62d-88b2-c45afdf28913" testName="CurrencyWarsAssistant.Tests.Phase2OperationalCollectionTests.DamageUnitsAreNormalizedBeforeCandidatesAreCompared(text: &quot;0&quot;, expected: 0)" computerName="ZZZ的电脑" duration="00:00:00.0000025" startTime="2026-08-09T14:40:48.6721239+08:00" endTime="2026-08-09T14:40:48.6721239+08:00" testType="13cdc9d9-ddb5-4fa4-a97d-d965ccfc6d4b" outcome="Passed" testListId="8c84fa94-04c1-424b-9868-57a2d4851a1d" relativeResultsDirectory="aa2957cd-c9be-4aa9-b7a6-6f4e5e4852ad" />
    <UnitTestResult executionId="501c5f54-5291-40b3-b6a4-ff767890f451" testId="5419ab3b-8be1-5ef6-d6f1-191c37773137" testName="CurrencyWarsAssistant.Tests.Phase2OperationalCollectionTests.LiveCapturedFramesUseTheProductionFastPagePath(fileName: &quot;battle-1-3-action-indicator-mid.png&quot;, expectedPage: Battle)" computerName="ZZZ的电脑" duration="00:00:00.9002372" startTime="2026-08-09T14:40:39.6531160+08:00" endTime="2026-08-09T14:40:39.6531162+08:00" testType="13cdc9d9-ddb5-4fa4-a97d-d965ccfc6d4b" outcome="Passed" testListId="8c84fa94-04c1-424b-9868-57a2d4851a1d" relativeResultsDirectory="501c5f54-5291-40b3-b6a4-ff767890f451">
      <Output>
        <StdOut>battle-panel OCR: 下 0 1 8 万&#xD;
battle_generic/battle_generic_damage_tabs: 0.873/0.700&#xD;
battle_generic/battle_generic_pause_control: 0.736/0.700&#xD;
reward_shop/reward_shop_refresh_panel: 0.327/0.860&#xD;
reward_shop/reward_shop_refresh_disabled_panel: 0.169/0.860&#xD;
preparation_generic/preparation_stage_label: 0.048/0.350&#xD;
battle-1-3-action-indicator-mid.png: Battle, 270.6 ms</StdOut>
      </Output>
    </UnitTestResult>
    <UnitTestResult executionId="633e4dcf-34fa-4b3c-9883-021f3f91f9eb" testId="8dc4021d-82f4-de29-48ca-c7e0b3041e74" testName="CurrencyWarsAssistant.Tests.Phase2OperationalCollectionTests.StableSettlementCanFinalizeWhenBattleFramesWereUnavailable" computerName="ZZZ的电脑" duration="00:00:00.0002826" startTime="2026-08-09T14:41:26.0695858+08:00" endTime="2026-08-09T14:41:26.0695859+08:00" testType="13cdc9d9-ddb5-4fa4-a97d-d965ccfc6d4b" outcome="Passed" testListId="8c84fa94-04c1-424b-9868-57a2d4851a1d" relativeResultsDirectory="633e4dcf-34fa-4b3c-9883-021f3f91f9eb" />
    <UnitTestResult executionId="afcc866b-76d4-4180-8b98-498557bb6479" testId="93ec3e6a-e4bd-91c3-daf9-339c686f6e0d" testName="CurrencyWarsAssistant.Tests.Phase2OperationalCollectionTests.WalterCanLegitimatelyDelayBattleCountdown(starLevel: 3, delayedRounds: 2, delayedActionValue: 28, expectedTotal: 228)" computerName="ZZZ的电脑" duration="00:00:00.0001258" startTime="2026-08-09T14:41:15.3667948+08:00" endTime="2026-08-09T14:41:15.3667948+08:00" testType="13cdc9d9-ddb5-4fa4-a97d-d965ccfc6d4b" outcome="Passed" testListId="8c84fa94-04c1-424b-9868-57a2d4851a1d" relativeResultsDirectory="afcc866b-76d4-4180-8b98-498557bb6479" />
    <UnitTestResult executionId="be5df157-0243-466c-998f-a0305ae449c7" testId="d2888133-18cd-35e2-5433-a486778d2259" testName="CurrencyWarsAssistant.Tests.Phase2OperationalCollectionTests.PreparationReferencesExposeNodeDifficultyAndFormation(fileName: &quot;132307.png&quot;, expectedNode: &quot;2-4&quot;, expectedDifficulty: 123)" computerName="ZZZ的电脑" duration="00:00:05.2869933" startTime="2026-08-09T14:41:00.1568175+08:00" endTime="2026-08-09T14:41:00.1568178+08:00" testType="13cdc9d9-ddb5-4fa4-a97d-d965ccfc6d4b" outcome="Passed" testListId="8c84fa94-04c1-424b-9868-57a2d4851a1d" relativeResultsDirectory="be5df157-0243-466c-998f-a0305ae449c7" />
    <UnitTestResult executionId="bca1ef67-c98d-4d64-8e25-31ab3d58fddc" testId="6c623f3a-c213-8831-33f6-c75cd4e04e27" testName="CurrencyWarsAssistant.Tests.Phase2OperationalCollectionTests.SpecialItemsReuseCanonicalEquipmentIdsWithoutHidingNewItems" computerName="ZZZ的电脑" duration="00:00:00.0194130" startTime="2026-08-09T14:41:29.1176846+08:00" endTime="2026-08-09T14:41:29.1176848+08:00" testType="13cdc9d9-ddb5-4fa4-a97d-d965ccfc6d4b" outcome="Passed" testListId="8c84fa94-04c1-424b-9868-57a2d4851a1d" relativeResultsDirectory="bca1ef67-c98d-4d64-8e25-31ab3d58fddc" />
    <UnitTestResult executionId="a666d6bc-cac2-415f-b2f5-a2b2170875f9" testId="348173c9-2cbc-86db-8790-366f0dffe830" testName="CurrencyWarsAssistant.Tests.Phase2OperationalCollectionTests.RealReferenceFramesAreClassifiedIntoExpectedPageFamily(fileName: &quot;125924.png&quot;, expectedPage: Preparation)" computerName="ZZZ的电脑" duration="00:00:02.2135188" startTime="2026-08-09T14:40:32.6076855+08:00" endTime="2026-08-09T14:40:32.6076862+08:00" testType="13cdc9d9-ddb5-4fa4-a97d-d965ccfc6d4b" outcome="Passed" testListId="8c84fa94-04c1-424b-9868-57a2d4851a1d" relativeResultsDirectory="a666d6bc-cac2-415f-b2f5-a2b2170875f9" />
    <UnitTestResult executionId="e772c25c-2fcd-448d-bcf7-b0242353c4c4" testId="4ad14aae-0d79-c860-de3a-f2bee6d2b285" testName="CurrencyWarsAssistant.Tests.Phase2OperationalCollectionTests.ActionIndicatorCanMoveIntoUpperTimeline" computerName="ZZZ的电脑" duration="00:00:00.1347495" startTime="2026-08-09T14:39:52.0983652+08:00" endTime="2026-08-09T14:39:52.0983654+08:00" testType="13cdc9d9-ddb5-4fa4-a97d-d965ccfc6d4b" outcome="Passed" testListId="8c84fa94-04c1-424b-9868-57a2d4851a1d" relativeResultsDirectory="e772c25c-2fcd-448d-bcf7-b0242353c4c4" />
    <UnitTestResult executionId="322817ff-28c7-486b-808d-e7b81a0b5585" testId="dd1e0faf-533e-f1c8-180b-c7b9b44afb2d" testName="CurrencyWarsAssistant.Tests.Phase2OperationalCollectionTests.WalterCanLegitimatelyDelayBattleCountdown(starLevel: 2, delayedRounds: 1, delayedActionValue: 48, expectedTotal: 148)" computerName="ZZZ的电脑" duration="00:00:00.0004618" startTime="2026-08-09T14:41:15.3666545+08:00" endTime="2026-08-09T14:41:15.3666546+08:00" testType="13cdc9d9-ddb5-4fa4-a97d-d965ccfc6d4b" outcome="Passed" testListId="8c84fa94-04c1-424b-9868-57a2d4851a1d" relativeResultsDirectory="322817ff-28c7-486b-808d-e7b81a0b5585" />
    <UnitTestResult executionId="b787822d-c977-4ffb-a123-e9007db44b24" testId="678b9d6d-c1a5-edef-c483-35cea4346541" testName="CurrencyWarsAssistant.Tests.Phase2OperationalCollectionTests.BattleDamageRequiresExplicitScaleBeforeReliableSummation(text: &quot;1,001 (settlement unit inferred as 万)&quot;, expected: False)" computerName="ZZZ的电脑" duration="00:00:00.0000007" startTime="2026-08-09T14:40:14.1453652+08:00" endTime="2026-08-09T14:40:14.1453653+08:00" testType="13cdc9d9-ddb5-4fa4-a97d-d965ccfc6d4b" outcome="Passed" testListId="8c84fa94-04c1-424b-9868-57a2d4851a1d" relativeResultsDirectory="b787822d-c977-4ffb-a123-e9007db44b24" />
    <UnitTestResult executionId="d709bf47-9996-4266-9bc4-36a2ba2c8657" testId="d9e90d2c-a6f6-075c-9044-c72ba30e4b5c" testName="CurrencyWarsAssistant.Tests.Phase2OperationalCollectionTests.CharacterShortlistPreservesExhaustiveFormationDecisions(fileName: &quot;125924.png&quot;)" computerName="ZZZ的电脑" duration="00:00:00.9126571" startTime="2026-08-09T14:41:02.0658654+08:00" endTime="2026-08-09T14:41:02.0658657+08:00" testType="13cdc9d9-ddb5-4fa4-a97d-d965ccfc6d4b" outcome="Passed" testListId="8c84fa94-04c1-424b-9868-57a2d4851a1d" relativeResultsDirectory="d709bf47-9996-4266-9bc4-36a2ba2c8657" />
    <UnitTestResult executionId="4a17c428-46bc-4ffb-ab60-c601a7eb1882" testId="02e16d67-636a-b907-726f-d9b3bd684fb1" testName="CurrencyWarsAssistant.Tests.Phase2OperationalCollectionTests.NodeRetentionKeepsOnlyLatestPreparationAndFinalBattleEvidence" computerName="ZZZ的电脑" duration="00:00:00.0004396" startTime="2026-08-09T14:41:10.5159522+08:00" endTime="2026-08-09T14:41:10.5159523+08:00" testType="13cdc9d9-ddb5-4fa4-a97d-d965ccfc6d4b" outcome="Passed" testListId="8c84fa94-04c1-424b-9868-57a2d4851a1d" relativeResultsDirectory="4a17c428-46bc-4ffb-ab60-c601a7eb1882" />
    <UnitTestResult executionId="767e4907-56cd-43fe-9b43-e9ed01783a2c" testId="eb8de3b5-f142-fbaa-584c-17beb684bb0d" testName="CurrencyWarsAssistant.Tests.Phase2OperationalCollectionTests.LiveCapturedBattleFramesProduceCoreStateWithinRealtimeBudget(fileName: &quot;battle-1-6-late.png&quot;, expectedNode: &quot;1-6&quot;, expectedActionValue: 152, expectedDamage: 26911000)" computerName="ZZZ的电脑" duration="00:00:01.5515794" startTime="2026-08-09T14:39:36.0184830+08:00" endTime="2026-08-09T14:39:36.0184833+08:00" testType="13cdc9d9-ddb5-4fa4-a97d-d965ccfc6d4b" outcome="Passed" testListId="8c84fa94-04c1-424b-9868-57a2d4851a1d" relativeResultsDirectory="767e4907-56cd-43fe-9b43-e9ed01783a2c">
      <Output>
        <StdOut>action indicators: round-1-action-28@0.589,PixelRect { X = 32, Y = 979, Width = 169, Height = 46, Right = 201, Bottom = 1025, Center = PixelPoint { X = 116, Y = 1002 }, IsEmpty = False } | round-1-action-28@0.569,PixelRect { X = 63, Y = 90, Width = 169, Height = 46, Right = 232, Bottom = 136, Center = PixelPoint { X = 147, Y = 113 }, IsEmpty = False } | round-1-action-28@0.436,PixelRect { X = 110, Y = 874, Width = 113, Height = 30, Right = 223, Bottom = 904, Center = PixelPoint { X = 166, Y = 889 }, IsEmpty = False } | round-1-action-28@0.407,PixelRect { X = 113, Y = 210, Width = 169, Height = 46, Right = 282, Bottom = 256, Center = PixelPoint { X = 197, Y = 233 }, IsEmpty = False } | round-1-action-28@0.384,PixelRect { X = 113, Y = 750, Width = 169, Height = 46, Right = 282, Bottom = 796, Center = PixelPoint { X = 197, Y = 773 }, IsEmpty = False } | round-1-action-28@0.359,PixelRect { X = 113, Y = 675, Width = 169, Height = 46, Right = 282, Bottom = 721, Center = PixelPoint { X = 197, Y = 698 }, IsEmpty = False } | round-1-action-28@0.324,PixelRect { X = 113, Y = 372, Width = 169, Height = 46, Right = 282, Bottom = 418, Center = PixelPoint { X = 197, Y = 395 }, IsEmpty = False } | round-1-action-28@0.311,PixelRect { X = 113, Y = 446, Width = 169, Height = 46, Right = 282, Bottom = 492, Center = PixelPoint { X = 197, Y = 469 }, IsEmpty = False }&#xD;
battle-1-6-late.png: 646.7 ms; node=Known/1-6; action=Known/152; damage=Unknown/26911000&#xD;
action evidence: round=1; value=52; round-ocr=; value-ocr=41 52,41,52; round-digit-confidence=0.636; value-digit-confidence=; region=PixelRect { X = 32, Y = 979, Width = 169, Height = 46, Right = 201, Bottom = 1025, Center = PixelPoint { X = 116, Y = 1002 }, IsEmpty = False }; match=0.589&#xD;
node evidence: 1-6&#xD;
damage uncertainty: 战斗最后一帧仍有伤害数值暂不可见；当前和仅作残缺候选。</StdOut>
      </Output>
    </UnitTestResult>
    <UnitTestResult executionId="a0641fe4-6e72-42fc-a3b1-d5d61a6a2974" testId="320379be-c72d-454d-14d5-b30b11d0e872" testName="CurrencyWarsAssistant.Tests.Phase2OperationalCollectionTests.RealReferenceFramesAreClassifiedIntoExpectedPageFamily(fileName: &quot;130104.png&quot;, expectedPage: Battle)" computerName="ZZZ的电脑" duration="00:00:05.5867541" startTime="2026-08-09T14:40:19.7324402+08:00" endTime="2026-08-09T14:40:19.7324405+08:00" testType="13cdc9d9-ddb5-4fa4-a97d-d965ccfc6d4b" outcome="Passed" testListId="8c84fa94-04c1-424b-9868-57a2d4851a1d" relativeResultsDirectory="a0641fe4-6e72-42fc-a3b1-d5d61a6a2974" />
    <UnitTestResult executionId="e25abacc-bf21-4f8b-ac86-b308fc984417" testId="b84e87a2-0ef1-0ac2-9a92-a2881b862dc4" testName="CurrencyWarsAssistant.Tests.Phase2OperationalCollectionTests.LocalizedUiDigitsReadLivePreparationResourcesWithoutGeneralOcr" computerName="ZZZ的电脑" duration="00:00:00.1258332" startTime="2026-08-09T14:41:15.6285091+08:00" endTime="2026-08-09T14:41:15.6285094+08:00" testType="13cdc9d9-ddb5-4fa4-a97d-d965ccfc6d4b" outcome="Passed" testListId="8c84fa94-04c1-424b-9868-57a2d4851a1d" relativeResultsDirectory="e25abacc-bf21-4f8b-ac86-b308fc984417">
      <Output>
        <StdOut>difficulty: value=126; confidence=0.612; runner-up=0.532; reason=; glyphs=1@PixelRect { X = 157, Y = 96, Width = 19, Height = 28, Right = 176, Bottom = 124, Center = PixelPoint { X = 166, Y = 110 }, IsEmpty = False },2@PixelRect { X = 174, Y = 96, Width = 19, Height = 28, Right = 193, Bottom = 124, Center = PixelPoint { X = 183, Y = 110 }, IsEmpty = False },6@PixelRect { X = 190, Y = 96, Width = 19, Height = 28, Right = 209, Bottom = 124, Center = PixelPoint { X = 199, Y = 110 }, IsEmpty = False }&#xD;
tools: value=2; confidence=0.787; runner-up=0.634; reason=; glyphs=2@PixelRect { X = 2490, Y = 239, Width = 19, Height = 28, Right = 2509, Bottom = 267, Center = PixelPoint { X = 2499, Y = 253 }, IsEmpty = False }&#xD;
spend: value=2; confidence=0.853; runner-up=0.592; reason=; glyphs=2@PixelRect { X = 2024, Y = 1171, Width = 19, Height = 28, Right = 2043, Bottom = 1199, Center = PixelPoint { X = 2033, Y = 1185 }, IsEmpty = False }&#xD;
interest: value=3; confidence=0.835; runner-up=0.740; reason=; glyphs=3@PixelRect { X = 2174, Y = 1138, Width = 21, Height = 32, Right = 2195, Bottom = 1170, Center = PixelPoint { X = 2184, Y = 1154 }, IsEmpty = False }&#xD;
economy: value=32; confidence=0.592; runner-up=0.591; reason=; glyphs=3@PixelRect { X = 2176, Y = 1208, Width = 27, Height = 40, Right = 2203, Bottom = 1248, Center = PixelPoint { X = 2189, Y = 1228 }, IsEmpty = False },2@PixelRect { X = 2202, Y = 1206, Width = 27, Height = 40, Right = 2229, Bottom = 1246, Center = PixelPoint { X = 2215, Y = 1226 }, IsEmpty = False }</StdOut>
      </Output>
    </UnitTestResult>
    <UnitTestResult executionId="274bfa6b-c267-4282-b87f-28c521ad8ee7" testId="8ecb0f8e-de6e-6e21-b57f-06e081f8fd04" testName="CurrencyWarsAssistant.Tests.Phase2OperationalCollectionTests.PartialCandidatesArePreservedButNeverPromotedToFinalZero" computerName="ZZZ的电脑" duration="00:00:00.0010558" startTime="2026-08-09T14:41:15.3682843+08:00" endTime="2026-08-09T14:41:15.3682844+08:00" testType="13cdc9d9-ddb5-4fa4-a97d-d965ccfc6d4b" outcome="Passed" testListId="8c84fa94-04c1-424b-9868-57a2d4851a1d" relativeResultsDirectory="274bfa6b-c267-4282-b87f-28c521ad8ee7" />
    <UnitTestResult executionId="a499d119-d084-4fad-a5bf-fd35570beb3d" testId="cccb0d80-f804-c115-9b3c-39c98092ceaa" testName="CurrencyWarsAssistant.Tests.Phase2OperationalCollectionTests.ConfirmedInvestmentStrategiesOnlyGrow" computerName="ZZZ的电脑" duration="00:00:00.0003526" startTime="2026-08-09T14:41:10.6738623+08:00" endTime="2026-08-09T14:41:10.6738624+08:00" testType="13cdc9d9-ddb5-4fa4-a97d-d965ccfc6d4b" outcome="Passed" testListId="8c84fa94-04c1-424b-9868-57a2d4851a1d" relativeResultsDirectory="a499d119-d084-4fad-a5bf-fd35570beb3d" />
    <UnitTestResult executionId="c284d228-4439-4d72-bede-d7570513de92" testId="5286fb38-ef42-eab7-cda8-5903199a84fa" testName="CurrencyWarsAssistant.Tests.Phase2OperationalCollectionTests.PersistedUnknownEvidenceReferencesOnlyCropsThatExist" computerName="ZZZ的电脑" duration="00:00:00.0727059" startTime="2026-08-09T14:41:23.3633235+08:00" endTime="2026-08-09T14:41:23.3633238+08:00" testType="13cdc9d9-ddb5-4fa4-a97d-d965ccfc6d4b" outcome="Passed" testListId="8c84fa94-04c1-424b-9868-57a2d4851a1d" relativeResultsDirectory="c284d228-4439-4d72-bede-d7570513de92" />
    <UnitTestResult executionId="633e422e-6bd9-48a5-85e0-a1ec158d881e" testId="c2e4a42f-9c6b-0fbe-f780-139d8022e881" testName="CurrencyWarsAssistant.Tests.Phase2OperationalCollectionTests.UnknownPagePreservesReadableIndependentRegions" computerName="ZZZ的电脑" duration="00:00:00.1380734" startTime="2026-08-09T14:41:21.3707108+08:00" endTime="2026-08-09T14:41:21.3707112+08:00" testType="13cdc9d9-ddb5-4fa4-a97d-d965ccfc6d4b" outcome="Passed" testListId="8c84fa94-04c1-424b-9868-57a2d4851a1d" relativeResultsDirectory="633e422e-6bd9-48a5-85e0-a1ec158d881e" />
    <UnitTestResult executionId="d112126a-d8f8-4cb2-8d7b-ab7566ca8f77" testId="58e3e54b-7e59-ba55-d4f6-120d4b620969" testName="CurrencyWarsAssistant.Tests.Phase2OperationalCollectionTests.BattleDamageRequiresExplicitScaleBeforeReliableSummation(text: &quot;0,001&quot;, expected: False)" computerName="ZZZ的电脑" duration="00:00:00.0000046" startTime="2026-08-09T14:40:14.1452586+08:00" endTime="2026-08-09T14:40:14.1452587+08:00" testType="13cdc9d9-ddb5-4fa4-a97d-d965ccfc6d4b" outcome="Passed" testListId="8c84fa94-04c1-424b-9868-57a2d4851a1d" relativeResultsDirectory="d112126a-d8f8-4cb2-8d7b-ab7566ca8f77" />
    <UnitTestResult executionId="85ba2baa-e486-4b92-a723-c48c4805bdd9" testId="70b5dd22-4b40-8b76-a1da-a7fa35dd84be" testName="CurrencyWarsAssistant.Tests.Phase2OperationalCollectionTests.DamageUnitsAreNormalizedBeforeCandidatesAreCompared(text: &quot;12,3万&quot;, expected: 123000)" computerName="ZZZ的电脑" duration="00:00:00.0000026" startTime="2026-08-09T14:40:48.6721325+08:00" endTime="2026-08-09T14:40:48.6721325+08:00" testType="13cdc9d9-ddb5-4fa4-a97d-d965ccfc6d4b" outcome="Passed" testListId="8c84fa94-04c1-424b-9868-57a2d4851a1d" relativeResultsDirectory="85ba2baa-e486-4b92-a723-c48c4805bdd9" />
    <UnitTestResult executionId="65043f44-8a50-4384-89f5-c93995de31c9" testId="bfd37303-5a26-ab75-0bb1-c367be38b6cf" testName="CurrencyWarsAssistant.Tests.Phase2OperationalCollectionTests.ImportedBusinessIdsAndNamesMatchCurrentDataCatalogs" computerName="ZZZ的电脑" duration="00:00:00.0112095" startTime="2026-08-09T14:39:42.0219933+08:00" endTime="2026-08-09T14:39:42.0219934+08:00" testType="13cdc9d9-ddb5-4fa4-a97d-d965ccfc6d4b" outcome="Passed" testListId="8c84fa94-04c1-424b-9868-57a2d4851a1d" relativeResultsDirectory="65043f44-8a50-4384-89f5-c93995de31c9" />
    <UnitTestResult executionId="24056bde-3c1d-4354-8aaa-28d48bdb9d20" testId="58c9f801-78e8-1088-838c-fdc87704d6cc" testName="CurrencyWarsAssistant.Tests.Phase2OperationalCollectionTests.BattleDamageRequiresExplicitScaleBeforeReliableSummation(text: &quot;01&quot;, expected: False)" computerName="ZZZ的电脑" duration="00:00:00.0001113" startTime="2026-08-09T14:40:14.1452290+08:00" endTime="2026-08-09T14:40:14.1452291+08:00" testType="13cdc9d9-ddb5-4fa4-a97d-d965ccfc6d4b" outcome="Passed" testListId="8c84fa94-04c1-424b-9868-57a2d4851a1d" relativeResultsDirectory="24056bde-3c1d-4354-8aaa-28d48bdb9d20" />
    <UnitTestResult executionId="8afb7499-4d76-40e9-ae6b-5d44a4ba0aa6" testId="d8ddea9f-a67f-e33f-267e-a177a7d3bb76" testName="CurrencyWarsAssistant.Tests.Phase2OperationalCollectionTests.PreparationSnapshotReadsAbsoluteHealthAndGoldFromTightRegions" computerName="ZZZ的电脑" duration="00:00:00.1813452" startTime="2026-08-09T14:41:29.0981569+08:00" endTime="2026-08-09T14:41:29.0981571+08:00" testType="13cdc9d9-ddb5-4fa4-a97d-d965ccfc6d4b" outcome="Passed" testListId="8c84fa94-04c1-424b-9868-57a2d4851a1d" relativeResultsDirectory="8afb7499-4d76-40e9-ae6b-5d44a4ba0aa6">
      <Output>
        <StdOut>health=Known/84; uncertainty=; evidence=84&#xD;
economy=Known/32; uncertainty=重叠金币区域候选不一致；采用包含更多完整数字字形的候选。; evidence=style=DarkOnLight; value=32; confidence=0.592; runner-up=0.591; reason= | style=BrightOnDark; value=0; confidence=0.537; runner-up=0.444; reason= | style=DarkOnLight; value=2; confidence=0.869; runner-up=0.591; reason= | style=BrightOnDark; value=unknown; confidence=0.000; runner-up=0.000; reason=No unambiguous digit components were found.</StdOut>
      </Output>
    </UnitTestResult>
    <UnitTestResult executionId="9c9c4499-91e2-4f45-90d1-6096b699bb27" testId="e4e7d6d1-b9b7-2a0c-ca59-74cfc5a59905" testName="CurrencyWarsAssistant.Tests.Phase2OperationalCollectionTests.UnknownSpecialDamageSourceIsPreservedWithoutBeingCalledCharacter" computerName="ZZZ的电脑" duration="00:00:00.0013228" startTime="2026-08-09T14:41:23.5060374+08:00" endTime="2026-08-09T14:41:23.5060374+08:00" testType="13cdc9d9-ddb5-4fa4-a97d-d965ccfc6d4b" outcome="Passed" testListId="8c84fa94-04c1-424b-9868-57a2d4851a1d" relativeResultsDirectory="9c9c4499-91e2-4f45-90d1-6096b699bb27" />
    <UnitTestResult executionId="b93016dc-97b1-4a81-afab-9cb87d7f658b" testId="2915d576-b8ca-ca8b-f415-396a84348e9a" testName="CurrencyWarsAssistant.Tests.Phase2OperationalCollectionTests.DamageUnitsAreNormalizedBeforeCandidatesAreCompared(text: &quot;430.3万&quot;, expected: 4303000)" computerName="ZZZ的电脑" duration="00:00:00.0000076" startTime="2026-08-09T14:40:48.6721032+08:00" endTime="2026-08-09T14:40:48.6721033+08:00" testType="13cdc9d9-ddb5-4fa4-a97d-d965ccfc6d4b" outcome="Passed" testListId="8c84fa94-04c1-424b-9868-57a2d4851a1d" relativeResultsDirectory="b93016dc-97b1-4a81-afab-9cb87d7f658b" />
    <UnitTestResult executionId="d82ecec6-c5e0-40f0-8be0-fb140b905160" testId="c2f3bc3c-b7af-21e2-164e-8634da138e4c" testName="CurrencyWarsAssistant.Tests.Phase2OperationalCollectionTests.AmbiguousShopEquipmentRemainsNonDecisionEvidence" computerName="ZZZ的电脑" duration="00:00:01.8782181" startTime="2026-08-09T14:41:23.2493206+08:00" endTime="2026-08-09T14:41:23.2493207+08:00" testType="13cdc9d9-ddb5-4fa4-a97d-d965ccfc6d4b" outcome="Passed" testListId="8c84fa94-04c1-424b-9868-57a2d4851a1d" relativeResultsDirectory="d82ecec6-c5e0-40f0-8be0-fb140b905160" />
    <UnitTestResult executionId="897b8ff0-0bbc-41da-8314-396942e3ea69" testId="421aa141-521e-2326-ab0c-1ecdeab3876d" testName="CurrencyWarsAssistant.Tests.Phase2OperationalCollectionTests.MainPageWithDiagnosticOverlayIsNotMisclassifiedAsBattle" computerName="ZZZ的电脑" duration="00:00:00.5890883" startTime="2026-08-09T14:40:48.4774669+08:00" endTime="2026-08-09T14:40:48.4774671+08:00" testType="13cdc9d9-ddb5-4fa4-a97d-d965ccfc6d4b" outcome="Passed" testListId="8c84fa94-04c1-424b-9868-57a2d4851a1d" relativeResultsDirectory="897b8ff0-0bbc-41da-8314-396942e3ea69" />
    <UnitTestResult executionId="8861db42-f1dc-4710-a767-83de8a037cc0" testId="919d8ae7-a6bd-f0b9-2cde-b04c2d89de1f" testName="CurrencyWarsAssistant.Tests.Phase2OperationalCollectionTests.LiveCapturedPreparationProducesVisibleCoreStateWithinRealtimeBudget" computerName="ZZZ的电脑" duration="00:00:03.6237832" startTime="2026-08-09T14:41:14.2982358+08:00" endTime="2026-08-09T14:41:14.2982360+08:00" testType="13cdc9d9-ddb5-4fa4-a97d-d965ccfc6d4b" outcome="Passed" testListId="8c84fa94-04c1-424b-9868-57a2d4851a1d" relativeResultsDirectory="8861db42-f1dc-4710-a767-83de8a037cc0">
      <Output>
        <StdOut>preparation-1-7: 1399.6 ms; node=Known/1-7; difficulty=Known/126; interest=Known/3; spend=Known/2&#xD;
difficulty evidence: value=126; confidence=0.612; runner-up=0.532&#xD;
interest evidence: value=3; confidence=0.835; runner-up=0.740&#xD;
spend evidence: value=2; confidence=0.853; runner-up=0.592&#xD;
Front[0]=currency_wars_character_24; slot0:Empty/-/0.900/[], slot1:Unknown/-/0.918/[currency_wars_equipment_061|currency_wars_equipment_100], slot2:Empty/-/0.900/[]&#xD;
Front[1]=currency_wars_character_21; slot0:Empty/-/0.900/[], slot1:Empty/-/0.900/[], slot2:Empty/-/0.900/[]&#xD;
Front[2]=currency_wars_character_59; slot0:Empty/-/0.900/[], slot1:Empty/-/0.900/[], slot2:Empty/-/0.900/[]&#xD;
Front[3]=currency_wars_character_47; slot0:Empty/-/0.900/[], slot1:Empty/-/0.900/[], slot2:Empty/-/0.900/[]&#xD;
Back[6]=currency_wars_character_02; slot0:Empty/-/0.900/[], slot1:Empty/-/0.900/[], slot2:Empty/-/0.900/[]&#xD;
Bench[1]=currency_wars_character_39; &#xD;
Bench[2]=currency_wars_character_23; &#xD;
inventory: slot0:Equipped/SimpleEquipment/currency_wars_equipment_044/0.750/[currency_wars_equipment_044], slot1:Equipped/SimpleEquipment/currency_wars_equipment_045/0.913/[currency_wars_equipment_045], slot2:Empty/Unknown/-/0.900/[], slot3:Empty/Unknown/-/0.900/[]</StdOut>
      </Output>
    </UnitTestResult>
    <UnitTestResult executionId="707334de-9256-4913-aa82-1b3158bacd9a" testId="bf6aeb02-cdca-f7b8-8b2b-593ef634f4d5" testName="CurrencyWarsAssistant.Tests.Phase2OperationalCollectionTests.SettlementFinalizationKeepsBothCandidatesAndSelectsMaximum" computerName="ZZZ的电脑" duration="00:00:00.0005861" startTime="2026-08-09T14:41:25.2096710+08:00" endTime="2026-08-09T14:41:25.2096710+08:00" testType="13cdc9d9-ddb5-4fa4-a97d-d965ccfc6d4b" outcome="Passed" testListId="8c84fa94-04c1-424b-9868-57a2d4851a1d" relativeResultsDirectory="707334de-9256-4913-aa82-1b3158bacd9a" />
    <UnitTestResult executionId="4ee23018-a036-4b88-a973-6c7c33a78698" testId="421f3301-09bb-1044-12e8-2e58d8d981a7" testName="CurrencyWarsAssistant.Tests.Phase2OperationalCollectionTests.OneTimeOpeningPagesDoNotEnterTheOperationalRecognitionLoop(pageId: &quot;investment_strategy&quot;, expected: True)" computerName="ZZZ的电脑" duration="00:00:00.0000006" startTime="2026-08-09T14:41:10.6735175+08:00" endTime="2026-08-09T14:41:10.6735176+08:00" testType="13cdc9d9-ddb5-4fa4-a97d-d965ccfc6d4b" outcome="Passed" testListId="8c84fa94-04c1-424b-9868-57a2d4851a1d" relativeResultsDirectory="4ee23018-a036-4b88-a973-6c7c33a78698" />
    <UnitTestResult executionId="6f9d8699-c655-4b1a-8247-6ba650aabf2a" testId="b1aba473-e684-14e3-0f57-3f1d8896c7a0" testName="CurrencyWarsAssistant.Tests.Phase2OperationalCollectionTests.UnknownCharacterDamageKeepsStableIdAndFinalValue" computerName="ZZZ的电脑" duration="00:00:00.0009176" startTime="2026-08-09T14:41:15.3693534+08:00" endTime="2026-08-09T14:41:15.3693535+08:00" testType="13cdc9d9-ddb5-4fa4-a97d-d965ccfc6d4b" outcome="Passed" testListId="8c84fa94-04c1-424b-9868-57a2d4851a1d" relativeResultsDirectory="6f9d8699-c655-4b1a-8247-6ba650aabf2a" />
    <UnitTestResult executionId="7d53c2d7-a34c-4508-9cbd-360f0c563fc4" testId="53c0fce0-44e2-5d53-60b2-d2ccae2b680d" testName="CurrencyWarsAssistant.Tests.Phase2OperationalCollectionTests.RuntimeDataDoesNotExposeDeveloperMachinePaths" computerName="ZZZ的电脑" duration="00:00:00.0049531" startTime="2026-08-09T14:41:00.1642087+08:00" endTime="2026-08-09T14:41:00.1642088+08:00" testType="13cdc9d9-ddb5-4fa4-a97d-d965ccfc6d4b" outcome="Passed" testListId="8c84fa94-04c1-424b-9868-57a2d4851a1d" relativeResultsDirectory="7d53c2d7-a34c-4508-9cbd-360f0c563fc4" />
    <UnitTestResult executionId="4b78fd2d-2092-49ac-b1bb-6d335fe14d92" testId="0c175af0-41d0-9896-4074-81c2667228c9" testName="CurrencyWarsAssistant.Tests.Phase2OperationalCollectionTests.UnknownFormationEvidenceUsesReferenceSpaceAtAnyResolution" computerName="ZZZ的电脑" duration="00:00:00.1258841" startTime="2026-08-09T14:40:45.7101960+08:00" endTime="2026-08-09T14:40:45.7101961+08:00" testType="13cdc9d9-ddb5-4fa4-a97d-d965ccfc6d4b" outcome="Passed" testListId="8c84fa94-04c1-424b-9868-57a2d4851a1d" relativeResultsDirectory="4b78fd2d-2092-49ac-b1bb-6d335fe14d92" />
    <UnitTestResult executionId="d98e651d-738d-489f-9c9a-f86b24ec85b5" testId="3cd3a970-6cb5-5d5a-eb36-fb75174794c4" testName="CurrencyWarsAssistant.Tests.Phase2OperationalCollectionTests.DamageUnitsAreNormalizedBeforeCandidatesAreCompared(text: &quot;1,234,567万&quot;, expected: 12345670000)" computerName="ZZZ的电脑" duration="00:00:00.0001895" startTime="2026-08-09T14:40:48.6720746+08:00" endTime="2026-08-09T14:40:48.6720747+08:00" testType="13cdc9d9-ddb5-4fa4-a97d-d965ccfc6d4b" outcome="Passed" testListId="8c84fa94-04c1-424b-9868-57a2d4851a1d" relativeResultsDirectory="d98e651d-738d-489f-9c9a-f86b24ec85b5" />
    <UnitTestResult executionId="50ff278b-813d-4550-b48b-4e846d56ebf3" testId="5169ddc6-3490-d97e-d3c4-ff3e2bd48452" testName="CurrencyWarsAssistant.Tests.Phase2OperationalCollectionTests.SettlementThousandsSeparatorIsNotTreatedAsDecimalPoint(text: &quot;13,600&quot;, expected: 136000000)" computerName="ZZZ的电脑" duration="00:00:00.0002610" startTime="2026-08-09T14:41:15.5026050+08:00" endTime="2026-08-09T14:41:15.5026051+08:00" testType="13cdc9d9-ddb5-4fa4-a97d-d965ccfc6d4b" outcome="Passed" testListId="8c84fa94-04c1-424b-9868-57a2d4851a1d" relativeResultsDirectory="50ff278b-813d-4550-b48b-4e846d56ebf3" />
    <UnitTestResult executionId="2ce1ed07-06ce-4d2e-9cc4-d52bbd5ade79" testId="3763b439-9d59-a6e5-9eef-0e6f41970212" testName="CurrencyWarsAssistant.Tests.Phase2OperationalCollectionTests.ExpandedShopAnalyzerKeepsVisibleFormationWithCompactEvidenceRegions" computerName="ZZZ的电脑" duration="00:00:01.7476917" startTime="2026-08-09T14:40:14.1400852+08:00" endTime="2026-08-09T14:40:14.1400854+08:00" testType="13cdc9d9-ddb5-4fa4-a97d-d965ccfc6d4b" outcome="Passed" testListId="8c84fa94-04c1-424b-9868-57a2d4851a1d" relativeResultsDirectory="2ce1ed07-06ce-4d2e-9cc4-d52bbd5ade79">
      <Output>
        <StdOut>Front[0]=currency_wars_character_44; slot0:Empty/-/0.900/[], slot1:Unknown/-/0.852/[currency_wars_equipment_066|currency_wars_equipment_105], slot2:Empty/-/0.900/[]&#xD;
Front[1]=currency_wars_character_34; slot0:Empty/-/0.900/[], slot1:Empty/-/0.900/[], slot2:Empty/-/0.900/[]&#xD;
Front[2]=currency_wars_character_36; slot0:Empty/-/0.900/[], slot1:Empty/-/0.900/[], slot2:Empty/-/0.900/[]&#xD;
Back[4]=currency_wars_character_43; slot0:Empty/-/0.900/[], slot1:Empty/-/0.900/[], slot2:Empty/-/0.900/[]&#xD;
Bench[0]=unknown-formation-unit-Bench-1; slot0:Empty/-/0.900/[], slot1:Empty/-/0.900/[], slot2:Empty/-/0.900/[]&#xD;
inventory: slot0:Equipped/SimpleEquipment/currency_wars_equipment_044/0.922/[currency_wars_equipment_044], slot1:Equipped/SimpleEquipment/currency_wars_equipment_045/0.913/[currency_wars_equipment_045], slot2:Equipped/SimpleEquipment/currency_wars_equipment_041/0.935/[currency_wars_equipment_041], slot3:Equipped/AdvancedEquipment/currency_wars_equipment_123/0.781/[currency_wars_equipment_123]</StdOut>
      </Output>
    </UnitTestResult>
    <UnitTestResult executionId="ca7e6959-1d46-435d-a12b-3e490bafe36c" testId="843969f1-34d4-d018-4794-a0158e0e1194" testName="CurrencyWarsAssistant.Tests.Phase2OperationalCollectionTests.BatchUnknownImageProducesReportWithoutFormalRunRecords" computerName="ZZZ的电脑" duration="00:00:00.4730352" startTime="2026-08-09T14:41:25.6837089+08:00" endTime="2026-08-09T14:41:25.6837091+08:00" testType="13cdc9d9-ddb5-4fa4-a97d-d965ccfc6d4b" outcome="Passed" testListId="8c84fa94-04c1-424b-9868-57a2d4851a1d" relativeResultsDirectory="ca7e6959-1d46-435d-a12b-3e490bafe36c" />
    <UnitTestResult executionId="d20c6a48-2291-4e40-877e-940f2c473c27" testId="4c353b82-05ef-a685-9536-972887733bda" testName="CurrencyWarsAssistant.Tests.Phase2OperationalCollectionTests.DamageUnitsAreNormalizedBeforeCandidatesAreCompared(text: &quot;1,234万&quot;, expected: 12340000)" computerName="ZZZ的电脑" duration="00:00:00.0000047" startTime="2026-08-09T14:40:48.6721143+08:00" endTime="2026-08-09T14:40:48.6721144+08:00" testType="13cdc9d9-ddb5-4fa4-a97d-d965ccfc6d4b" outcome="Passed" testListId="8c84fa94-04c1-424b-9868-57a2d4851a1d" relativeResultsDirectory="d20c6a48-2291-4e40-877e-940f2c473c27" />
    <UnitTestResult executionId="5d4001d5-57ee-497a-b842-459633008b35" testId="093bd3ff-1277-0ec0-946b-8a5a157a7930" testName="CurrencyWarsAssistant.Tests.Phase2OperationalCollectionTests.PreparationNodeFromPageIdRejectsOutOfRangeNodes(pageId: &quot;preparation_1_2&quot;, expected: &quot;1-2&quot;)" computerName="ZZZ的电脑" duration="00:00:00.0001246" startTime="2026-08-09T14:39:42.0224033+08:00" endTime="2026-08-09T14:39:42.0224034+08:00" testType="13cdc9d9-ddb5-4fa4-a97d-d965ccfc6d4b" outcome="Passed" testListId="8c84fa94-04c1-424b-9868-57a2d4851a1d" relativeResultsDirectory="5d4001d5-57ee-497a-b842-459633008b35" />
    <UnitTestResult executionId="a4da0523-ceac-4973-93ad-8b8290735659" testId="2af750df-a258-f838-4415-e3c0dc933456" testName="CurrencyWarsAssistant.Tests.Phase2OperationalCollectionTests.LiveCapturedBattleFramesProduceCoreStateWithinRealtimeBudget(fileName: &quot;battle-1-3-action-indicator-round-zero.png&quot;, expectedNode: &quot;1-3&quot;, expectedActionValue: 95, expectedDamage: 5060000)" computerName="ZZZ的电脑" duration="00:00:01.4674974" startTime="2026-08-09T14:39:42.0106343+08:00" endTime="2026-08-09T14:39:42.0106345+08:00" testType="13cdc9d9-ddb5-4fa4-a97d-d965ccfc6d4b" outcome="Passed" testListId="8c84fa94-04c1-424b-9868-57a2d4851a1d" relativeResultsDirectory="a4da0523-ceac-4973-93ad-8b8290735659">
      <Output>
        <StdOut>action indicators: round-1-action-28@0.584,PixelRect { X = 36, Y = 557, Width = 169, Height = 46, Right = 205, Bottom = 603, Center = PixelPoint { X = 120, Y = 580 }, IsEmpty = False } | round-1-action-28@0.404,PixelRect { X = 112, Y = 136, Width = 113, Height = 30, Right = 225, Bottom = 166, Center = PixelPoint { X = 168, Y = 151 }, IsEmpty = False } | round-1-action-100@0.389,PixelRect { X = 103, Y = 242, Width = 179, Height = 40, Right = 282, Bottom = 282, Center = PixelPoint { X = 192, Y = 262 }, IsEmpty = False } | round-1-action-28@0.382,PixelRect { X = 107, Y = 51, Width = 169, Height = 46, Right = 276, Bottom = 97, Center = PixelPoint { X = 191, Y = 74 }, IsEmpty = False } | round-1-action-28@0.382,PixelRect { X = 111, Y = 319, Width = 141, Height = 38, Right = 252, Bottom = 357, Center = PixelPoint { X = 181, Y = 338 }, IsEmpty = False } | round-1-action-28@0.300,PixelRect { X = 113, Y = 162, Width = 169, Height = 46, Right = 282, Bottom = 208, Center = PixelPoint { X = 197, Y = 185 }, IsEmpty = False } | round-1-action-100@0.260,PixelRect { X = 54, Y = 1041, Width = 119, Height = 26, Right = 173, Bottom = 1067, Center = PixelPoint { X = 113, Y = 1054 }, IsEmpty = False } | round-1-action-28@0.473,PixelRect { X = 133, Y = 91, Width = 113, Height = 30, Right = 246, Bottom = 121, Center = PixelPoint { X = 189, Y = 106 }, IsEmpty = False }&#xD;
battle-1-3-action-indicator-round-zero.png: 605.7 ms; node=Known/1-3; action=Known/95; damage=Unknown/5060000&#xD;
action evidence: round=0; value=95; round-ocr=; value-ocr=95; round-digit-confidence=0.619; value-digit-confidence=; region=PixelRect { X = 36, Y = 557, Width = 169, Height = 46, Right = 205, Bottom = 603, Center = PixelPoint { X = 120, Y = 580 }, IsEmpty = False }; match=0.584&#xD;
node evidence: 1-3&#xD;
damage uncertainty: 战斗最后一帧仍有伤害数值暂不可见；当前和仅作残缺候选。</StdOut>
      </Output>
    </UnitTestResult>
    <UnitTestResult executionId="2361044a-572e-4a5a-9b9e-c9eb2844e22e" testId="51bde1b9-2644-eed3-edb1-1e42a7674aad" testName="CurrencyWarsAssistant.Tests.Phase2OperationalCollectionTests.SingleDifferentFrameDoesNotConfirmChangedState" computerName="ZZZ的电脑" duration="00:00:00.0000799" startTime="2026-08-09T14:41:25.2099762+08:00" endTime="2026-08-09T14:41:25.2099763+08:00" testType="13cdc9d9-ddb5-4fa4-a97d-d965ccfc6d4b" outcome="Passed" testListId="8c84fa94-04c1-424b-9868-57a2d4851a1d" relativeResultsDirectory="2361044a-572e-4a5a-9b9e-c9eb2844e22e" />
    <UnitTestResult executionId="2d26f214-8fb7-47db-87be-c8299684734b" testId="25b7c118-7372-6231-54ca-24784de2d07e" testName="CurrencyWarsAssistant.Tests.Phase2OperationalCollectionTests.LiveCapturedBattleFramesProduceCoreStateWithinRealtimeBudget(fileName: &quot;battle-1-3-action-indicator-mid.png&quot;, expectedNode: &quot;1-3&quot;, expectedActionValue: 109, expectedDamage: 18000)" computerName="ZZZ的电脑" duration="00:00:01.5360949" startTime="2026-08-09T14:39:40.5427817+08:00" endTime="2026-08-09T14:39:40.5427822+08:00" testType="13cdc9d9-ddb5-4fa4-a97d-d965ccfc6d4b" outcome="Passed" testListId="8c84fa94-04c1-424b-9868-57a2d4851a1d" relativeResultsDirectory="2d26f214-8fb7-47db-87be-c8299684734b">
      <Output>
        <StdOut>action indicators: round-1-action-28@0.597,PixelRect { X = 33, Y = 237, Width = 169, Height = 46, Right = 202, Bottom = 283, Center = PixelPoint { X = 117, Y = 260 }, IsEmpty = False } | round-1-action-28@0.472,PixelRect { X = 36, Y = 877, Width = 113, Height = 30, Right = 149, Bottom = 907, Center = PixelPoint { X = 92, Y = 892 }, IsEmpty = False } | round-1-action-100@0.396,PixelRect { X = 103, Y = 437, Width = 179, Height = 40, Right = 282, Bottom = 477, Center = PixelPoint { X = 192, Y = 457 }, IsEmpty = False } | round-1-action-100@0.395,PixelRect { X = 103, Y = 361, Width = 179, Height = 40, Right = 282, Bottom = 401, Center = PixelPoint { X = 192, Y = 381 }, IsEmpty = False } | round-1-action-100@0.377,PixelRect { X = 103, Y = 279, Width = 179, Height = 40, Right = 282, Bottom = 319, Center = PixelPoint { X = 192, Y = 299 }, IsEmpty = False } | round-1-action-28@0.317,PixelRect { X = 103, Y = 761, Width = 169, Height = 46, Right = 272, Bottom = 807, Center = PixelPoint { X = 187, Y = 784 }, IsEmpty = False } | round-1-action-100@0.312,PixelRect { X = 30, Y = 97, Width = 119, Height = 26, Right = 149, Bottom = 123, Center = PixelPoint { X = 89, Y = 110 }, IsEmpty = False } | round-1-action-28@0.284,PixelRect { X = 113, Y = 825, Width = 169, Height = 46, Right = 282, Bottom = 871, Center = PixelPoint { X = 197, Y = 848 }, IsEmpty = False }&#xD;
battle-1-3-action-indicator-mid.png: 641.5 ms; node=Known/1-3; action=Known/109; damage=Known/18000&#xD;
action evidence: round=1; value=9; round-ocr=; value-ocr=; round-digit-confidence=0.817; value-digit-confidence=0.896; region=PixelRect { X = 33, Y = 237, Width = 169, Height = 46, Right = 202, Bottom = 283, Center = PixelPoint { X = 117, Y = 260 }, IsEmpty = False }; match=0.597&#xD;
node evidence: 1-3&#xD;
damage uncertainty:</StdOut>
      </Output>
    </UnitTestResult>
    <UnitTestResult executionId="888c7fbc-ccb3-488b-9892-79ce3636db03" testId="1b4e9e98-4ea8-77f6-1eef-fd01d623591d" testName="CurrencyWarsAssistant.Tests.Phase2OperationalCollectionTests.LiveCapturedFramesUseTheProductionFastPagePath(fileName: &quot;preparation-1-2-blank-board.png&quot;, expectedPage: Preparation)" computerName="ZZZ的电脑" duration="00:00:00.8221408" startTime="2026-08-09T14:40:40.4756175+08:00" endTime="2026-08-09T14:40:40.4756183+08:00" testType="13cdc9d9-ddb5-4fa4-a97d-d965ccfc6d4b" outcome="Passed" testListId="8c84fa94-04c1-424b-9868-57a2d4851a1d" relativeResultsDirectory="888c7fbc-ccb3-488b-9892-79ce3636db03">
      <Output>
        <StdOut>battle-panel OCR: &#xD;
preparation_generic/preparation_stage_label: 0.377/0.350&#xD;
reward_shop/reward_shop_refresh_panel: 0.317/0.860&#xD;
battle_generic/battle_generic_pause_control: 0.262/0.700&#xD;
battle_generic/battle_generic_damage_tabs: 0.097/0.700&#xD;
reward_shop/reward_shop_refresh_disabled_panel: 0.092/0.860&#xD;
preparation-1-2-blank-board.png: Preparation, 272.5 ms</StdOut>
      </Output>
    </UnitTestResult>
    <UnitTestResult executionId="f4920831-d433-4c61-94e8-c24a439c8bff" testId="214a1908-bd70-48b5-8ce5-342c587c21dd" testName="CurrencyWarsAssistant.Tests.Phase2OperationalCollectionTests.ContextOnlyBattleFinalizesAsIncompleteWithoutThrowing" computerName="ZZZ的电脑" duration="00:00:00.0046222" startTime="2026-08-09T14:40:12.3919466+08:00" endTime="2026-08-09T14:40:12.3919469+08:00" testType="13cdc9d9-ddb5-4fa4-a97d-d965ccfc6d4b" outcome="Passed" testListId="8c84fa94-04c1-424b-9868-57a2d4851a1d" relativeResultsDirectory="f4920831-d433-4c61-94e8-c24a439c8bff" />
    <UnitTestResult executionId="afef36a3-09e4-4dbb-87ef-d956a69c1ddb" testId="8a469658-213e-76b5-6845-af750b2ee727" testName="CurrencyWarsAssistant.Tests.Phase2OperationalCollectionTests.PreparationEconomyKeepsLeadingDigitAtShopCardBoundary" computerName="ZZZ的电脑" duration="00:00:00.1300244" startTime="2026-08-09T14:41:15.4997443+08:00" endTime="2026-08-09T14:41:15.4997446+08:00" testType="13cdc9d9-ddb5-4fa4-a97d-d965ccfc6d4b" outcome="Passed" testListId="8c84fa94-04c1-424b-9868-57a2d4851a1d" relativeResultsDirectory="afef36a3-09e4-4dbb-87ef-d956a69c1ddb">
      <Output>
        <StdOut>economy=Known/23; evidence=template:economy-wide-candidate:style=DarkOnLight; value=23; confidence=0.772; runner-up=0.591; reason= | template:economy-wide-candidate:style=BrightOnDark; value=unknown; confidence=0.000; runner-up=0.000; reason=No unambiguous digit components were found. | template:economy-narrow-candidate:style=DarkOnLight; value=3; confidence=0.783; runner-up=0.591; reason= | template:economy-narrow-candidate:style=BrightOnDark; value=unknown; confidence=0.000; runner-up=0.000; reason=No unambiguous digit components were found.</StdOut>
      </Output>
    </UnitTestResult>
    <UnitTestResult executionId="b1e7f350-56e6-44c3-94e2-153905a31400" testId="c1786512-c284-7248-ac77-0ca2da2ec572" testName="CurrencyWarsAssistant.Tests.Phase2OperationalCollectionTests.SettlementDamageWithExplicitWanUnitKeepsScale" computerName="ZZZ的电脑" duration="00:00:00.0001982" startTime="2026-08-09T14:41:15.3656907+08:00" endTime="2026-08-09T14:41:15.3656908+08:00" testType="13cdc9d9-ddb5-4fa4-a97d-d965ccfc6d4b" outcome="Passed" testListId="8c84fa94-04c1-424b-9868-57a2d4851a1d" relativeResultsDirectory="b1e7f350-56e6-44c3-94e2-153905a31400" />
    <UnitTestResult executionId="30a20253-b4f6-4b07-9625-4dc1da008ae9" testId="7d6436e3-ed97-25e8-c76b-de8a4d47efe1" testName="CurrencyWarsAssistant.Tests.Phase2OperationalCollectionTests.BattleDamageRequiresExplicitScaleBeforeReliableSummation(text: &quot;01,234&quot;, expected: False)" computerName="ZZZ的电脑" duration="00:00:00.0000008" startTime="2026-08-09T14:40:14.1453124+08:00" endTime="2026-08-09T14:40:14.1453124+08:00" testType="13cdc9d9-ddb5-4fa4-a97d-d965ccfc6d4b" outcome="Passed" testListId="8c84fa94-04c1-424b-9868-57a2d4851a1d" relativeResultsDirectory="30a20253-b4f6-4b07-9625-4dc1da008ae9" />
    <UnitTestResult executionId="4fd63adc-a01a-4540-85ab-cb5a3587e6b1" testId="6d088399-1e9c-24b4-4993-6f69da7566c8" testName="CurrencyWarsAssistant.Tests.Phase2OperationalCollectionTests.LiveCapturedBattleFramesProduceCoreStateWithinRealtimeBudget(fileName: &quot;battle-1-6-early.png&quot;, expectedNode: &quot;1-6&quot;, expectedActionValue: 180, expectedDamage: 7805000)" computerName="ZZZ的电脑" duration="00:00:01.5393493" startTime="2026-08-09T14:39:39.0063670+08:00" endTime="2026-08-09T14:39:39.0063673+08:00" testType="13cdc9d9-ddb5-4fa4-a97d-d965ccfc6d4b" outcome="Passed" testListId="8c84fa94-04c1-424b-9868-57a2d4851a1d" relativeResultsDirectory="4fd63adc-a01a-4540-85ab-cb5a3587e6b1">
      <Output>
        <StdOut>action indicators: round-1-action-28@0.618,PixelRect { X = 32, Y = 933, Width = 169, Height = 46, Right = 201, Bottom = 979, Center = PixelPoint { X = 116, Y = 956 }, IsEmpty = False } | round-1-action-28@0.605,PixelRect { X = 86, Y = 401, Width = 169, Height = 46, Right = 255, Bottom = 447, Center = PixelPoint { X = 170, Y = 424 }, IsEmpty = False } | round-1-action-28@0.456,PixelRect { X = 111, Y = 823, Width = 113, Height = 30, Right = 224, Bottom = 853, Center = PixelPoint { X = 167, Y = 838 }, IsEmpty = False } | round-1-action-28@0.411,PixelRect { X = 113, Y = 530, Width = 169, Height = 46, Right = 282, Bottom = 576, Center = PixelPoint { X = 197, Y = 553 }, IsEmpty = False } | round-1-action-28@0.361,PixelRect { X = 113, Y = 624, Width = 169, Height = 46, Right = 282, Bottom = 670, Center = PixelPoint { X = 197, Y = 647 }, IsEmpty = False } | round-1-action-100@0.360,PixelRect { X = 103, Y = 50, Width = 179, Height = 40, Right = 282, Bottom = 90, Center = PixelPoint { X = 192, Y = 70 }, IsEmpty = False } | round-1-action-28@0.323,PixelRect { X = 113, Y = 154, Width = 169, Height = 46, Right = 282, Bottom = 200, Center = PixelPoint { X = 197, Y = 177 }, IsEmpty = False } | round-1-action-28@0.299,PixelRect { X = 113, Y = 1009, Width = 169, Height = 46, Right = 282, Bottom = 1055, Center = PixelPoint { X = 197, Y = 1032 }, IsEmpty = False }&#xD;
battle-1-6-early.png: 636.0 ms; node=Known/1-6; action=Known/180; damage=Unknown/7805000&#xD;
action evidence: round=1; value=80; round-ocr=; value-ocr=80; round-digit-confidence=0.636; value-digit-confidence=; region=PixelRect { X = 32, Y = 933, Width = 169, Height = 46, Right = 201, Bottom = 979, Center = PixelPoint { X = 116, Y = 956 }, IsEmpty = False }; match=0.618&#xD;
node evidence: 1-6&#xD;
damage uncertainty: 战斗最后一帧仍有伤害数值暂不可见；当前和仅作残缺候选。</StdOut>
      </Output>
    </UnitTestResult>
    <UnitTestResult executionId="7b347726-b8ff-4bcb-97d9-1740fa272690" testId="1fe54ec1-1b1a-9e0c-0409-0a05a5106ec4" testName="CurrencyWarsAssistant.Tests.Phase2OperationalCollectionTests.BatchSettlementReportIncludesGoldDamageAndNoRunRecords" computerName="ZZZ的电脑" duration="00:00:00.9531006" startTime="2026-08-09T14:41:21.2325590+08:00" endTime="2026-08-09T14:41:21.2325592+08:00" testType="13cdc9d9-ddb5-4fa4-a97d-d965ccfc6d4b" outcome="Passed" testListId="8c84fa94-04c1-424b-9868-57a2d4851a1d" relativeResultsDirectory="7b347726-b8ff-4bcb-97d9-1740fa272690" />
    <UnitTestResult executionId="380b0392-0101-4434-b624-b527bb59ab5c" testId="c843081e-cce6-95bf-ceec-26101d3f8dc1" testName="CurrencyWarsAssistant.Tests.Phase2OperationalCollectionTests.SettlementThousandsSeparatorIsNotTreatedAsDecimalPoint(text: &quot;1,234&quot;, expected: 12340000)" computerName="ZZZ的电脑" duration="00:00:00.0001336" startTime="2026-08-09T14:41:15.5023242+08:00" endTime="2026-08-09T14:41:15.5023243+08:00" testType="13cdc9d9-ddb5-4fa4-a97d-d965ccfc6d4b" outcome="Passed" testListId="8c84fa94-04c1-424b-9868-57a2d4851a1d" relativeResultsDirectory="380b0392-0101-4434-b624-b527bb59ab5c" />
    <UnitTestResult executionId="cc62106b-b925-4b34-9c32-55bf76ef5aba" testId="382bad91-da1d-ed2c-97ea-6bbcceb08645" testName="CurrencyWarsAssistant.Tests.Phase2OperationalCollectionTests.ConfirmedRegionsScaleInsideSixteenByNineFrames(width: 3840, height: 2160)" computerName="ZZZ的电脑" duration="00:00:00.0000085" startTime="2026-08-09T14:39:51.9635352+08:00" endTime="2026-08-09T14:39:51.9635353+08:00" testType="13cdc9d9-ddb5-4fa4-a97d-d965ccfc6d4b" outcome="Passed" testListId="8c84fa94-04c1-424b-9868-57a2d4851a1d" relativeResultsDirectory="cc62106b-b925-4b34-9c32-55bf76ef5aba" />
    <UnitTestResult executionId="59ee839b-4a92-4b33-ae9d-d9785cebf13c" testId="543edbfb-4668-c725-410c-ff25bbbd5c8f" testName="CurrencyWarsAssistant.Tests.Phase2OperationalCollectionTests.RealEnvironmentRecognitionIsStableAcrossSixteenByNineScaling(width: 2560, height: 1440)" computerName="ZZZ的电脑" duration="00:00:00.1143077" startTime="2026-08-09T14:41:03.5772565+08:00" endTime="2026-08-09T14:41:03.5772568+08:00" testType="13cdc9d9-ddb5-4fa4-a97d-d965ccfc6d4b" outcome="Passed" testListId="8c84fa94-04c1-424b-9868-57a2d4851a1d" relativeResultsDirectory="59ee839b-4a92-4b33-ae9d-d9785cebf13c" />
    <UnitTestResult executionId="6c93e26d-ccd6-49b9-9138-e460717b9873" testId="baca79d1-ffe0-0969-afea-44c92d338b15" testName="CurrencyWarsAssistant.Tests.Phase2OperationalCollectionTests.ExpandedShopFormationUsesTheCompactReferenceLayout" computerName="ZZZ的电脑" duration="00:00:00.1929861" startTime="2026-08-09T14:40:48.6704993+08:00" endTime="2026-08-09T14:40:48.6704997+08:00" testType="13cdc9d9-ddb5-4fa4-a97d-d965ccfc6d4b" outcome="Passed" testListId="8c84fa94-04c1-424b-9868-57a2d4851a1d" relativeResultsDirectory="6c93e26d-ccd6-49b9-9138-e460717b9873">
      <Output>
        <StdOut>shop slot 0: Recognized; id=currency_wars_character_44; score=0.689; runner-up=currency_wars_character_37/0.469; bounds=PixelRect { X = 730, Y = 414, Width = 116, Height = 142, Right = 846, Bottom = 556, Center = PixelPoint { X = 788, Y = 485 }, IsEmpty = False }&#xD;
shop slot 1: Recognized; id=currency_wars_character_34; score=0.799; runner-up=currency_wars_character_26/0.395; bounds=PixelRect { X = 845, Y = 414, Width = 116, Height = 142, Right = 961, Bottom = 556, Center = PixelPoint { X = 903, Y = 485 }, IsEmpty = False }&#xD;
shop slot 2: Recognized; id=currency_wars_character_36; score=0.688; runner-up=currency_wars_character_25/0.529; bounds=PixelRect { X = 960, Y = 414, Width = 116, Height = 142, Right = 1076, Bottom = 556, Center = PixelPoint { X = 1018, Y = 485 }, IsEmpty = False }&#xD;
shop slot 3: Empty; id=; score=0.000; runner-up=/0.000; bounds=PixelRect { X = 1075, Y = 414, Width = 116, Height = 142, Right = 1191, Bottom = 556, Center = PixelPoint { X = 1133, Y = 485 }, IsEmpty = False }&#xD;
shop slot 4: Recognized; id=currency_wars_character_43; score=0.563; runner-up=currency_wars_character_10/0.503; bounds=PixelRect { X = 580, Y = 620, Width = 150, Height = 160, Right = 730, Bottom = 780, Center = PixelPoint { X = 655, Y = 700 }, IsEmpty = False }&#xD;
shop slot 5: Empty; id=; score=0.000; runner-up=/0.000; bounds=PixelRect { X = 712, Y = 620, Width = 150, Height = 160, Right = 862, Bottom = 780, Center = PixelPoint { X = 787, Y = 700 }, IsEmpty = False }&#xD;
shop slot 6: Empty; id=; score=0.000; runner-up=/0.000; bounds=PixelRect { X = 844, Y = 620, Width = 150, Height = 160, Right = 994, Bottom = 780, Center = PixelPoint { X = 919, Y = 700 }, IsEmpty = False }&#xD;
shop slot 7: Empty; id=; score=0.000; runner-up=/0.000; bounds=PixelRect { X = 976, Y = 620, Width = 150, Height = 160, Right = 1126, Bottom = 780, Center = PixelPoint { X = 1051, Y = 700 }, IsEmpty = False }&#xD;
shop slot 8: Empty; id=; score=0.000; runner-up=/0.000; bounds=PixelRect { X = 1108, Y = 620, Width = 150, Height = 160, Right = 1258, Bottom = 780, Center = PixelPoint { X = 1183, Y = 700 }, IsEmpty = False }&#xD;
shop slot 9: Empty; id=; score=0.000; runner-up=/0.000; bounds=PixelRect { X = 1240, Y = 620, Width = 150, Height = 160, Right = 1390, Bottom = 780, Center = PixelPoint { X = 1315, Y = 700 }, IsEmpty = False }</StdOut>
      </Output>
    </UnitTestResult>
    <UnitTestResult executionId="716d903e-da6b-489c-9d37-711d38e362fd" testId="458a538c-0f6a-6fb9-bbbb-f80abba36bbc" testName="CurrencyWarsAssistant.Tests.Phase2OperationalCollectionTests.ReviewedHiringBookMatchesItselfAndNotFiveCostBook(expectedId: &quot;special_item_021&quot;)" computerName="ZZZ的电脑" duration="00:00:00.0336406" startTime="2026-08-09T14:39:51.7553263+08:00" endTime="2026-08-09T14:39:51.7553266+08:00" testType="13cdc9d9-ddb5-4fa4-a97d-d965ccfc6d4b" outcome="Passed" testListId="8c84fa94-04c1-424b-9868-57a2d4851a1d" relativeResultsDirectory="716d903e-da6b-489c-9d37-711d38e362fd" />
    <UnitTestResult executionId="a590b726-8ae4-4ce2-855a-9b0729b96218" testId="2a135f99-7920-2cfa-a59f-3729140332cb" testName="CurrencyWarsAssistant.Tests.Phase2OperationalCollectionTests.SemanticStateConfirmsWhenOnlyEvidenceMetadataChanges" computerName="ZZZ的电脑" duration="00:00:00.0024095" startTime="2026-08-09T14:41:25.9822423+08:00" endTime="2026-08-09T14:41:25.9822424+08:00" testType="13cdc9d9-ddb5-4fa4-a97d-d965ccfc6d4b" outcome="Passed" testListId="8c84fa94-04c1-424b-9868-57a2d4851a1d" relativeResultsDirectory="a590b726-8ae4-4ce2-855a-9b0729b96218" />
[...]
    <TestEntry testId="db688012-e1c1-1b67-7164-32a854c1404f" executionId="1667c02e-a798-48a6-ba97-880d7c6dba1e" testListId="8c84fa94-04c1-424b-9868-57a2d4851a1d" />
    <TestEntry testId="ba4b7c00-0bfa-945d-7df3-fe5e38417181" executionId="c7cdd139-5e10-4af6-b01c-2cc1effac77e" testListId="8c84fa94-04c1-424b-9868-57a2d4851a1d" />
    <TestEntry testId="75a3609a-4453-6d0e-642f-7765d1c7492f" executionId="89edcf0f-8094-4b13-81ee-43096292f4d0" testListId="8c84fa94-04c1-424b-9868-57a2d4851a1d" />
    <TestEntry testId="2082974a-7734-44c2-2eb0-fb3c9a3b195c" executionId="67b1e955-1b86-46ac-80d2-7ca14cff9a4f" testListId="8c84fa94-04c1-424b-9868-57a2d4851a1d" />
    <TestEntry testId="2ba3a913-10af-fc38-477a-99364a031f5d" executionId="9fa0c577-d80c-4059-ac9e-be9bb12649fe" testListId="8c84fa94-04c1-424b-9868-57a2d4851a1d" />
    <TestEntry testId="242f4d33-518a-a227-2991-f43dae715234" executionId="94ee22c0-6b75-42ba-b46c-22fad2a00a29" testListId="8c84fa94-04c1-424b-9868-57a2d4851a1d" />
    <TestEntry testId="3e30d9c6-057b-060f-57bc-e2ea91b22b71" executionId="4357697d-6734-42c7-a84b-1780fcb8ff6b" testListId="8c84fa94-04c1-424b-9868-57a2d4851a1d" />
    <TestEntry testId="0ac9fb57-333f-90d4-3b13-75733e3f961d" executionId="7c8c4185-6367-4eec-af46-0e7fcdc7435d" testListId="8c84fa94-04c1-424b-9868-57a2d4851a1d" />
    <TestEntry testId="d34bb6fb-e927-e70f-7cfd-a994acc3ce30" executionId="dc6cfd52-b330-4cb9-91af-36bd57fdae28" testListId="8c84fa94-04c1-424b-9868-57a2d4851a1d" />
    <TestEntry testId="d169b846-9d2a-2d76-beb2-4759840cfdb7" executionId="c1aa76ca-82a9-48a5-9332-e462ad59afb6" testListId="8c84fa94-04c1-424b-9868-57a2d4851a1d" />
    <TestEntry testId="a32aa68a-a566-7652-2601-6abc856457d7" executionId="0e073814-17b7-4482-be70-ede3d5650e86" testListId="8c84fa94-04c1-424b-9868-57a2d4851a1d" />
    <TestEntry testId="4bb65c1c-95dc-f1cf-0be7-2bad6a356083" executionId="0f63cc07-e1ed-4655-89b2-1d6f3c00e0c0" testListId="8c84fa94-04c1-424b-9868-57a2d4851a1d" />
    <TestEntry testId="dfb7223f-1f05-3c47-4a0b-1353f762b27f" executionId="e55d355f-3ccc-4852-aa82-d91aaf7441bc" testListId="8c84fa94-04c1-424b-9868-57a2d4851a1d" />
    <TestEntry testId="43935230-c995-8a3d-7d4d-863f4f4fdd93" executionId="5e266bb8-e934-4df7-bfec-41dc780c7185" testListId="8c84fa94-04c1-424b-9868-57a2d4851a1d" />
    <TestEntry testId="d765bd2a-3843-99de-3e4f-40e3ff2bbcde" executionId="14e3d74a-4fe3-4170-ad99-4c5b7c0daeb1" testListId="8c84fa94-04c1-424b-9868-57a2d4851a1d" />
    <TestEntry testId="d6f3f7e2-50be-382c-cd79-42910429bce1" executionId="bf72a8df-a762-437a-bd21-707ed398c2e6" testListId="8c84fa94-04c1-424b-9868-57a2d4851a1d" />
    <TestEntry testId="0650feb7-5557-1245-8cb1-d41914e49395" executionId="fe79609a-862f-4019-ae75-301feb67cd14" testListId="8c84fa94-04c1-424b-9868-57a2d4851a1d" />
    <TestEntry testId="3c65d744-e8db-ff9d-c826-f4a26dfebfd2" executionId="debf4c21-c0da-4274-a47a-debe734595f6" testListId="8c84fa94-04c1-424b-9868-57a2d4851a1d" />
    <TestEntry testId="b799cabe-f137-0a9b-0f05-7af1ed05951c" executionId="9b3939e3-4a90-425c-95cc-2beb1521c2f1" testListId="8c84fa94-04c1-424b-9868-57a2d4851a1d" />
    <TestEntry testId="b68599d6-25ab-fad5-0c1c-90f4872bcf28" executionId="8f3e059e-f8b1-45ed-a298-6f7af7e88886" testListId="8c84fa94-04c1-424b-9868-57a2d4851a1d" />
    <TestEntry testId="52871c0e-510a-f0e7-b46f-44ce59793e27" executionId="cf8bdefd-eb7c-41f5-a2b7-d9a16326c525" testListId="8c84fa94-04c1-424b-9868-57a2d4851a1d" />
    <TestEntry testId="e24946fc-1c5e-1131-5c77-28e7d612f5ca" executionId="2cb5cad5-a68b-4af4-bab4-e3c5bdcb095b" testListId="8c84fa94-04c1-424b-9868-57a2d4851a1d" />
    <TestEntry testId="b4e6fe87-7a52-8dc1-70dd-8efe64bc50c9" executionId="dfceb3b4-5831-4b9f-84a1-23438c8bb008" testListId="8c84fa94-04c1-424b-9868-57a2d4851a1d" />
    <TestEntry testId="4f67560d-92f6-d457-8a48-e619a262c947" executionId="5bbff5f6-ae51-4222-93d4-298a67c4c34b" testListId="8c84fa94-04c1-424b-9868-57a2d4851a1d" />
    <TestEntry testId="4214e414-af34-2ec3-bb3b-28b6c3609071" executionId="d2931eb1-31ff-47d6-a51d-7631472c731d" testListId="8c84fa94-04c1-424b-9868-57a2d4851a1d" />
    <TestEntry testId="a84eae79-b653-e0f3-6280-09910a6fa542" executionId="04acfbe3-9d34-4915-bc76-2ce507eaa47e" testListId="8c84fa94-04c1-424b-9868-57a2d4851a1d" />
    <TestEntry testId="3be7d64f-82a4-58ff-6078-a2d81285e203" executionId="398c7157-e0d8-4c8f-a4d4-51c210cea11f" testListId="8c84fa94-04c1-424b-9868-57a2d4851a1d" />
    <TestEntry testId="f5522da5-6a35-bf35-8a9e-3c5f2edc79e6" executionId="e49df29b-64f7-46b4-b47b-26a0e66766b6" testListId="8c84fa94-04c1-424b-9868-57a2d4851a1d" />
    <TestEntry testId="84b40dbf-7787-574b-ba78-1dfeacfbf91a" executionId="2d147946-d8c7-4efd-869b-3345edfcc02a" testListId="8c84fa94-04c1-424b-9868-57a2d4851a1d" />
    <TestEntry testId="16828b1d-ed68-5b6a-6296-267769fed25a" executionId="37763248-b052-40b4-9771-44264b50f7a8" testListId="8c84fa94-04c1-424b-9868-57a2d4851a1d" />
    <TestEntry testId="7961ca22-c34a-be05-3067-77f24ad70490" executionId="03d4f801-8bf1-413c-b15c-3903b39d5d72" testListId="8c84fa94-04c1-424b-9868-57a2d4851a1d" />
    <TestEntry testId="f9a7ef99-ea6d-2e94-6e30-2a0cdcb9cde1" executionId="6d7e5c97-aea8-4bb2-927f-55dfc740568b" testListId="8c84fa94-04c1-424b-9868-57a2d4851a1d" />
    <TestEntry testId="7ff0617a-0762-fbb0-20b0-6912600038f5" executionId="8a7c1f88-c4e5-4ff0-b892-d5e1244081bb" testListId="8c84fa94-04c1-424b-9868-57a2d4851a1d" />
    <TestEntry testId="36c98ae9-ae91-5565-42f3-b7bdc9fec9b6" executionId="06ccaee6-854c-48dc-a079-cacf7b358e54" testListId="8c84fa94-04c1-424b-9868-57a2d4851a1d" />
    <TestEntry testId="89736b12-d6a3-ad55-ac33-9990d9a56f86" executionId="f9829fe0-1713-4bee-a2f2-eeb9f39e7378" testListId="8c84fa94-04c1-424b-9868-57a2d4851a1d" />
    <TestEntry testId="1c509ec6-52f1-bed2-3c6d-e1a2da03ae94" executionId="e6436a46-b812-40b5-9695-7a54b16d43f8" testListId="8c84fa94-04c1-424b-9868-57a2d4851a1d" />
    <TestEntry testId="9c2d29ec-0cba-3c3f-87f6-9aae2960f9e8" executionId="e9b755db-e80f-4932-b185-42e101b50edc" testListId="8c84fa94-04c1-424b-9868-57a2d4851a1d" />
    <TestEntry testId="0433cef7-218a-8d4a-2434-028bce8cf6d2" executionId="1184f137-9d60-4eca-a990-c54fa1b7590f" testListId="8c84fa94-04c1-424b-9868-57a2d4851a1d" />
    <TestEntry testId="28ecd4c8-13e6-80b2-4da1-066860c757e9" executionId="4dea8a2a-99b5-45fc-b69b-2c47d76b3f4d" testListId="8c84fa94-04c1-424b-9868-57a2d4851a1d" />
    <TestEntry testId="486c5234-c2a3-3100-d5b1-d673c73313dd" executionId="476b3243-8a58-4e4c-9588-84e00fa305b6" testListId="8c84fa94-04c1-424b-9868-57a2d4851a1d" />
    <TestEntry testId="310c696d-b091-1b18-3e10-b1c6e3399c58" executionId="fe5752a8-7fb1-4458-b3d9-4dff163cdd1d" testListId="8c84fa94-04c1-424b-9868-57a2d4851a1d" />
    <TestEntry testId="5419a40d-b794-9e21-4881-418a38a0797c" executionId="f181b01f-1eec-4977-ad0b-c39240fbcf2c" testListId="8c84fa94-04c1-424b-9868-57a2d4851a1d" />
    <TestEntry testId="79788b5c-6f5b-3a67-f91c-41fbb48883aa" executionId="db99c111-6f46-4f88-bf72-835882c733e9" testListId="8c84fa94-04c1-424b-9868-57a2d4851a1d" />
    <TestEntry testId="aea4f819-4eb5-16ed-299e-a5ae3edff92f" executionId="e895e9c3-2a41-4d3d-b75d-6d2541a72070" testListId="8c84fa94-04c1-424b-9868-57a2d4851a1d" />
    <TestEntry testId="961cec93-64fe-af96-96be-05af6b51049f" executionId="8c841101-1a86-42bc-9841-89054715386b" testListId="8c84fa94-04c1-424b-9868-57a2d4851a1d" />
    <TestEntry testId="6c98fbc5-ec8c-67b9-2e35-0aac74ebc385" executionId="2ac21291-1875-4bc1-b886-cced56efbe9d" testListId="8c84fa94-04c1-424b-9868-57a2d4851a1d" />
    <TestEntry testId="f6c30d87-6727-f2f3-50ac-654f6a9537d5" executionId="2f16654b-a01c-45d5-a683-778f9e67c4c9" testListId="8c84fa94-04c1-424b-9868-57a2d4851a1d" />
  </TestEntries>
  <TestLists>
    <TestList name="列表中未列出的结果" id="8c84fa94-04c1-424b-9868-57a2d4851a1d" />
    <TestList name="所有已加载的结果" id="19431567-8539-422a-85d7-44ee4e166bda" />
  </TestLists>
  <ResultSummary outcome="Completed">
    <Counters total="180" executed="180" passed="180" failed="0" error="0" timeout="0" aborted="0" inconclusive="0" passedButRunAborted="0" notRunnable="0" notExecuted="0" disconnected="0" warning="0" completed="0" inProgress="0" pending="0" />
    <Output>
      <StdOut>[xUnit.net 00:00:00.00] xUnit.net VSTest Adapter v2.8.2+699d445a1a (64-bit .NET 8.0.29)&#xD;
[xUnit.net 00:00:00.06]   Discovering: CurrencyWarsAssistant.Tests&#xD;
[xUnit.net 00:00:00.14]   Discovered:  CurrencyWarsAssistant.Tests&#xD;
[xUnit.net 00:00:00.14]   Starting:    CurrencyWarsAssistant.Tests&#xD;
special_item_021=0.998615; special_item_020=0.990276; special_item_022=0.837970; special_item_001=0.621009; currency_wars_equipment_157=0.603944&#xD;
special_item_020=0.998335; special_item_021=0.986251; special_item_022=0.816282; special_item_001=0.595784; currency_wars_equipment_157=0.575869&#xD;
[DetectBackSlotCount] centers=585,674,817&#xD;
[DetectBackSlotCount] centers=585,674,817&#xD;
[DetectBackSlotCount] centers=587,674,817&#xD;
125924.png negative-affix[0] known=False id=enemy_affix_t3_10 id64=ZW5lbXlfYWZmaXhfdDNfMTA= score=0.2601 candidates=enemy_affix_t3_10|enemy_affix_t2_11|enemy_affix_t3_15|enemy_affix_t2_12&#xD;
ranked=enemy_affix_t3_10:0.2601;enemy_affix_t2_11:0.2471;enemy_affix_t3_15:0.2445;enemy_affix_t2_12:0.2434;enemy_affix_t3_16:0.2312&#xD;
125924.png negative-affix[1] known=False id=visual_enemy_affix_305D91A6CFEC id64=dmlzdWFsX2VuZW15X2FmZml4XzMwNUQ5MUE2Q0ZFQw== score=0.2934 candidates=enemy_affix_t2_20|enemy_affix_t3_26&#xD;
ranked=visual_enemy_affix_305D91A6CFEC:0.2934;enemy_affix_t2_17:0.2908;enemy_affix_t3_01:0.2666;enemy_affix_t3_20:0.2466;enemy_affix_t3_25:0.2424&#xD;
125924.png negative-affix[2] known=False id=enemy_affix_t3_14 id64=ZW5lbXlfYWZmaXhfdDNfMTQ= score=0.2434 candidates=enemy_affix_t3_14&#xD;
ranked=enemy_affix_t3_14:0.2434;enemy_affix_t2_16:0.1971;enemy_affix_t2_07:0.1940;enemy_affix_t2_01:0.1917;enemy_affix_t3_17:0.1839&#xD;
125924.png negative-affix[3] known=False id=enemy_affix_t3_01 id64=ZW5lbXlfYWZmaXhfdDNfMDE= score=0.4227 candidates=enemy_affix_t3_01&#xD;
ranked=enemy_affix_t3_01:0.4227;enemy_affix_t3_23:0.3475;enemy_affix_t2_03:0.3423;enemy_affix_t3_08:0.3340;enemy_affix_t3_12:0.3270&#xD;
125924.png investment-environment[0] known=True id=investment_environment_082 id64=aW52ZXN0bWVudF9lbnZpcm9ubWVudF8wODI= score=0.8360 candidates=investment_environment_082&#xD;
ranked=investment_environment_082:0.8360;investment_environment_072:0.4904;investment_environment_003:0.4774;investment_environment_064:0.4684;investment_environment_001:0.4642&#xD;
125924.png investment-strategy[0] known=False id=investment_strategy_124 id64=aW52ZXN0bWVudF9zdHJhdGVneV8xMjQ= score=0.5509 candidates=investment_strategy_124&#xD;
ranked=investment_strategy_124:0.5509;investment_strategy_274:0.5224;investment_strategy_023:0.4964;investment_strategy_276:0.4918;investment_strategy_120:0.4874&#xD;
125924.png investment-strategy[1] known=False id=investment_strategy_003 id64=aW52ZXN0bWVudF9zdHJhdGVneV8wMDM= score=-1.0000 candidates=investment_strategy_003|investment_strategy_004|investment_strategy_005|investment_strategy_006|investment_strategy_008|investment_strategy_009|investment_strategy_012|investment_strategy_013&#xD;
ranked=investment_strategy_003:-1.0000;investment_strategy_004:-1.0000;investment_strategy_005:-1.0000;investment_strategy_006:-1.0000;investment_strategy_008:-1.0000&#xD;
125924.png investment-strategy[2] known=False id=investment_strategy_003 id64=aW52ZXN0bWVudF9zdHJhdGVneV8wMDM= score=-1.0000 candidates=investment_strategy_003|investment_strategy_004|investment_strategy_005|investment_strategy_006|investment_strategy_008|investment_strategy_009|investment_strategy_012|investment_strategy_013&#xD;
ranked=investment_strategy_003:-1.0000;investment_strategy_004:-1.0000;investment_strategy_005:-1.0000;investment_strategy_006:-1.0000;investment_strategy_008:-1.0000&#xD;
125924.png synergy[0] known=False id=bond_���� id64=Ym9uZF/msrvnlpc= score=0.4543 candidates=bond_����_inactive|bond_����_p2|bond_����_p4|bond_����_p6|bond_ʦͽ_inactive|bond_ʦͽ_p2|bond_ʦͽ_p3|bond_�캽Ա_inactive&#xD;
ranked=bond_����:0.4543;bond_ʦͽ:0.4482;bond_�캽Ա:0.4409;bond_�Ǻ�����:0.4349;bond_������:0.4334&#xD;
125924.png synergy[1] known=False id=bond_��˾ id64=Ym9uZF/lhazlj7g= score=0.4041 candidates=bond_��˾_inactive|bond_��˾_p2|bond_��˾_p3|bond_������_inactive|bond_������_p1&#xD;
ranked=bond_��˾:0.4041;bond_������:0.3827;bond_���˲���:0.3744;bond_����:0.3350;bond_�캽Ա:0.3267&#xD;
125924.png synergy[2] known=False id=bond_���� id64=Ym9uZF/og73ph48= score=0.4095 candidates=bond_����_inactive|bond_����_p10|bond_����_p3|bond_����_p5|bond_����_p7&#xD;
ranked=bond_����:0.4095;bond_ʢ��֮��:0.3608;bond_�г�ͬ��:0.3456;bond_�Ǽ�����:0.3229;bond_����:0.3201&#xD;
125924.png synergy[3] known=False id=bond_����ͬƵ id64=Ym9uZF/ph4/lrZDlkIzpopE= score=0.4347 candidates=bond_����ͬƵ_inactive|bond_����ͬƵ_p2|bond_����ͬƵ_p3|bond_����ͬƵ_p4|bond_����ͬƵ_p5|bond_ʦͽ_inactive|bond_ʦͽ_p2|bond_ʦͽ_p3&#xD;
ranked=bond_����ͬƵ:0.4347;bond_ʦͽ:0.4246;bond_����:0.3960;bond_���岮��:0.3710;bond_ս����:0.3688&#xD;
125924.png synergy[4] known=False id=bond_���� id64=Ym9uZF/msrvnlpc= score=0.4165 candidates=bond_����_inactive|bond_����_p2|bond_����_p4|bond_����_p6&#xD;
ranked=bond_����:0.4165;bond_������:0.3567;bond_��˾:0.3411;bond_ֿ��֮��:0.3382;bond_���ػ���:0.3357&#xD;
125924.png synergy[5] known=False id=bond_ʦͽ id64=Ym9uZF/luIjlvpI= score=0.4064 candidates=bond_ʦͽ_inactive|bond_ʦͽ_p2|bond_ʦͽ_p3&#xD;
ranked=bond_ʦͽ:0.4064;bond_ֿ��֮��:0.3166;bond_Ѳ������:0.2775;bond_����ͬƵ:0.2680;bond_ȼѪ:0.2608&#xD;
125924.png synergy[6] known=False id=bond_ֿ��֮�� id64=Ym9uZF/mjJrniLHkuYvkuro= score=0.2922 candidates=bond_ֿ��֮��_inactive|bond_ֿ��֮��_p1&#xD;
ranked=bond_ֿ��֮��:0.2922;bond_����:0.2428;bond_����:0.1902;bond_ҹ֮����:0.1879;bond_ȼѪ:0.1838&#xD;
125924.png synergy[7] known=False id=bond_ҹ֮���� id64=Ym9uZF/lpJzkuYvljYrnpZ4= score=0.1507 candidates=bond_ҹ֮����_inactive|bond_ҹ֮����_p2|bond_ҹ֮����_p4|bond_ҹ֮����_p7|bond_ҹ֮����_p9|bond_ͷ�����_inactive|bond_ͷ�����_p1|bond_����_inactive&#xD;
ranked=bond_ҹ֮����:0.1507;bond_ͷ�����:0.1429;bond_����:0.1359;bond_�����˺�:0.1147;bond_ʢ��֮��:0.1020&#xD;
132307.png negative-affix[0] known=False id=enemy_affix_t3_10 id64=ZW5lbXlfYWZmaXhfdDNfMTA= score=0.3125 candidates=enemy_affix_t3_10|enemy_affix_t2_14|enemy_affix_t2_16&#xD;
ranked=enemy_affix_t3_10:0.3125;enemy_affix_t2_14:0.3039;enemy_affix_t2_16:0.2893;visual_enemy_affix_305D91A6CFEC:0.2856;enemy_affix_t2_01:0.2845&#xD;
132307.png negative-affix[1] known=False id=visual_enemy_affix_305D91A6CFEC id64=dmlzdWFsX2VuZW15X2FmZml4XzMwNUQ5MUE2Q0ZFQw== score=0.4867 candidates=enemy_affix_t2_20|enemy_affix_t3_26&#xD;
ranked=visual_enemy_affix_305D91A6CFEC:0.4867;enemy_affix_t2_08:0.3568;enemy_affix_t3_23:0.3531;enemy_affix_t3_15:0.3200;enemy_affix_t3_12:0.3087&#xD;
132307.png negative-affix[2] known=False id=enemy_affix_t3_14 id64=ZW5lbXlfYWZmaXhfdDNfMTQ= score=0.2434 candidates=enemy_affix_t3_14&#xD;
ranked=enemy_affix_t3_14:0.2434;enemy_affix_t2_16:0.1971;enemy_affix_t2_07:0.1940;enemy_affix_t2_01:0.1917;enemy_affix_t3_17:0.1839&#xD;
132307.png negative-affix[3] known=False id=enemy_affix_t3_01 id64=ZW5lbXlfYWZmaXhfdDNfMDE= score=0.4227 candidates=enemy_affix_t3_01&#xD;
ranked=enemy_affix_t3_01:0.4227;enemy_affix_t3_23:0.3475;enemy_affix_t2_03:0.3423;enemy_affix_t3_08:0.3340;enemy_affix_t3_12:0.3270&#xD;
132307.png investment-environment[0] known=True id=investment_environment_082 id64=aW52ZXN0bWVudF9lbnZpcm9ubWVudF8wODI= score=0.8360 candidates=investment_environment_082&#xD;
ranked=investment_environment_082:0.8360;investment_environment_072:0.4904;investment_environment_003:0.4774;investment_environment_064:0.4684;investment_environment_001:0.4642&#xD;
132307.png investment-strategy[0] known=False id=investment_strategy_124 id64=aW52ZXN0bWVudF9zdHJhdGVneV8xMjQ= score=0.5515 candidates=investment_strategy_124&#xD;
ranked=investment_strategy_124:0.5515;investment_strategy_274:0.5230;investment_strategy_023:0.4970;investment_strategy_276:0.4924;investment_strategy_120:0.4880&#xD;
132307.png investment-strategy[1] known=False id=investment_strategy_297 id64=aW52ZXN0bWVudF9zdHJhdGVneV8yOTc= score=0.3136 candidates=investment_strategy_297|investment_strategy_278|investment_strategy_248&#xD;
ranked=investment_strategy_297:0.3136;investment_strategy_278:0.3016;investment_strategy_248:0.2987;investment_strategy_273:0.2816;investment_strategy_296:0.2707&#xD;
132307.png investment-strategy[2] known=False id=investment_strategy_003 id64=aW52ZXN0bWVudF9zdHJhdGVneV8wMDM= score=-1.0000 candidates=investment_strategy_003|investment_strategy_004|investment_strategy_005|investment_strategy_006|investment_strategy_008|investment_strategy_009|investment_strategy_012|investment_strategy_013&#xD;
ranked=investment_strategy_003:-1.0000;investment_strategy_004:-1.0000;investment_strategy_005:-1.0000;investment_strategy_006:-1.0000;investment_strategy_008:-1.0000&#xD;
132307.png synergy[0] known=False id=bond_���˲��� id64=Ym9uZF/lkb3ov5DljZzogIU= score=0.4133 candidates=bond_���˲���_inactive|bond_���˲���_p1&#xD;
ranked=bond_���˲���:0.4133;bond_������:0.3794;bond_��˾:0.3411;bond_��֮����:0.3241;bond_׷��:0.3240&#xD;
132307.png synergy[1] known=False id=bond_ʦͽ id64=Ym9uZF/luIjlvpI= score=0.4917 candidates=bond_ʦͽ_inactive|bond_ʦͽ_p2|bond_ʦͽ_p3&#xD;
ranked=bond_ʦͽ:0.4917;bond_������:0.4508;bond_����:0.4491;bond_�캽Ա:0.4459;bond_����:0.4345&#xD;
132307.png synergy[2] known=False id=bond_ʢ��֮�� id64=Ym9uZF/nm5vkvJrkuYvmmJ8= score=0.3394 candidates=bond_ʢ��֮��_inactive|bond_ʢ��֮��_p2|bond_ʢ��֮��_p3|bond_ʢ��֮��_p4|bond_ʢ��֮��_p5|bond_ʢ��֮��_p6|bond_ʦͽ_inactive|bond_ʦͽ_p2&#xD;
ranked=bond_ʢ��֮��:0.3394;bond_ʦͽ:0.3280;bond_����:0.3186;bond_�Ǽ�����:0.2779;bond_����:0.2691&#xD;
132307.png synergy[3] known=False id=bond_ʦͽ id64=Ym9uZF/luIjlvpI= score=0.4680 candidates=bond_ʦͽ_inactive|bond_ʦͽ_p2|bond_ʦͽ_p3&#xD;
ranked=bond_ʦͽ:0.4680;bond_���岮��:0.4292;bond_ս����:0.4261;bond_�캽Ա:0.4176;bond_����:0.4168&#xD;
132307.png synergy[4] known=False id=bond_���� id64=Ym9uZF/ni7zni6k= score=0.4364 candidates=bond_����_inactive|bond_����_p3|bond_����_p5|bond_����_p6|bond_����_p8|bond_�����˺�_inactive|bond_�����˺�_p2|bond_�����˺�_p4&#xD;
ranked=bond_����:0.4364;bond_�����˺�:0.4348;bond_�г�ͬ��:0.4226;bond_����ͬƵ:0.4142;bond_���ػ���:0.4123&#xD;
132307.png synergy[5] known=False id=bond_ʦͽ id64=Ym9uZF/luIjlvpI= score=0.4064 candidates=bond_ʦͽ_inactive|bond_ʦͽ_p2|bond_ʦͽ_p3&#xD;
ranked=bond_ʦͽ:0.4064;bond_ֿ��֮��:0.3166;bond_Ѳ������:0.2775;bond_����ͬƵ:0.2680;bond_ȼѪ:0.2608&#xD;
132307.png synergy[6] known=False id=bond_ֿ��֮�� id64=Ym9uZF/mjJrniLHkuYvkuro= score=0.2922 candidates=bond_ֿ��֮��_inactive|bond_ֿ��֮��_p1&#xD;
ranked=bond_ֿ��֮��:0.2922;bond_����:0.2428;bond_����:0.1902;bond_ҹ֮����:0.1879;bond_ȼѪ:0.1838&#xD;
132307.png synergy[7] known=False id=bond_ҹ֮���� id64=Ym9uZF/lpJzkuYvljYrnpZ4= score=0.1653 candidates=bond_ҹ֮����_inactive|bond_ҹ֮����_p2|bond_ҹ֮����_p4|bond_ҹ֮����_p7|bond_ҹ֮����_p9|bond_����_inactive|bond_����_p10|bond_����_p3&#xD;
ranked=bond_ҹ֮����:0.1653;bond_����:0.1652;bond_����:0.1625;bond_����ʥ��:0.1445;bond_ͷ�����:0.1363&#xD;
[DetectBackSlotCount] centers=587,674,817&#xD;
[DetectBackSlotCount] centers=587,674,817&#xD;
[DetectBackSlotCount] centers=587,674,817&#xD;
[DetectBackSlotCount] centers=585,674,817&#xD;
[DetectBackSlotCount] centers=585,674,817&#xD;
action-value-digit=12 ambiguous=0, action-value-indicator=2 ambiguous=0, advanced-equipment=70 ambiguous=41, character-avatar=72 ambiguous=0, inventory-item=101 ambiguous=47, investment-environment=83 ambiguous=0, investment-strategy=306 ambiguous=23, negative-affix=44 ambiguous=4, simple-equipment=8 ambiguous=0, special-item=21 ambiguous=1, synergy=33 ambiguous=1&#xD;
[xUnit.net 00:02:16.42]   Finished:    CurrencyWarsAssistant.Tests&#xD;
</StdOut>
    </Output>
  </ResultSummary>
</TestRun>