<?xml version="1.0" encoding="utf-8"?>
<TestRun id="2d1bbd82-e651-463c-a515-5e9009097e1c" name="zzz81@ZZZ的电脑 2026-08-09 01:53:58" runUser="ZZZ的电脑\zzz81" xmlns="http://microsoft.com/schemas/VisualStudio/TeamTest/2010">
  <Times creation="2026-08-09T01:53:58.7736634+08:00" queuing="2026-08-09T01:53:58.7736636+08:00" start="2026-08-09T01:53:57.2548244+08:00" finish="2026-08-09T01:53:58.7782310+08:00" />
  <TestSettings name="default" id="56d6d0e1-8871-41bb-8155-49acdc4c0e97">
    <Deployment runDeploymentRoot="zzz81_ZZZ的电脑_2026-08-09_01_53_58" />
  </TestSettings>
  <Results>
    <UnitTestResult executionId="8de85f7a-3258-4d79-a6a7-0d327a7c0abf" testId="0d531bc3-d28d-3c84-9286-4c3e15c0980a" testName="CurrencyWarsAssistant.Tests.EquipmentIconMatchDiagnosisTests.DiagnoseEquipmentIconMatching" computerName="ZZZ的电脑" duration="00:00:00.9613600" startTime="2026-08-09T01:53:58.6954921+08:00" endTime="2026-08-09T01:53:58.6955030+08:00" testType="13cdc9d9-ddb5-4fa4-a97d-d965ccfc6d4b" outcome="Passed" testListId="8c84fa94-04c1-424b-9868-57a2d4851a1d" relativeResultsDirectory="8de85f7a-3258-4d79-a6a7-0d327a7c0abf">
      <Output>
        <StdOut>=== Front0 (compact=True) ===&#xD;
装备区[0] px=(908,607,58x56) TemplateId=currency_wars_equipment_059 Conf=0.703 IsKnown=False 候选=[currency_wars_equipment_059,currency_wars_equipment_098]&#xD;
装备区[1] px=(964,607,58x56) TemplateId=currency_wars_equipment_069 Conf=0.739 IsKnown=False 候选=[currency_wars_equipment_069,currency_wars_equipment_108]&#xD;
装备区[2] px=(1021,607,58x56) TemplateId=currency_wars_equipment_086 Conf=0.708 IsKnown=False 候选=[currency_wars_equipment_086,currency_wars_equipment_064,currency_wars_equipment_103]&#xD;
  装备区前景判定: (0.355,0.421) =&gt; True&#xD;
  装备区前景判定: (0.377,0.421) =&gt; True&#xD;
  装备区前景判定: (0.399,0.421) =&gt; True&#xD;
=== Back5 (compact=False) ===&#xD;
装备区[0] px=(713,986,64x61) TemplateId=currency_wars_equipment_125 Conf=0.760 IsKnown=False 候选=[currency_wars_equipment_125,currency_wars_equipment_137,currency_wars_equipment_135]&#xD;
装备区[1] px=(775,986,63x61) TemplateId=currency_wars_equipment_006 Conf=0.723 IsKnown=False 候选=[currency_wars_equipment_006,currency_wars_equipment_009,currency_wars_equipment_016]&#xD;
装备区[2] px=(837,986,63x61) TemplateId=currency_wars_equipment_080 Conf=0.730 IsKnown=False 候选=[currency_wars_equipment_080,currency_wars_equipment_119]&#xD;
  装备区前景判定: (0.279,0.684) =&gt; False&#xD;
  装备区前景判定: (0.303,0.684) =&gt; False&#xD;
  装备区前景判定: (0.327,0.684) =&gt; False</StdOut>
      </Output>
    </UnitTestResult>
  </Results>
  <TestDefinitions>
    <UnitTest name="CurrencyWarsAssistant.Tests.EquipmentIconMatchDiagnosisTests.DiagnoseEquipmentIconMatching" storage="d:\codex-2\work\currencywarsassistant-0.2.839-audit-20260808\tests\currencywarsassistant.tests\bin\release\net8.0-windows10.0.19041.0\currencywarsassistant.tests.dll" id="0d531bc3-d28d-3c84-9286-4c3e15c0980a">
      <Execution id="8de85f7a-3258-4d79-a6a7-0d327a7c0abf" />
      <TestMethod codeBase="D:\Codex-2\work\CurrencyWarsAssistant-0.2.839-audit-20260808\tests\CurrencyWarsAssistant.Tests\bin\Release\net8.0-windows10.0.19041.0\CurrencyWarsAssistant.Tests.dll" adapterTypeName="executor://xunit/VsTestRunner2/netcoreapp" className="CurrencyWarsAssistant.Tests.EquipmentIconMatchDiagnosisTests" name="DiagnoseEquipmentIconMatching" />
    </UnitTest>
  </TestDefinitions>
  <TestEntries>
    <TestEntry testId="0d531bc3-d28d-3c84-9286-4c3e15c0980a" executionId="8de85f7a-3258-4d79-a6a7-0d327a7c0abf" testListId="8c84fa94-04c1-424b-9868-57a2d4851a1d" />
  </TestEntries>
  <TestLists>
    <TestList name="列表中未列出的结果" id="8c84fa94-04c1-424b-9868-57a2d4851a1d" />
    <TestList name="所有已加载的结果" id="19431567-8539-422a-85d7-44ee4e166bda" />
  </TestLists>
  <ResultSummary outcome="Completed">
    <Counters total="1" executed="1" passed="1" failed="0" error="0" timeout="0" aborted="0" inconclusive="0" passedButRunAborted="0" notRunnable="0" notExecuted="0" disconnected="0" warning="0" completed="0" inProgress="0" pending="0" />
    <Output>
      <StdOut>[xUnit.net 00:00:00.00] xUnit.net VSTest Adapter v2.8.2+699d445a1a (64-bit .NET 8.0.29)&#xD;
[xUnit.net 00:00:00.06]   Discovering: CurrencyWarsAssistant.Tests&#xD;
[xUnit.net 00:00:00.14]   Discovered:  CurrencyWarsAssistant.Tests&#xD;
[xUnit.net 00:00:00.15]   Starting:    CurrencyWarsAssistant.Tests&#xD;
[xUnit.net 00:00:01.14]   Finished:    CurrencyWarsAssistant.Tests&#xD;
</StdOut>
    </Output>
  </ResultSummary>
</TestRun>