<?xml version="1.0" encoding="utf-8"?>
<TestRun id="8c092d5d-f648-40bd-ac5c-f79e33f822ef" name="zzz81@ZZZ的电脑 2026-08-09 09:19:01" runUser="ZZZ的电脑\zzz81" xmlns="http://microsoft.com/schemas/VisualStudio/TeamTest/2010">
  <Times creation="2026-08-09T09:19:01.6111711+08:00" queuing="2026-08-09T09:19:01.6111715+08:00" start="2026-08-09T09:19:00.7841976+08:00" finish="2026-08-09T09:19:11.1752573+08:00" />
  <TestSettings name="default" id="bd3949f0-2ba6-4cb2-bb54-a41eb867ec0c">
    <Deployment runDeploymentRoot="zzz81_ZZZ的电脑_2026-08-09_09_19_01" />
  </TestSettings>
  <Results>
    <UnitTestResult executionId="604b6ed2-252e-41c6-921f-027558fb0396" testId="0d27d9f2-87cf-633f-9a1e-4fec926e3561" testName="CurrencyWarsAssistant.Tests.RunCompletionArchiveTests.CompletedRunsListExcludesIncompleteAndReadsArchives" computerName="ZZZ的电脑" duration="00:00:00.0418553" startTime="2026-08-09T09:19:01.8212845+08:00" endTime="2026-08-09T09:19:01.8212848+08:00" testType="13cdc9d9-ddb5-4fa4-a97d-d965ccfc6d4b" outcome="Passed" testListId="8c84fa94-04c1-424b-9868-57a2d4851a1d" relativeResultsDirectory="604b6ed2-252e-41c6-921f-027558fb0396" />
    <UnitTestResult executionId="10091d5c-a3f6-4142-95ab-071b4b15925f" testId="47a3ff9f-9df8-117b-c6e5-baa29de125f9" testName="CurrencyWarsAssistant.Tests.RunCompletionArchiveTests.IncompleteRunsListExcludesEmptyObservationCheckpoints" computerName="ZZZ的电脑" duration="00:00:00.0324157" startTime="2026-08-09T09:19:01.7251301+08:00" endTime="2026-08-09T09:19:01.7251304+08:00" testType="13cdc9d9-ddb5-4fa4-a97d-d965ccfc6d4b" outcome="Passed" testListId="8c84fa94-04c1-424b-9868-57a2d4851a1d" relativeResultsDirectory="10091d5c-a3f6-4142-95ab-071b4b15925f" />
    <UnitTestResult executionId="aa4fd35d-55a3-4121-860e-69fe55ac4b46" testId="0f46eccf-5078-4dfb-17ae-81f64e2a8c54" testName="CurrencyWarsAssistant.Tests.RunCompletionArchiveTests.CompletionArchiveRebuildsWhenDurableSourceDataIsCorrected" computerName="ZZZ的电脑" duration="00:00:00.0791105" startTime="2026-08-09T09:19:01.6298428+08:00" endTime="2026-08-09T09:19:01.6298432+08:00" testType="13cdc9d9-ddb5-4fa4-a97d-d965ccfc6d4b" outcome="Passed" testListId="8c84fa94-04c1-424b-9868-57a2d4851a1d" relativeResultsDirectory="aa4fd35d-55a3-4121-860e-69fe55ac4b46" />
    <UnitTestResult executionId="a0d4fc77-fdb3-4c32-bf56-7fb86610fc21" testId="ee99ff48-7944-e18b-d795-cdd0d4cb4a65" testName="CurrencyWarsAssistant.Tests.HistoricalPopulationHtmlTests.SharedWebViewReportKeepsNodeReadableWhenPopulationIsUnknown" computerName="ZZZ的电脑" duration="00:00:00.2966653" startTime="2026-08-09T09:19:01.5610814+08:00" endTime="2026-08-09T09:19:01.5610817+08:00" testType="13cdc9d9-ddb5-4fa4-a97d-d965ccfc6d4b" outcome="Passed" testListId="8c84fa94-04c1-424b-9868-57a2d4851a1d" relativeResultsDirectory="a0d4fc77-fdb3-4c32-bf56-7fb86610fc21" />
    <UnitTestResult executionId="a03ad7c8-2dd5-4458-ac1b-0dd7c829ec2c" testId="563c0dc1-1530-f0c4-0487-b8a18439cca0" testName="CurrencyWarsAssistant.Tests.RunCompletionArchiveTests.LoadAnalysesAsyncReturnsSavedAnalysesInTimeOrder" computerName="ZZZ的电脑" duration="00:00:00.0223343" startTime="2026-08-09T09:19:01.7791080+08:00" endTime="2026-08-09T09:19:01.7791083+08:00" testType="13cdc9d9-ddb5-4fa4-a97d-d965ccfc6d4b" outcome="Passed" testListId="8c84fa94-04c1-424b-9868-57a2d4851a1d" relativeResultsDirectory="a03ad7c8-2dd5-4458-ac1b-0dd7c829ec2c" />
    <UnitTestResult executionId="21e4739d-b7c7-4c27-8af7-77cb5a1d9fcd" testId="fede05c5-31d1-d668-1ad1-5040b77da6bf" testName="CurrencyWarsAssistant.Tests.RunCompletionArchiveTests.OptionalCompletionCleanupDeletesOnlyImageDirectories" computerName="ZZZ的电脑" duration="00:00:00.0080237" startTime="2026-08-09T09:19:01.6382364+08:00" endTime="2026-08-09T09:19:01.6382369+08:00" testType="13cdc9d9-ddb5-4fa4-a97d-d965ccfc6d4b" outcome="Passed" testListId="8c84fa94-04c1-424b-9868-57a2d4851a1d" relativeResultsDirectory="21e4739d-b7c7-4c27-8af7-77cb5a1d9fcd" />
    <UnitTestResult executionId="c96ec0d8-29cd-48eb-bbae-5cd281660b26" testId="e3482cdf-c716-e0d2-4f0c-14387e5b6c6a" testName="CurrencyWarsAssistant.Tests.ChallengeSummaryReportTests.ScenarioMatrixAlwaysProducesAnOfflineReport(scenario: &quot;extreme-mixed&quot;)" computerName="ZZZ的电脑" duration="00:00:00.0435407" startTime="2026-08-09T09:19:01.5313674+08:00" endTime="2026-08-09T09:19:01.5313677+08:00" testType="13cdc9d9-ddb5-4fa4-a97d-d965ccfc6d4b" outcome="Passed" testListId="8c84fa94-04c1-424b-9868-57a2d4851a1d" relativeResultsDirectory="c96ec0d8-29cd-48eb-bbae-5cd281660b26" />
    <UnitTestResult executionId="3626809d-84b3-43d5-b506-fea9ce94e200" testId="11961fde-c277-0b90-0920-abd5247e0449" testName="CurrencyWarsAssistant.Tests.ChallengeSummaryReportTests.FullReportContainsEffectiveFieldsAndIsIdempotent" computerName="ZZZ的电脑" duration="00:00:00.0412295" startTime="2026-08-09T09:19:01.7013232+08:00" endTime="2026-08-09T09:19:01.7013235+08:00" testType="13cdc9d9-ddb5-4fa4-a97d-d965ccfc6d4b" outcome="Passed" testListId="8c84fa94-04c1-424b-9868-57a2d4851a1d" relativeResultsDirectory="3626809d-84b3-43d5-b506-fea9ce94e200" />
    <UnitTestResult executionId="0e42480b-7b69-42aa-93a0-e21f00244d68" testId="3763b439-9d59-a6e5-9eef-0e6f41970212" testName="CurrencyWarsAssistant.Tests.Phase2OperationalCollectionTests.ExpandedShopAnalyzerKeepsVisibleFormationWithCompactEvidenceRegions" computerName="ZZZ的电脑" duration="00:00:02.9721737" startTime="2026-08-09T09:19:04.2384374+08:00" endTime="2026-08-09T09:19:04.2384376+08:00" testType="13cdc9d9-ddb5-4fa4-a97d-d965ccfc6d4b" outcome="Passed" testListId="8c84fa94-04c1-424b-9868-57a2d4851a1d" relativeResultsDirectory="0e42480b-7b69-42aa-93a0-e21f00244d68">
      <Output>
        <StdOut>Front[0]=currency_wars_character_44; slot0:Empty/-/0.900/[], slot1:Unknown/-/0.852/[currency_wars_equipment_066|currency_wars_equipment_105], slot2:Empty/-/0.900/[]&#xD;
Front[1]=currency_wars_character_34; slot0:Empty/-/0.900/[], slot1:Empty/-/0.900/[], slot2:Empty/-/0.900/[]&#xD;
Front[2]=currency_wars_character_36; slot0:Empty/-/0.900/[], slot1:Empty/-/0.900/[], slot2:Empty/-/0.900/[]&#xD;
Back[4]=currency_wars_character_43; slot0:Empty/-/0.900/[], slot1:Empty/-/0.900/[], slot2:Empty/-/0.900/[]&#xD;
Bench[0]=unknown-formation-unit-Bench-1; slot0:Empty/-/0.900/[], slot1:Empty/-/0.900/[], slot2:Empty/-/0.900/[]&#xD;
inventory: slot0:Equipped/SimpleEquipment/currency_wars_equipment_044/0.922/[currency_wars_equipment_044], slot1:Equipped/SimpleEquipment/currency_wars_equipment_045/0.913/[currency_wars_equipment_045], slot2:Equipped/SimpleEquipment/currency_wars_equipment_041/0.935/[currency_wars_equipment_041], slot3:Equipped/AdvancedEquipment/currency_wars_equipment_123/0.781/[currency_wars_equipment_123]</StdOut>
      </Output>
    </UnitTestResult>
    <UnitTestResult executionId="b924a911-597d-423e-9c41-c14b40620a3b" testId="25ec6228-f7af-3321-dd94-86a1cdcfa6bd" testName="CurrencyWarsAssistant.Tests.RunCompletionArchiveTests.CompletionArchiveIsAtomicAndIdempotent" computerName="ZZZ的电脑" duration="00:00:00.0794493" startTime="2026-08-09T09:19:01.9010963+08:00" endTime="2026-08-09T09:19:01.9010966+08:00" testType="13cdc9d9-ddb5-4fa4-a97d-d965ccfc6d4b" outcome="Passed" testListId="8c84fa94-04c1-424b-9868-57a2d4851a1d" relativeResultsDirectory="b924a911-597d-423e-9c41-c14b40620a3b" />
    <UnitTestResult executionId="15bdb530-c7ab-43ee-a6ab-0e0b57cc38d2" testId="d20b9b27-d08c-38c0-1f78-b692e351a10f" testName="CurrencyWarsAssistant.Tests.RunCompletionArchiveTests.CompletionArchiveCarriesIdentityEvidenceFromCheckpoint" computerName="ZZZ的电脑" duration="00:00:00.0260598" startTime="2026-08-09T09:19:01.7515394+08:00" endTime="2026-08-09T09:19:01.7515397+08:00" testType="13cdc9d9-ddb5-4fa4-a97d-d965ccfc6d4b" outcome="Passed" testListId="8c84fa94-04c1-424b-9868-57a2d4851a1d" relativeResultsDirectory="15bdb530-c7ab-43ee-a6ab-0e0b57cc38d2" />
    <UnitTestResult executionId="41ede155-17ac-43f3-b9ce-33e788d76434" testId="c2f3bc3c-b7af-21e2-164e-8634da138e4c" testName="CurrencyWarsAssistant.Tests.Phase2OperationalCollectionTests.AmbiguousShopEquipmentRemainsNonDecisionEvidence" computerName="ZZZ的电脑" duration="00:00:03.3835017" startTime="2026-08-09T09:19:11.0836274+08:00" endTime="2026-08-09T09:19:11.0836277+08:00" testType="13cdc9d9-ddb5-4fa4-a97d-d965ccfc6d4b" outcome="Passed" testListId="8c84fa94-04c1-424b-9868-57a2d4851a1d" relativeResultsDirectory="41ede155-17ac-43f3-b9ce-33e788d76434" />
    <UnitTestResult executionId="49cb9e92-d8fe-463d-acbd-94cf919edf09" testId="b6a9bb36-a5c0-bb89-7df6-04ac8f2c53ab" testName="CurrencyWarsAssistant.Tests.ChallengeSummaryReportTests.MalformedAndFutureFieldsDegradeWithoutLosingTheReport" computerName="ZZZ的电脑" duration="00:00:00.0464332" startTime="2026-08-09T09:19:01.7812709+08:00" endTime="2026-08-09T09:19:01.7812711+08:00" testType="13cdc9d9-ddb5-4fa4-a97d-d965ccfc6d4b" outcome="Passed" testListId="8c84fa94-04c1-424b-9868-57a2d4851a1d" relativeResultsDirectory="49cb9e92-d8fe-463d-acbd-94cf919edf09" />
    <UnitTestResult executionId="e1fdd354-110a-4ce6-a668-cbe7603c89e9" testId="aec3bdeb-0208-0a44-2bc0-d2c392695692" testName="CurrencyWarsAssistant.Tests.RunCompletionArchiveTests.SettlementContentPreventsHealthDepletedFinalization" computerName="ZZZ的电脑" duration="00:00:00.0012428" startTime="2026-08-09T09:19:01.5502828+08:00" endTime="2026-08-09T09:19:01.5502831+08:00" testType="13cdc9d9-ddb5-4fa4-a97d-d965ccfc6d4b" outcome="Passed" testListId="8c84fa94-04c1-424b-9868-57a2d4851a1d" relativeResultsDirectory="e1fdd354-110a-4ce6-a668-cbe7603c89e9" />
    <UnitTestResult executionId="485f520e-f95c-41e1-8cc5-1a22d531ef1b" testId="5b04e234-8893-d443-4647-21fcc9c7cb3b" testName="CurrencyWarsAssistant.Tests.ChallengeSummaryReportTests.MissingCoverageNeverProducesANegativePerformanceJudgment" computerName="ZZZ的电脑" duration="00:00:00.0007661" startTime="2026-08-09T09:19:01.7345263+08:00" endTime="2026-08-09T09:19:01.7345264+08:00" testType="13cdc9d9-ddb5-4fa4-a97d-d965ccfc6d4b" outcome="Passed" testListId="8c84fa94-04c1-424b-9868-57a2d4851a1d" relativeResultsDirectory="485f520e-f95c-41e1-8cc5-1a22d531ef1b" />
    <UnitTestResult executionId="e499e2e3-1188-4bec-8e21-d11d01948cb7" testId="4beb3706-276d-12e6-29ad-d446b2819a40" testName="CurrencyWarsAssistant.Tests.ChallengeSummaryReportTests.ReportDamageChartUsesNodeIdRewardRuleForScale" computerName="ZZZ的电脑" duration="00:00:00.0313104" startTime="2026-08-09T09:19:01.7329472+08:00" endTime="2026-08-09T09:19:01.7329476+08:00" testType="13cdc9d9-ddb5-4fa4-a97d-d965ccfc6d4b" outcome="Passed" testListId="8c84fa94-04c1-424b-9868-57a2d4851a1d" relativeResultsDirectory="e499e2e3-1188-4bec-8e21-d11d01948cb7" />
    <UnitTestResult executionId="e22a2ce8-937a-461c-a471-a5a3bcc2f382" testId="311648aa-c7b8-f286-099a-365b9de9b5ad" testName="CurrencyWarsAssistant.Tests.RunCompletionArchiveTests.HealthDepletedFailureReportKeepsLastDamageAndUnknownHealthLoss" computerName="ZZZ的电脑" duration="00:00:00.2836852" startTime="2026-08-09T09:19:01.5480903+08:00" endTime="2026-08-09T09:19:01.5480907+08:00" testType="13cdc9d9-ddb5-4fa4-a97d-d965ccfc6d4b" outcome="Passed" testListId="8c84fa94-04c1-424b-9868-57a2d4851a1d" relativeResultsDirectory="e22a2ce8-937a-461c-a471-a5a3bcc2f382" />
    <UnitTestResult executionId="2de0c5f6-d366-4e1c-9ae4-ded964039874" testId="66140208-e714-1042-8111-cdd9be929481" testName="CurrencyWarsAssistant.Tests.RunCompletionArchiveTests.CompletedRunRequiresConfirmedNewPreparationBeforeRollover" computerName="ZZZ的电脑" duration="00:00:00.0002797" startTime="2026-08-09T09:19:01.7563798+08:00" endTime="2026-08-09T09:19:01.7563799+08:00" testType="13cdc9d9-ddb5-4fa4-a97d-d965ccfc6d4b" outcome="Passed" testListId="8c84fa94-04c1-424b-9868-57a2d4851a1d" relativeResultsDirectory="2de0c5f6-d366-4e1c-9ae4-ded964039874" />
    <UnitTestResult executionId="9af3f1ed-2477-4619-acd1-45e3a3e9ebe6" testId="05ee8419-35ed-7fab-4e06-3450aaec8938" testName="CurrencyWarsAssistant.Tests.ChallengeSummaryReportTests.ScenarioMatrixAlwaysProducesAnOfflineReport(scenario: &quot;complete&quot;)" computerName="ZZZ的电脑" duration="00:00:00.0461429" startTime="2026-08-09T09:19:01.4876080+08:00" endTime="2026-08-09T09:19:01.4876082+08:00" testType="13cdc9d9-ddb5-4fa4-a97d-d965ccfc6d4b" outcome="Passed" testListId="8c84fa94-04c1-424b-9868-57a2d4851a1d" relativeResultsDirectory="9af3f1ed-2477-4619-acd1-45e3a3e9ebe6" />
    <UnitTestResult executionId="6a2ea2af-cff2-443a-be55-5da4b2602c96" testId="aab0b0ab-d097-db95-73ef-2fb27f071e61" testName="CurrencyWarsAssistant.Tests.HistoricalPopulationHtmlTests.SharedWebViewReportRendersKnownPopulationFromPersistedState" computerName="ZZZ的电脑" duration="00:00:00.1403144" startTime="2026-08-09T09:19:01.7017839+08:00" endTime="2026-08-09T09:19:01.7017840+08:00" testType="13cdc9d9-ddb5-4fa4-a97d-d965ccfc6d4b" outcome="Passed" testListId="8c84fa94-04c1-424b-9868-57a2d4851a1d" relativeResultsDirectory="6a2ea2af-cff2-443a-be55-5da4b2602c96" />
    <UnitTestResult executionId="7289c837-5624-4de4-85c2-be1b3a13ac70" testId="712fc728-1f58-f391-bff9-b699d4618f71" testName="CurrencyWarsAssistant.Tests.ChallengeSummaryReportTests.ScenarioMatrixAlwaysProducesAnOfflineReport(scenario: &quot;missing-node&quot;)" computerName="ZZZ的电脑" duration="00:00:00.0447932" startTime="2026-08-09T09:19:01.6246057+08:00" endTime="2026-08-09T09:19:01.6246061+08:00" testType="13cdc9d9-ddb5-4fa4-a97d-d965ccfc6d4b" outcome="Passed" testListId="8c84fa94-04c1-424b-9868-57a2d4851a1d" relativeResultsDirectory="7289c837-5624-4de4-85c2-be1b3a13ac70" />
    <UnitTestResult executionId="2cc1e47c-4a13-4094-8096-6e524ee953f1" testId="da650946-36d3-6267-7afd-ab32d820bea9" testName="CurrencyWarsAssistant.Tests.Phase2OperationalCollectionTests.AmbiguousShopEquipmentCandidatesRemainReadableInSharedHistoryHtml" computerName="ZZZ的电脑" duration="00:00:03.4597185" startTime="2026-08-09T09:19:07.6987220+08:00" endTime="2026-08-09T09:19:07.6987223+08:00" testType="13cdc9d9-ddb5-4fa4-a97d-d965ccfc6d4b" outcome="Passed" testListId="8c84fa94-04c1-424b-9868-57a2d4851a1d" relativeResultsDirectory="2cc1e47c-4a13-4094-8096-6e524ee953f1">
      <Output>
        <StdOut>persisted candidates=[currency_wars_equipment_066,currency_wars_equipment_105]; html readable=True</StdOut>
      </Output>
    </UnitTestResult>
    <UnitTestResult executionId="f56c7bb4-b8c1-4eb3-8502-6b2856e5c379" testId="b0ca7300-59da-864b-3482-1ca19dc4bca3" testName="CurrencyWarsAssistant.Tests.RunCompletionArchiveTests.CompletionArchiveMergesLastReliablePreparationFieldsPerNode" computerName="ZZZ的电脑" duration="00:00:00.0537886" startTime="2026-08-09T09:19:01.6923844+08:00" endTime="2026-08-09T09:19:01.6923847+08:00" testType="13cdc9d9-ddb5-4fa4-a97d-d965ccfc6d4b" outcome="Passed" testListId="8c84fa94-04c1-424b-9868-57a2d4851a1d" relativeResultsDirectory="f56c7bb4-b8c1-4eb3-8502-6b2856e5c379" />
    <UnitTestResult executionId="567eae4a-a0df-41bc-97c0-0de5668f2f39" testId="c6be4a11-288c-5bc7-f0fa-cf7e5c824e98" testName="CurrencyWarsAssistant.Tests.RunCompletionArchiveTests.FinalChallengeSuccessRequiresTheFixedLastNode" computerName="ZZZ的电脑" duration="00:00:00.0044046" startTime="2026-08-09T09:19:01.7560314+08:00" endTime="2026-08-09T09:19:01.7560315+08:00" testType="13cdc9d9-ddb5-4fa4-a97d-d965ccfc6d4b" outcome="Passed" testListId="8c84fa94-04c1-424b-9868-57a2d4851a1d" relativeResultsDirectory="567eae4a-a0df-41bc-97c0-0de5668f2f39" />
    <UnitTestResult executionId="222076c3-9c59-4300-8e0e-bab0724c3a0a" testId="f90cfb57-4e7f-fa69-0033-81d681d94d95" testName="CurrencyWarsAssistant.Tests.ChallengeSummaryReportTests.OptionalRealRunSampleGeneration" computerName="ZZZ的电脑" duration="00:00:00.0006923" startTime="2026-08-09T09:19:01.7337129+08:00" endTime="2026-08-09T09:19:01.7337131+08:00" testType="13cdc9d9-ddb5-4fa4-a97d-d965ccfc6d4b" outcome="Passed" testListId="8c84fa94-04c1-424b-9868-57a2d4851a1d" relativeResultsDirectory="222076c3-9c59-4300-8e0e-bab0724c3a0a" />
    <UnitTestResult executionId="e013c65c-6777-4c0f-8a1f-0c568b8543c7" testId="46d5f378-0ecd-059e-671e-f2cc2059b9c8" testName="CurrencyWarsAssistant.Tests.ChallengeSummaryReportTests.ScenarioMatrixAlwaysProducesAnOfflineReport(scenario: &quot;missing-fields&quot;)" computerName="ZZZ的电脑" duration="00:00:00.0346879" startTime="2026-08-09T09:19:01.6596298+08:00" endTime="2026-08-09T09:19:01.6596302+08:00" testType="13cdc9d9-ddb5-4fa4-a97d-d965ccfc6d4b" outcome="Passed" testListId="8c84fa94-04c1-424b-9868-57a2d4851a1d" relativeResultsDirectory="e013c65c-6777-4c0f-8a1f-0c568b8543c7" />
    <UnitTestResult executionId="895b7449-4b5a-4197-9027-875442c2d67d" testId="a9a267d1-4474-d692-bca6-586ba280443d" testName="CurrencyWarsAssistant.Tests.ChallengeSummaryReportTests.ScenarioMatrixAlwaysProducesAnOfflineReport(scenario: &quot;reward-special&quot;)" computerName="ZZZ的电脑" duration="00:00:00.0477907" startTime="2026-08-09T09:19:01.5886844+08:00" endTime="2026-08-09T09:19:01.5886845+08:00" testType="13cdc9d9-ddb5-4fa4-a97d-d965ccfc6d4b" outcome="Passed" testListId="8c84fa94-04c1-424b-9868-57a2d4851a1d" relativeResultsDirectory="895b7449-4b5a-4197-9027-875442c2d67d" />
    <UnitTestResult executionId="de57f276-a319-47c3-9279-f8a941cb6e41" testId="be6c8747-4cdd-b386-391a-92a6a9c269d9" testName="CurrencyWarsAssistant.Tests.ChallengeSummaryReportTests.ScenarioMatrixAlwaysProducesAnOfflineReport(scenario: &quot;mid-run&quot;)" computerName="ZZZ的电脑" duration="00:00:00.1735960" startTime="2026-08-09T09:19:01.4411810+08:00" endTime="2026-08-09T09:19:01.4411925+08:00" testType="13cdc9d9-ddb5-4fa4-a97d-d965ccfc6d4b" outcome="Passed" testListId="8c84fa94-04c1-424b-9868-57a2d4851a1d" relativeResultsDirectory="de57f276-a319-47c3-9279-f8a941cb6e41" />
  </Results>
  <TestDefinitions>
    <UnitTest name="CurrencyWarsAssistant.Tests.ChallengeSummaryReportTests.ScenarioMatrixAlwaysProducesAnOfflineReport(scenario: &quot;mid-run&quot;)" storage="d:\codex-2\work\currencywarsassistant-0.2.839-audit-20260808\tests\currencywarsassistant.tests\bin\release\net8.0-windows10.0.19041.0\currencywarsassistant.tests.dll" id="be6c8747-4cdd-b386-391a-92a6a9c269d9">
      <Execution id="de57f276-a319-47c3-9279-f8a941cb6e41" />
      <TestMethod codeBase="D:\Codex-2\work\CurrencyWarsAssistant-0.2.839-audit-20260808\tests\CurrencyWarsAssistant.Tests\bin\Release\net8.0-windows10.0.19041.0\CurrencyWarsAssistant.Tests.dll" adapterTypeName="executor://xunit/VsTestRunner2/netcoreapp" className="CurrencyWarsAssistant.Tests.ChallengeSummaryReportTests" name="ScenarioMatrixAlwaysProducesAnOfflineReport" />
    </UnitTest>
    <UnitTest name="CurrencyWarsAssistant.Tests.RunCompletionArchiveTests.FinalChallengeSuccessRequiresTheFixedLastNode" storage="d:\codex-2\work\currencywarsassistant-0.2.839-audit-20260808\tests\currencywarsassistant.tests\bin\release\net8.0-windows10.0.19041.0\currencywarsassistant.tests.dll" id="c6be4a11-288c-5bc7-f0fa-cf7e5c824e98">
      <Execution id="567eae4a-a0df-41bc-97c0-0de5668f2f39" />
      <TestMethod codeBase="D:\Codex-2\work\CurrencyWarsAssistant-0.2.839-audit-20260808\tests\CurrencyWarsAssistant.Tests\bin\Release\net8.0-windows10.0.19041.0\CurrencyWarsAssistant.Tests.dll" adapterTypeName="executor://xunit/VsTestRunner2/netcoreapp" className="CurrencyWarsAssistant.Tests.RunCompletionArchiveTests" name="FinalChallengeSuccessRequiresTheFixedLastNode" />
    </UnitTest>
    <UnitTest name="CurrencyWarsAssistant.Tests.ChallengeSummaryReportTests.MalformedAndFutureFieldsDegradeWithoutLosingTheReport" storage="d:\codex-2\work\currencywarsassistant-0.2.839-audit-20260808\tests\currencywarsassistant.tests\bin\release\net8.0-windows10.0.19041.0\currencywarsassistant.tests.dll" id="b6a9bb36-a5c0-bb89-7df6-04ac8f2c53ab">
      <Execution id="49cb9e92-d8fe-463d-acbd-94cf919edf09" />
      <TestMethod codeBase="D:\Codex-2\work\CurrencyWarsAssistant-0.2.839-audit-20260808\tests\CurrencyWarsAssistant.Tests\bin\Release\net8.0-windows10.0.19041.0\CurrencyWarsAssistant.Tests.dll" adapterTypeName="executor://xunit/VsTestRunner2/netcoreapp" className="CurrencyWarsAssistant.Tests.ChallengeSummaryReportTests" name="MalformedAndFutureFieldsDegradeWithoutLosingTheReport" />
    </UnitTest>
    <UnitTest name="CurrencyWarsAssistant.Tests.ChallengeSummaryReportTests.FullReportContainsEffectiveFieldsAndIsIdempotent" storage="d:\codex-2\work\currencywarsassistant-0.2.839-audit-20260808\tests\currencywarsassistant.tests\bin\release\net8.0-windows10.0.19041.0\currencywarsassistant.tests.dll" id="11961fde-c277-0b90-0920-abd5247e0449">
      <Execution id="3626809d-84b3-43d5-b506-fea9ce94e200" />
      <TestMethod codeBase="D:\Codex-2\work\CurrencyWarsAssistant-0.2.839-audit-20260808\tests\CurrencyWarsAssistant.Tests\bin\Release\net8.0-windows10.0.19041.0\CurrencyWarsAssistant.Tests.dll" adapterTypeName="executor://xunit/VsTestRunner2/netcoreapp" className="CurrencyWarsAssistant.Tests.ChallengeSummaryReportTests" name="FullReportContainsEffectiveFieldsAndIsIdempotent" />
    </UnitTest>
    <UnitTest name="CurrencyWarsAssistant.Tests.RunCompletionArchiveTests.CompletionArchiveRebuildsWhenDurableSourceDataIsCorrected" storage="d:\codex-2\work\currencywarsassistant-0.2.839-audit-20260808\tests\currencywarsassistant.tests\bin\release\net8.0-windows10.0.19041.0\currencywarsassistant.tests.dll" id="0f46eccf-5078-4dfb-17ae-81f64e2a8c54">
      <Execution id="aa4fd35d-55a3-4121-860e-69fe55ac4b46" />
      <TestMethod codeBase="D:\Codex-2\work\CurrencyWarsAssistant-0.2.839-audit-20260808\tests\CurrencyWarsAssistant.Tests\bin\Release\net8.0-windows10.0.19041.0\CurrencyWarsAssistant.Tests.dll" adapterTypeName="executor://xunit/VsTestRunner2/netcoreapp" className="CurrencyWarsAssistant.Tests.RunCompletionArchiveTests" name="CompletionArchiveRebuildsWhenDurableSourceDataIsCorrected" />
    </UnitTest>
    <UnitTest name="CurrencyWarsAssistant.Tests.RunCompletionArchiveTests.CompletionArchiveMergesLastReliablePreparationFieldsPerNode" storage="d:\codex-2\work\currencywarsassistant-0.2.839-audit-20260808\tests\currencywarsassistant.tests\bin\release\net8.0-windows10.0.19041.0\currencywarsassistant.tests.dll" id="b0ca7300-59da-864b-3482-1ca19dc4bca3">
      <Execution id="f56c7bb4-b8c1-4eb3-8502-6b2856e5c379" />
      <TestMethod codeBase="D:\Codex-2\work\CurrencyWarsAssistant-0.2.839-audit-20260808\tests\CurrencyWarsAssistant.Tests\bin\Release\net8.0-windows10.0.19041.0\CurrencyWarsAssistant.Tests.dll" adapterTypeName="executor://xunit/VsTestRunner2/netcoreapp" className="CurrencyWarsAssistant.Tests.RunCompletionArchiveTests" name="CompletionArchiveMergesLastReliablePreparationFieldsPerNode" />
    </UnitTest>
    <UnitTest name="CurrencyWarsAssistant.Tests.ChallengeSummaryReportTests.ScenarioMatrixAlwaysProducesAnOfflineReport(scenario: &quot;reward-special&quot;)" storage="d:\codex-2\work\currencywarsassistant-0.2.839-audit-20260808\tests\currencywarsassistant.tests\bin\release\net8.0-windows10.0.19041.0\currencywarsassistant.tests.dll" id="a9a267d1-4474-d692-bca6-586ba280443d">
      <Execution id="895b7449-4b5a-4197-9027-875442c2d67d" />
      <TestMethod codeBase="D:\Codex-2\work\CurrencyWarsAssistant-0.2.839-audit-20260808\tests\CurrencyWarsAssistant.Tests\bin\Release\net8.0-windows10.0.19041.0\CurrencyWarsAssistant.Tests.dll" adapterTypeName="executor://xunit/VsTestRunner2/netcoreapp" className="CurrencyWarsAssistant.Tests.ChallengeSummaryReportTests" name="ScenarioMatrixAlwaysProducesAnOfflineReport" />
    </UnitTest>
    <UnitTest name="CurrencyWarsAssistant.Tests.RunCompletionArchiveTests.IncompleteRunsListExcludesEmptyObservationCheckpoints" storage="d:\codex-2\work\currencywarsassistant-0.2.839-audit-20260808\tests\currencywarsassistant.tests\bin\release\net8.0-windows10.0.19041.0\currencywarsassistant.tests.dll" id="47a3ff9f-9df8-117b-c6e5-baa29de125f9">
      <Execution id="10091d5c-a3f6-4142-95ab-071b4b15925f" />
      <TestMethod codeBase="D:\Codex-2\work\CurrencyWarsAssistant-0.2.839-audit-20260808\tests\CurrencyWarsAssistant.Tests\bin\Release\net8.0-windows10.0.19041.0\CurrencyWarsAssistant.Tests.dll" adapterTypeName="executor://xunit/VsTestRunner2/netcoreapp" className="CurrencyWarsAssistant.Tests.RunCompletionArchiveTests" name="IncompleteRunsListExcludesEmptyObservationCheckpoints" />
    </UnitTest>
    <UnitTest name="CurrencyWarsAssistant.Tests.HistoricalPopulationHtmlTests.SharedWebViewReportRendersKnownPopulationFromPersistedState" storage="d:\codex-2\work\currencywarsassistant-0.2.839-audit-20260808\tests\currencywarsassistant.tests\bin\release\net8.0-windows10.0.19041.0\currencywarsassistant.tests.dll" id="aab0b0ab-d097-db95-73ef-2fb27f071e61">
      <Execution id="6a2ea2af-cff2-443a-be55-5da4b2602c96" />
      <TestMethod codeBase="D:\Codex-2\work\CurrencyWarsAssistant-0.2.839-audit-20260808\tests\CurrencyWarsAssistant.Tests\bin\Release\net8.0-windows10.0.19041.0\CurrencyWarsAssistant.Tests.dll" adapterTypeName="executor://xunit/VsTestRunner2/netcoreapp" className="CurrencyWarsAssistant.Tests.HistoricalPopulationHtmlTests" name="SharedWebViewReportRendersKnownPopulationFromPersistedState" />
    </UnitTest>
    <UnitTest name="CurrencyWarsAssistant.Tests.RunCompletionArchiveTests.CompletedRunRequiresConfirmedNewPreparationBeforeRollover" storage="d:\codex-2\work\currencywarsassistant-0.2.839-audit-20260808\tests\currencywarsassistant.tests\bin\release\net8.0-windows10.0.19041.0\currencywarsassistant.tests.dll" id="66140208-e714-1042-8111-cdd9be929481">
      <Execution id="2de0c5f6-d366-4e1c-9ae4-ded964039874" />
      <TestMethod codeBase="D:\Codex-2\work\CurrencyWarsAssistant-0.2.839-audit-20260808\tests\CurrencyWarsAssistant.Tests\bin\Release\net8.0-windows10.0.19041.0\CurrencyWarsAssistant.Tests.dll" adapterTypeName="executor://xunit/VsTestRunner2/netcoreapp" className="CurrencyWarsAssistant.Tests.RunCompletionArchiveTests" name="CompletedRunRequiresConfirmedNewPreparationBeforeRollover" />
    </UnitTest>
    <UnitTest name="CurrencyWarsAssistant.Tests.RunCompletionArchiveTests.CompletionArchiveCarriesIdentityEvidenceFromCheckpoint" storage="d:\codex-2\work\currencywarsassistant-0.2.839-audit-20260808\tests\currencywarsassistant.tests\bin\release\net8.0-windows10.0.19041.0\currencywarsassistant.tests.dll" id="d20b9b27-d08c-38c0-1f78-b692e351a10f">
      <Execution id="15bdb530-c7ab-43ee-a6ab-0e0b57cc38d2" />
      <TestMethod codeBase="D:\Codex-2\work\CurrencyWarsAssistant-0.2.839-audit-20260808\tests\CurrencyWarsAssistant.Tests\bin\Release\net8.0-windows10.0.19041.0\CurrencyWarsAssistant.Tests.dll" adapterTypeName="executor://xunit/VsTestRunner2/netcoreapp" className="CurrencyWarsAssistant.Tests.RunCompletionArchiveTests" name="CompletionArchiveCarriesIdentityEvidenceFromCheckpoint" />
    </UnitTest>
    <UnitTest name="CurrencyWarsAssistant.Tests.RunCompletionArchiveTests.CompletedRunsListExcludesIncompleteAndReadsArchives" storage="d:\codex-2\work\currencywarsassistant-0.2.839-audit-20260808\tests\currencywarsassistant.tests\bin\release\net8.0-windows10.0.19041.0\currencywarsassistant.tests.dll" id="0d27d9f2-87cf-633f-9a1e-4fec926e3561">
      <Execution id="604b6ed2-252e-41c6-921f-027558fb0396" />
      <TestMethod codeBase="D:\Codex-2\work\CurrencyWarsAssistant-0.2.839-audit-20260808\tests\CurrencyWarsAssistant.Tests\bin\Release\net8.0-windows10.0.19041.0\CurrencyWarsAssistant.Tests.dll" adapterTypeName="executor://xunit/VsTestRunner2/netcoreapp" className="CurrencyWarsAssistant.Tests.RunCompletionArchiveTests" name="CompletedRunsListExcludesIncompleteAndReadsArchives" />
    </UnitTest>
    <UnitTest name="CurrencyWarsAssistant.Tests.Phase2OperationalCollectionTests.ExpandedShopAnalyzerKeepsVisibleFormationWithCompactEvidenceRegions" storage="d:\codex-2\work\currencywarsassistant-0.2.839-audit-20260808\tests\currencywarsassistant.tests\bin\release\net8.0-windows10.0.19041.0\currencywarsassistant.tests.dll" id="3763b439-9d59-a6e5-9eef-0e6f41970212">
      <Execution id="0e42480b-7b69-42aa-93a0-e21f00244d68" />
      <TestMethod codeBase="D:\Codex-2\work\CurrencyWarsAssistant-0.2.839-audit-20260808\tests\CurrencyWarsAssistant.Tests\bin\Release\net8.0-windows10.0.19041.0\CurrencyWarsAssistant.Tests.dll" adapterTypeName="executor://xunit/VsTestRunner2/netcoreapp" className="CurrencyWarsAssistant.Tests.Phase2OperationalCollectionTests" name="ExpandedShopAnalyzerKeepsVisibleFormationWithCompactEvidenceRegions" />
    </UnitTest>
    <UnitTest name="CurrencyWarsAssistant.Tests.RunCompletionArchiveTests.SettlementContentPreventsHealthDepletedFinalization" storage="d:\codex-2\work\currencywarsassistant-0.2.839-audit-20260808\tests\currencywarsassistant.tests\bin\release\net8.0-windows10.0.19041.0\currencywarsassistant.tests.dll" id="aec3bdeb-0208-0a44-2bc0-d2c392695692">
      <Execution id="e1fdd354-110a-4ce6-a668-cbe7603c89e9" />
      <TestMethod codeBase="D:\Codex-2\work\CurrencyWarsAssistant-0.2.839-audit-20260808\tests\CurrencyWarsAssistant.Tests\bin\Release\net8.0-windows10.0.19041.0\CurrencyWarsAssistant.Tests.dll" adapterTypeName="executor://xunit/VsTestRunner2/netcoreapp" className="CurrencyWarsAssistant.Tests.RunCompletionArchiveTests" name="SettlementContentPreventsHealthDepletedFinalization" />
    </UnitTest>
    <UnitTest name="CurrencyWarsAssistant.Tests.Phase2OperationalCollectionTests.AmbiguousShopEquipmentRemainsNonDecisionEvidence" storage="d:\codex-2\work\currencywarsassistant-0.2.839-audit-20260808\tests\currencywarsassistant.tests\bin\release\net8.0-windows10.0.19041.0\currencywarsassistant.tests.dll" id="c2f3bc3c-b7af-21e2-164e-8634da138e4c">
      <Execution id="41ede155-17ac-43f3-b9ce-33e788d76434" />
      <TestMethod codeBase="D:\Codex-2\work\CurrencyWarsAssistant-0.2.839-audit-20260808\tests\CurrencyWarsAssistant.Tests\bin\Release\net8.0-windows10.0.19041.0\CurrencyWarsAssistant.Tests.dll" adapterTypeName="executor://xunit/VsTestRunner2/netcoreapp" className="CurrencyWarsAssistant.Tests.Phase2OperationalCollectionTests" name="AmbiguousShopEquipmentRemainsNonDecisionEvidence" />
    </UnitTest>
    <UnitTest name="CurrencyWarsAssistant.Tests.HistoricalPopulationHtmlTests.SharedWebViewReportKeepsNodeReadableWhenPopulationIsUnknown" storage="d:\codex-2\work\currencywarsassistant-0.2.839-audit-20260808\tests\currencywarsassistant.tests\bin\release\net8.0-windows10.0.19041.0\currencywarsassistant.tests.dll" id="ee99ff48-7944-e18b-d795-cdd0d4cb4a65">
      <Execution id="a0d4fc77-fdb3-4c32-bf56-7fb86610fc21" />
      <TestMethod codeBase="D:\Codex-2\work\CurrencyWarsAssistant-0.2.839-audit-20260808\tests\CurrencyWarsAssistant.Tests\bin\Release\net8.0-windows10.0.19041.0\CurrencyWarsAssistant.Tests.dll" adapterTypeName="executor://xunit/VsTestRunner2/netcoreapp" className="CurrencyWarsAssistant.Tests.HistoricalPopulationHtmlTests" name="SharedWebViewReportKeepsNodeReadableWhenPopulationIsUnknown" />
    </UnitTest>
    <UnitTest name="CurrencyWarsAssistant.Tests.ChallengeSummaryReportTests.ScenarioMatrixAlwaysProducesAnOfflineReport(scenario: &quot;extreme-mixed&quot;)" storage="d:\codex-2\work\currencywarsassistant-0.2.839-audit-20260808\tests\currencywarsassistant.tests\bin\release\net8.0-windows10.0.19041.0\currencywarsassistant.tests.dll" id="e3482cdf-c716-e0d2-4f0c-14387e5b6c6a">
      <Execution id="c96ec0d8-29cd-48eb-bbae-5cd281660b26" />
      <TestMethod codeBase="D:\Codex-2\work\CurrencyWarsAssistant-0.2.839-audit-20260808\tests\CurrencyWarsAssistant.Tests\bin\Release\net8.0-windows10.0.19041.0\CurrencyWarsAssistant.Tests.dll" adapterTypeName="executor://xunit/VsTestRunner2/netcoreapp" className="CurrencyWarsAssistant.Tests.ChallengeSummaryReportTests" name="ScenarioMatrixAlwaysProducesAnOfflineReport" />
    </UnitTest>
    <UnitTest name="CurrencyWarsAssistant.Tests.Phase2OperationalCollectionTests.AmbiguousShopEquipmentCandidatesRemainReadableInSharedHistoryHtml" storage="d:\codex-2\work\currencywarsassistant-0.2.839-audit-20260808\tests\currencywarsassistant.tests\bin\release\net8.0-windows10.0.19041.0\currencywarsassistant.tests.dll" id="da650946-36d3-6267-7afd-ab32d820bea9">
      <Execution id="2cc1e47c-4a13-4094-8096-6e524ee953f1" />
      <TestMethod codeBase="D:\Codex-2\work\CurrencyWarsAssistant-0.2.839-audit-20260808\tests\CurrencyWarsAssistant.Tests\bin\Release\net8.0-windows10.0.19041.0\CurrencyWarsAssistant.Tests.dll" adapterTypeName="executor://xunit/VsTestRunner2/netcoreapp" className="CurrencyWarsAssistant.Tests.Phase2OperationalCollectionTests" name="AmbiguousShopEquipmentCandidatesRemainReadableInSharedHistoryHtml" />
    </UnitTest>
    <UnitTest name="CurrencyWarsAssistant.Tests.RunCompletionArchiveTests.HealthDepletedFailureReportKeepsLastDamageAndUnknownHealthLoss" storage="d:\codex-2\work\currencywarsassistant-0.2.839-audit-20260808\tests\currencywarsassistant.tests\bin\release\net8.0-windows10.0.19041.0\currencywarsassistant.tests.dll" id="311648aa-c7b8-f286-099a-365b9de9b5ad">
      <Execution id="e22a2ce8-937a-461c-a471-a5a3bcc2f382" />
      <TestMethod codeBase="D:\Codex-2\work\CurrencyWarsAssistant-0.2.839-audit-20260808\tests\CurrencyWarsAssistant.Tests\bin\Release\net8.0-windows10.0.19041.0\CurrencyWarsAssistant.Tests.dll" adapterTypeName="executor://xunit/VsTestRunner2/netcoreapp" className="CurrencyWarsAssistant.Tests.RunCompletionArchiveTests" name="HealthDepletedFailureReportKeepsLastDamageAndUnknownHealthLoss" />
    </UnitTest>
    <UnitTest name="CurrencyWarsAssistant.Tests.RunCompletionArchiveTests.LoadAnalysesAsyncReturnsSavedAnalysesInTimeOrder" storage="d:\codex-2\work\currencywarsassistant-0.2.839-audit-20260808\tests\currencywarsassistant.tests\bin\release\net8.0-windows10.0.19041.0\currencywarsassistant.tests.dll" id="563c0dc1-1530-f0c4-0487-b8a18439cca0">
      <Execution id="a03ad7c8-2dd5-4458-ac1b-0dd7c829ec2c" />
      <TestMethod codeBase="D:\Codex-2\work\CurrencyWarsAssistant-0.2.839-audit-20260808\tests\CurrencyWarsAssistant.Tests\bin\Release\net8.0-windows10.0.19041.0\CurrencyWarsAssistant.Tests.dll" adapterTypeName="executor://xunit/VsTestRunner2/netcoreapp" className="CurrencyWarsAssistant.Tests.RunCompletionArchiveTests" name="LoadAnalysesAsyncReturnsSavedAnalysesInTimeOrder" />
    </UnitTest>
    <UnitTest name="CurrencyWarsAssistant.Tests.ChallengeSummaryReportTests.ReportDamageChartUsesNodeIdRewardRuleForScale" storage="d:\codex-2\work\currencywarsassistant-0.2.839-audit-20260808\tests\currencywarsassistant.tests\bin\release\net8.0-windows10.0.19041.0\currencywarsassistant.tests.dll" id="4beb3706-276d-12e6-29ad-d446b2819a40">
      <Execution id="e499e2e3-1188-4bec-8e21-d11d01948cb7" />
      <TestMethod codeBase="D:\Codex-2\work\CurrencyWarsAssistant-0.2.839-audit-20260808\tests\CurrencyWarsAssistant.Tests\bin\Release\net8.0-windows10.0.19041.0\CurrencyWarsAssistant.Tests.dll" adapterTypeName="executor://xunit/VsTestRunner2/netcoreapp" className="CurrencyWarsAssistant.Tests.ChallengeSummaryReportTests" name="ReportDamageChartUsesNodeIdRewardRuleForScale" />
    </UnitTest>
    <UnitTest name="CurrencyWarsAssistant.Tests.ChallengeSummaryReportTests.ScenarioMatrixAlwaysProducesAnOfflineReport(scenario: &quot;missing-node&quot;)" storage="d:\codex-2\work\currencywarsassistant-0.2.839-audit-20260808\tests\currencywarsassistant.tests\bin\release\net8.0-windows10.0.19041.0\currencywarsassistant.tests.dll" id="712fc728-1f58-f391-bff9-b699d4618f71">
      <Execution id="7289c837-5624-4de4-85c2-be1b3a13ac70" />
      <TestMethod codeBase="D:\Codex-2\work\CurrencyWarsAssistant-0.2.839-audit-20260808\tests\CurrencyWarsAssistant.Tests\bin\Release\net8.0-windows10.0.19041.0\CurrencyWarsAssistant.Tests.dll" adapterTypeName="executor://xunit/VsTestRunner2/netcoreapp" className="CurrencyWarsAssistant.Tests.ChallengeSummaryReportTests" name="ScenarioMatrixAlwaysProducesAnOfflineReport" />
    </UnitTest>
    <UnitTest name="CurrencyWarsAssistant.Tests.ChallengeSummaryReportTests.OptionalRealRunSampleGeneration" storage="d:\codex-2\work\currencywarsassistant-0.2.839-audit-20260808\tests\currencywarsassistant.tests\bin\release\net8.0-windows10.0.19041.0\currencywarsassistant.tests.dll" id="f90cfb57-4e7f-fa69-0033-81d681d94d95">
      <Execution id="222076c3-9c59-4300-8e0e-bab0724c3a0a" />
      <TestMethod codeBase="D:\Codex-2\work\CurrencyWarsAssistant-0.2.839-audit-20260808\tests\CurrencyWarsAssistant.Tests\bin\Release\net8.0-windows10.0.19041.0\CurrencyWarsAssistant.Tests.dll" adapterTypeName="executor://xunit/VsTestRunner2/netcoreapp" className="CurrencyWarsAssistant.Tests.ChallengeSummaryReportTests" name="OptionalRealRunSampleGeneration" />
    </UnitTest>
    <UnitTest name="CurrencyWarsAssistant.Tests.RunCompletionArchiveTests.CompletionArchiveIsAtomicAndIdempotent" storage="d:\codex-2\work\currencywarsassistant-0.2.839-audit-20260808\tests\currencywarsassistant.tests\bin\release\net8.0-windows10.0.19041.0\currencywarsassistant.tests.dll" id="25ec6228-f7af-3321-dd94-86a1cdcfa6bd">
      <Execution id="b924a911-597d-423e-9c41-c14b40620a3b" />
      <TestMethod codeBase="D:\Codex-2\work\CurrencyWarsAssistant-0.2.839-audit-20260808\tests\CurrencyWarsAssistant.Tests\bin\Release\net8.0-windows10.0.19041.0\CurrencyWarsAssistant.Tests.dll" adapterTypeName="executor://xunit/VsTestRunner2/netcoreapp" className="CurrencyWarsAssistant.Tests.RunCompletionArchiveTests" name="CompletionArchiveIsAtomicAndIdempotent" />
    </UnitTest>
    <UnitTest name="CurrencyWarsAssistant.Tests.ChallengeSummaryReportTests.ScenarioMatrixAlwaysProducesAnOfflineReport(scenario: &quot;complete&quot;)" storage="d:\codex-2\work\currencywarsassistant-0.2.839-audit-20260808\tests\currencywarsassistant.tests\bin\release\net8.0-windows10.0.19041.0\currencywarsassistant.tests.dll" id="05ee8419-35ed-7fab-4e06-3450aaec8938">
      <Execution id="9af3f1ed-2477-4619-acd1-45e3a3e9ebe6" />
      <TestMethod codeBase="D:\Codex-2\work\CurrencyWarsAssistant-0.2.839-audit-20260808\tests\CurrencyWarsAssistant.Tests\bin\Release\net8.0-windows10.0.19041.0\CurrencyWarsAssistant.Tests.dll" adapterTypeName="executor://xunit/VsTestRunner2/netcoreapp" className="CurrencyWarsAssistant.Tests.ChallengeSummaryReportTests" name="ScenarioMatrixAlwaysProducesAnOfflineReport" />
    </UnitTest>
    <UnitTest name="CurrencyWarsAssistant.Tests.ChallengeSummaryReportTests.ScenarioMatrixAlwaysProducesAnOfflineReport(scenario: &quot;missing-fields&quot;)" storage="d:\codex-2\work\currencywarsassistant-0.2.839-audit-20260808\tests\currencywarsassistant.tests\bin\release\net8.0-windows10.0.19041.0\currencywarsassistant.tests.dll" id="46d5f378-0ecd-059e-671e-f2cc2059b9c8">
      <Execution id="e013c65c-6777-4c0f-8a1f-0c568b8543c7" />
      <TestMethod codeBase="D:\Codex-2\work\CurrencyWarsAssistant-0.2.839-audit-20260808\tests\CurrencyWarsAssistant.Tests\bin\Release\net8.0-windows10.0.19041.0\CurrencyWarsAssistant.Tests.dll" adapterTypeName="executor://xunit/VsTestRunner2/netcoreapp" className="CurrencyWarsAssistant.Tests.ChallengeSummaryReportTests" name="ScenarioMatrixAlwaysProducesAnOfflineReport" />
    </UnitTest>
    <UnitTest name="CurrencyWarsAssistant.Tests.ChallengeSummaryReportTests.MissingCoverageNeverProducesANegativePerformanceJudgment" storage="d:\codex-2\work\currencywarsassistant-0.2.839-audit-20260808\tests\currencywarsassistant.tests\bin\release\net8.0-windows10.0.19041.0\currencywarsassistant.tests.dll" id="5b04e234-8893-d443-4647-21fcc9c7cb3b">
      <Execution id="485f520e-f95c-41e1-8cc5-1a22d531ef1b" />
      <TestMethod codeBase="D:\Codex-2\work\CurrencyWarsAssistant-0.2.839-audit-20260808\tests\CurrencyWarsAssistant.Tests\bin\Release\net8.0-windows10.0.19041.0\CurrencyWarsAssistant.Tests.dll" adapterTypeName="executor://xunit/VsTestRunner2/netcoreapp" className="CurrencyWarsAssistant.Tests.ChallengeSummaryReportTests" name="MissingCoverageNeverProducesANegativePerformanceJudgment" />
    </UnitTest>
    <UnitTest name="CurrencyWarsAssistant.Tests.RunCompletionArchiveTests.OptionalCompletionCleanupDeletesOnlyImageDirectories" storage="d:\codex-2\work\currencywarsassistant-0.2.839-audit-20260808\tests\currencywarsassistant.tests\bin\release\net8.0-windows10.0.19041.0\currencywarsassistant.tests.dll" id="fede05c5-31d1-d668-1ad1-5040b77da6bf">
      <Execution id="21e4739d-b7c7-4c27-8af7-77cb5a1d9fcd" />
      <TestMethod codeBase="D:\Codex-2\work\CurrencyWarsAssistant-0.2.839-audit-20260808\tests\CurrencyWarsAssistant.Tests\bin\Release\net8.0-windows10.0.19041.0\CurrencyWarsAssistant.Tests.dll" adapterTypeName="executor://xunit/VsTestRunner2/netcoreapp" className="CurrencyWarsAssistant.Tests.RunCompletionArchiveTests" name="OptionalCompletionCleanupDeletesOnlyImageDirectories" />
    </UnitTest>
  </TestDefinitions>
  <TestEntries>
    <TestEntry testId="0d27d9f2-87cf-633f-9a1e-4fec926e3561" executionId="604b6ed2-252e-41c6-921f-027558fb0396" testListId="8c84fa94-04c1-424b-9868-57a2d4851a1d" />
    <TestEntry testId="47a3ff9f-9df8-117b-c6e5-baa29de125f9" executionId="10091d5c-a3f6-4142-95ab-071b4b15925f" testListId="8c84fa94-04c1-424b-9868-57a2d4851a1d" />
    <TestEntry testId="0f46eccf-5078-4dfb-17ae-81f64e2a8c54" executionId="aa4fd35d-55a3-4121-860e-69fe55ac4b46" testListId="8c84fa94-04c1-424b-9868-57a2d4851a1d" />
    <TestEntry testId="ee99ff48-7944-e18b-d795-cdd0d4cb4a65" executionId="a0d4fc77-fdb3-4c32-bf56-7fb86610fc21" testListId="8c84fa94-04c1-424b-9868-57a2d4851a1d" />
    <TestEntry testId="563c0dc1-1530-f0c4-0487-b8a18439cca0" executionId="a03ad7c8-2dd5-4458-ac1b-0dd7c829ec2c" testListId="8c84fa94-04c1-424b-9868-57a2d4851a1d" />
    <TestEntry testId="fede05c5-31d1-d668-1ad1-5040b77da6bf" executionId="21e4739d-b7c7-4c27-8af7-77cb5a1d9fcd" testListId="8c84fa94-04c1-424b-9868-57a2d4851a1d" />
    <TestEntry testId="e3482cdf-c716-e0d2-4f0c-14387e5b6c6a" executionId="c96ec0d8-29cd-48eb-bbae-5cd281660b26" testListId="8c84fa94-04c1-424b-9868-57a2d4851a1d" />
    <TestEntry testId="11961fde-c277-0b90-0920-abd5247e0449" executionId="3626809d-84b3-43d5-b506-fea9ce94e200" testListId="8c84fa94-04c1-424b-9868-57a2d4851a1d" />
    <TestEntry testId="3763b439-9d59-a6e5-9eef-0e6f41970212" executionId="0e42480b-7b69-42aa-93a0-e21f00244d68" testListId="8c84fa94-04c1-424b-9868-57a2d4851a1d" />
    <TestEntry testId="25ec6228-f7af-3321-dd94-86a1cdcfa6bd" executionId="b924a911-597d-423e-9c41-c14b40620a3b" testListId="8c84fa94-04c1-424b-9868-57a2d4851a1d" />
    <TestEntry testId="d20b9b27-d08c-38c0-1f78-b692e351a10f" executionId="15bdb530-c7ab-43ee-a6ab-0e0b57cc38d2" testListId="8c84fa94-04c1-424b-9868-57a2d4851a1d" />
    <TestEntry testId="c2f3bc3c-b7af-21e2-164e-8634da138e4c" executionId="41ede155-17ac-43f3-b9ce-33e788d76434" testListId="8c84fa94-04c1-424b-9868-57a2d4851a1d" />
    <TestEntry testId="b6a9bb36-a5c0-bb89-7df6-04ac8f2c53ab" executionId="49cb9e92-d8fe-463d-acbd-94cf919edf09" testListId="8c84fa94-04c1-424b-9868-57a2d4851a1d" />
    <TestEntry testId="aec3bdeb-0208-0a44-2bc0-d2c392695692" executionId="e1fdd354-110a-4ce6-a668-cbe7603c89e9" testListId="8c84fa94-04c1-424b-9868-57a2d4851a1d" />
    <TestEntry testId="5b04e234-8893-d443-4647-21fcc9c7cb3b" executionId="485f520e-f95c-41e1-8cc5-1a22d531ef1b" testListId="8c84fa94-04c1-424b-9868-57a2d4851a1d" />
    <TestEntry testId="4beb3706-276d-12e6-29ad-d446b2819a40" executionId="e499e2e3-1188-4bec-8e21-d11d01948cb7" testListId="8c84fa94-04c1-424b-9868-57a2d4851a1d" />
    <TestEntry testId="311648aa-c7b8-f286-099a-365b9de9b5ad" executionId="e22a2ce8-937a-461c-a471-a5a3bcc2f382" testListId="8c84fa94-04c1-424b-9868-57a2d4851a1d" />
    <TestEntry testId="66140208-e714-1042-8111-cdd9be929481" executionId="2de0c5f6-d366-4e1c-9ae4-ded964039874" testListId="8c84fa94-04c1-424b-9868-57a2d4851a1d" />
    <TestEntry testId="05ee8419-35ed-7fab-4e06-3450aaec8938" executionId="9af3f1ed-2477-4619-acd1-45e3a3e9ebe6" testListId="8c84fa94-04c1-424b-9868-57a2d4851a1d" />
    <TestEntry testId="aab0b0ab-d097-db95-73ef-2fb27f071e61" executionId="6a2ea2af-cff2-443a-be55-5da4b2602c96" testListId="8c84fa94-04c1-424b-9868-57a2d4851a1d" />
    <TestEntry testId="712fc728-1f58-f391-bff9-b699d4618f71" executionId="7289c837-5624-4de4-85c2-be1b3a13ac70" testListId="8c84fa94-04c1-424b-9868-57a2d4851a1d" />
    <TestEntry testId="da650946-36d3-6267-7afd-ab32d820bea9" executionId="2cc1e47c-4a13-4094-8096-6e524ee953f1" testListId="8c84fa94-04c1-424b-9868-57a2d4851a1d" />
    <TestEntry testId="b0ca7300-59da-864b-3482-1ca19dc4bca3" executionId="f56c7bb4-b8c1-4eb3-8502-6b2856e5c379" testListId="8c84fa94-04c1-424b-9868-57a2d4851a1d" />
    <TestEntry testId="c6be4a11-288c-5bc7-f0fa-cf7e5c824e98" executionId="567eae4a-a0df-41bc-97c0-0de5668f2f39" testListId="8c84fa94-04c1-424b-9868-57a2d4851a1d" />
    <TestEntry testId="f90cfb57-4e7f-fa69-0033-81d681d94d95" executionId="222076c3-9c59-4300-8e0e-bab0724c3a0a" testListId="8c84fa94-04c1-424b-9868-57a2d4851a1d" />
    <TestEntry testId="46d5f378-0ecd-059e-671e-f2cc2059b9c8" executionId="e013c65c-6777-4c0f-8a1f-0c568b8543c7" testListId="8c84fa94-04c1-424b-9868-57a2d4851a1d" />
    <TestEntry testId="a9a267d1-4474-d692-bca6-586ba280443d" executionId="895b7449-4b5a-4197-9027-875442c2d67d" testListId="8c84fa94-04c1-424b-9868-57a2d4851a1d" />
    <TestEntry testId="be6c8747-4cdd-b386-391a-92a6a9c269d9" executionId="de57f276-a319-47c3-9279-f8a941cb6e41" testListId="8c84fa94-04c1-424b-9868-57a2d4851a1d" />
  </TestEntries>
  <TestLists>
    <TestList name="列表中未列出的结果" id="8c84fa94-04c1-424b-9868-57a2d4851a1d" />
    <TestList name="所有已加载的结果" id="19431567-8539-422a-85d7-44ee4e166bda" />
  </TestLists>
  <ResultSummary outcome="Completed">
    <Counters total="28" executed="28" passed="28" failed="0" error="0" timeout="0" aborted="0" inconclusive="0" passedButRunAborted="0" notRunnable="0" notExecuted="0" disconnected="0" warning="0" completed="0" inProgress="0" pending="0" />
    <Output>
      <StdOut>[xUnit.net 00:00:00.00] xUnit.net VSTest Adapter v2.8.2+699d445a1a (64-bit .NET 8.0.29)&#xD;
[xUnit.net 00:00:00.06]   Discovering: CurrencyWarsAssistant.Tests&#xD;
[xUnit.net 00:00:00.15]   Discovered:  CurrencyWarsAssistant.Tests&#xD;
[xUnit.net 00:00:00.16]   Starting:    CurrencyWarsAssistant.Tests&#xD;
[xUnit.net 00:00:10.00]   Finished:    CurrencyWarsAssistant.Tests&#xD;
</StdOut>
    </Output>
  </ResultSummary>
</TestRun>