<?xml version="1.0" encoding="utf-8"?>
<TestRun id="24a39d96-b182-43b4-be2f-674784b8e3f6" name="zzz81@ZZZ的电脑 2026-08-09 09:24:30" runUser="ZZZ的电脑\zzz81" xmlns="http://microsoft.com/schemas/VisualStudio/TeamTest/2010">
  <Times creation="2026-08-09T09:24:30.0271151+08:00" queuing="2026-08-09T09:24:30.0271156+08:00" start="2026-08-09T09:24:21.1346507+08:00" finish="2026-08-09T09:24:30.0458780+08:00" />
  <TestSettings name="default" id="cca59fb0-4c0d-4f4b-9cdd-34a364f45862">
    <Deployment runDeploymentRoot="zzz81_ZZZ的电脑_2026-08-09_09_24_30" />
  </TestSettings>
  <Results>
    <UnitTestResult executionId="0eba6d60-5898-4b89-ba75-789568af40cf" testId="b845be75-2204-dfd2-6220-3112d45de609" testName="CurrencyWarsAssistant.Tests.Phase2OperationalCollectionTests.RepeatedPreparationFramesMeetTheTwoSecondRealtimeBudget" computerName="ZZZ的电脑" duration="00:00:08.2520092" startTime="2026-08-09T09:24:29.8999275+08:00" endTime="2026-08-09T09:24:29.8999520+08:00" testType="13cdc9d9-ddb5-4fa4-a97d-d965ccfc6d4b" outcome="Failed" testListId="8c84fa94-04c1-424b-9868-57a2d4851a1d" relativeResultsDirectory="0eba6d60-5898-4b89-ba75-789568af40cf">
      <Output>
        <StdOut>Warm preparation iteration 1: 2907.5 ms&#xD;
Warm preparation iteration 2: 2678.5 ms</StdOut>
        <ErrorInfo>
          <Message>Assert.All() Failure: 2 out of 2 items in the collection did not pass.&#xD;
[0]: Item:  00:00:02.9075459&#xD;
     Error: Warm preparation recognition took 2907.5 ms.&#xD;
[1]: Item:  00:00:02.6784668&#xD;
     Error: Warm preparation recognition took 2678.5 ms.</Message>
          <StackTrace>   at CurrencyWarsAssistant.Tests.Phase2OperationalCollectionTests.RepeatedPreparationFramesMeetTheTwoSecondRealtimeBudget() in D:\Codex-2\work\CurrencyWarsAssistant-0.2.839-audit-20260808\tests\CurrencyWarsAssistant.Tests\Phase2OperationalCollectionTests.cs:line 2189&#xD;
--- End of stack trace from previous location ---</StackTrace>
        </ErrorInfo>
      </Output>
    </UnitTestResult>
  </Results>
  <TestDefinitions>
    <UnitTest name="CurrencyWarsAssistant.Tests.Phase2OperationalCollectionTests.RepeatedPreparationFramesMeetTheTwoSecondRealtimeBudget" storage="d:\codex-2\work\currencywarsassistant-0.2.839-audit-20260808\tests\currencywarsassistant.tests\bin\release\net8.0-windows10.0.19041.0\currencywarsassistant.tests.dll" id="b845be75-2204-dfd2-6220-3112d45de609">
      <Execution id="0eba6d60-5898-4b89-ba75-789568af40cf" />
      <TestMethod codeBase="D:\Codex-2\work\CurrencyWarsAssistant-0.2.839-audit-20260808\tests\CurrencyWarsAssistant.Tests\bin\Release\net8.0-windows10.0.19041.0\CurrencyWarsAssistant.Tests.dll" adapterTypeName="executor://xunit/VsTestRunner2/netcoreapp" className="CurrencyWarsAssistant.Tests.Phase2OperationalCollectionTests" name="RepeatedPreparationFramesMeetTheTwoSecondRealtimeBudget" />
    </UnitTest>
  </TestDefinitions>
  <TestEntries>
    <TestEntry testId="b845be75-2204-dfd2-6220-3112d45de609" executionId="0eba6d60-5898-4b89-ba75-789568af40cf" testListId="8c84fa94-04c1-424b-9868-57a2d4851a1d" />
  </TestEntries>
  <TestLists>
    <TestList name="列表中未列出的结果" id="8c84fa94-04c1-424b-9868-57a2d4851a1d" />
    <TestList name="所有已加载的结果" id="19431567-8539-422a-85d7-44ee4e166bda" />
  </TestLists>
  <ResultSummary outcome="Failed">
    <Counters total="1" executed="1" passed="0" failed="1" error="0" timeout="0" aborted="0" inconclusive="0" passedButRunAborted="0" notRunnable="0" notExecuted="0" disconnected="0" warning="0" completed="0" inProgress="0" pending="0" />
    <Output>
      <StdOut>[xUnit.net 00:00:00.00] xUnit.net VSTest Adapter v2.8.2+699d445a1a (64-bit .NET 8.0.29)&#xD;
[xUnit.net 00:00:00.06]   Discovering: CurrencyWarsAssistant.Tests&#xD;
[xUnit.net 00:00:00.16]   Discovered:  CurrencyWarsAssistant.Tests&#xD;
[xUnit.net 00:00:00.16]   Starting:    CurrencyWarsAssistant.Tests&#xD;
[DetectBackSlotCount] centers=587,674,817&#xD;
[DetectBackSlotCount] centers=587,674,817&#xD;
[DetectBackSlotCount] centers=587,674,817&#xD;
[xUnit.net 00:00:08.46]       Assert.All() Failure: 2 out of 2 items in the collection did not pass.&#xD;
[xUnit.net 00:00:08.46]       [0]: Item:  00:00:02.9075459&#xD;
[xUnit.net 00:00:08.46]            Error: Warm preparation recognition took 2907.5 ms.&#xD;
[xUnit.net 00:00:08.46]       [1]: Item:  00:00:02.6784668&#xD;
[xUnit.net 00:00:08.46]            Error: Warm preparation recognition took 2678.5 ms.&#xD;
[xUnit.net 00:00:08.46]       Stack Trace:&#xD;
[xUnit.net 00:00:08.46]         D:\Codex-2\work\CurrencyWarsAssistant-0.2.839-audit-20260808\tests\CurrencyWarsAssistant.Tests\Phase2OperationalCollectionTests.cs(2189,0): at CurrencyWarsAssistant.Tests.Phase2OperationalCollectionTests.RepeatedPreparationFramesMeetTheTwoSecondRealtimeBudget()&#xD;
[xUnit.net 00:00:08.46]         --- End of stack trace from previous location ---&#xD;
[xUnit.net 00:00:08.46]       Output:&#xD;
[xUnit.net 00:00:08.46]         Warm preparation iteration 1: 2907.5 ms&#xD;
[xUnit.net 00:00:08.46]         Warm preparation iteration 2: 2678.5 ms&#xD;
[xUnit.net 00:00:08.47]   Finished:    CurrencyWarsAssistant.Tests&#xD;
</StdOut>
    </Output>
    <RunInfos>
      <RunInfo computerName="ZZZ的电脑" outcome="Error" timestamp="2026-08-09T09:24:29.8967469+08:00">
        <Text>[xUnit.net 00:00:08.46]     CurrencyWarsAssistant.Tests.Phase2OperationalCollectionTests.RepeatedPreparationFramesMeetTheTwoSecondRealtimeBudget [FAIL]</Text>
      </RunInfo>
    </RunInfos>
  </ResultSummary>
</TestRun>