<?xml version="1.0" encoding="utf-8"?>
<TestRun id="f97b2e34-cacf-41b3-a449-6ffbd501622f" name="zzz81@ZZZ的电脑 2026-08-09 03:09:22" runUser="ZZZ的电脑\zzz81" xmlns="http://microsoft.com/schemas/VisualStudio/TeamTest/2010">
  <Times creation="2026-08-09T03:09:22.5792037+08:00" queuing="2026-08-09T03:09:22.5792040+08:00" start="2026-08-09T03:09:18.9858783+08:00" finish="2026-08-09T03:09:23.8873060+08:00" />
  <TestSettings name="default" id="65c824d3-09ca-48de-ad9e-dd1f36210383">
    <Deployment runDeploymentRoot="zzz81_ZZZ的电脑_2026-08-09_03_09_22" />
  </TestSettings>
  <Results>
    <UnitTestResult executionId="06aa488c-54dd-4e4f-b72c-c20002854fe7" testId="75d94d44-ce57-0d6c-0f8a-28c70a4e9b89" testName="CurrencyWarsAssistant.Tests.ShopEquipmentCandidateRecognitionTests.VisibleShopEquipmentMatchesTheFirestormSharedIconGroup" computerName="ZZZ的电脑" duration="00:00:01.1337131" startTime="2026-08-09T03:09:22.1851902+08:00" endTime="2026-08-09T03:09:22.1852077+08:00" testType="13cdc9d9-ddb5-4fa4-a97d-d965ccfc6d4b" outcome="Passed" testListId="8c84fa94-04c1-424b-9868-57a2d4851a1d" relativeResultsDirectory="06aa488c-54dd-4e4f-b72c-c20002854fe7">
      <Output>
        <StdOut>currency_wars_equipment_066: 0.851910; exact=False; candidates=[currency_wars_equipment_066|currency_wars_equipment_105]&#xD;
currency_wars_equipment_060: 0.769052; exact=False; candidates=[currency_wars_equipment_060|currency_wars_equipment_099|currency_wars_equipment_144|currency_wars_equipment_147]&#xD;
currency_wars_equipment_065: 0.768648; exact=False; candidates=[currency_wars_equipment_065|currency_wars_equipment_104]&#xD;
currency_wars_equipment_002: 0.738492; exact=False; candidates=[currency_wars_equipment_002|currency_wars_equipment_003|currency_wars_equipment_013]&#xD;
currency_wars_equipment_049: 0.733283; exact=False; candidates=[currency_wars_equipment_049|currency_wars_equipment_088]&#xD;
dy=-20: best=currency_wars_equipment_062/0.707893; firestorm=0.632569&#xD;
dy=-15: best=currency_wars_equipment_137/0.688365; firestorm=0.661090&#xD;
dy=-10: best=currency_wars_equipment_086/0.734636; firestorm=0.628441&#xD;
dy= -5: best=currency_wars_equipment_067/0.736532; firestorm=0.594954&#xD;
dy=  0: best=currency_wars_equipment_066/0.851910; firestorm=0.851910&#xD;
dy=  5: best=currency_wars_equipment_075/0.759868; firestorm=0.674506&#xD;
dy= 10: best=currency_wars_equipment_127/0.713418; firestorm=0.597666</StdOut>
      </Output>
    </UnitTestResult>
    <UnitTestResult executionId="111ccb48-aef7-4508-92cc-c7164f005158" testId="3763b439-9d59-a6e5-9eef-0e6f41970212" testName="CurrencyWarsAssistant.Tests.Phase2OperationalCollectionTests.ExpandedShopAnalyzerKeepsVisibleFormationWithCompactEvidenceRegions" computerName="ZZZ的电脑" duration="00:00:02.7772248" startTime="2026-08-09T03:09:23.8279165+08:00" endTime="2026-08-09T03:09:23.8279167+08:00" testType="13cdc9d9-ddb5-4fa4-a97d-d965ccfc6d4b" outcome="Passed" testListId="8c84fa94-04c1-424b-9868-57a2d4851a1d" relativeResultsDirectory="111ccb48-aef7-4508-92cc-c7164f005158">
      <Output>
        <StdOut>Front[0]=currency_wars_character_44; slot0:Empty/-/0.900/[], slot1:Unknown/-/0.852/[currency_wars_equipment_066|currency_wars_equipment_105], slot2:Empty/-/0.900/[]&#xD;
Front[1]=currency_wars_character_34; slot0:Empty/-/0.900/[], slot1:Empty/-/0.900/[], slot2:Empty/-/0.900/[]&#xD;
Front[2]=currency_wars_character_36; slot0:Empty/-/0.900/[], slot1:Empty/-/0.900/[], slot2:Empty/-/0.900/[]&#xD;
Back[4]=currency_wars_character_43; slot0:Empty/-/0.900/[], slot1:Empty/-/0.900/[], slot2:Empty/-/0.900/[]&#xD;
Bench[0]=unknown-formation-unit-Bench-1; slot0:Empty/-/0.900/[], slot1:Empty/-/0.900/[], slot2:Empty/-/0.900/[]&#xD;
inventory: slot0:Equipped/SimpleEquipment/currency_wars_equipment_044/0.922/[currency_wars_equipment_044], slot1:Equipped/SimpleEquipment/currency_wars_equipment_045/0.913/[currency_wars_equipment_045], slot2:Equipped/SimpleEquipment/currency_wars_equipment_041/0.935/[currency_wars_equipment_041], slot3:Equipped/AdvancedEquipment/currency_wars_equipment_123/0.781/[currency_wars_equipment_123]</StdOut>
      </Output>
    </UnitTestResult>
  </Results>
  <TestDefinitions>
    <UnitTest name="CurrencyWarsAssistant.Tests.ShopEquipmentCandidateRecognitionTests.VisibleShopEquipmentMatchesTheFirestormSharedIconGroup" storage="d:\codex-2\work\currencywarsassistant-0.2.839-audit-20260808\tests\currencywarsassistant.tests\bin\release\net8.0-windows10.0.19041.0\currencywarsassistant.tests.dll" id="75d94d44-ce57-0d6c-0f8a-28c70a4e9b89">
      <Execution id="06aa488c-54dd-4e4f-b72c-c20002854fe7" />
      <TestMethod codeBase="D:\Codex-2\work\CurrencyWarsAssistant-0.2.839-audit-20260808\tests\CurrencyWarsAssistant.Tests\bin\Release\net8.0-windows10.0.19041.0\CurrencyWarsAssistant.Tests.dll" adapterTypeName="executor://xunit/VsTestRunner2/netcoreapp" className="CurrencyWarsAssistant.Tests.ShopEquipmentCandidateRecognitionTests" name="VisibleShopEquipmentMatchesTheFirestormSharedIconGroup" />
    </UnitTest>
    <UnitTest name="CurrencyWarsAssistant.Tests.Phase2OperationalCollectionTests.ExpandedShopAnalyzerKeepsVisibleFormationWithCompactEvidenceRegions" storage="d:\codex-2\work\currencywarsassistant-0.2.839-audit-20260808\tests\currencywarsassistant.tests\bin\release\net8.0-windows10.0.19041.0\currencywarsassistant.tests.dll" id="3763b439-9d59-a6e5-9eef-0e6f41970212">
      <Execution id="111ccb48-aef7-4508-92cc-c7164f005158" />
      <TestMethod codeBase="D:\Codex-2\work\CurrencyWarsAssistant-0.2.839-audit-20260808\tests\CurrencyWarsAssistant.Tests\bin\Release\net8.0-windows10.0.19041.0\CurrencyWarsAssistant.Tests.dll" adapterTypeName="executor://xunit/VsTestRunner2/netcoreapp" className="CurrencyWarsAssistant.Tests.Phase2OperationalCollectionTests" name="ExpandedShopAnalyzerKeepsVisibleFormationWithCompactEvidenceRegions" />
    </UnitTest>
  </TestDefinitions>
  <TestEntries>
    <TestEntry testId="75d94d44-ce57-0d6c-0f8a-28c70a4e9b89" executionId="06aa488c-54dd-4e4f-b72c-c20002854fe7" testListId="8c84fa94-04c1-424b-9868-57a2d4851a1d" />
    <TestEntry testId="3763b439-9d59-a6e5-9eef-0e6f41970212" executionId="111ccb48-aef7-4508-92cc-c7164f005158" testListId="8c84fa94-04c1-424b-9868-57a2d4851a1d" />
  </TestEntries>
  <TestLists>
    <TestList name="列表中未列出的结果" id="8c84fa94-04c1-424b-9868-57a2d4851a1d" />
    <TestList name="所有已加载的结果" id="19431567-8539-422a-85d7-44ee4e166bda" />
  </TestLists>
  <ResultSummary outcome="Completed">
    <Counters total="2" executed="2" passed="2" failed="0" error="0" timeout="0" aborted="0" inconclusive="0" passedButRunAborted="0" notRunnable="0" notExecuted="0" disconnected="0" warning="0" completed="0" inProgress="0" pending="0" />
    <Output>
      <StdOut>[xUnit.net 00:00:00.00] xUnit.net VSTest Adapter v2.8.2+699d445a1a (64-bit .NET 8.0.29)&#xD;
[xUnit.net 00:00:01.63]   Discovering: CurrencyWarsAssistant.Tests&#xD;
[xUnit.net 00:00:01.72]   Discovered:  CurrencyWarsAssistant.Tests&#xD;
[xUnit.net 00:00:01.73]   Starting:    CurrencyWarsAssistant.Tests&#xD;
[xUnit.net 00:00:04.54]   Finished:    CurrencyWarsAssistant.Tests&#xD;
</StdOut>
    </Output>
  </ResultSummary>
</TestRun>