<?xml version="1.0" encoding="utf-8"?>
<TestRun id="d6170942-4c0b-4353-b30f-8a77b1409ed8" name="zzz81@ZZZ的电脑 2026-08-09 04:52:51" runUser="ZZZ的电脑\zzz81" xmlns="http://microsoft.com/schemas/VisualStudio/TeamTest/2010">
  <Times creation="2026-08-09T04:52:51.5549414+08:00" queuing="2026-08-09T04:52:51.5549417+08:00" start="2026-08-09T04:52:50.8838060+08:00" finish="2026-08-09T04:52:51.5782085+08:00" />
  <TestSettings name="default" id="9b6017f4-25f5-4701-85eb-b349a9e262a2">
    <Deployment runDeploymentRoot="zzz81_ZZZ的电脑_2026-08-09_04_52_51" />
  </TestSettings>
  <Results>
    <UnitTestResult executionId="b3c40131-62a6-4943-bc81-d3885a2a8294" testId="eade7c0f-f715-e975-9b1f-f6b85944c076" testName="CurrencyWarsAssistant.Tests.DetailedHistoryArchiveRenderStateTests.WindowDoesNotTreatStaleNodesAsActiveAndHidesStaleWebView" computerName="ZZZ的电脑" duration="00:00:00.0002901" startTime="2026-08-09T04:52:51.5353624+08:00" endTime="2026-08-09T04:52:51.5353624+08:00" testType="13cdc9d9-ddb5-4fa4-a97d-d965ccfc6d4b" outcome="Passed" testListId="8c84fa94-04c1-424b-9868-57a2d4851a1d" relativeResultsDirectory="b3c40131-62a6-4943-bc81-d3885a2a8294" />
    <UnitTestResult executionId="9fb427e2-9c3a-4747-8f5d-0b5952192624" testId="936e2e6c-2cc2-5c09-58d4-9dc63a459498" testName="CurrencyWarsAssistant.Tests.DetailedHistoryReportSourceSelectorTests.NoRealtimeAndNoArchiveReturnsNoData" computerName="ZZZ的电脑" duration="00:00:00.0000513" startTime="2026-08-09T04:52:51.5190567+08:00" endTime="2026-08-09T04:52:51.5190567+08:00" testType="13cdc9d9-ddb5-4fa4-a97d-d965ccfc6d4b" outcome="Passed" testListId="8c84fa94-04c1-424b-9868-57a2d4851a1d" relativeResultsDirectory="9fb427e2-9c3a-4747-8f5d-0b5952192624" />
    <UnitTestResult executionId="43b33eea-ed26-4211-ba28-a3a781be317a" testId="7a436d20-00a6-21fe-fe22-a58b32c63adb" testName="CurrencyWarsAssistant.Tests.DetailedHistoryArchiveRenderStateTests.FailedArchiveCanRetryOnNextRefresh" computerName="ZZZ的电脑" duration="00:00:00.0002103" startTime="2026-08-09T04:52:51.5190123+08:00" endTime="2026-08-09T04:52:51.5190124+08:00" testType="13cdc9d9-ddb5-4fa4-a97d-d965ccfc6d4b" outcome="Passed" testListId="8c84fa94-04c1-424b-9868-57a2d4851a1d" relativeResultsDirectory="43b33eea-ed26-4211-ba28-a3a781be317a" />
    <UnitTestResult executionId="ae53e616-0c97-4ecb-9225-01c1b1f52bcf" testId="0cb9400c-c7c0-1fd8-7356-270f5aaba37d" testName="CurrencyWarsAssistant.Tests.DetailedHistoryReportSourceSelectorTests.NoRealtimeUsesFirstArchiveFromCanonicalOrder" computerName="ZZZ的电脑" duration="00:00:00.0001882" startTime="2026-08-09T04:52:51.5354508+08:00" endTime="2026-08-09T04:52:51.5354508+08:00" testType="13cdc9d9-ddb5-4fa4-a97d-d965ccfc6d4b" outcome="Passed" testListId="8c84fa94-04c1-424b-9868-57a2d4851a1d" relativeResultsDirectory="ae53e616-0c97-4ecb-9225-01c1b1f52bcf" />
    <UnitTestResult executionId="c7fe75c4-1669-434e-bd9a-5d8f8dcfa728" testId="33a60306-a3db-c5c0-a7f2-4074a1922844" testName="CurrencyWarsAssistant.Tests.DetailedHistoryReportSourceSelectorTests.SameArchiveRunIsNotRenderedTwice" computerName="ZZZ的电脑" duration="00:00:00.0002575" startTime="2026-08-09T04:52:51.5189870+08:00" endTime="2026-08-09T04:52:51.5189870+08:00" testType="13cdc9d9-ddb5-4fa4-a97d-d965ccfc6d4b" outcome="Passed" testListId="8c84fa94-04c1-424b-9868-57a2d4851a1d" relativeResultsDirectory="c7fe75c4-1669-434e-bd9a-5d8f8dcfa728" />
    <UnitTestResult executionId="2d0d2688-0bc6-4445-a698-91a8de59c7c6" testId="a5fb6555-7fc8-3cb2-be52-ace63e458b8c" testName="CurrencyWarsAssistant.Tests.DetailedHistoryArchiveRenderStateTests.InFlightArchiveCannotStartTwice" computerName="ZZZ的电脑" duration="00:00:00.0031751" startTime="2026-08-09T04:52:51.5182566+08:00" endTime="2026-08-09T04:52:51.5182567+08:00" testType="13cdc9d9-ddb5-4fa4-a97d-d965ccfc6d4b" outcome="Passed" testListId="8c84fa94-04c1-424b-9868-57a2d4851a1d" relativeResultsDirectory="2d0d2688-0bc6-4445-a698-91a8de59c7c6" />
    <UnitTestResult executionId="daa58834-cde8-4220-b426-3420a0138643" testId="94a1e701-3c3c-b7c1-1e31-f21529de1a34" testName="CurrencyWarsAssistant.Tests.DetailedHistoryReportSourceSelectorTests.ActiveRealtimeWithoutFinalBattleDoesNotShowOldArchive" computerName="ZZZ的电脑" duration="00:00:00.0031855" startTime="2026-08-09T04:52:51.5184073+08:00" endTime="2026-08-09T04:52:51.5184073+08:00" testType="13cdc9d9-ddb5-4fa4-a97d-d965ccfc6d4b" outcome="Passed" testListId="8c84fa94-04c1-424b-9868-57a2d4851a1d" relativeResultsDirectory="daa58834-cde8-4220-b426-3420a0138643" />
    <UnitTestResult executionId="f8624414-3d05-4897-8e3e-d2e0a4330b9e" testId="b3106f6a-673c-a7b9-afea-7eb150aa73ee" testName="CurrencyWarsAssistant.Tests.DetailedHistoryArchiveDedupUiContractTests.ArchiveLoadingStateChangesOnlyAfterRenderActuallyStarts" computerName="ZZZ的电脑" duration="00:00:00.0031651" startTime="2026-08-09T04:52:51.5167350+08:00" endTime="2026-08-09T04:52:51.5167619+08:00" testType="13cdc9d9-ddb5-4fa4-a97d-d965ccfc6d4b" outcome="Passed" testListId="8c84fa94-04c1-424b-9868-57a2d4851a1d" relativeResultsDirectory="f8624414-3d05-4897-8e3e-d2e0a4330b9e" />
    <UnitTestResult executionId="66c266f4-641d-4ce1-83db-cddc7e87665f" testId="3347a42c-0183-93af-983c-915b6f772455" testName="CurrencyWarsAssistant.Tests.DetailedHistoryArchiveRenderStateTests.SuccessfulArchiveIsDeduplicatedUntilSourceChanges" computerName="ZZZ的电脑" duration="00:00:00.0001753" startTime="2026-08-09T04:52:51.5188462+08:00" endTime="2026-08-09T04:52:51.5188463+08:00" testType="13cdc9d9-ddb5-4fa4-a97d-d965ccfc6d4b" outcome="Passed" testListId="8c84fa94-04c1-424b-9868-57a2d4851a1d" relativeResultsDirectory="66c266f4-641d-4ce1-83db-cddc7e87665f" />
    <UnitTestResult executionId="9f4d29da-9788-493d-8907-06c04d45bbe0" testId="92ef74a0-5ba5-25e2-1b97-495018650ff5" testName="CurrencyWarsAssistant.Tests.DetailedHistoryReportSourceSelectorTests.CompletedRealtimeReportTakesPriorityOverArchive" computerName="ZZZ的电脑" duration="00:00:00.0002957" startTime="2026-08-09T04:52:51.5190303+08:00" endTime="2026-08-09T04:52:51.5190303+08:00" testType="13cdc9d9-ddb5-4fa4-a97d-d965ccfc6d4b" outcome="Passed" testListId="8c84fa94-04c1-424b-9868-57a2d4851a1d" relativeResultsDirectory="9f4d29da-9788-493d-8907-06c04d45bbe0" />
  </Results>
  <TestDefinitions>
    <UnitTest name="CurrencyWarsAssistant.Tests.DetailedHistoryArchiveRenderStateTests.FailedArchiveCanRetryOnNextRefresh" storage="d:\codex-2\work\currencywarsassistant-0.2.839-audit-20260808\tests\currencywarsassistant.tests\bin\release\net8.0-windows10.0.19041.0\currencywarsassistant.tests.dll" id="7a436d20-00a6-21fe-fe22-a58b32c63adb">
      <Execution id="43b33eea-ed26-4211-ba28-a3a781be317a" />
      <TestMethod codeBase="D:\Codex-2\work\CurrencyWarsAssistant-0.2.839-audit-20260808\tests\CurrencyWarsAssistant.Tests\bin\Release\net8.0-windows10.0.19041.0\CurrencyWarsAssistant.Tests.dll" adapterTypeName="executor://xunit/VsTestRunner2/netcoreapp" className="CurrencyWarsAssistant.Tests.DetailedHistoryArchiveRenderStateTests" name="FailedArchiveCanRetryOnNextRefresh" />
    </UnitTest>
    <UnitTest name="CurrencyWarsAssistant.Tests.DetailedHistoryArchiveRenderStateTests.InFlightArchiveCannotStartTwice" storage="d:\codex-2\work\currencywarsassistant-0.2.839-audit-20260808\tests\currencywarsassistant.tests\bin\release\net8.0-windows10.0.19041.0\currencywarsassistant.tests.dll" id="a5fb6555-7fc8-3cb2-be52-ace63e458b8c">
      <Execution id="2d0d2688-0bc6-4445-a698-91a8de59c7c6" />
      <TestMethod codeBase="D:\Codex-2\work\CurrencyWarsAssistant-0.2.839-audit-20260808\tests\CurrencyWarsAssistant.Tests\bin\Release\net8.0-windows10.0.19041.0\CurrencyWarsAssistant.Tests.dll" adapterTypeName="executor://xunit/VsTestRunner2/netcoreapp" className="CurrencyWarsAssistant.Tests.DetailedHistoryArchiveRenderStateTests" name="InFlightArchiveCannotStartTwice" />
    </UnitTest>
    <UnitTest name="CurrencyWarsAssistant.Tests.DetailedHistoryReportSourceSelectorTests.NoRealtimeUsesFirstArchiveFromCanonicalOrder" storage="d:\codex-2\work\currencywarsassistant-0.2.839-audit-20260808\tests\currencywarsassistant.tests\bin\release\net8.0-windows10.0.19041.0\currencywarsassistant.tests.dll" id="0cb9400c-c7c0-1fd8-7356-270f5aaba37d">
      <Execution id="ae53e616-0c97-4ecb-9225-01c1b1f52bcf" />
      <TestMethod codeBase="D:\Codex-2\work\CurrencyWarsAssistant-0.2.839-audit-20260808\tests\CurrencyWarsAssistant.Tests\bin\Release\net8.0-windows10.0.19041.0\CurrencyWarsAssistant.Tests.dll" adapterTypeName="executor://xunit/VsTestRunner2/netcoreapp" className="CurrencyWarsAssistant.Tests.DetailedHistoryReportSourceSelectorTests" name="NoRealtimeUsesFirstArchiveFromCanonicalOrder" />
    </UnitTest>
    <UnitTest name="CurrencyWarsAssistant.Tests.DetailedHistoryReportSourceSelectorTests.SameArchiveRunIsNotRenderedTwice" storage="d:\codex-2\work\currencywarsassistant-0.2.839-audit-20260808\tests\currencywarsassistant.tests\bin\release\net8.0-windows10.0.19041.0\currencywarsassistant.tests.dll" id="33a60306-a3db-c5c0-a7f2-4074a1922844">
      <Execution id="c7fe75c4-1669-434e-bd9a-5d8f8dcfa728" />
      <TestMethod codeBase="D:\Codex-2\work\CurrencyWarsAssistant-0.2.839-audit-20260808\tests\CurrencyWarsAssistant.Tests\bin\Release\net8.0-windows10.0.19041.0\CurrencyWarsAssistant.Tests.dll" adapterTypeName="executor://xunit/VsTestRunner2/netcoreapp" className="CurrencyWarsAssistant.Tests.DetailedHistoryReportSourceSelectorTests" name="SameArchiveRunIsNotRenderedTwice" />
    </UnitTest>
    <UnitTest name="CurrencyWarsAssistant.Tests.DetailedHistoryReportSourceSelectorTests.CompletedRealtimeReportTakesPriorityOverArchive" storage="d:\codex-2\work\currencywarsassistant-0.2.839-audit-20260808\tests\currencywarsassistant.tests\bin\release\net8.0-windows10.0.19041.0\currencywarsassistant.tests.dll" id="92ef74a0-5ba5-25e2-1b97-495018650ff5">
      <Execution id="9f4d29da-9788-493d-8907-06c04d45bbe0" />
      <TestMethod codeBase="D:\Codex-2\work\CurrencyWarsAssistant-0.2.839-audit-20260808\tests\CurrencyWarsAssistant.Tests\bin\Release\net8.0-windows10.0.19041.0\CurrencyWarsAssistant.Tests.dll" adapterTypeName="executor://xunit/VsTestRunner2/netcoreapp" className="CurrencyWarsAssistant.Tests.DetailedHistoryReportSourceSelectorTests" name="CompletedRealtimeReportTakesPriorityOverArchive" />
    </UnitTest>
    <UnitTest name="CurrencyWarsAssistant.Tests.DetailedHistoryReportSourceSelectorTests.NoRealtimeAndNoArchiveReturnsNoData" storage="d:\codex-2\work\currencywarsassistant-0.2.839-audit-20260808\tests\currencywarsassistant.tests\bin\release\net8.0-windows10.0.19041.0\currencywarsassistant.tests.dll" id="936e2e6c-2cc2-5c09-58d4-9dc63a459498">
      <Execution id="9fb427e2-9c3a-4747-8f5d-0b5952192624" />
      <TestMethod codeBase="D:\Codex-2\work\CurrencyWarsAssistant-0.2.839-audit-20260808\tests\CurrencyWarsAssistant.Tests\bin\Release\net8.0-windows10.0.19041.0\CurrencyWarsAssistant.Tests.dll" adapterTypeName="executor://xunit/VsTestRunner2/netcoreapp" className="CurrencyWarsAssistant.Tests.DetailedHistoryReportSourceSelectorTests" name="NoRealtimeAndNoArchiveReturnsNoData" />
    </UnitTest>
    <UnitTest name="CurrencyWarsAssistant.Tests.DetailedHistoryArchiveRenderStateTests.WindowDoesNotTreatStaleNodesAsActiveAndHidesStaleWebView" storage="d:\codex-2\work\currencywarsassistant-0.2.839-audit-20260808\tests\currencywarsassistant.tests\bin\release\net8.0-windows10.0.19041.0\currencywarsassistant.tests.dll" id="eade7c0f-f715-e975-9b1f-f6b85944c076">
      <Execution id="b3c40131-62a6-4943-bc81-d3885a2a8294" />
      <TestMethod codeBase="D:\Codex-2\work\CurrencyWarsAssistant-0.2.839-audit-20260808\tests\CurrencyWarsAssistant.Tests\bin\Release\net8.0-windows10.0.19041.0\CurrencyWarsAssistant.Tests.dll" adapterTypeName="executor://xunit/VsTestRunner2/netcoreapp" className="CurrencyWarsAssistant.Tests.DetailedHistoryArchiveRenderStateTests" name="WindowDoesNotTreatStaleNodesAsActiveAndHidesStaleWebView" />
    </UnitTest>
    <UnitTest name="CurrencyWarsAssistant.Tests.DetailedHistoryReportSourceSelectorTests.ActiveRealtimeWithoutFinalBattleDoesNotShowOldArchive" storage="d:\codex-2\work\currencywarsassistant-0.2.839-audit-20260808\tests\currencywarsassistant.tests\bin\release\net8.0-windows10.0.19041.0\currencywarsassistant.tests.dll" id="94a1e701-3c3c-b7c1-1e31-f21529de1a34">
      <Execution id="daa58834-cde8-4220-b426-3420a0138643" />
      <TestMethod codeBase="D:\Codex-2\work\CurrencyWarsAssistant-0.2.839-audit-20260808\tests\CurrencyWarsAssistant.Tests\bin\Release\net8.0-windows10.0.19041.0\CurrencyWarsAssistant.Tests.dll" adapterTypeName="executor://xunit/VsTestRunner2/netcoreapp" className="CurrencyWarsAssistant.Tests.DetailedHistoryReportSourceSelectorTests" name="ActiveRealtimeWithoutFinalBattleDoesNotShowOldArchive" />
    </UnitTest>
    <UnitTest name="CurrencyWarsAssistant.Tests.DetailedHistoryArchiveRenderStateTests.SuccessfulArchiveIsDeduplicatedUntilSourceChanges" storage="d:\codex-2\work\currencywarsassistant-0.2.839-audit-20260808\tests\currencywarsassistant.tests\bin\release\net8.0-windows10.0.19041.0\currencywarsassistant.tests.dll" id="3347a42c-0183-93af-983c-915b6f772455">
      <Execution id="66c266f4-641d-4ce1-83db-cddc7e87665f" />
      <TestMethod codeBase="D:\Codex-2\work\CurrencyWarsAssistant-0.2.839-audit-20260808\tests\CurrencyWarsAssistant.Tests\bin\Release\net8.0-windows10.0.19041.0\CurrencyWarsAssistant.Tests.dll" adapterTypeName="executor://xunit/VsTestRunner2/netcoreapp" className="CurrencyWarsAssistant.Tests.DetailedHistoryArchiveRenderStateTests" name="SuccessfulArchiveIsDeduplicatedUntilSourceChanges" />
    </UnitTest>
    <UnitTest name="CurrencyWarsAssistant.Tests.DetailedHistoryArchiveDedupUiContractTests.ArchiveLoadingStateChangesOnlyAfterRenderActuallyStarts" storage="d:\codex-2\work\currencywarsassistant-0.2.839-audit-20260808\tests\currencywarsassistant.tests\bin\release\net8.0-windows10.0.19041.0\currencywarsassistant.tests.dll" id="b3106f6a-673c-a7b9-afea-7eb150aa73ee">
      <Execution id="f8624414-3d05-4897-8e3e-d2e0a4330b9e" />
      <TestMethod codeBase="D:\Codex-2\work\CurrencyWarsAssistant-0.2.839-audit-20260808\tests\CurrencyWarsAssistant.Tests\bin\Release\net8.0-windows10.0.19041.0\CurrencyWarsAssistant.Tests.dll" adapterTypeName="executor://xunit/VsTestRunner2/netcoreapp" className="CurrencyWarsAssistant.Tests.DetailedHistoryArchiveDedupUiContractTests" name="ArchiveLoadingStateChangesOnlyAfterRenderActuallyStarts" />
    </UnitTest>
  </TestDefinitions>
  <TestEntries>
    <TestEntry testId="eade7c0f-f715-e975-9b1f-f6b85944c076" executionId="b3c40131-62a6-4943-bc81-d3885a2a8294" testListId="8c84fa94-04c1-424b-9868-57a2d4851a1d" />
    <TestEntry testId="936e2e6c-2cc2-5c09-58d4-9dc63a459498" executionId="9fb427e2-9c3a-4747-8f5d-0b5952192624" testListId="8c84fa94-04c1-424b-9868-57a2d4851a1d" />
    <TestEntry testId="7a436d20-00a6-21fe-fe22-a58b32c63adb" executionId="43b33eea-ed26-4211-ba28-a3a781be317a" testListId="8c84fa94-04c1-424b-9868-57a2d4851a1d" />
    <TestEntry testId="0cb9400c-c7c0-1fd8-7356-270f5aaba37d" executionId="ae53e616-0c97-4ecb-9225-01c1b1f52bcf" testListId="8c84fa94-04c1-424b-9868-57a2d4851a1d" />
    <TestEntry testId="33a60306-a3db-c5c0-a7f2-4074a1922844" executionId="c7fe75c4-1669-434e-bd9a-5d8f8dcfa728" testListId="8c84fa94-04c1-424b-9868-57a2d4851a1d" />
    <TestEntry testId="a5fb6555-7fc8-3cb2-be52-ace63e458b8c" executionId="2d0d2688-0bc6-4445-a698-91a8de59c7c6" testListId="8c84fa94-04c1-424b-9868-57a2d4851a1d" />
    <TestEntry testId="94a1e701-3c3c-b7c1-1e31-f21529de1a34" executionId="daa58834-cde8-4220-b426-3420a0138643" testListId="8c84fa94-04c1-424b-9868-57a2d4851a1d" />
    <TestEntry testId="b3106f6a-673c-a7b9-afea-7eb150aa73ee" executionId="f8624414-3d05-4897-8e3e-d2e0a4330b9e" testListId="8c84fa94-04c1-424b-9868-57a2d4851a1d" />
    <TestEntry testId="3347a42c-0183-93af-983c-915b6f772455" executionId="66c266f4-641d-4ce1-83db-cddc7e87665f" testListId="8c84fa94-04c1-424b-9868-57a2d4851a1d" />
    <TestEntry testId="92ef74a0-5ba5-25e2-1b97-495018650ff5" executionId="9f4d29da-9788-493d-8907-06c04d45bbe0" testListId="8c84fa94-04c1-424b-9868-57a2d4851a1d" />
  </TestEntries>
  <TestLists>
    <TestList name="列表中未列出的结果" id="8c84fa94-04c1-424b-9868-57a2d4851a1d" />
    <TestList name="所有已加载的结果" id="19431567-8539-422a-85d7-44ee4e166bda" />
  </TestLists>
  <ResultSummary outcome="Completed">
    <Counters total="10" executed="10" passed="10" failed="0" error="0" timeout="0" aborted="0" inconclusive="0" passedButRunAborted="0" notRunnable="0" notExecuted="0" disconnected="0" warning="0" completed="0" inProgress="0" pending="0" />
    <Output>
      <StdOut>[xUnit.net 00:00:00.00] xUnit.net VSTest Adapter v2.8.2+699d445a1a (64-bit .NET 8.0.29)&#xD;
[xUnit.net 00:00:00.24]   Discovering: CurrencyWarsAssistant.Tests&#xD;
[xUnit.net 00:00:00.31]   Discovered:  CurrencyWarsAssistant.Tests&#xD;
[xUnit.net 00:00:00.31]   Starting:    CurrencyWarsAssistant.Tests&#xD;
[xUnit.net 00:00:00.36]   Finished:    CurrencyWarsAssistant.Tests&#xD;
</StdOut>
    </Output>
  </ResultSummary>
</TestRun>