<?xml version="1.0" encoding="utf-8"?>
<TestRun id="7eced8be-8246-474a-91d0-f379e08de78f" name="zzz81@ZZZ的电脑 2026-08-09 03:46:49" runUser="ZZZ的电脑\zzz81" xmlns="http://microsoft.com/schemas/VisualStudio/TeamTest/2010">
  <Times creation="2026-08-09T03:46:49.6407910+08:00" queuing="2026-08-09T03:46:49.6407911+08:00" start="2026-08-09T03:46:46.6746292+08:00" finish="2026-08-09T03:46:49.6457391+08:00" />
  <TestSettings name="default" id="8f9e6cf9-328a-4551-9d38-41c89bf8f089">
    <Deployment runDeploymentRoot="zzz81_ZZZ的电脑_2026-08-09_03_46_49" />
  </TestSettings>
  <Results>
    <UnitTestResult executionId="4b792b0b-4cd8-4df0-8b01-9142fb535207" testId="ee99ff48-7944-e18b-d795-cdd0d4cb4a65" testName="CurrencyWarsAssistant.Tests.HistoricalPopulationHtmlTests.SharedWebViewReportKeepsNodeReadableWhenPopulationIsUnknown" computerName="ZZZ的电脑" duration="00:00:00.3321753" startTime="2026-08-09T03:46:49.4686270+08:00" endTime="2026-08-09T03:46:49.4686373+08:00" testType="13cdc9d9-ddb5-4fa4-a97d-d965ccfc6d4b" outcome="Failed" testListId="8c84fa94-04c1-424b-9868-57a2d4851a1d" relativeResultsDirectory="4b792b0b-4cd8-4df0-8b01-9142fb535207">
      <Output>
        <ErrorInfo>
          <Message>Assert.Contains() Failure: Sub-string not found&#xD;
String:    "&lt;!DOCTYPE html&gt;\r\n&lt;html lang="zh-CN"&gt;&lt;head"···&#xD;
Not found: "stat-label"&gt;人口&lt;/span&gt;&lt;span class="stat-va"···</Message>
          <StackTrace>   at CurrencyWarsAssistant.Tests.HistoricalPopulationHtmlTests.SharedWebViewReportKeepsNodeReadableWhenPopulationIsUnknown() in D:\Codex-2\work\CurrencyWarsAssistant-0.2.839-audit-20260808\tests\CurrencyWarsAssistant.Tests\HistoricalPopulationHtmlTests.cs:line 48&#xD;
--- End of stack trace from previous location ---</StackTrace>
        </ErrorInfo>
      </Output>
    </UnitTestResult>
    <UnitTestResult executionId="d0fe6dbc-6a6f-4d91-80ca-37998247308b" testId="aab0b0ab-d097-db95-73ef-2fb27f071e61" testName="CurrencyWarsAssistant.Tests.HistoricalPopulationHtmlTests.SharedWebViewReportRendersKnownPopulationFromPersistedState" computerName="ZZZ的电脑" duration="00:00:00.1196215" startTime="2026-08-09T03:46:49.5871231+08:00" endTime="2026-08-09T03:46:49.5871233+08:00" testType="13cdc9d9-ddb5-4fa4-a97d-d965ccfc6d4b" outcome="Failed" testListId="8c84fa94-04c1-424b-9868-57a2d4851a1d" relativeResultsDirectory="d0fe6dbc-6a6f-4d91-80ca-37998247308b">
      <Output>
        <ErrorInfo>
          <Message>Assert.Contains() Failure: Sub-string not found&#xD;
String:    "&lt;!DOCTYPE html&gt;\r\n&lt;html lang="zh-CN"&gt;&lt;head"···&#xD;
Not found: "stat-label"&gt;人口&lt;/span&gt;&lt;span class="stat-va"···</Message>
          <StackTrace>   at CurrencyWarsAssistant.Tests.HistoricalPopulationHtmlTests.SharedWebViewReportRendersKnownPopulationFromPersistedState() in D:\Codex-2\work\CurrencyWarsAssistant-0.2.839-audit-20260808\tests\CurrencyWarsAssistant.Tests\HistoricalPopulationHtmlTests.cs:line 26&#xD;
--- End of stack trace from previous location ---</StackTrace>
        </ErrorInfo>
      </Output>
    </UnitTestResult>
  </Results>
  <TestDefinitions>
    <UnitTest name="CurrencyWarsAssistant.Tests.HistoricalPopulationHtmlTests.SharedWebViewReportKeepsNodeReadableWhenPopulationIsUnknown" storage="d:\codex-2\work\currencywarsassistant-0.2.839-audit-20260808\tests\currencywarsassistant.tests\bin\release\net8.0-windows10.0.19041.0\currencywarsassistant.tests.dll" id="ee99ff48-7944-e18b-d795-cdd0d4cb4a65">
      <Execution id="4b792b0b-4cd8-4df0-8b01-9142fb535207" />
      <TestMethod codeBase="D:\Codex-2\work\CurrencyWarsAssistant-0.2.839-audit-20260808\tests\CurrencyWarsAssistant.Tests\bin\Release\net8.0-windows10.0.19041.0\CurrencyWarsAssistant.Tests.dll" adapterTypeName="executor://xunit/VsTestRunner2/netcoreapp" className="CurrencyWarsAssistant.Tests.HistoricalPopulationHtmlTests" name="SharedWebViewReportKeepsNodeReadableWhenPopulationIsUnknown" />
    </UnitTest>
    <UnitTest name="CurrencyWarsAssistant.Tests.HistoricalPopulationHtmlTests.SharedWebViewReportRendersKnownPopulationFromPersistedState" storage="d:\codex-2\work\currencywarsassistant-0.2.839-audit-20260808\tests\currencywarsassistant.tests\bin\release\net8.0-windows10.0.19041.0\currencywarsassistant.tests.dll" id="aab0b0ab-d097-db95-73ef-2fb27f071e61">
      <Execution id="d0fe6dbc-6a6f-4d91-80ca-37998247308b" />
      <TestMethod codeBase="D:\Codex-2\work\CurrencyWarsAssistant-0.2.839-audit-20260808\tests\CurrencyWarsAssistant.Tests\bin\Release\net8.0-windows10.0.19041.0\CurrencyWarsAssistant.Tests.dll" adapterTypeName="executor://xunit/VsTestRunner2/netcoreapp" className="CurrencyWarsAssistant.Tests.HistoricalPopulationHtmlTests" name="SharedWebViewReportRendersKnownPopulationFromPersistedState" />
    </UnitTest>
  </TestDefinitions>
  <TestEntries>
    <TestEntry testId="ee99ff48-7944-e18b-d795-cdd0d4cb4a65" executionId="4b792b0b-4cd8-4df0-8b01-9142fb535207" testListId="8c84fa94-04c1-424b-9868-57a2d4851a1d" />
    <TestEntry testId="aab0b0ab-d097-db95-73ef-2fb27f071e61" executionId="d0fe6dbc-6a6f-4d91-80ca-37998247308b" testListId="8c84fa94-04c1-424b-9868-57a2d4851a1d" />
  </TestEntries>
  <TestLists>
    <TestList name="列表中未列出的结果" id="8c84fa94-04c1-424b-9868-57a2d4851a1d" />
    <TestList name="所有已加载的结果" id="19431567-8539-422a-85d7-44ee4e166bda" />
  </TestLists>
  <ResultSummary outcome="Failed">
    <Counters total="2" executed="2" passed="0" failed="2" error="0" timeout="0" aborted="0" inconclusive="0" passedButRunAborted="0" notRunnable="0" notExecuted="0" disconnected="0" warning="0" completed="0" inProgress="0" pending="0" />
    <Output>
      <StdOut>[xUnit.net 00:00:00.00] xUnit.net VSTest Adapter v2.8.2+699d445a1a (64-bit .NET 8.0.29)&#xD;
[xUnit.net 00:00:02.04]   Discovering: CurrencyWarsAssistant.Tests&#xD;
[xUnit.net 00:00:02.13]   Discovered:  CurrencyWarsAssistant.Tests&#xD;
[xUnit.net 00:00:02.13]   Starting:    CurrencyWarsAssistant.Tests&#xD;
[xUnit.net 00:00:02.50]       Assert.Contains() Failure: Sub-string not found&#xD;
[xUnit.net 00:00:02.50]       String:    "&lt;!DOCTYPE html&gt;\r\n&lt;html lang="zh-CN"&gt;&lt;head"···&#xD;
[xUnit.net 00:00:02.50]       Not found: "stat-label"&gt;人口&lt;/span&gt;&lt;span class="stat-va"···&#xD;
[xUnit.net 00:00:02.50]       Stack Trace:&#xD;
[xUnit.net 00:00:02.50]         D:\Codex-2\work\CurrencyWarsAssistant-0.2.839-audit-20260808\tests\CurrencyWarsAssistant.Tests\HistoricalPopulationHtmlTests.cs(48,0): at CurrencyWarsAssistant.Tests.HistoricalPopulationHtmlTests.SharedWebViewReportKeepsNodeReadableWhenPopulationIsUnknown()&#xD;
[xUnit.net 00:00:02.50]         --- End of stack trace from previous location ---&#xD;
[xUnit.net 00:00:02.62]       Assert.Contains() Failure: Sub-string not found&#xD;
[xUnit.net 00:00:02.62]       String:    "&lt;!DOCTYPE html&gt;\r\n&lt;html lang="zh-CN"&gt;&lt;head"···&#xD;
[xUnit.net 00:00:02.62]       Not found: "stat-label"&gt;人口&lt;/span&gt;&lt;span class="stat-va"···&#xD;
[xUnit.net 00:00:02.62]       Stack Trace:&#xD;
[xUnit.net 00:00:02.62]         D:\Codex-2\work\CurrencyWarsAssistant-0.2.839-audit-20260808\tests\CurrencyWarsAssistant.Tests\HistoricalPopulationHtmlTests.cs(26,0): at CurrencyWarsAssistant.Tests.HistoricalPopulationHtmlTests.SharedWebViewReportRendersKnownPopulationFromPersistedState()&#xD;
[xUnit.net 00:00:02.62]         --- End of stack trace from previous location ---&#xD;
[xUnit.net 00:00:02.62]   Finished:    CurrencyWarsAssistant.Tests&#xD;
</StdOut>
    </Output>
    <RunInfos>
      <RunInfo computerName="ZZZ的电脑" outcome="Error" timestamp="2026-08-09T03:46:49.4674882+08:00">
        <Text>[xUnit.net 00:00:02.50]     CurrencyWarsAssistant.Tests.HistoricalPopulationHtmlTests.SharedWebViewReportKeepsNodeReadableWhenPopulationIsUnknown [FAIL]</Text>
      </RunInfo>
      <RunInfo computerName="ZZZ的电脑" outcome="Error" timestamp="2026-08-09T03:46:49.5870644+08:00">
        <Text>[xUnit.net 00:00:02.62]     CurrencyWarsAssistant.Tests.HistoricalPopulationHtmlTests.SharedWebViewReportRendersKnownPopulationFromPersistedState [FAIL]</Text>
      </RunInfo>
    </RunInfos>
  </ResultSummary>
</TestRun>