<?xml version="1.0" encoding="utf-8"?>
<TestRun id="2088e7e0-a37a-434c-81d4-34987918fc9b" name="zzz81@ZZZ的电脑 2026-08-09 03:41:55" runUser="ZZZ的电脑\zzz81" xmlns="http://microsoft.com/schemas/VisualStudio/TeamTest/2010">
  <Times creation="2026-08-09T03:41:55.8792145+08:00" queuing="2026-08-09T03:41:55.8792148+08:00" start="2026-08-09T03:41:52.4689871+08:00" finish="2026-08-09T03:41:55.8838670+08:00" />
  <TestSettings name="default" id="fb458632-a82e-45ca-9d27-7e498997a444">
    <Deployment runDeploymentRoot="zzz81_ZZZ的电脑_2026-08-09_03_41_55" />
  </TestSettings>
  <Results>
    <UnitTestResult executionId="776dd97d-b4bd-4afa-bb0e-a8f27a7fa88d" testId="aab0b0ab-d097-db95-73ef-2fb27f071e61" testName="CurrencyWarsAssistant.Tests.HistoricalPopulationHtmlTests.SharedWebViewReportRendersKnownPopulationFromPersistedState" computerName="ZZZ的电脑" duration="00:00:00.3303374" startTime="2026-08-09T03:41:55.8209317+08:00" endTime="2026-08-09T03:41:55.8209438+08:00" testType="13cdc9d9-ddb5-4fa4-a97d-d965ccfc6d4b" outcome="Failed" testListId="8c84fa94-04c1-424b-9868-57a2d4851a1d" relativeResultsDirectory="776dd97d-b4bd-4afa-bb0e-a8f27a7fa88d">
      <Output>
        <ErrorInfo>
          <Message>Assert.Contains() Failure: Sub-string not found&#xD;
String:    "&lt;!DOCTYPE html&gt;\r\n&lt;html lang="zh-CN"&gt;&lt;head"···&#xD;
Not found: "stat-label"&gt;人口&lt;/span&gt;&lt;span class="stat-va"···</Message>
          <StackTrace>   at CurrencyWarsAssistant.Tests.HistoricalPopulationHtmlTests.SharedWebViewReportRendersKnownPopulationFromPersistedState() in D:\Codex-2\work\CurrencyWarsAssistant-0.2.839-audit-20260808\tests\CurrencyWarsAssistant.Tests\HistoricalPopulationHtmlTests.cs:line 82&#xD;
--- End of stack trace from previous location ---</StackTrace>
        </ErrorInfo>
      </Output>
    </UnitTestResult>
  </Results>
  <TestDefinitions>
    <UnitTest name="CurrencyWarsAssistant.Tests.HistoricalPopulationHtmlTests.SharedWebViewReportRendersKnownPopulationFromPersistedState" storage="d:\codex-2\work\currencywarsassistant-0.2.839-audit-20260808\tests\currencywarsassistant.tests\bin\release\net8.0-windows10.0.19041.0\currencywarsassistant.tests.dll" id="aab0b0ab-d097-db95-73ef-2fb27f071e61">
      <Execution id="776dd97d-b4bd-4afa-bb0e-a8f27a7fa88d" />
      <TestMethod codeBase="D:\Codex-2\work\CurrencyWarsAssistant-0.2.839-audit-20260808\tests\CurrencyWarsAssistant.Tests\bin\Release\net8.0-windows10.0.19041.0\CurrencyWarsAssistant.Tests.dll" adapterTypeName="executor://xunit/VsTestRunner2/netcoreapp" className="CurrencyWarsAssistant.Tests.HistoricalPopulationHtmlTests" name="SharedWebViewReportRendersKnownPopulationFromPersistedState" />
    </UnitTest>
  </TestDefinitions>
  <TestEntries>
    <TestEntry testId="aab0b0ab-d097-db95-73ef-2fb27f071e61" executionId="776dd97d-b4bd-4afa-bb0e-a8f27a7fa88d" testListId="8c84fa94-04c1-424b-9868-57a2d4851a1d" />
  </TestEntries>
  <TestLists>
    <TestList name="列表中未列出的结果" id="8c84fa94-04c1-424b-9868-57a2d4851a1d" />
    <TestList name="所有已加载的结果" id="19431567-8539-422a-85d7-44ee4e166bda" />
  </TestLists>
  <ResultSummary outcome="Failed">
    <Counters total="1" executed="1" passed="0" failed="1" error="0" timeout="0" aborted="0" inconclusive="0" passedButRunAborted="0" notRunnable="0" notExecuted="0" disconnected="0" warning="0" completed="0" inProgress="0" pending="0" />
    <Output>
      <StdOut>[xUnit.net 00:00:00.00] xUnit.net VSTest Adapter v2.8.2+699d445a1a (64-bit .NET 8.0.29)&#xD;
[xUnit.net 00:00:02.60]   Discovering: CurrencyWarsAssistant.Tests&#xD;
[xUnit.net 00:00:02.69]   Discovered:  CurrencyWarsAssistant.Tests&#xD;
[xUnit.net 00:00:02.69]   Starting:    CurrencyWarsAssistant.Tests&#xD;
[xUnit.net 00:00:03.06]       Assert.Contains() Failure: Sub-string not found&#xD;
[xUnit.net 00:00:03.06]       String:    "&lt;!DOCTYPE html&gt;\r\n&lt;html lang="zh-CN"&gt;&lt;head"···&#xD;
[xUnit.net 00:00:03.06]       Not found: "stat-label"&gt;人口&lt;/span&gt;&lt;span class="stat-va"···&#xD;
[xUnit.net 00:00:03.06]       Stack Trace:&#xD;
[xUnit.net 00:00:03.06]         D:\Codex-2\work\CurrencyWarsAssistant-0.2.839-audit-20260808\tests\CurrencyWarsAssistant.Tests\HistoricalPopulationHtmlTests.cs(82,0): at CurrencyWarsAssistant.Tests.HistoricalPopulationHtmlTests.SharedWebViewReportRendersKnownPopulationFromPersistedState()&#xD;
[xUnit.net 00:00:03.06]         --- End of stack trace from previous location ---&#xD;
[xUnit.net 00:00:03.07]   Finished:    CurrencyWarsAssistant.Tests&#xD;
</StdOut>
    </Output>
    <RunInfos>
      <RunInfo computerName="ZZZ的电脑" outcome="Error" timestamp="2026-08-09T03:41:55.8193303+08:00">
        <Text>[xUnit.net 00:00:03.06]     CurrencyWarsAssistant.Tests.HistoricalPopulationHtmlTests.SharedWebViewReportRendersKnownPopulationFromPersistedState [FAIL]</Text>
      </RunInfo>
    </RunInfos>
  </ResultSummary>
</TestRun>