<?xml version="1.0" encoding="utf-8"?>
<TestRun id="e76c75a3-125c-4ff9-ae2f-e7755af01ab7" name="zzz81@ZZZ的电脑 2026-08-09 00:34:59" runUser="ZZZ的电脑\zzz81" xmlns="http://microsoft.com/schemas/VisualStudio/TeamTest/2010">
  <Times creation="2026-08-09T00:34:59.1752342+08:00" queuing="2026-08-09T00:34:59.1752343+08:00" start="2026-08-09T00:34:51.7290078+08:00" finish="2026-08-09T00:34:59.1799021+08:00" />
  <TestSettings name="default" id="b7eaac98-8067-48d1-ac1d-57810d9e6467">
    <Deployment runDeploymentRoot="zzz81_ZZZ的电脑_2026-08-09_00_34_59" />
  </TestSettings>
  <Results>
    <UnitTestResult executionId="014b3f8c-6c60-48c4-baaf-65b71a519c52" testId="0c175af0-41d0-9896-4074-81c2667228c9" testName="CurrencyWarsAssistant.Tests.Phase2OperationalCollectionTests.UnknownFormationEvidenceUsesReferenceSpaceAtAnyResolution" computerName="ZZZ的电脑" duration="00:00:00.2437243" startTime="2026-08-09T00:34:59.0293454+08:00" endTime="2026-08-09T00:34:59.0293564+08:00" testType="13cdc9d9-ddb5-4fa4-a97d-d965ccfc6d4b" outcome="Passed" testListId="8c84fa94-04c1-424b-9868-57a2d4851a1d" relativeResultsDirectory="014b3f8c-6c60-48c4-baaf-65b71a519c52" />
    <UnitTestResult executionId="1ce2a83e-4ffc-402f-980e-dada266146bd" testId="b68599d6-25ab-fad5-0c1c-90f4872bcf28" testName="CurrencyWarsAssistant.Tests.Phase2OperationalCollectionTests.KnownSpecialFormationUnitIsPreservedAsNonDecisionEvidence" computerName="ZZZ的电脑" duration="00:00:00.0855017" startTime="2026-08-09T00:34:59.1155111+08:00" endTime="2026-08-09T00:34:59.1155112+08:00" testType="13cdc9d9-ddb5-4fa4-a97d-d965ccfc6d4b" outcome="Passed" testListId="8c84fa94-04c1-424b-9868-57a2d4851a1d" relativeResultsDirectory="1ce2a83e-4ffc-402f-980e-dada266146bd" />
  </Results>
  <TestDefinitions>
    <UnitTest name="CurrencyWarsAssistant.Tests.Phase2OperationalCollectionTests.UnknownFormationEvidenceUsesReferenceSpaceAtAnyResolution" storage="d:\codex-2\work\currencywarsassistant-0.2.839-audit-20260808\tests\currencywarsassistant.tests\bin\release\net8.0-windows10.0.19041.0\currencywarsassistant.tests.dll" id="0c175af0-41d0-9896-4074-81c2667228c9">
      <Execution id="014b3f8c-6c60-48c4-baaf-65b71a519c52" />
      <TestMethod codeBase="D:\Codex-2\work\CurrencyWarsAssistant-0.2.839-audit-20260808\tests\CurrencyWarsAssistant.Tests\bin\Release\net8.0-windows10.0.19041.0\CurrencyWarsAssistant.Tests.dll" adapterTypeName="executor://xunit/VsTestRunner2/netcoreapp" className="CurrencyWarsAssistant.Tests.Phase2OperationalCollectionTests" name="UnknownFormationEvidenceUsesReferenceSpaceAtAnyResolution" />
    </UnitTest>
    <UnitTest name="CurrencyWarsAssistant.Tests.Phase2OperationalCollectionTests.KnownSpecialFormationUnitIsPreservedAsNonDecisionEvidence" storage="d:\codex-2\work\currencywarsassistant-0.2.839-audit-20260808\tests\currencywarsassistant.tests\bin\release\net8.0-windows10.0.19041.0\currencywarsassistant.tests.dll" id="b68599d6-25ab-fad5-0c1c-90f4872bcf28">
      <Execution id="1ce2a83e-4ffc-402f-980e-dada266146bd" />
      <TestMethod codeBase="D:\Codex-2\work\CurrencyWarsAssistant-0.2.839-audit-20260808\tests\CurrencyWarsAssistant.Tests\bin\Release\net8.0-windows10.0.19041.0\CurrencyWarsAssistant.Tests.dll" adapterTypeName="executor://xunit/VsTestRunner2/netcoreapp" className="CurrencyWarsAssistant.Tests.Phase2OperationalCollectionTests" name="KnownSpecialFormationUnitIsPreservedAsNonDecisionEvidence" />
    </UnitTest>
  </TestDefinitions>
  <TestEntries>
    <TestEntry testId="0c175af0-41d0-9896-4074-81c2667228c9" executionId="014b3f8c-6c60-48c4-baaf-65b71a519c52" testListId="8c84fa94-04c1-424b-9868-57a2d4851a1d" />
    <TestEntry testId="b68599d6-25ab-fad5-0c1c-90f4872bcf28" executionId="1ce2a83e-4ffc-402f-980e-dada266146bd" testListId="8c84fa94-04c1-424b-9868-57a2d4851a1d" />
  </TestEntries>
  <TestLists>
    <TestList name="列表中未列出的结果" id="8c84fa94-04c1-424b-9868-57a2d4851a1d" />
    <TestList name="所有已加载的结果" id="19431567-8539-422a-85d7-44ee4e166bda" />
  </TestLists>
  <ResultSummary outcome="Completed">
    <Counters total="2" executed="2" passed="2" failed="0" error="0" timeout="0" aborted="0" inconclusive="0" passedButRunAborted="0" notRunnable="0" notExecuted="0" disconnected="0" warning="0" completed="0" inProgress="0" pending="0" />
    <Output>
      <StdOut>[xUnit.net 00:00:00.00] xUnit.net VSTest Adapter v2.8.2+699d445a1a (64-bit .NET 8.0.29)&#xD;
[xUnit.net 00:00:06.64]   Discovering: CurrencyWarsAssistant.Tests&#xD;
[xUnit.net 00:00:06.73]   Discovered:  CurrencyWarsAssistant.Tests&#xD;
[xUnit.net 00:00:06.73]   Starting:    CurrencyWarsAssistant.Tests&#xD;
[xUnit.net 00:00:07.10]   Finished:    CurrencyWarsAssistant.Tests&#xD;
</StdOut>
    </Output>
  </ResultSummary>
</TestRun>