<?xml version="1.0" encoding="utf-8"?>
<TestRun id="a9cf76c0-b47e-4363-9997-25e11513955e" name="zzz81@ZZZ的电脑 2026-08-09 16:02:31" runUser="ZZZ的电脑\zzz81" xmlns="http://microsoft.com/schemas/VisualStudio/TeamTest/2010">
  <Times creation="2026-08-09T16:02:31.5489941+08:00" queuing="2026-08-09T16:02:31.5489943+08:00" start="2026-08-09T16:02:20.3897250+08:00" finish="2026-08-09T16:02:39.1845198+08:00" />
  <TestSettings name="default" id="caf7998a-c408-463b-8f9c-138d6ad1193d">
    <Deployment runDeploymentRoot="zzz81_ZZZ的电脑_2026-08-09_16_02_31" />
  </TestSettings>
  <Results>
    <UnitTestResult executionId="624062dc-171c-48da-b80f-fbc7eb5dc464" testId="0923727b-c5b9-3668-594b-211fcf0d21c5" testName="CurrencyWarsAssistant.Tests.Phase2BattleOutcomeHealthTests.UnchangedHealthAlone_DoesNotClaimPerfectClear" computerName="ZZZ的电脑" duration="00:00:00.0011462" startTime="2026-08-09T16:02:31.5398129+08:00" endTime="2026-08-09T16:02:31.5398131+08:00" testType="13cdc9d9-ddb5-4fa4-a97d-d965ccfc6d4b" outcome="Passed" testListId="8c84fa94-04c1-424b-9868-57a2d4851a1d" relativeResultsDirectory="624062dc-171c-48da-b80f-fbc7eb5dc464" />
    <UnitTestResult executionId="b6ecc33a-2f33-4265-8f93-ce0baa51b734" testId="cf1a6ca6-f124-f1bc-e6fc-9a8f7abf63e9" testName="CurrencyWarsAssistant.Tests.Phase2FinalEvidenceFrameCacheTests.CanonicalSourceParsingRejectsCrossRunAndTraversal" computerName="ZZZ的电脑" duration="00:00:00.0059208" startTime="2026-08-09T16:02:31.2785613+08:00" endTime="2026-08-09T16:02:31.2785614+08:00" testType="13cdc9d9-ddb5-4fa4-a97d-d965ccfc6d4b" outcome="Passed" testListId="8c84fa94-04c1-424b-9868-57a2d4851a1d" relativeResultsDirectory="b6ecc33a-2f33-4265-8f93-ce0baa51b734" />
    <UnitTestResult executionId="040d191b-c882-4150-a652-bd4cdf11cfc5" testId="02d2a488-ded2-b45b-5e4b-f0f60c702b8f" testName="CurrencyWarsAssistant.Tests.Phase2BattleOutcomeHealthTests.ConfirmedHealthLoss_CorrectsSmallTerminalActionToZero(rawTerminalAction: 3)" computerName="ZZZ的电脑" duration="00:00:00.0018446" startTime="2026-08-09T16:02:31.5160715+08:00" endTime="2026-08-09T16:02:31.5160718+08:00" testType="13cdc9d9-ddb5-4fa4-a97d-d965ccfc6d4b" outcome="Passed" testListId="8c84fa94-04c1-424b-9868-57a2d4851a1d" relativeResultsDirectory="040d191b-c882-4150-a652-bd4cdf11cfc5" />
    <UnitTestResult executionId="2eaea317-be93-4bad-832c-d7a00ebb6f43" testId="93ae7235-15db-2743-3edc-5cde286add07" testName="CurrencyWarsAssistant.Tests.Phase2BattleOutcomeHealthTests.SingleYellowPageHealthOutranksLaterPreparationFallback" computerName="ZZZ的电脑" duration="00:00:00.0019525" startTime="2026-08-09T16:02:31.5302630+08:00" endTime="2026-08-09T16:02:31.5302631+08:00" testType="13cdc9d9-ddb5-4fa4-a97d-d965ccfc6d4b" outcome="Passed" testListId="8c84fa94-04c1-424b-9868-57a2d4851a1d" relativeResultsDirectory="2eaea317-be93-4bad-832c-d7a00ebb6f43" />
    <UnitTestResult executionId="258fbfbd-ebbf-40d0-b33e-8fdbd8b6328b" testId="17277540-df5a-8226-e61b-65bfc8e8647c" testName="CurrencyWarsAssistant.Tests.Phase2BattleOutcomeHealthTests.ConfirmedHealthLoss_CorrectsSmallTerminalActionToZero(rawTerminalAction: 2)" computerName="ZZZ的电脑" duration="00:00:00.0016435" startTime="2026-08-09T16:02:31.5287806+08:00" endTime="2026-08-09T16:02:31.5287807+08:00" testType="13cdc9d9-ddb5-4fa4-a97d-d965ccfc6d4b" outcome="Passed" testListId="8c84fa94-04c1-424b-9868-57a2d4851a1d" relativeResultsDirectory="258fbfbd-ebbf-40d0-b33e-8fdbd8b6328b" />
    <UnitTestResult executionId="dcbca6ae-9112-4377-8ad5-5d501c1d1b19" testId="b66567b5-d474-f2c4-b130-76271c9d940a" testName="CurrencyWarsAssistant.Tests.Phase2BattleOutcomeHealthTests.PreparationBackToNodeOneOneConfirmsNewRunBoundaryImmediately" computerName="ZZZ的电脑" duration="00:00:00.0016827" startTime="2026-08-09T16:02:31.5385839+08:00" endTime="2026-08-09T16:02:31.5385841+08:00" testType="13cdc9d9-ddb5-4fa4-a97d-d965ccfc6d4b" outcome="Passed" testListId="8c84fa94-04c1-424b-9868-57a2d4851a1d" relativeResultsDirectory="dcbca6ae-9112-4377-8ad5-5d501c1d1b19" />
    <UnitTestResult executionId="4e78527c-4459-4d1d-a7f3-b9ccd5db476d" testId="569a9f95-bed1-7672-165f-ad0d84126d4b" testName="CurrencyWarsAssistant.Tests.Phase2BattleOutcomeHealthTests.SingleFalseOneOneObservationDoesNotConfirmNewRun" computerName="ZZZ的电脑" duration="00:00:00.0009456" startTime="2026-08-09T16:02:31.5456816+08:00" endTime="2026-08-09T16:02:31.5456817+08:00" testType="13cdc9d9-ddb5-4fa4-a97d-d965ccfc6d4b" outcome="Passed" testListId="8c84fa94-04c1-424b-9868-57a2d4851a1d" relativeResultsDirectory="4e78527c-4459-4d1d-a7f3-b9ccd5db476d" />
    <UnitTestResult executionId="b718db3d-6822-4f64-8c10-35811d6fbefe" testId="610a1fca-ca09-182c-c635-17c56c4c27c0" testName="CurrencyWarsAssistant.Tests.Phase2BattleOutcomeHealthTests.BattleFrameWithUnknownNodeDoesNotConfirmBattleStart" computerName="ZZZ的电脑" duration="00:00:00.0005736" startTime="2026-08-09T16:02:31.5471077+08:00" endTime="2026-08-09T16:02:31.5471078+08:00" testType="13cdc9d9-ddb5-4fa4-a97d-d965ccfc6d4b" outcome="Passed" testListId="8c84fa94-04c1-424b-9868-57a2d4851a1d" relativeResultsDirectory="b718db3d-6822-4f64-8c10-35811d6fbefe" />
    <UnitTestResult executionId="99c4ff77-758c-4d84-8a9a-f529180a43f9" testId="15914654-87c1-bbcb-2ca8-a4ef121515c4" testName="CurrencyWarsAssistant.Tests.FinalBattleEvidencePersistenceTests.NewRunBoundaryPersistsSimultaneousFinalOnlyUnderPreviousRun" computerName="ZZZ的电脑" duration="00:00:02.8940595" startTime="2026-08-09T16:02:34.1473354+08:00" endTime="2026-08-09T16:02:34.1473358+08:00" testType="13cdc9d9-ddb5-4fa4-a97d-d965ccfc6d4b" outcome="Passed" testListId="8c84fa94-04c1-424b-9868-57a2d4851a1d" relativeResultsDirectory="99c4ff77-758c-4d84-8a9a-f529180a43f9" />
    <UnitTestResult executionId="9b399414-8cda-4c21-84ff-039364861925" testId="43d6f00a-f81b-69a4-01bd-6ec33c9f4778" testName="CurrencyWarsAssistant.Tests.Phase2BattleOutcomeHealthTests.LaterNodeTotalDoesNotEraseEarlierReadableCharacterRows" computerName="ZZZ的电脑" duration="00:00:00.0018769" startTime="2026-08-09T16:02:31.5417822+08:00" endTime="2026-08-09T16:02:31.5417824+08:00" testType="13cdc9d9-ddb5-4fa4-a97d-d965ccfc6d4b" outcome="Passed" testListId="8c84fa94-04c1-424b-9868-57a2d4851a1d" relativeResultsDirectory="9b399414-8cda-4c21-84ff-039364861925" />
    <UnitTestResult executionId="38a73ea7-7917-4674-979c-abe153e0a49a" testId="405b188e-9d06-346a-e866-33fbd0ab9c07" testName="CurrencyWarsAssistant.Tests.Phase2FinalEvidenceFrameCacheTests.MissingOrCrossRunFinalEvidenceFailsClosed" computerName="ZZZ的电脑" duration="00:00:00.0050081" startTime="2026-08-09T16:02:31.5390197+08:00" endTime="2026-08-09T16:02:31.5390198+08:00" testType="13cdc9d9-ddb5-4fa4-a97d-d965ccfc6d4b" outcome="Passed" testListId="8c84fa94-04c1-424b-9868-57a2d4851a1d" relativeResultsDirectory="38a73ea7-7917-4674-979c-abe153e0a49a" />
    <UnitTestResult executionId="f6378d57-e637-444d-be8b-d4efb237595d" testId="24664af1-edae-e69d-e17c-f4ac301c70ff" testName="CurrencyWarsAssistant.Tests.Phase2BattleOutcomeHealthTests.NormalBattle_IgnoresUnanchoredImpossibleSettlementGold" computerName="ZZZ的电脑" duration="00:00:00.0014563" startTime="2026-08-09T16:02:31.5433240+08:00" endTime="2026-08-09T16:02:31.5433242+08:00" testType="13cdc9d9-ddb5-4fa4-a97d-d965ccfc6d4b" outcome="Passed" testListId="8c84fa94-04c1-424b-9868-57a2d4851a1d" relativeResultsDirectory="f6378d57-e637-444d-be8b-d4efb237595d" />
    <UnitTestResult executionId="8866a75c-fda4-44c9-b89a-de27b51c9061" testId="b4b3d171-b057-aa98-953b-352ff9cd2d65" testName="CurrencyWarsAssistant.Tests.Phase2BattleOutcomeHealthTests.ConfirmedHealthLoss_CorrectsSmallTerminalActionToZero(rawTerminalAction: 1)" computerName="ZZZ的电脑" duration="00:00:00.0009573" startTime="2026-08-09T16:02:31.5171104+08:00" endTime="2026-08-09T16:02:31.5171106+08:00" testType="13cdc9d9-ddb5-4fa4-a97d-d965ccfc6d4b" outcome="Passed" testListId="8c84fa94-04c1-424b-9868-57a2d4851a1d" relativeResultsDirectory="8866a75c-fda4-44c9-b89a-de27b51c9061" />
    <UnitTestResult executionId="558280c8-35af-4576-adea-b49f1b9f3f97" testId="53c5b3e9-f52b-82cd-1e13-3821d8c8621d" testName="CurrencyWarsAssistant.Tests.Phase2BattleOutcomeHealthTests.FullPostBattleHealth_MarksPerfect" computerName="ZZZ的电脑" duration="00:00:00.0009726" startTime="2026-08-09T16:02:31.5368308+08:00" endTime="2026-08-09T16:02:31.5368309+08:00" testType="13cdc9d9-ddb5-4fa4-a97d-d965ccfc6d4b" outcome="Passed" testListId="8c84fa94-04c1-424b-9868-57a2d4851a1d" relativeResultsDirectory="558280c8-35af-4576-adea-b49f1b9f3f97" />
    <UnitTestResult executionId="4a49716e-7136-46fb-8738-7c5bacb483a9" testId="e2ab02d9-8fad-f5d5-b329-553ce577e5fe" testName="CurrencyWarsAssistant.Tests.Phase2BattleOutcomeHealthTests.NewRunBoundaryConfirmsAtFirstOneOnePreparation" computerName="ZZZ的电脑" duration="00:00:00.0010947" startTime="2026-08-09T16:02:31.5290502+08:00" endTime="2026-08-09T16:02:31.5290503+08:00" testType="13cdc9d9-ddb5-4fa4-a97d-d965ccfc6d4b" outcome="Passed" testListId="8c84fa94-04c1-424b-9868-57a2d4851a1d" relativeResultsDirectory="4a49716e-7136-46fb-8738-7c5bacb483a9" />
    <UnitTestResult executionId="259b949c-0db7-447f-8470-a8df4cb9013d" testId="331f5804-cff3-52c9-2c1e-ad1ce27ad815" testName="CurrencyWarsAssistant.Tests.Phase2FinalEvidenceFrameCacheTests.DefaultBoundsHoldTwelveNative4kBgraFrames" computerName="ZZZ的电脑" duration="00:00:00.0079758" startTime="2026-08-09T16:02:31.2746255+08:00" endTime="2026-08-09T16:02:31.2746491+08:00" testType="13cdc9d9-ddb5-4fa4-a97d-d965ccfc6d4b" outcome="Passed" testListId="8c84fa94-04c1-424b-9868-57a2d4851a1d" relativeResultsDirectory="259b949c-0db7-447f-8470-a8df4cb9013d" />
    <UnitTestResult executionId="b16bea2d-6ad0-4e0e-9da0-688740e00b73" testId="284a3f62-352f-7dbe-4228-cec3211ba803" testName="CurrencyWarsAssistant.Tests.Phase2BattleOutcomeHealthTests.OneConflictingBreakdownLikeGoldFrameCannotOverwriteOverviewTotal" computerName="ZZZ的电脑" duration="00:00:00.0031278" startTime="2026-08-09T16:02:31.5344261+08:00" endTime="2026-08-09T16:02:31.5344263+08:00" testType="13cdc9d9-ddb5-4fa4-a97d-d965ccfc6d4b" outcome="Passed" testListId="8c84fa94-04c1-424b-9868-57a2d4851a1d" relativeResultsDirectory="b16bea2d-6ad0-4e0e-9da0-688740e00b73" />
    <UnitTestResult executionId="79b584de-191e-4740-8c5f-bad192458186" testId="bee4c98b-cfdb-985a-e162-e084ddfc218a" testName="CurrencyWarsAssistant.Tests.Phase2BattleOutcomeHealthTests.ChallengeFailedPageFinalizesLastNodeWithoutInventingHealthDelta" computerName="ZZZ的电脑" duration="00:00:00.0077857" startTime="2026-08-09T16:02:31.5289903+08:00" endTime="2026-08-09T16:02:31.5289903+08:00" testType="13cdc9d9-ddb5-4fa4-a97d-d965ccfc6d4b" outcome="Passed" testListId="8c84fa94-04c1-424b-9868-57a2d4851a1d" relativeResultsDirectory="79b584de-191e-4740-8c5f-bad192458186" />
    <UnitTestResult executionId="40e35ac2-3a75-4e9e-918f-29c4ca6be530" testId="fcc34a58-3edf-3f52-d066-4e83165da0b6" testName="CurrencyWarsAssistant.Tests.Phase2BattleOutcomeHealthTests.SettledBattleWithCompleteFramesMarksNodeComplete" computerName="ZZZ的电脑" duration="00:00:00.0011633" startTime="2026-08-09T16:02:31.5535227+08:00" endTime="2026-08-09T16:02:31.5535228+08:00" testType="13cdc9d9-ddb5-4fa4-a97d-d965ccfc6d4b" outcome="Passed" testListId="8c84fa94-04c1-424b-9868-57a2d4851a1d" relativeResultsDirectory="40e35ac2-3a75-4e9e-918f-29c4ca6be530" />
    <UnitTestResult executionId="959ce58c-807f-4d72-a281-1097f1d9ccbb" testId="df996ebf-0994-bfec-cc6b-fdce143d1513" testName="CurrencyWarsAssistant.Tests.Phase2BattleOutcomeHealthTests.RewardBattle_AcceptsSemanticallyAnchoredChallengeSuccessGold" computerName="ZZZ的电脑" duration="00:00:00.0012746" startTime="2026-08-09T16:02:31.5364448+08:00" endTime="2026-08-09T16:02:31.5364449+08:00" testType="13cdc9d9-ddb5-4fa4-a97d-d965ccfc6d4b" outcome="Passed" testListId="8c84fa94-04c1-424b-9868-57a2d4851a1d" relativeResultsDirectory="959ce58c-807f-4d72-a281-1097f1d9ccbb" />
    <UnitTestResult executionId="00972258-7642-47c7-81d5-8ca172dcd4c0" testId="39694904-eb2d-e52c-6cf4-2cc9a95fd303" testName="CurrencyWarsAssistant.Tests.Phase2BattleOutcomeHealthTests.FailedTwoOneMisreadAsTwoTwoKeepsDamageTheoryAndReward" computerName="ZZZ的电脑" duration="00:00:00.0024136" startTime="2026-08-09T16:02:31.5488851+08:00" endTime="2026-08-09T16:02:31.5488852+08:00" testType="13cdc9d9-ddb5-4fa4-a97d-d965ccfc6d4b" outcome="Passed" testListId="8c84fa94-04c1-424b-9868-57a2d4851a1d" relativeResultsDirectory="00972258-7642-47c7-81d5-8ca172dcd4c0" />
    <UnitTestResult executionId="b2e46a08-091e-4d21-b36d-c9097650a917" testId="97e50497-bd33-0df3-3fa9-f73c8c87caad" testName="CurrencyWarsAssistant.Tests.Phase2BattleOutcomeHealthTests.HealthRecoveryByTwo_MarksPerfectWithoutActionEvidence" computerName="ZZZ的电脑" duration="00:00:00.2612519" startTime="2026-08-09T16:02:31.5141393+08:00" endTime="2026-08-09T16:02:31.5141396+08:00" testType="13cdc9d9-ddb5-4fa4-a97d-d965ccfc6d4b" outcome="Passed" testListId="8c84fa94-04c1-424b-9868-57a2d4851a1d" relativeResultsDirectory="b2e46a08-091e-4d21-b36d-c9097650a917" />
    <UnitTestResult executionId="592148f0-02fd-4d6b-ab3b-535d135d0125" testId="db438b95-0539-124d-839e-fcc0e446ce32" testName="CurrencyWarsAssistant.Tests.FinalBattleEvidencePersistenceTests.TerminalFinalizationPersistsEvidenceBeforeArchiveAndHonorsCleanup(deleteScreenshotsOnCompletion: True)" computerName="ZZZ的电脑" duration="00:00:01.9215182" startTime="2026-08-09T16:02:36.0693881+08:00" endTime="2026-08-09T16:02:36.0693884+08:00" testType="13cdc9d9-ddb5-4fa4-a97d-d965ccfc6d4b" outcome="Passed" testListId="8c84fa94-04c1-424b-9868-57a2d4851a1d" relativeResultsDirectory="592148f0-02fd-4d6b-ab3b-535d135d0125" />
    <UnitTestResult executionId="68901e99-aaf2-4fbb-a938-84d0a753e1d3" testId="ae2d00da-977e-ee7e-c01a-80a8f91756d2" testName="CurrencyWarsAssistant.Tests.Phase2BattleOutcomeHealthTests.ZeroActionWithoutHealthMarksNormalNodeFailedAndCapsTheoryAtDamage" computerName="ZZZ的电脑" duration="00:00:00.0031786" startTime="2026-08-09T16:02:31.5569576+08:00" endTime="2026-08-09T16:02:31.5569577+08:00" testType="13cdc9d9-ddb5-4fa4-a97d-d965ccfc6d4b" outcome="Passed" testListId="8c84fa94-04c1-424b-9868-57a2d4851a1d" relativeResultsDirectory="68901e99-aaf2-4fbb-a938-84d0a753e1d3" />
    <UnitTestResult executionId="99ee4445-84e5-4871-9477-7386b030d3b5" testId="aea0d02a-4dce-55b5-627c-fcc341d4fdc5" testName="CurrencyWarsAssistant.Tests.Phase2FinalEvidenceFrameCacheTests.PersistUsesOriginalRegisteredPixelsNotHeartbeatPixels" computerName="ZZZ的电脑" duration="00:00:00.2371674" startTime="2026-08-09T16:02:31.5098240+08:00" endTime="2026-08-09T16:02:31.5098244+08:00" testType="13cdc9d9-ddb5-4fa4-a97d-d965ccfc6d4b" outcome="Passed" testListId="8c84fa94-04c1-424b-9868-57a2d4851a1d" relativeResultsDirectory="99ee4445-84e5-4871-9477-7386b030d3b5" />
    <UnitTestResult executionId="d9e8a694-457f-4aec-9623-08c90505fe9d" testId="0ceadaa5-d3e9-d93f-9e9f-65378d0ec009" testName="CurrencyWarsAssistant.Tests.Phase2FinalEvidenceFrameCacheTests.PruneKeepsActiveAndLatestButDoesNotPersistUnreferencedFrames" computerName="ZZZ的电脑" duration="00:00:00.0137405" startTime="2026-08-09T16:02:31.5336789+08:00" endTime="2026-08-09T16:02:31.5336790+08:00" testType="13cdc9d9-ddb5-4fa4-a97d-d965ccfc6d4b" outcome="Passed" testListId="8c84fa94-04c1-424b-9868-57a2d4851a1d" relativeResultsDirectory="d9e8a694-457f-4aec-9623-08c90505fe9d" />
    <UnitTestResult executionId="692ee5c0-7a2e-440a-a5e5-846247b1945c" testId="47622212-d6e3-b296-a7d7-116f759ba349" testName="CurrencyWarsAssistant.Tests.Phase2BattleOutcomeHealthTests.MissingHealth_WithTenActions_RemainsUnknown" computerName="ZZZ的电脑" duration="00:00:00.0010479" startTime="2026-08-09T16:02:31.5310608+08:00" endTime="2026-08-09T16:02:31.5310609+08:00" testType="13cdc9d9-ddb5-4fa4-a97d-d965ccfc6d4b" outcome="Passed" testListId="8c84fa94-04c1-424b-9868-57a2d4851a1d" relativeResultsDirectory="692ee5c0-7a2e-440a-a5e5-846247b1945c" />
    <UnitTestResult executionId="b5160d08-5f6b-49e2-a109-76591463acf4" testId="0b9d4a51-a065-9340-8f7a-52b2806a4f1c" testName="CurrencyWarsAssistant.Tests.Phase2BattleOutcomeHealthTests.TwoMatchingPartialBattleTotalsBecomeUsableWithoutOverwritingRows" computerName="ZZZ的电脑" duration="00:00:00.0017550" startTime="2026-08-09T16:02:31.5507154+08:00" endTime="2026-08-09T16:02:31.5507155+08:00" testType="13cdc9d9-ddb5-4fa4-a97d-d965ccfc6d4b" outcome="Passed" testListId="8c84fa94-04c1-424b-9868-57a2d4851a1d" relativeResultsDirectory="b5160d08-5f6b-49e2-a109-76591463acf4" />
    <UnitTestResult executionId="6196e5d4-ecf0-438c-bbd1-4bf3001398d2" testId="8e49c4d9-04df-79fa-20ed-41056149085b" testName="CurrencyWarsAssistant.Tests.Phase2BattleOutcomeHealthTests.MissingHealth_WithMoreThanTenActions_MarksPerfect" computerName="ZZZ的电脑" duration="00:00:00.0009388" startTime="2026-08-09T16:02:31.5579735+08:00" endTime="2026-08-09T16:02:31.5579736+08:00" testType="13cdc9d9-ddb5-4fa4-a97d-d965ccfc6d4b" outcome="Passed" testListId="8c84fa94-04c1-424b-9868-57a2d4851a1d" relativeResultsDirectory="6196e5d4-ecf0-438c-bbd1-4bf3001398d2" />
    <UnitTestResult executionId="d8e55a49-f622-4eb6-8144-47b1dd1da810" testId="03e62dee-f420-4fd1-4976-35177d97815c" testName="CurrencyWarsAssistant.Tests.Phase2BattleOutcomeHealthTests.RewardBattle_IsPerfectAndIgnoresNonexistentSettlementGoldRow" computerName="ZZZ的电脑" duration="00:00:00.0012525" startTime="2026-08-09T16:02:31.5446612+08:00" endTime="2026-08-09T16:02:31.5446614+08:00" testType="13cdc9d9-ddb5-4fa4-a97d-d965ccfc6d4b" outcome="Passed" testListId="8c84fa94-04c1-424b-9868-57a2d4851a1d" relativeResultsDirectory="d8e55a49-f622-4eb6-8144-47b1dd1da810" />
    <UnitTestResult executionId="86ab3982-eb06-4196-9fb2-3774059c070a" testId="5b681404-5df8-a964-0b65-ea3f99ed5089" testName="CurrencyWarsAssistant.Tests.Phase2FinalEvidenceFrameCacheTests.CandidateCollectorIncludesBattleSettlementAndDiagnosticEvidence" computerName="ZZZ的电脑" duration="00:00:00.0034416" startTime="2026-08-09T16:02:31.5289189+08:00" endTime="2026-08-09T16:02:31.5289190+08:00" testType="13cdc9d9-ddb5-4fa4-a97d-d965ccfc6d4b" outcome="Passed" testListId="8c84fa94-04c1-424b-9868-57a2d4851a1d" relativeResultsDirectory="86ab3982-eb06-4196-9fb2-3774059c070a" />
    <UnitTestResult executionId="762a1b3b-1073-49fa-9fb2-2a319668598d" testId="2478725b-6554-779e-1094-a836b54a77fa" testName="CurrencyWarsAssistant.Tests.Phase2BattleOutcomeHealthTests.OneYellowFrameAndFirstOneNinePreparationFinalizeOneEight" computerName="ZZZ的电脑" duration="00:00:00.0014914" startTime="2026-08-09T16:02:31.5522959+08:00" endTime="2026-08-09T16:02:31.5522961+08:00" testType="13cdc9d9-ddb5-4fa4-a97d-d965ccfc6d4b" outcome="Passed" testListId="8c84fa94-04c1-424b-9868-57a2d4851a1d" relativeResultsDirectory="762a1b3b-1073-49fa-9fb2-2a319668598d" />
    <UnitTestResult executionId="00661911-849c-4ebd-8215-c3cb6270fb87" testId="559093a3-929f-b026-c130-533fa3b365bc" testName="CurrencyWarsAssistant.Tests.FinalBattleEvidencePersistenceTests.FinalNodeBattleReferencesOnlyBattleScreenshotsThatExist" computerName="ZZZ的电脑" duration="00:00:01.1556914" startTime="2026-08-09T16:02:39.1184421+08:00" endTime="2026-08-09T16:02:39.1184423+08:00" testType="13cdc9d9-ddb5-4fa4-a97d-d965ccfc6d4b" outcome="Passed" testListId="8c84fa94-04c1-424b-9868-57a2d4851a1d" relativeResultsDirectory="00661911-849c-4ebd-8215-c3cb6270fb87" />
    <UnitTestResult executionId="2fae6a28-bae9-421d-8a04-b062f8e3aa47" testId="a250e917-64fc-55e4-5d9b-4ce2ca8f1783" testName="CurrencyWarsAssistant.Tests.FinalBattleEvidencePersistenceTests.TerminalFinalizationPersistsEvidenceBeforeArchiveAndHonorsCleanup(deleteScreenshotsOnCompletion: False)" computerName="ZZZ的电脑" duration="00:00:01.8922752" startTime="2026-08-09T16:02:37.9622250+08:00" endTime="2026-08-09T16:02:37.9622252+08:00" testType="13cdc9d9-ddb5-4fa4-a97d-d965ccfc6d4b" outcome="Passed" testListId="8c84fa94-04c1-424b-9868-57a2d4851a1d" relativeResultsDirectory="2fae6a28-bae9-421d-8a04-b062f8e3aa47" />
    <UnitTestResult executionId="036d6114-bf6a-421b-b6fa-0341c31f71e6" testId="a60af5b8-d707-dbd3-bfe2-bf682bd9bd90" testName="CurrencyWarsAssistant.Tests.Phase2FinalEvidenceFrameCacheTests.BoundFailureDoesNotEvictActiveCandidateAndClearReleasesState" computerName="ZZZ的电脑" duration="00:00:00.0044955" startTime="2026-08-09T16:02:31.5156934+08:00" endTime="2026-08-09T16:02:31.5156935+08:00" testType="13cdc9d9-ddb5-4fa4-a97d-d965ccfc6d4b" outcome="Passed" testListId="8c84fa94-04c1-424b-9868-57a2d4851a1d" relativeResultsDirectory="036d6114-bf6a-421b-b6fa-0341c31f71e6" />
  </Results>
  <TestDefinitions>
    <UnitTest name="CurrencyWarsAssistant.Tests.Phase2BattleOutcomeHealthTests.OneYellowFrameAndFirstOneNinePreparationFinalizeOneEight" storage="d:\codex-2\work\currencywarsassistant-0.2.839-confirmed-20260809\tests\currencywarsassistant.tests\bin\release\net8.0-windows10.0.19041.0\currencywarsassistant.tests.dll" id="2478725b-6554-779e-1094-a836b54a77fa">
      <Execution id="762a1b3b-1073-49fa-9fb2-2a319668598d" />
      <TestMethod codeBase="D:\Codex-2\work\CurrencyWarsAssistant-0.2.839-confirmed-20260809\tests\CurrencyWarsAssistant.Tests\bin\Release\net8.0-windows10.0.19041.0\CurrencyWarsAssistant.Tests.dll" adapterTypeName="executor://xunit/VsTestRunner2/netcoreapp" className="CurrencyWarsAssistant.Tests.Phase2BattleOutcomeHealthTests" name="OneYellowFrameAndFirstOneNinePreparationFinalizeOneEight" />
    </UnitTest>
    <UnitTest name="CurrencyWarsAssistant.Tests.Phase2BattleOutcomeHealthTests.HealthRecoveryByTwo_MarksPerfectWithoutActionEvidence" storage="d:\codex-2\work\currencywarsassistant-0.2.839-confirmed-20260809\tests\currencywarsassistant.tests\bin\release\net8.0-windows10.0.19041.0\currencywarsassistant.tests.dll" id="97e50497-bd33-0df3-3fa9-f73c8c87caad">
      <Execution id="b2e46a08-091e-4d21-b36d-c9097650a917" />
      <TestMethod codeBase="D:\Codex-2\work\CurrencyWarsAssistant-0.2.839-confirmed-20260809\tests\CurrencyWarsAssistant.Tests\bin\Release\net8.0-windows10.0.19041.0\CurrencyWarsAssistant.Tests.dll" adapterTypeName="executor://xunit/VsTestRunner2/netcoreapp" className="CurrencyWarsAssistant.Tests.Phase2BattleOutcomeHealthTests" name="HealthRecoveryByTwo_MarksPerfectWithoutActionEvidence" />
    </UnitTest>
    <UnitTest name="CurrencyWarsAssistant.Tests.Phase2BattleOutcomeHealthTests.LaterNodeTotalDoesNotEraseEarlierReadableCharacterRows" storage="d:\codex-2\work\currencywarsassistant-0.2.839-confirmed-20260809\tests\currencywarsassistant.tests\bin\release\net8.0-windows10.0.19041.0\currencywarsassistant.tests.dll" id="43d6f00a-f81b-69a4-01bd-6ec33c9f4778">
      <Execution id="9b399414-8cda-4c21-84ff-039364861925" />
      <TestMethod codeBase="D:\Codex-2\work\CurrencyWarsAssistant-0.2.839-confirmed-20260809\tests\CurrencyWarsAssistant.Tests\bin\Release\net8.0-windows10.0.19041.0\CurrencyWarsAssistant.Tests.dll" adapterTypeName="executor://xunit/VsTestRunner2/netcoreapp" className="CurrencyWarsAssistant.Tests.Phase2BattleOutcomeHealthTests" name="LaterNodeTotalDoesNotEraseEarlierReadableCharacterRows" />
    </UnitTest>
    <UnitTest name="CurrencyWarsAssistant.Tests.Phase2FinalEvidenceFrameCacheTests.PersistUsesOriginalRegisteredPixelsNotHeartbeatPixels" storage="d:\codex-2\work\currencywarsassistant-0.2.839-confirmed-20260809\tests\currencywarsassistant.tests\bin\release\net8.0-windows10.0.19041.0\currencywarsassistant.tests.dll" id="aea0d02a-4dce-55b5-627c-fcc341d4fdc5">
      <Execution id="99ee4445-84e5-4871-9477-7386b030d3b5" />
      <TestMethod codeBase="D:\Codex-2\work\CurrencyWarsAssistant-0.2.839-confirmed-20260809\tests\CurrencyWarsAssistant.Tests\bin\Release\net8.0-windows10.0.19041.0\CurrencyWarsAssistant.Tests.dll" adapterTypeName="executor://xunit/VsTestRunner2/netcoreapp" className="CurrencyWarsAssistant.Tests.Phase2FinalEvidenceFrameCacheTests" name="PersistUsesOriginalRegisteredPixelsNotHeartbeatPixels" />
    </UnitTest>
    <UnitTest name="CurrencyWarsAssistant.Tests.Phase2FinalEvidenceFrameCacheTests.CanonicalSourceParsingRejectsCrossRunAndTraversal" storage="d:\codex-2\work\currencywarsassistant-0.2.839-confirmed-20260809\tests\currencywarsassistant.tests\bin\release\net8.0-windows10.0.19041.0\currencywarsassistant.tests.dll" id="cf1a6ca6-f124-f1bc-e6fc-9a8f7abf63e9">
      <Execution id="b6ecc33a-2f33-4265-8f93-ce0baa51b734" />
      <TestMethod codeBase="D:\Codex-2\work\CurrencyWarsAssistant-0.2.839-confirmed-20260809\tests\CurrencyWarsAssistant.Tests\bin\Release\net8.0-windows10.0.19041.0\CurrencyWarsAssistant.Tests.dll" adapterTypeName="executor://xunit/VsTestRunner2/netcoreapp" className="CurrencyWarsAssistant.Tests.Phase2FinalEvidenceFrameCacheTests" name="CanonicalSourceParsingRejectsCrossRunAndTraversal" />
    </UnitTest>
    <UnitTest name="CurrencyWarsAssistant.Tests.Phase2BattleOutcomeHealthTests.SettledBattleWithCompleteFramesMarksNodeComplete" storage="d:\codex-2\work\currencywarsassistant-0.2.839-confirmed-20260809\tests\currencywarsassistant.tests\bin\release\net8.0-windows10.0.19041.0\currencywarsassistant.tests.dll" id="fcc34a58-3edf-3f52-d066-4e83165da0b6">
      <Execution id="40e35ac2-3a75-4e9e-918f-29c4ca6be530" />
      <TestMethod codeBase="D:\Codex-2\work\CurrencyWarsAssistant-0.2.839-confirmed-20260809\tests\CurrencyWarsAssistant.Tests\bin\Release\net8.0-windows10.0.19041.0\CurrencyWarsAssistant.Tests.dll" adapterTypeName="executor://xunit/VsTestRunner2/netcoreapp" className="CurrencyWarsAssistant.Tests.Phase2BattleOutcomeHealthTests" name="SettledBattleWithCompleteFramesMarksNodeComplete" />
    </UnitTest>
    <UnitTest name="CurrencyWarsAssistant.Tests.Phase2BattleOutcomeHealthTests.FailedTwoOneMisreadAsTwoTwoKeepsDamageTheoryAndReward" storage="d:\codex-2\work\currencywarsassistant-0.2.839-confirmed-20260809\tests\currencywarsassistant.tests\bin\release\net8.0-windows10.0.19041.0\currencywarsassistant.tests.dll" id="39694904-eb2d-e52c-6cf4-2cc9a95fd303">
      <Execution id="00972258-7642-47c7-81d5-8ca172dcd4c0" />
      <TestMethod codeBase="D:\Codex-2\work\CurrencyWarsAssistant-0.2.839-confirmed-20260809\tests\CurrencyWarsAssistant.Tests\bin\Release\net8.0-windows10.0.19041.0\CurrencyWarsAssistant.Tests.dll" adapterTypeName="executor://xunit/VsTestRunner2/netcoreapp" className="CurrencyWarsAssistant.Tests.Phase2BattleOutcomeHealthTests" name="FailedTwoOneMisreadAsTwoTwoKeepsDamageTheoryAndReward" />
    </UnitTest>
    <UnitTest name="CurrencyWarsAssistant.Tests.Phase2BattleOutcomeHealthTests.FullPostBattleHealth_MarksPerfect" storage="d:\codex-2\work\currencywarsassistant-0.2.839-confirmed-20260809\tests\currencywarsassistant.tests\bin\release\net8.0-windows10.0.19041.0\currencywarsassistant.tests.dll" id="53c5b3e9-f52b-82cd-1e13-3821d8c8621d">
      <Execution id="558280c8-35af-4576-adea-b49f1b9f3f97" />
      <TestMethod codeBase="D:\Codex-2\work\CurrencyWarsAssistant-0.2.839-confirmed-20260809\tests\CurrencyWarsAssistant.Tests\bin\Release\net8.0-windows10.0.19041.0\CurrencyWarsAssistant.Tests.dll" adapterTypeName="executor://xunit/VsTestRunner2/netcoreapp" className="CurrencyWarsAssistant.Tests.Phase2BattleOutcomeHealthTests" name="FullPostBattleHealth_MarksPerfect" />
    </UnitTest>
    <UnitTest name="CurrencyWarsAssistant.Tests.Phase2FinalEvidenceFrameCacheTests.PruneKeepsActiveAndLatestButDoesNotPersistUnreferencedFrames" storage="d:\codex-2\work\currencywarsassistant-0.2.839-confirmed-20260809\tests\currencywarsassistant.tests\bin\release\net8.0-windows10.0.19041.0\currencywarsassistant.tests.dll" id="0ceadaa5-d3e9-d93f-9e9f-65378d0ec009">
      <Execution id="d9e8a694-457f-4aec-9623-08c90505fe9d" />
      <TestMethod codeBase="D:\Codex-2\work\CurrencyWarsAssistant-0.2.839-confirmed-20260809\tests\CurrencyWarsAssistant.Tests\bin\Release\net8.0-windows10.0.19041.0\CurrencyWarsAssistant.Tests.dll" adapterTypeName="executor://xunit/VsTestRunner2/netcoreapp" className="CurrencyWarsAssistant.Tests.Phase2FinalEvidenceFrameCacheTests" name="PruneKeepsActiveAndLatestButDoesNotPersistUnreferencedFrames" />
    </UnitTest>
    <UnitTest name="CurrencyWarsAssistant.Tests.Phase2BattleOutcomeHealthTests.SingleYellowPageHealthOutranksLaterPreparationFallback" storage="d:\codex-2\work\currencywarsassistant-0.2.839-confirmed-20260809\tests\currencywarsassistant.tests\bin\release\net8.0-windows10.0.19041.0\currencywarsassistant.tests.dll" id="93ae7235-15db-2743-3edc-5cde286add07">
      <Execution id="2eaea317-be93-4bad-832c-d7a00ebb6f43" />
      <TestMethod codeBase="D:\Codex-2\work\CurrencyWarsAssistant-0.2.839-confirmed-20260809\tests\CurrencyWarsAssistant.Tests\bin\Release\net8.0-windows10.0.19041.0\CurrencyWarsAssistant.Tests.dll" adapterTypeName="executor://xunit/VsTestRunner2/netcoreapp" className="CurrencyWarsAssistant.Tests.Phase2BattleOutcomeHealthTests" name="SingleYellowPageHealthOutranksLaterPreparationFallback" />
    </UnitTest>
    <UnitTest name="CurrencyWarsAssistant.Tests.Phase2FinalEvidenceFrameCacheTests.BoundFailureDoesNotEvictActiveCandidateAndClearReleasesState" storage="d:\codex-2\work\currencywarsassistant-0.2.839-confirmed-20260809\tests\currencywarsassistant.tests\bin\release\net8.0-windows10.0.19041.0\currencywarsassistant.tests.dll" id="a60af5b8-d707-dbd3-bfe2-bf682bd9bd90">
      <Execution id="036d6114-bf6a-421b-b6fa-0341c31f71e6" />
      <TestMethod codeBase="D:\Codex-2\work\CurrencyWarsAssistant-0.2.839-confirmed-20260809\tests\CurrencyWarsAssistant.Tests\bin\Release\net8.0-windows10.0.19041.0\CurrencyWarsAssistant.Tests.dll" adapterTypeName="executor://xunit/VsTestRunner2/netcoreapp" className="CurrencyWarsAssistant.Tests.Phase2FinalEvidenceFrameCacheTests" name="BoundFailureDoesNotEvictActiveCandidateAndClearReleasesState" />
    </UnitTest>
    <UnitTest name="CurrencyWarsAssistant.Tests.FinalBattleEvidencePersistenceTests.NewRunBoundaryPersistsSimultaneousFinalOnlyUnderPreviousRun" storage="d:\codex-2\work\currencywarsassistant-0.2.839-confirmed-20260809\tests\currencywarsassistant.tests\bin\release\net8.0-windows10.0.19041.0\currencywarsassistant.tests.dll" id="15914654-87c1-bbcb-2ca8-a4ef121515c4">
      <Execution id="99c4ff77-758c-4d84-8a9a-f529180a43f9" />
      <TestMethod codeBase="D:\Codex-2\work\CurrencyWarsAssistant-0.2.839-confirmed-20260809\tests\CurrencyWarsAssistant.Tests\bin\Release\net8.0-windows10.0.19041.0\CurrencyWarsAssistant.Tests.dll" adapterTypeName="executor://xunit/VsTestRunner2/netcoreapp" className="CurrencyWarsAssistant.Tests.FinalBattleEvidencePersistenceTests" name="NewRunBoundaryPersistsSimultaneousFinalOnlyUnderPreviousRun" />
    </UnitTest>
    <UnitTest name="CurrencyWarsAssistant.Tests.Phase2BattleOutcomeHealthTests.PreparationBackToNodeOneOneConfirmsNewRunBoundaryImmediately" storage="d:\codex-2\work\currencywarsassistant-0.2.839-confirmed-20260809\tests\currencywarsassistant.tests\bin\release\net8.0-windows10.0.19041.0\currencywarsassistant.tests.dll" id="b66567b5-d474-f2c4-b130-76271c9d940a">
      <Execution id="dcbca6ae-9112-4377-8ad5-5d501c1d1b19" />
      <TestMethod codeBase="D:\Codex-2\work\CurrencyWarsAssistant-0.2.839-confirmed-20260809\tests\CurrencyWarsAssistant.Tests\bin\Release\net8.0-windows10.0.19041.0\CurrencyWarsAssistant.Tests.dll" adapterTypeName="executor://xunit/VsTestRunner2/netcoreapp" className="CurrencyWarsAssistant.Tests.Phase2BattleOutcomeHealthTests" name="PreparationBackToNodeOneOneConfirmsNewRunBoundaryImmediately" />
    </UnitTest>
    <UnitTest name="CurrencyWarsAssistant.Tests.FinalBattleEvidencePersistenceTests.TerminalFinalizationPersistsEvidenceBeforeArchiveAndHonorsCleanup(deleteScreenshotsOnCompletion: True)" storage="d:\codex-2\work\currencywarsassistant-0.2.839-confirmed-20260809\tests\currencywarsassistant.tests\bin\release\net8.0-windows10.0.19041.0\currencywarsassistant.tests.dll" id="db438b95-0539-124d-839e-fcc0e446ce32">
      <Execution id="592148f0-02fd-4d6b-ab3b-535d135d0125" />
      <TestMethod codeBase="D:\Codex-2\work\CurrencyWarsAssistant-0.2.839-confirmed-20260809\tests\CurrencyWarsAssistant.Tests\bin\Release\net8.0-windows10.0.19041.0\CurrencyWarsAssistant.Tests.dll" adapterTypeName="executor://xunit/VsTestRunner2/netcoreapp" className="CurrencyWarsAssistant.Tests.FinalBattleEvidencePersistenceTests" name="TerminalFinalizationPersistsEvidenceBeforeArchiveAndHonorsCleanup" />
    </UnitTest>
    <UnitTest name="CurrencyWarsAssistant.Tests.Phase2BattleOutcomeHealthTests.ChallengeFailedPageFinalizesLastNodeWithoutInventingHealthDelta" storage="d:\codex-2\work\currencywarsassistant-0.2.839-confirmed-20260809\tests\currencywarsassistant.tests\bin\release\net8.0-windows10.0.19041.0\currencywarsassistant.tests.dll" id="bee4c98b-cfdb-985a-e162-e084ddfc218a">
      <Execution id="79b584de-191e-4740-8c5f-bad192458186" />
      <TestMethod codeBase="D:\Codex-2\work\CurrencyWarsAssistant-0.2.839-confirmed-20260809\tests\CurrencyWarsAssistant.Tests\bin\Release\net8.0-windows10.0.19041.0\CurrencyWarsAssistant.Tests.dll" adapterTypeName="executor://xunit/VsTestRunner2/netcoreapp" className="CurrencyWarsAssistant.Tests.Phase2BattleOutcomeHealthTests" name="ChallengeFailedPageFinalizesLastNodeWithoutInventingHealthDelta" />
    </UnitTest>
    <UnitTest name="CurrencyWarsAssistant.Tests.FinalBattleEvidencePersistenceTests.FinalNodeBattleReferencesOnlyBattleScreenshotsThatExist" storage="d:\codex-2\work\currencywarsassistant-0.2.839-confirmed-20260809\tests\currencywarsassistant.tests\bin\release\net8.0-windows10.0.19041.0\currencywarsassistant.tests.dll" id="559093a3-929f-b026-c130-533fa3b365bc">
      <Execution id="00661911-849c-4ebd-8215-c3cb6270fb87" />
      <TestMethod codeBase="D:\Codex-2\work\CurrencyWarsAssistant-0.2.839-confirmed-20260809\tests\CurrencyWarsAssistant.Tests\bin\Release\net8.0-windows10.0.19041.0\CurrencyWarsAssistant.Tests.dll" adapterTypeName="executor://xunit/VsTestRunner2/netcoreapp" className="CurrencyWarsAssistant.Tests.FinalBattleEvidencePersistenceTests" name="FinalNodeBattleReferencesOnlyBattleScreenshotsThatExist" />
    </UnitTest>
    <UnitTest name="CurrencyWarsAssistant.Tests.FinalBattleEvidencePersistenceTests.TerminalFinalizationPersistsEvidenceBeforeArchiveAndHonorsCleanup(deleteScreenshotsOnCompletion: False)" storage="d:\codex-2\work\currencywarsassistant-0.2.839-confirmed-20260809\tests\currencywarsassistant.tests\bin\release\net8.0-windows10.0.19041.0\currencywarsassistant.tests.dll" id="a250e917-64fc-55e4-5d9b-4ce2ca8f1783">
      <Execution id="2fae6a28-bae9-421d-8a04-b062f8e3aa47" />
      <TestMethod codeBase="D:\Codex-2\work\CurrencyWarsAssistant-0.2.839-confirmed-20260809\tests\CurrencyWarsAssistant.Tests\bin\Release\net8.0-windows10.0.19041.0\CurrencyWarsAssistant.Tests.dll" adapterTypeName="executor://xunit/VsTestRunner2/netcoreapp" className="CurrencyWarsAssistant.Tests.FinalBattleEvidencePersistenceTests" name="TerminalFinalizationPersistsEvidenceBeforeArchiveAndHonorsCleanup" />
    </UnitTest>
    <UnitTest name="CurrencyWarsAssistant.Tests.Phase2BattleOutcomeHealthTests.ConfirmedHealthLoss_CorrectsSmallTerminalActionToZero(rawTerminalAction: 1)" storage="d:\codex-2\work\currencywarsassistant-0.2.839-confirmed-20260809\tests\currencywarsassistant.tests\bin\release\net8.0-windows10.0.19041.0\currencywarsassistant.tests.dll" id="b4b3d171-b057-aa98-953b-352ff9cd2d65">
      <Execution id="8866a75c-fda4-44c9-b89a-de27b51c9061" />
      <TestMethod codeBase="D:\Codex-2\work\CurrencyWarsAssistant-0.2.839-confirmed-20260809\tests\CurrencyWarsAssistant.Tests\bin\Release\net8.0-windows10.0.19041.0\CurrencyWarsAssistant.Tests.dll" adapterTypeName="executor://xunit/VsTestRunner2/netcoreapp" className="CurrencyWarsAssistant.Tests.Phase2BattleOutcomeHealthTests" name="ConfirmedHealthLoss_CorrectsSmallTerminalActionToZero" />
    </UnitTest>
    <UnitTest name="CurrencyWarsAssistant.Tests.Phase2BattleOutcomeHealthTests.OneConflictingBreakdownLikeGoldFrameCannotOverwriteOverviewTotal" storage="d:\codex-2\work\currencywarsassistant-0.2.839-confirmed-20260809\tests\currencywarsassistant.tests\bin\release\net8.0-windows10.0.19041.0\currencywarsassistant.tests.dll" id="284a3f62-352f-7dbe-4228-cec3211ba803">
      <Execution id="b16bea2d-6ad0-4e0e-9da0-688740e00b73" />
      <TestMethod codeBase="D:\Codex-2\work\CurrencyWarsAssistant-0.2.839-confirmed-20260809\tests\CurrencyWarsAssistant.Tests\bin\Release\net8.0-windows10.0.19041.0\CurrencyWarsAssistant.Tests.dll" adapterTypeName="executor://xunit/VsTestRunner2/netcoreapp" className="CurrencyWarsAssistant.Tests.Phase2BattleOutcomeHealthTests" name="OneConflictingBreakdownLikeGoldFrameCannotOverwriteOverviewTotal" />
    </UnitTest>
    <UnitTest name="CurrencyWarsAssistant.Tests.Phase2BattleOutcomeHealthTests.RewardBattle_IsPerfectAndIgnoresNonexistentSettlementGoldRow" storage="d:\codex-2\work\currencywarsassistant-0.2.839-confirmed-20260809\tests\currencywarsassistant.tests\bin\release\net8.0-windows10.0.19041.0\currencywarsassistant.tests.dll" id="03e62dee-f420-4fd1-4976-35177d97815c">
      <Execution id="d8e55a49-f622-4eb6-8144-47b1dd1da810" />
      <TestMethod codeBase="D:\Codex-2\work\CurrencyWarsAssistant-0.2.839-confirmed-20260809\tests\CurrencyWarsAssistant.Tests\bin\Release\net8.0-windows10.0.19041.0\CurrencyWarsAssistant.Tests.dll" adapterTypeName="executor://xunit/VsTestRunner2/netcoreapp" className="CurrencyWarsAssistant.Tests.Phase2BattleOutcomeHealthTests" name="RewardBattle_IsPerfectAndIgnoresNonexistentSettlementGoldRow" />
    </UnitTest>
    <UnitTest name="CurrencyWarsAssistant.Tests.Phase2FinalEvidenceFrameCacheTests.CandidateCollectorIncludesBattleSettlementAndDiagnosticEvidence" storage="d:\codex-2\work\currencywarsassistant-0.2.839-confirmed-20260809\tests\currencywarsassistant.tests\bin\release\net8.0-windows10.0.19041.0\currencywarsassistant.tests.dll" id="5b681404-5df8-a964-0b65-ea3f99ed5089">
      <Execution id="86ab3982-eb06-4196-9fb2-3774059c070a" />
      <TestMethod codeBase="D:\Codex-2\work\CurrencyWarsAssistant-0.2.839-confirmed-20260809\tests\CurrencyWarsAssistant.Tests\bin\Release\net8.0-windows10.0.19041.0\CurrencyWarsAssistant.Tests.dll" adapterTypeName="executor://xunit/VsTestRunner2/netcoreapp" className="CurrencyWarsAssistant.Tests.Phase2FinalEvidenceFrameCacheTests" name="CandidateCollectorIncludesBattleSettlementAndDiagnosticEvidence" />
    </UnitTest>
    <UnitTest name="CurrencyWarsAssistant.Tests.Phase2BattleOutcomeHealthTests.SingleFalseOneOneObservationDoesNotConfirmNewRun" storage="d:\codex-2\work\currencywarsassistant-0.2.839-confirmed-20260809\tests\currencywarsassistant.tests\bin\release\net8.0-windows10.0.19041.0\currencywarsassistant.tests.dll" id="569a9f95-bed1-7672-165f-ad0d84126d4b">
      <Execution id="4e78527c-4459-4d1d-a7f3-b9ccd5db476d" />
      <TestMethod codeBase="D:\Codex-2\work\CurrencyWarsAssistant-0.2.839-confirmed-20260809\tests\CurrencyWarsAssistant.Tests\bin\Release\net8.0-windows10.0.19041.0\CurrencyWarsAssistant.Tests.dll" adapterTypeName="executor://xunit/VsTestRunner2/netcoreapp" className="CurrencyWarsAssistant.Tests.Phase2BattleOutcomeHealthTests" name="SingleFalseOneOneObservationDoesNotConfirmNewRun" />
    </UnitTest>
    <UnitTest name="CurrencyWarsAssistant.Tests.Phase2BattleOutcomeHealthTests.TwoMatchingPartialBattleTotalsBecomeUsableWithoutOverwritingRows" storage="d:\codex-2\work\currencywarsassistant-0.2.839-confirmed-20260809\tests\currencywarsassistant.tests\bin\release\net8.0-windows10.0.19041.0\currencywarsassistant.tests.dll" id="0b9d4a51-a065-9340-8f7a-52b2806a4f1c">
      <Execution id="b5160d08-5f6b-49e2-a109-76591463acf4" />
      <TestMethod codeBase="D:\Codex-2\work\CurrencyWarsAssistant-0.2.839-confirmed-20260809\tests\CurrencyWarsAssistant.Tests\bin\Release\net8.0-windows10.0.19041.0\CurrencyWarsAssistant.Tests.dll" adapterTypeName="executor://xunit/VsTestRunner2/netcoreapp" className="CurrencyWarsAssistant.Tests.Phase2BattleOutcomeHealthTests" name="TwoMatchingPartialBattleTotalsBecomeUsableWithoutOverwritingRows" />
    </UnitTest>
    <UnitTest name="CurrencyWarsAssistant.Tests.Phase2BattleOutcomeHealthTests.MissingHealth_WithTenActions_RemainsUnknown" storage="d:\codex-2\work\currencywarsassistant-0.2.839-confirmed-20260809\tests\currencywarsassistant.tests\bin\release\net8.0-windows10.0.19041.0\currencywarsassistant.tests.dll" id="47622212-d6e3-b296-a7d7-116f759ba349">
      <Execution id="692ee5c0-7a2e-440a-a5e5-846247b1945c" />
      <TestMethod codeBase="D:\Codex-2\work\CurrencyWarsAssistant-0.2.839-confirmed-20260809\tests\CurrencyWarsAssistant.Tests\bin\Release\net8.0-windows10.0.19041.0\CurrencyWarsAssistant.Tests.dll" adapterTypeName="executor://xunit/VsTestRunner2/netcoreapp" className="CurrencyWarsAssistant.Tests.Phase2BattleOutcomeHealthTests" name="MissingHealth_WithTenActions_RemainsUnknown" />
    </UnitTest>
    <UnitTest name="CurrencyWarsAssistant.Tests.Phase2BattleOutcomeHealthTests.NormalBattle_IgnoresUnanchoredImpossibleSettlementGold" storage="d:\codex-2\work\currencywarsassistant-0.2.839-confirmed-20260809\tests\currencywarsassistant.tests\bin\release\net8.0-windows10.0.19041.0\currencywarsassistant.tests.dll" id="24664af1-edae-e69d-e17c-f4ac301c70ff">
      <Execution id="f6378d57-e637-444d-be8b-d4efb237595d" />
      <TestMethod codeBase="D:\Codex-2\work\CurrencyWarsAssistant-0.2.839-confirmed-20260809\tests\CurrencyWarsAssistant.Tests\bin\Release\net8.0-windows10.0.19041.0\CurrencyWarsAssistant.Tests.dll" adapterTypeName="executor://xunit/VsTestRunner2/netcoreapp" className="CurrencyWarsAssistant.Tests.Phase2BattleOutcomeHealthTests" name="NormalBattle_IgnoresUnanchoredImpossibleSettlementGold" />
    </UnitTest>
    <UnitTest name="CurrencyWarsAssistant.Tests.Phase2FinalEvidenceFrameCacheTests.DefaultBoundsHoldTwelveNative4kBgraFrames" storage="d:\codex-2\work\currencywarsassistant-0.2.839-confirmed-20260809\tests\currencywarsassistant.tests\bin\release\net8.0-windows10.0.19041.0\currencywarsassistant.tests.dll" id="331f5804-cff3-52c9-2c1e-ad1ce27ad815">
      <Execution id="259b949c-0db7-447f-8470-a8df4cb9013d" />
      <TestMethod codeBase="D:\Codex-2\work\CurrencyWarsAssistant-0.2.839-confirmed-20260809\tests\CurrencyWarsAssistant.Tests\bin\Release\net8.0-windows10.0.19041.0\CurrencyWarsAssistant.Tests.dll" adapterTypeName="executor://xunit/VsTestRunner2/netcoreapp" className="CurrencyWarsAssistant.Tests.Phase2FinalEvidenceFrameCacheTests" name="DefaultBoundsHoldTwelveNative4kBgraFrames" />
    </UnitTest>
    <UnitTest name="CurrencyWarsAssistant.Tests.Phase2BattleOutcomeHealthTests.ConfirmedHealthLoss_CorrectsSmallTerminalActionToZero(rawTerminalAction: 2)" storage="d:\codex-2\work\currencywarsassistant-0.2.839-confirmed-20260809\tests\currencywarsassistant.tests\bin\release\net8.0-windows10.0.19041.0\currencywarsassistant.tests.dll" id="17277540-df5a-8226-e61b-65bfc8e8647c">
      <Execution id="258fbfbd-ebbf-40d0-b33e-8fdbd8b6328b" />
      <TestMethod codeBase="D:\Codex-2\work\CurrencyWarsAssistant-0.2.839-confirmed-20260809\tests\CurrencyWarsAssistant.Tests\bin\Release\net8.0-windows10.0.19041.0\CurrencyWarsAssistant.Tests.dll" adapterTypeName="executor://xunit/VsTestRunner2/netcoreapp" className="CurrencyWarsAssistant.Tests.Phase2BattleOutcomeHealthTests" name="ConfirmedHealthLoss_CorrectsSmallTerminalActionToZero" />
    </UnitTest>
    <UnitTest name="CurrencyWarsAssistant.Tests.Phase2BattleOutcomeHealthTests.ConfirmedHealthLoss_CorrectsSmallTerminalActionToZero(rawTerminalAction: 3)" storage="d:\codex-2\work\currencywarsassistant-0.2.839-confirmed-20260809\tests\currencywarsassistant.tests\bin\release\net8.0-windows10.0.19041.0\currencywarsassistant.tests.dll" id="02d2a488-ded2-b45b-5e4b-f0f60c702b8f">
      <Execution id="040d191b-c882-4150-a652-bd4cdf11cfc5" />
      <TestMethod codeBase="D:\Codex-2\work\CurrencyWarsAssistant-0.2.839-confirmed-20260809\tests\CurrencyWarsAssistant.Tests\bin\Release\net8.0-windows10.0.19041.0\CurrencyWarsAssistant.Tests.dll" adapterTypeName="executor://xunit/VsTestRunner2/netcoreapp" className="CurrencyWarsAssistant.Tests.Phase2BattleOutcomeHealthTests" name="ConfirmedHealthLoss_CorrectsSmallTerminalActionToZero" />
    </UnitTest>
    <UnitTest name="CurrencyWarsAssistant.Tests.Phase2FinalEvidenceFrameCacheTests.MissingOrCrossRunFinalEvidenceFailsClosed" storage="d:\codex-2\work\currencywarsassistant-0.2.839-confirmed-20260809\tests\currencywarsassistant.tests\bin\release\net8.0-windows10.0.19041.0\currencywarsassistant.tests.dll" id="405b188e-9d06-346a-e866-33fbd0ab9c07">
      <Execution id="38a73ea7-7917-4674-979c-abe153e0a49a" />
      <TestMethod codeBase="D:\Codex-2\work\CurrencyWarsAssistant-0.2.839-confirmed-20260809\tests\CurrencyWarsAssistant.Tests\bin\Release\net8.0-windows10.0.19041.0\CurrencyWarsAssistant.Tests.dll" adapterTypeName="executor://xunit/VsTestRunner2/netcoreapp" className="CurrencyWarsAssistant.Tests.Phase2FinalEvidenceFrameCacheTests" name="MissingOrCrossRunFinalEvidenceFailsClosed" />
    </UnitTest>
    <UnitTest name="CurrencyWarsAssistant.Tests.Phase2BattleOutcomeHealthTests.RewardBattle_AcceptsSemanticallyAnchoredChallengeSuccessGold" storage="d:\codex-2\work\currencywarsassistant-0.2.839-confirmed-20260809\tests\currencywarsassistant.tests\bin\release\net8.0-windows10.0.19041.0\currencywarsassistant.tests.dll" id="df996ebf-0994-bfec-cc6b-fdce143d1513">
      <Execution id="959ce58c-807f-4d72-a281-1097f1d9ccbb" />
      <TestMethod codeBase="D:\Codex-2\work\CurrencyWarsAssistant-0.2.839-confirmed-20260809\tests\CurrencyWarsAssistant.Tests\bin\Release\net8.0-windows10.0.19041.0\CurrencyWarsAssistant.Tests.dll" adapterTypeName="executor://xunit/VsTestRunner2/netcoreapp" className="CurrencyWarsAssistant.Tests.Phase2BattleOutcomeHealthTests" name="RewardBattle_AcceptsSemanticallyAnchoredChallengeSuccessGold" />
    </UnitTest>
    <UnitTest name="CurrencyWarsAssistant.Tests.Phase2BattleOutcomeHealthTests.BattleFrameWithUnknownNodeDoesNotConfirmBattleStart" storage="d:\codex-2\work\currencywarsassistant-0.2.839-confirmed-20260809\tests\currencywarsassistant.tests\bin\release\net8.0-windows10.0.19041.0\currencywarsassistant.tests.dll" id="610a1fca-ca09-182c-c635-17c56c4c27c0">
      <Execution id="b718db3d-6822-4f64-8c10-35811d6fbefe" />
      <TestMethod codeBase="D:\Codex-2\work\CurrencyWarsAssistant-0.2.839-confirmed-20260809\tests\CurrencyWarsAssistant.Tests\bin\Release\net8.0-windows10.0.19041.0\CurrencyWarsAssistant.Tests.dll" adapterTypeName="executor://xunit/VsTestRunner2/netcoreapp" className="CurrencyWarsAssistant.Tests.Phase2BattleOutcomeHealthTests" name="BattleFrameWithUnknownNodeDoesNotConfirmBattleStart" />
    </UnitTest>
    <UnitTest name="CurrencyWarsAssistant.Tests.Phase2BattleOutcomeHealthTests.MissingHealth_WithMoreThanTenActions_MarksPerfect" storage="d:\codex-2\work\currencywarsassistant-0.2.839-confirmed-20260809\tests\currencywarsassistant.tests\bin\release\net8.0-windows10.0.19041.0\currencywarsassistant.tests.dll" id="8e49c4d9-04df-79fa-20ed-41056149085b">
      <Execution id="6196e5d4-ecf0-438c-bbd1-4bf3001398d2" />
      <TestMethod codeBase="D:\Codex-2\work\CurrencyWarsAssistant-0.2.839-confirmed-20260809\tests\CurrencyWarsAssistant.Tests\bin\Release\net8.0-windows10.0.19041.0\CurrencyWarsAssistant.Tests.dll" adapterTypeName="executor://xunit/VsTestRunner2/netcoreapp" className="CurrencyWarsAssistant.Tests.Phase2BattleOutcomeHealthTests" name="MissingHealth_WithMoreThanTenActions_MarksPerfect" />
    </UnitTest>
    <UnitTest name="CurrencyWarsAssistant.Tests.Phase2BattleOutcomeHealthTests.UnchangedHealthAlone_DoesNotClaimPerfectClear" storage="d:\codex-2\work\currencywarsassistant-0.2.839-confirmed-20260809\tests\currencywarsassistant.tests\bin\release\net8.0-windows10.0.19041.0\currencywarsassistant.tests.dll" id="0923727b-c5b9-3668-594b-211fcf0d21c5">
      <Execution id="624062dc-171c-48da-b80f-fbc7eb5dc464" />
      <TestMethod codeBase="D:\Codex-2\work\CurrencyWarsAssistant-0.2.839-confirmed-20260809\tests\CurrencyWarsAssistant.Tests\bin\Release\net8.0-windows10.0.19041.0\CurrencyWarsAssistant.Tests.dll" adapterTypeName="executor://xunit/VsTestRunner2/netcoreapp" className="CurrencyWarsAssistant.Tests.Phase2BattleOutcomeHealthTests" name="UnchangedHealthAlone_DoesNotClaimPerfectClear" />
    </UnitTest>
    <UnitTest name="CurrencyWarsAssistant.Tests.Phase2BattleOutcomeHealthTests.NewRunBoundaryConfirmsAtFirstOneOnePreparation" storage="d:\codex-2\work\currencywarsassistant-0.2.839-confirmed-20260809\tests\currencywarsassistant.tests\bin\release\net8.0-windows10.0.19041.0\currencywarsassistant.tests.dll" id="e2ab02d9-8fad-f5d5-b329-553ce577e5fe">
      <Execution id="4a49716e-7136-46fb-8738-7c5bacb483a9" />
      <TestMethod codeBase="D:\Codex-2\work\CurrencyWarsAssistant-0.2.839-confirmed-20260809\tests\CurrencyWarsAssistant.Tests\bin\Release\net8.0-windows10.0.19041.0\CurrencyWarsAssistant.Tests.dll" adapterTypeName="executor://xunit/VsTestRunner2/netcoreapp" className="CurrencyWarsAssistant.Tests.Phase2BattleOutcomeHealthTests" name="NewRunBoundaryConfirmsAtFirstOneOnePreparation" />
    </UnitTest>
    <UnitTest name="CurrencyWarsAssistant.Tests.Phase2BattleOutcomeHealthTests.ZeroActionWithoutHealthMarksNormalNodeFailedAndCapsTheoryAtDamage" storage="d:\codex-2\work\currencywarsassistant-0.2.839-confirmed-20260809\tests\currencywarsassistant.tests\bin\release\net8.0-windows10.0.19041.0\currencywarsassistant.tests.dll" id="ae2d00da-977e-ee7e-c01a-80a8f91756d2">
      <Execution id="68901e99-aaf2-4fbb-a938-84d0a753e1d3" />
      <TestMethod codeBase="D:\Codex-2\work\CurrencyWarsAssistant-0.2.839-confirmed-20260809\tests\CurrencyWarsAssistant.Tests\bin\Release\net8.0-windows10.0.19041.0\CurrencyWarsAssistant.Tests.dll" adapterTypeName="executor://xunit/VsTestRunner2/netcoreapp" className="CurrencyWarsAssistant.Tests.Phase2BattleOutcomeHealthTests" name="ZeroActionWithoutHealthMarksNormalNodeFailedAndCapsTheoryAtDamage" />
    </UnitTest>
  </TestDefinitions>
  <TestEntries>
    <TestEntry testId="0923727b-c5b9-3668-594b-211fcf0d21c5" executionId="624062dc-171c-48da-b80f-fbc7eb5dc464" testListId="8c84fa94-04c1-424b-9868-57a2d4851a1d" />
    <TestEntry testId="cf1a6ca6-f124-f1bc-e6fc-9a8f7abf63e9" executionId="b6ecc33a-2f33-4265-8f93-ce0baa51b734" testListId="8c84fa94-04c1-424b-9868-57a2d4851a1d" />
    <TestEntry testId="02d2a488-ded2-b45b-5e4b-f0f60c702b8f" executionId="040d191b-c882-4150-a652-bd4cdf11cfc5" testListId="8c84fa94-04c1-424b-9868-57a2d4851a1d" />
    <TestEntry testId="93ae7235-15db-2743-3edc-5cde286add07" executionId="2eaea317-be93-4bad-832c-d7a00ebb6f43" testListId="8c84fa94-04c1-424b-9868-57a2d4851a1d" />
    <TestEntry testId="17277540-df5a-8226-e61b-65bfc8e8647c" executionId="258fbfbd-ebbf-40d0-b33e-8fdbd8b6328b" testListId="8c84fa94-04c1-424b-9868-57a2d4851a1d" />
    <TestEntry testId="b66567b5-d474-f2c4-b130-76271c9d940a" executionId="dcbca6ae-9112-4377-8ad5-5d501c1d1b19" testListId="8c84fa94-04c1-424b-9868-57a2d4851a1d" />
    <TestEntry testId="569a9f95-bed1-7672-165f-ad0d84126d4b" executionId="4e78527c-4459-4d1d-a7f3-b9ccd5db476d" testListId="8c84fa94-04c1-424b-9868-57a2d4851a1d" />
    <TestEntry testId="610a1fca-ca09-182c-c635-17c56c4c27c0" executionId="b718db3d-6822-4f64-8c10-35811d6fbefe" testListId="8c84fa94-04c1-424b-9868-57a2d4851a1d" />
    <TestEntry testId="15914654-87c1-bbcb-2ca8-a4ef121515c4" executionId="99c4ff77-758c-4d84-8a9a-f529180a43f9" testListId="8c84fa94-04c1-424b-9868-57a2d4851a1d" />
    <TestEntry testId="43d6f00a-f81b-69a4-01bd-6ec33c9f4778" executionId="9b399414-8cda-4c21-84ff-039364861925" testListId="8c84fa94-04c1-424b-9868-57a2d4851a1d" />
    <TestEntry testId="405b188e-9d06-346a-e866-33fbd0ab9c07" executionId="38a73ea7-7917-4674-979c-abe153e0a49a" testListId="8c84fa94-04c1-424b-9868-57a2d4851a1d" />
    <TestEntry testId="24664af1-edae-e69d-e17c-f4ac301c70ff" executionId="f6378d57-e637-444d-be8b-d4efb237595d" testListId="8c84fa94-04c1-424b-9868-57a2d4851a1d" />
    <TestEntry testId="b4b3d171-b057-aa98-953b-352ff9cd2d65" executionId="8866a75c-fda4-44c9-b89a-de27b51c9061" testListId="8c84fa94-04c1-424b-9868-57a2d4851a1d" />
    <TestEntry testId="53c5b3e9-f52b-82cd-1e13-3821d8c8621d" executionId="558280c8-35af-4576-adea-b49f1b9f3f97" testListId="8c84fa94-04c1-424b-9868-57a2d4851a1d" />
    <TestEntry testId="e2ab02d9-8fad-f5d5-b329-553ce577e5fe" executionId="4a49716e-7136-46fb-8738-7c5bacb483a9" testListId="8c84fa94-04c1-424b-9868-57a2d4851a1d" />
    <TestEntry testId="331f5804-cff3-52c9-2c1e-ad1ce27ad815" executionId="259b949c-0db7-447f-8470-a8df4cb9013d" testListId="8c84fa94-04c1-424b-9868-57a2d4851a1d" />
    <TestEntry testId="284a3f62-352f-7dbe-4228-cec3211ba803" executionId="b16bea2d-6ad0-4e0e-9da0-688740e00b73" testListId="8c84fa94-04c1-424b-9868-57a2d4851a1d" />
    <TestEntry testId="bee4c98b-cfdb-985a-e162-e084ddfc218a" executionId="79b584de-191e-4740-8c5f-bad192458186" testListId="8c84fa94-04c1-424b-9868-57a2d4851a1d" />
    <TestEntry testId="fcc34a58-3edf-3f52-d066-4e83165da0b6" executionId="40e35ac2-3a75-4e9e-918f-29c4ca6be530" testListId="8c84fa94-04c1-424b-9868-57a2d4851a1d" />
    <TestEntry testId="df996ebf-0994-bfec-cc6b-fdce143d1513" executionId="959ce58c-807f-4d72-a281-1097f1d9ccbb" testListId="8c84fa94-04c1-424b-9868-57a2d4851a1d" />
    <TestEntry testId="39694904-eb2d-e52c-6cf4-2cc9a95fd303" executionId="00972258-7642-47c7-81d5-8ca172dcd4c0" testListId="8c84fa94-04c1-424b-9868-57a2d4851a1d" />
    <TestEntry testId="97e50497-bd33-0df3-3fa9-f73c8c87caad" executionId="b2e46a08-091e-4d21-b36d-c9097650a917" testListId="8c84fa94-04c1-424b-9868-57a2d4851a1d" />
    <TestEntry testId="db438b95-0539-124d-839e-fcc0e446ce32" executionId="592148f0-02fd-4d6b-ab3b-535d135d0125" testListId="8c84fa94-04c1-424b-9868-57a2d4851a1d" />
    <TestEntry testId="ae2d00da-977e-ee7e-c01a-80a8f91756d2" executionId="68901e99-aaf2-4fbb-a938-84d0a753e1d3" testListId="8c84fa94-04c1-424b-9868-57a2d4851a1d" />
    <TestEntry testId="aea0d02a-4dce-55b5-627c-fcc341d4fdc5" executionId="99ee4445-84e5-4871-9477-7386b030d3b5" testListId="8c84fa94-04c1-424b-9868-57a2d4851a1d" />
    <TestEntry testId="0ceadaa5-d3e9-d93f-9e9f-65378d0ec009" executionId="d9e8a694-457f-4aec-9623-08c90505fe9d" testListId="8c84fa94-04c1-424b-9868-57a2d4851a1d" />
    <TestEntry testId="47622212-d6e3-b296-a7d7-116f759ba349" executionId="692ee5c0-7a2e-440a-a5e5-846247b1945c" testListId="8c84fa94-04c1-424b-9868-57a2d4851a1d" />
    <TestEntry testId="0b9d4a51-a065-9340-8f7a-52b2806a4f1c" executionId="b5160d08-5f6b-49e2-a109-76591463acf4" testListId="8c84fa94-04c1-424b-9868-57a2d4851a1d" />
    <TestEntry testId="8e49c4d9-04df-79fa-20ed-41056149085b" executionId="6196e5d4-ecf0-438c-bbd1-4bf3001398d2" testListId="8c84fa94-04c1-424b-9868-57a2d4851a1d" />
    <TestEntry testId="03e62dee-f420-4fd1-4976-35177d97815c" executionId="d8e55a49-f622-4eb6-8144-47b1dd1da810" testListId="8c84fa94-04c1-424b-9868-57a2d4851a1d" />
    <TestEntry testId="5b681404-5df8-a964-0b65-ea3f99ed5089" executionId="86ab3982-eb06-4196-9fb2-3774059c070a" testListId="8c84fa94-04c1-424b-9868-57a2d4851a1d" />
    <TestEntry testId="2478725b-6554-779e-1094-a836b54a77fa" executionId="762a1b3b-1073-49fa-9fb2-2a319668598d" testListId="8c84fa94-04c1-424b-9868-57a2d4851a1d" />
    <TestEntry testId="559093a3-929f-b026-c130-533fa3b365bc" executionId="00661911-849c-4ebd-8215-c3cb6270fb87" testListId="8c84fa94-04c1-424b-9868-57a2d4851a1d" />
    <TestEntry testId="a250e917-64fc-55e4-5d9b-4ce2ca8f1783" executionId="2fae6a28-bae9-421d-8a04-b062f8e3aa47" testListId="8c84fa94-04c1-424b-9868-57a2d4851a1d" />
    <TestEntry testId="a60af5b8-d707-dbd3-bfe2-bf682bd9bd90" executionId="036d6114-bf6a-421b-b6fa-0341c31f71e6" testListId="8c84fa94-04c1-424b-9868-57a2d4851a1d" />
  </TestEntries>
  <TestLists>
    <TestList name="列表中未列出的结果" id="8c84fa94-04c1-424b-9868-57a2d4851a1d" />
    <TestList name="所有已加载的结果" id="19431567-8539-422a-85d7-44ee4e166bda" />
  </TestLists>
  <ResultSummary outcome="Completed">
    <Counters total="35" executed="35" passed="35" failed="0" error="0" timeout="0" aborted="0" inconclusive="0" passedButRunAborted="0" notRunnable="0" notExecuted="0" disconnected="0" warning="0" completed="0" inProgress="0" pending="0" />
    <Output>
      <StdOut>[xUnit.net 00:00:00.00] xUnit.net VSTest Adapter v2.8.2+699d445a1a (64-bit .NET 8.0.29)&#xD;
[xUnit.net 00:00:10.24]   Discovering: CurrencyWarsAssistant.Tests&#xD;
[xUnit.net 00:00:10.48]   Discovered:  CurrencyWarsAssistant.Tests&#xD;
[xUnit.net 00:00:10.49]   Starting:    CurrencyWarsAssistant.Tests&#xD;
[xUnit.net 00:00:18.41]   Finished:    CurrencyWarsAssistant.Tests&#xD;
</StdOut>
    </Output>
  </ResultSummary>
</TestRun>