<?xml version="1.0" encoding="utf-8"?>
<TestRun id="479ab411-ea27-42e6-a37a-66dfd2b6e89d" name="zzz81@ZZZ的电脑 2026-08-09 11:28:32" runUser="ZZZ的电脑\zzz81" xmlns="http://microsoft.com/schemas/VisualStudio/TeamTest/2010">
  <Times creation="2026-08-09T11:28:32.9251700+08:00" queuing="2026-08-09T11:28:32.9251703+08:00" start="2026-08-09T11:28:21.9747618+08:00" finish="2026-08-09T11:29:02.1618225+08:00" />
  <TestSettings name="default" id="fd68a0dd-2cb1-4b70-9ca6-32606969ffed">
    <Deployment runDeploymentRoot="zzz81_ZZZ的电脑_2026-08-09_11_28_32" />
  </TestSettings>
  <Results>
    <UnitTestResult executionId="88fd60ad-f32c-4645-9deb-8f4fd0d45f70" testId="92447495-c2eb-a840-8896-504f4d98ff81" testName="CurrencyWarsAssistant.Tests.RewardShopCloseIntegrationTests.SlowFirstPostClickClassificationDoesNotToggleClosedShopAgain" computerName="ZZZ的电脑" duration="00:00:08.9822458" startTime="2026-08-09T11:29:02.0786562+08:00" endTime="2026-08-09T11:29:02.0786565+08:00" testType="13cdc9d9-ddb5-4fa4-a97d-d965ccfc6d4b" outcome="Passed" testListId="8c84fa94-04c1-424b-9868-57a2d4851a1d" relativeResultsDirectory="88fd60ad-f32c-4645-9deb-8f4fd0d45f70" />
    <UnitTestResult executionId="999464ff-c5b2-4c77-82d2-8a7a717a8059" testId="f6d65453-720b-8f4c-2296-b61c11fdc6d8" testName="CurrencyWarsAssistant.Tests.RewardShopCloseIntegrationTests.DisabledRefreshShopIsRecognizedClickedAndVerifiedClosed" computerName="ZZZ的电脑" duration="00:00:02.9372134" startTime="2026-08-09T11:28:53.0953879+08:00" endTime="2026-08-09T11:28:53.0953882+08:00" testType="13cdc9d9-ddb5-4fa4-a97d-d965ccfc6d4b" outcome="Passed" testListId="8c84fa94-04c1-424b-9868-57a2d4851a1d" relativeResultsDirectory="999464ff-c5b2-4c77-82d2-8a7a717a8059" />
    <UnitTestResult executionId="57e4ef8b-895a-479d-9c3d-71695ba6c7fb" testId="597e6230-5077-8cf1-f5f2-34b0d575bc98" testName="CurrencyWarsAssistant.Tests.RewardShopCloseIntegrationTests.UnknownOrOtherPageAfterVerificationFailureStopsWithoutRetry(postClickPageId: null)" computerName="ZZZ的电脑" duration="00:00:07.5025205" startTime="2026-08-09T11:28:40.3941087+08:00" endTime="2026-08-09T11:28:40.3941093+08:00" testType="13cdc9d9-ddb5-4fa4-a97d-d965ccfc6d4b" outcome="Passed" testListId="8c84fa94-04c1-424b-9868-57a2d4851a1d" relativeResultsDirectory="57e4ef8b-895a-479d-9c3d-71695ba6c7fb" />
    <UnitTestResult executionId="59e9fc69-c2dd-4b8b-aaf7-d305a770ee71" testId="104cc2ed-407e-4205-f3bb-e927a8350669" testName="CurrencyWarsAssistant.Tests.RewardShopCloseIntegrationTests.UnknownOrOtherPageAfterVerificationFailureStopsWithoutRetry(postClickPageId: &quot;home&quot;)" computerName="ZZZ的电脑" duration="00:00:06.3103939" startTime="2026-08-09T11:28:32.8876381+08:00" endTime="2026-08-09T11:28:32.8876707+08:00" testType="13cdc9d9-ddb5-4fa4-a97d-d965ccfc6d4b" outcome="Passed" testListId="8c84fa94-04c1-424b-9868-57a2d4851a1d" relativeResultsDirectory="59e9fc69-c2dd-4b8b-aaf7-d305a770ee71" />
    <UnitTestResult executionId="6e97da74-17fc-4714-8165-e22c31394b0e" testId="51402b96-9e71-7f26-4ca5-10c3c66cffb6" testName="CurrencyWarsAssistant.Tests.RewardShopCloseIntegrationTests.StableShopAfterFailedVerificationAllowsOneSafeRetry" computerName="ZZZ的电脑" duration="00:00:09.7601260" startTime="2026-08-09T11:28:50.1572178+08:00" endTime="2026-08-09T11:28:50.1572180+08:00" testType="13cdc9d9-ddb5-4fa4-a97d-d965ccfc6d4b" outcome="Passed" testListId="8c84fa94-04c1-424b-9868-57a2d4851a1d" relativeResultsDirectory="6e97da74-17fc-4714-8165-e22c31394b0e" />
  </Results>
  <TestDefinitions>
    <UnitTest name="CurrencyWarsAssistant.Tests.RewardShopCloseIntegrationTests.UnknownOrOtherPageAfterVerificationFailureStopsWithoutRetry(postClickPageId: null)" storage="d:\codex-2\work\currencywarsassistant-0.2.839-confirmed-20260809\tests\currencywarsassistant.tests\bin\release\net8.0-windows10.0.19041.0\currencywarsassistant.tests.dll" id="597e6230-5077-8cf1-f5f2-34b0d575bc98">
      <Execution id="57e4ef8b-895a-479d-9c3d-71695ba6c7fb" />
      <TestMethod codeBase="D:\Codex-2\work\CurrencyWarsAssistant-0.2.839-confirmed-20260809\tests\CurrencyWarsAssistant.Tests\bin\Release\net8.0-windows10.0.19041.0\CurrencyWarsAssistant.Tests.dll" adapterTypeName="executor://xunit/VsTestRunner2/netcoreapp" className="CurrencyWarsAssistant.Tests.RewardShopCloseIntegrationTests" name="UnknownOrOtherPageAfterVerificationFailureStopsWithoutRetry" />
    </UnitTest>
    <UnitTest name="CurrencyWarsAssistant.Tests.RewardShopCloseIntegrationTests.UnknownOrOtherPageAfterVerificationFailureStopsWithoutRetry(postClickPageId: &quot;home&quot;)" storage="d:\codex-2\work\currencywarsassistant-0.2.839-confirmed-20260809\tests\currencywarsassistant.tests\bin\release\net8.0-windows10.0.19041.0\currencywarsassistant.tests.dll" id="104cc2ed-407e-4205-f3bb-e927a8350669">
      <Execution id="59e9fc69-c2dd-4b8b-aaf7-d305a770ee71" />
      <TestMethod codeBase="D:\Codex-2\work\CurrencyWarsAssistant-0.2.839-confirmed-20260809\tests\CurrencyWarsAssistant.Tests\bin\Release\net8.0-windows10.0.19041.0\CurrencyWarsAssistant.Tests.dll" adapterTypeName="executor://xunit/VsTestRunner2/netcoreapp" className="CurrencyWarsAssistant.Tests.RewardShopCloseIntegrationTests" name="UnknownOrOtherPageAfterVerificationFailureStopsWithoutRetry" />
    </UnitTest>
    <UnitTest name="CurrencyWarsAssistant.Tests.RewardShopCloseIntegrationTests.DisabledRefreshShopIsRecognizedClickedAndVerifiedClosed" storage="d:\codex-2\work\currencywarsassistant-0.2.839-confirmed-20260809\tests\currencywarsassistant.tests\bin\release\net8.0-windows10.0.19041.0\currencywarsassistant.tests.dll" id="f6d65453-720b-8f4c-2296-b61c11fdc6d8">
      <Execution id="999464ff-c5b2-4c77-82d2-8a7a717a8059" />
      <TestMethod codeBase="D:\Codex-2\work\CurrencyWarsAssistant-0.2.839-confirmed-20260809\tests\CurrencyWarsAssistant.Tests\bin\Release\net8.0-windows10.0.19041.0\CurrencyWarsAssistant.Tests.dll" adapterTypeName="executor://xunit/VsTestRunner2/netcoreapp" className="CurrencyWarsAssistant.Tests.RewardShopCloseIntegrationTests" name="DisabledRefreshShopIsRecognizedClickedAndVerifiedClosed" />
    </UnitTest>
    <UnitTest name="CurrencyWarsAssistant.Tests.RewardShopCloseIntegrationTests.SlowFirstPostClickClassificationDoesNotToggleClosedShopAgain" storage="d:\codex-2\work\currencywarsassistant-0.2.839-confirmed-20260809\tests\currencywarsassistant.tests\bin\release\net8.0-windows10.0.19041.0\currencywarsassistant.tests.dll" id="92447495-c2eb-a840-8896-504f4d98ff81">
      <Execution id="88fd60ad-f32c-4645-9deb-8f4fd0d45f70" />
      <TestMethod codeBase="D:\Codex-2\work\CurrencyWarsAssistant-0.2.839-confirmed-20260809\tests\CurrencyWarsAssistant.Tests\bin\Release\net8.0-windows10.0.19041.0\CurrencyWarsAssistant.Tests.dll" adapterTypeName="executor://xunit/VsTestRunner2/netcoreapp" className="CurrencyWarsAssistant.Tests.RewardShopCloseIntegrationTests" name="SlowFirstPostClickClassificationDoesNotToggleClosedShopAgain" />
    </UnitTest>
    <UnitTest name="CurrencyWarsAssistant.Tests.RewardShopCloseIntegrationTests.StableShopAfterFailedVerificationAllowsOneSafeRetry" storage="d:\codex-2\work\currencywarsassistant-0.2.839-confirmed-20260809\tests\currencywarsassistant.tests\bin\release\net8.0-windows10.0.19041.0\currencywarsassistant.tests.dll" id="51402b96-9e71-7f26-4ca5-10c3c66cffb6">
      <Execution id="6e97da74-17fc-4714-8165-e22c31394b0e" />
      <TestMethod codeBase="D:\Codex-2\work\CurrencyWarsAssistant-0.2.839-confirmed-20260809\tests\CurrencyWarsAssistant.Tests\bin\Release\net8.0-windows10.0.19041.0\CurrencyWarsAssistant.Tests.dll" adapterTypeName="executor://xunit/VsTestRunner2/netcoreapp" className="CurrencyWarsAssistant.Tests.RewardShopCloseIntegrationTests" name="StableShopAfterFailedVerificationAllowsOneSafeRetry" />
    </UnitTest>
  </TestDefinitions>
  <TestEntries>
    <TestEntry testId="92447495-c2eb-a840-8896-504f4d98ff81" executionId="88fd60ad-f32c-4645-9deb-8f4fd0d45f70" testListId="8c84fa94-04c1-424b-9868-57a2d4851a1d" />
    <TestEntry testId="f6d65453-720b-8f4c-2296-b61c11fdc6d8" executionId="999464ff-c5b2-4c77-82d2-8a7a717a8059" testListId="8c84fa94-04c1-424b-9868-57a2d4851a1d" />
    <TestEntry testId="597e6230-5077-8cf1-f5f2-34b0d575bc98" executionId="57e4ef8b-895a-479d-9c3d-71695ba6c7fb" testListId="8c84fa94-04c1-424b-9868-57a2d4851a1d" />
    <TestEntry testId="104cc2ed-407e-4205-f3bb-e927a8350669" executionId="59e9fc69-c2dd-4b8b-aaf7-d305a770ee71" testListId="8c84fa94-04c1-424b-9868-57a2d4851a1d" />
    <TestEntry testId="51402b96-9e71-7f26-4ca5-10c3c66cffb6" executionId="6e97da74-17fc-4714-8165-e22c31394b0e" testListId="8c84fa94-04c1-424b-9868-57a2d4851a1d" />
  </TestEntries>
  <TestLists>
    <TestList name="列表中未列出的结果" id="8c84fa94-04c1-424b-9868-57a2d4851a1d" />
    <TestList name="所有已加载的结果" id="19431567-8539-422a-85d7-44ee4e166bda" />
  </TestLists>
  <ResultSummary outcome="Completed">
    <Counters total="5" executed="5" passed="5" failed="0" error="0" timeout="0" aborted="0" inconclusive="0" passedButRunAborted="0" notRunnable="0" notExecuted="0" disconnected="0" warning="0" completed="0" inProgress="0" pending="0" />
    <Output>
      <StdOut>[xUnit.net 00:00:00.00] xUnit.net VSTest Adapter v2.8.2+699d445a1a (64-bit .NET 8.0.29)&#xD;
[xUnit.net 00:00:03.94]   Discovering: CurrencyWarsAssistant.Tests&#xD;
[xUnit.net 00:00:04.17]   Discovered:  CurrencyWarsAssistant.Tests&#xD;
[xUnit.net 00:00:04.18]   Starting:    CurrencyWarsAssistant.Tests&#xD;
[xUnit.net 00:00:39.75]   Finished:    CurrencyWarsAssistant.Tests&#xD;
</StdOut>
    </Output>
  </ResultSummary>
</TestRun>