<?xml version="1.0" encoding="utf-8"?>
<TestRun id="17102360-821e-46cd-93f9-1f1df24047de" name="zzz81@ZZZ的电脑 2026-08-09 11:21:40" runUser="ZZZ的电脑\zzz81" xmlns="http://microsoft.com/schemas/VisualStudio/TeamTest/2010">
  <Times creation="2026-08-09T11:21:40.2446971+08:00" queuing="2026-08-09T11:21:40.2446974+08:00" start="2026-08-09T11:21:30.0115891+08:00" finish="2026-08-09T11:21:40.2498415+08:00" />
  <TestSettings name="default" id="701bd18b-0ada-47c0-a876-87e5955bc475">
    <Deployment runDeploymentRoot="zzz81_ZZZ的电脑_2026-08-09_11_21_40" />
  </TestSettings>
  <Results>
    <UnitTestResult executionId="73080219-d863-4e4b-9ae2-2200a8b62fa1" testId="92447495-c2eb-a840-8896-504f4d98ff81" testName="CurrencyWarsAssistant.Tests.RewardShopCloseIntegrationTests.SlowFirstPostClickClassificationDoesNotToggleClosedShopAgain" computerName="ZZZ的电脑" duration="00:00:07.7663854" startTime="2026-08-09T11:21:40.1808146+08:00" endTime="2026-08-09T11:21:40.1808266+08:00" testType="13cdc9d9-ddb5-4fa4-a97d-d965ccfc6d4b" outcome="Failed" testListId="8c84fa94-04c1-424b-9868-57a2d4851a1d" relativeResultsDirectory="73080219-d863-4e4b-9ae2-2200a8b62fa1">
      <Output>
        <ErrorInfo>
          <Message>Assert.Equal() Failure: Collections differ&#xD;
Expected: ["收起商店"]&#xD;
Actual:   ["收起商店", "收起商店"]&#xD;
                   ↑ (pos 1)</Message>
          <StackTrace>   at CurrencyWarsAssistant.Tests.RewardShopCloseIntegrationTests.SlowFirstPostClickClassificationDoesNotToggleClosedShopAgain() in D:\Codex-2\work\CurrencyWarsAssistant-0.2.839-confirmed-20260809\tests\CurrencyWarsAssistant.Tests\RewardShopCloseIntegrationTests.cs:line 114&#xD;
--- End of stack trace from previous location ---</StackTrace>
        </ErrorInfo>
      </Output>
    </UnitTestResult>
  </Results>
  <TestDefinitions>
    <UnitTest name="CurrencyWarsAssistant.Tests.RewardShopCloseIntegrationTests.SlowFirstPostClickClassificationDoesNotToggleClosedShopAgain" storage="d:\codex-2\work\currencywarsassistant-0.2.839-confirmed-20260809\tests\currencywarsassistant.tests\bin\release\net8.0-windows10.0.19041.0\currencywarsassistant.tests.dll" id="92447495-c2eb-a840-8896-504f4d98ff81">
      <Execution id="73080219-d863-4e4b-9ae2-2200a8b62fa1" />
      <TestMethod codeBase="D:\Codex-2\work\CurrencyWarsAssistant-0.2.839-confirmed-20260809\tests\CurrencyWarsAssistant.Tests\bin\Release\net8.0-windows10.0.19041.0\CurrencyWarsAssistant.Tests.dll" adapterTypeName="executor://xunit/VsTestRunner2/netcoreapp" className="CurrencyWarsAssistant.Tests.RewardShopCloseIntegrationTests" name="SlowFirstPostClickClassificationDoesNotToggleClosedShopAgain" />
    </UnitTest>
  </TestDefinitions>
  <TestEntries>
    <TestEntry testId="92447495-c2eb-a840-8896-504f4d98ff81" executionId="73080219-d863-4e4b-9ae2-2200a8b62fa1" testListId="8c84fa94-04c1-424b-9868-57a2d4851a1d" />
  </TestEntries>
  <TestLists>
    <TestList name="列表中未列出的结果" id="8c84fa94-04c1-424b-9868-57a2d4851a1d" />
    <TestList name="所有已加载的结果" id="19431567-8539-422a-85d7-44ee4e166bda" />
  </TestLists>
  <ResultSummary outcome="Failed">
    <Counters total="1" executed="1" passed="0" failed="1" error="0" timeout="0" aborted="0" inconclusive="0" passedButRunAborted="0" notRunnable="0" notExecuted="0" disconnected="0" warning="0" completed="0" inProgress="0" pending="0" />
    <Output>
      <StdOut>[xUnit.net 00:00:00.00] xUnit.net VSTest Adapter v2.8.2+699d445a1a (64-bit .NET 8.0.29)&#xD;
[xUnit.net 00:00:01.95]   Discovering: CurrencyWarsAssistant.Tests&#xD;
[xUnit.net 00:00:02.04]   Discovered:  CurrencyWarsAssistant.Tests&#xD;
[xUnit.net 00:00:02.05]   Starting:    CurrencyWarsAssistant.Tests&#xD;
[xUnit.net 00:00:09.85]       Assert.Equal() Failure: Collections differ&#xD;
[xUnit.net 00:00:09.85]       Expected: ["收起商店"]&#xD;
[xUnit.net 00:00:09.85]       Actual:   ["收起商店", "收起商店"]&#xD;
[xUnit.net 00:00:09.85]                          ↑ (pos 1)&#xD;
[xUnit.net 00:00:09.85]       Stack Trace:&#xD;
[xUnit.net 00:00:09.85]         D:\Codex-2\work\CurrencyWarsAssistant-0.2.839-confirmed-20260809\tests\CurrencyWarsAssistant.Tests\RewardShopCloseIntegrationTests.cs(114,0): at CurrencyWarsAssistant.Tests.RewardShopCloseIntegrationTests.SlowFirstPostClickClassificationDoesNotToggleClosedShopAgain()&#xD;
[xUnit.net 00:00:09.85]         --- End of stack trace from previous location ---&#xD;
[xUnit.net 00:00:09.85]   Finished:    CurrencyWarsAssistant.Tests&#xD;
</StdOut>
    </Output>
    <RunInfos>
      <RunInfo computerName="ZZZ的电脑" outcome="Error" timestamp="2026-08-09T11:21:40.1791352+08:00">
        <Text>[xUnit.net 00:00:09.85]     CurrencyWarsAssistant.Tests.RewardShopCloseIntegrationTests.SlowFirstPostClickClassificationDoesNotToggleClosedShopAgain [FAIL]</Text>
      </RunInfo>
    </RunInfos>
  </ResultSummary>
</TestRun>