<?xml version="1.0" encoding="utf-8"?>
<TestRun id="87d48157-8e2f-4e7a-9dab-107949c6a796" name="zzz81@ZZZ的电脑 2026-08-09 11:15:11" runUser="ZZZ的电脑\zzz81" xmlns="http://microsoft.com/schemas/VisualStudio/TeamTest/2010">
  <Times creation="2026-08-09T11:15:11.0351376+08:00" queuing="2026-08-09T11:15:11.0351379+08:00" start="2026-08-09T11:15:08.3624932+08:00" finish="2026-08-09T11:15:11.0398883+08:00" />
  <TestSettings name="default" id="276ea128-f401-483c-9bee-b9f1710925e9">
    <Deployment runDeploymentRoot="zzz81_ZZZ的电脑_2026-08-09_11_15_11" />
  </TestSettings>
  <Results>
    <UnitTestResult executionId="09cd0832-dd8d-4af7-8527-fbbffc5796f7" testId="f6d65453-720b-8f4c-2296-b61c11fdc6d8" testName="CurrencyWarsAssistant.Tests.RewardShopCloseIntegrationTests.DisabledRefreshShopIsRecognizedClickedAndVerifiedClosed" computerName="ZZZ的电脑" duration="00:00:02.0494573" startTime="2026-08-09T11:15:10.9619107+08:00" endTime="2026-08-09T11:15:10.9619233+08:00" testType="13cdc9d9-ddb5-4fa4-a97d-d965ccfc6d4b" outcome="Passed" testListId="8c84fa94-04c1-424b-9868-57a2d4851a1d" relativeResultsDirectory="09cd0832-dd8d-4af7-8527-fbbffc5796f7" />
  </Results>
  <TestDefinitions>
    <UnitTest name="CurrencyWarsAssistant.Tests.RewardShopCloseIntegrationTests.DisabledRefreshShopIsRecognizedClickedAndVerifiedClosed" storage="d:\codex-2\work\currencywarsassistant-0.2.839-confirmed-20260809\tests\currencywarsassistant.tests\bin\release\net8.0-windows10.0.19041.0\currencywarsassistant.tests.dll" id="f6d65453-720b-8f4c-2296-b61c11fdc6d8">
      <Execution id="09cd0832-dd8d-4af7-8527-fbbffc5796f7" />
      <TestMethod codeBase="D:\Codex-2\work\CurrencyWarsAssistant-0.2.839-confirmed-20260809\tests\CurrencyWarsAssistant.Tests\bin\Release\net8.0-windows10.0.19041.0\CurrencyWarsAssistant.Tests.dll" adapterTypeName="executor://xunit/VsTestRunner2/netcoreapp" className="CurrencyWarsAssistant.Tests.RewardShopCloseIntegrationTests" name="DisabledRefreshShopIsRecognizedClickedAndVerifiedClosed" />
    </UnitTest>
  </TestDefinitions>
  <TestEntries>
    <TestEntry testId="f6d65453-720b-8f4c-2296-b61c11fdc6d8" executionId="09cd0832-dd8d-4af7-8527-fbbffc5796f7" testListId="8c84fa94-04c1-424b-9868-57a2d4851a1d" />
  </TestEntries>
  <TestLists>
    <TestList name="列表中未列出的结果" id="8c84fa94-04c1-424b-9868-57a2d4851a1d" />
    <TestList name="所有已加载的结果" id="19431567-8539-422a-85d7-44ee4e166bda" />
  </TestLists>
  <ResultSummary outcome="Completed">
    <Counters total="1" executed="1" passed="1" failed="0" error="0" timeout="0" aborted="0" inconclusive="0" passedButRunAborted="0" notRunnable="0" notExecuted="0" disconnected="0" warning="0" completed="0" inProgress="0" pending="0" />
    <Output>
      <StdOut>[xUnit.net 00:00:00.00] xUnit.net VSTest Adapter v2.8.2+699d445a1a (64-bit .NET 8.0.29)&#xD;
[xUnit.net 00:00:00.07]   Discovering: CurrencyWarsAssistant.Tests&#xD;
[xUnit.net 00:00:00.17]   Discovered:  CurrencyWarsAssistant.Tests&#xD;
[xUnit.net 00:00:00.17]   Starting:    CurrencyWarsAssistant.Tests&#xD;
[xUnit.net 00:00:02.26]   Finished:    CurrencyWarsAssistant.Tests&#xD;
</StdOut>
    </Output>
  </ResultSummary>
</TestRun>