<?xml version="1.0" encoding="utf-8"?>
<TestRun id="b168f1c8-b67f-416e-8f17-569c091fd016" name="zzz81@ZZZ的电脑 2026-08-09 17:06:54" runUser="ZZZ的电脑\zzz81" xmlns="http://microsoft.com/schemas/VisualStudio/TeamTest/2010">
  <Times creation="2026-08-09T17:06:54.1613083+08:00" queuing="2026-08-09T17:06:54.1613086+08:00" start="2026-08-09T17:06:52.3674602+08:00" finish="2026-08-09T17:07:01.2879260+08:00" />
  <TestSettings name="default" id="73b5eed3-e1e7-4286-9152-6c51486060d0">
    <Deployment runDeploymentRoot="zzz81_ZZZ的电脑_2026-08-09_17_06_54" />
  </TestSettings>
  <Results>
    <UnitTestResult executionId="557b3873-2d8f-42a9-aa22-dced49a232de" testId="a7d6a4eb-fb3b-2ffb-f7f4-987d632707d9" testName="CurrencyWarsAssistant.Tests.EquipmentRecognitionDiagnosisTests.DiagnoseEquipmentRegionsOnRealFrame" computerName="ZZZ的电脑" duration="00:00:00.0782560" startTime="2026-08-09T17:06:53.2494001+08:00" endTime="2026-08-09T17:06:53.2494004+08:00" testType="13cdc9d9-ddb5-4fa4-a97d-d965ccfc6d4b" outcome="Passed" testListId="8c84fa94-04c1-424b-9868-57a2d4851a1d" relativeResultsDirectory="557b3873-2d8f-42a9-aa22-dced49a232de">
      <Output>
        <StdOut>Front#0 槽位: (681,329) 128x140&#xD;
  装备区[0]: normalized=(0.355,0.412,0.023,0.034) px=(908,594,58x48)&#xD;
  装备区[1]: normalized=(0.377,0.412,0.023,0.034) px=(964,594,58x48)&#xD;
  装备区[2]: normalized=(0.399,0.412,0.023,0.034) px=(1021,594,58x48)&#xD;
  装备区[0] 前景检测: True&#xD;
  装备区[1] 前景检测: True&#xD;
  装备区[2] 前景检测: True&#xD;
--- 3-7 帧 Front#0 装备区前景 ---&#xD;
  装备区[0] px=(908,594,58x48) 前景=True&#xD;
  装备区[1] px=(964,594,58x48) 前景=True&#xD;
  装备区[2] px=(1021,594,58x48) 前景=True&#xD;
--- 非 compact (y=0.96H) ---&#xD;
  装备区[0] y=0.429 前景: True&#xD;
  装备区[1] y=0.429 前景: True&#xD;
  装备区[2] y=0.429 前景: True</StdOut>
      </Output>
    </UnitTestResult>
    <UnitTestResult executionId="1bdf3de0-4d03-46f5-8f60-dbf59094ad36" testId="c7b5e68d-74e8-c52a-03ca-f91b9b457d39" testName="CurrencyWarsAssistant.Tests.SilverWolfMatchDiagnosisTests.DiagnoseSilverWolfTemplateMatch" computerName="ZZZ的电脑" duration="00:00:08.3924486" startTime="2026-08-09T17:07:01.2280786+08:00" endTime="2026-08-09T17:07:01.2280792+08:00" testType="13cdc9d9-ddb5-4fa4-a97d-d965ccfc6d4b" outcome="Passed" testListId="8c84fa94-04c1-424b-9868-57a2d4851a1d" relativeResultsDirectory="1bdf3de0-4d03-46f5-8f60-dbf59094ad36" />
    <UnitTestResult executionId="e32d7f53-3950-42bb-86a0-e2131221e980" testId="13113ea1-cd23-9c17-008b-2b8445cc779d" testName="CurrencyWarsAssistant.Tests.EquipmentRecognitionDiagnosisTests.CenteredEquipmentForegroundRetainsVisibleIconsAfterScalingSmoke(width: 1920, height: 1080)" computerName="ZZZ的电脑" duration="00:00:00.1138294" startTime="2026-08-09T17:06:53.0275614+08:00" endTime="2026-08-09T17:06:53.0275616+08:00" testType="13cdc9d9-ddb5-4fa4-a97d-d965ccfc6d4b" outcome="Passed" testListId="8c84fa94-04c1-424b-9868-57a2d4851a1d" relativeResultsDirectory="e32d7f53-3950-42bb-86a0-e2131221e980" />
    <UnitTestResult executionId="bf85515d-5ab2-47c5-b644-4c45f293b554" testId="4e3714be-6b24-95bb-5072-992d424e609b" testName="CurrencyWarsAssistant.Tests.EquipmentRecognitionDiagnosisTests.CenteredEquipmentForegroundMatchesNative1920CompactCaptureEvidence" computerName="ZZZ的电脑" duration="00:00:00.0422026" startTime="2026-08-09T17:06:53.1710848+08:00" endTime="2026-08-09T17:06:53.1710851+08:00" testType="13cdc9d9-ddb5-4fa4-a97d-d965ccfc6d4b" outcome="Passed" testListId="8c84fa94-04c1-424b-9868-57a2d4851a1d" relativeResultsDirectory="bf85515d-5ab2-47c5-b644-4c45f293b554" />
    <UnitTestResult executionId="9bdded32-c1d4-431a-a7bd-15d309c761af" testId="cda55033-80a1-218c-45bc-5d069d142519" testName="CurrencyWarsAssistant.Tests.EquipmentRecognitionDiagnosisTests.CenteredEquipmentForegroundRetainsVisibleIconsAfterScalingSmoke(width: 2048, height: 1152)" computerName="ZZZ的电脑" duration="00:00:00.1012697" startTime="2026-08-09T17:06:53.1288070+08:00" endTime="2026-08-09T17:06:53.1288073+08:00" testType="13cdc9d9-ddb5-4fa4-a97d-d965ccfc6d4b" outcome="Passed" testListId="8c84fa94-04c1-424b-9868-57a2d4851a1d" relativeResultsDirectory="9bdded32-c1d4-431a-a7bd-15d309c761af" />
    <UnitTestResult executionId="9bb11fd8-3c6f-4927-bfcd-17f495b6c66e" testId="647d53ce-7487-d6a6-1882-8802aa2bc2c2" testName="CurrencyWarsAssistant.Tests.EquipmentRecognitionDiagnosisTests.CenteredEquipmentForegroundKeepsNative2560FrontAndBackIcons" computerName="ZZZ的电脑" duration="00:00:00.0778983" startTime="2026-08-09T17:06:52.9139205+08:00" endTime="2026-08-09T17:06:52.9139310+08:00" testType="13cdc9d9-ddb5-4fa4-a97d-d965ccfc6d4b" outcome="Passed" testListId="8c84fa94-04c1-424b-9868-57a2d4851a1d" relativeResultsDirectory="9bb11fd8-3c6f-4927-bfcd-17f495b6c66e" />
    <UnitTestResult executionId="03992839-cc5a-4109-a1d0-ccff8b758b17" testId="0d531bc3-d28d-3c84-9286-4c3e15c0980a" testName="CurrencyWarsAssistant.Tests.EquipmentIconMatchDiagnosisTests.DiagnoseEquipmentIconMatching" computerName="ZZZ的电脑" duration="00:00:00.9393817" startTime="2026-08-09T17:06:53.7734486+08:00" endTime="2026-08-09T17:06:53.7734494+08:00" testType="13cdc9d9-ddb5-4fa4-a97d-d965ccfc6d4b" outcome="Passed" testListId="8c84fa94-04c1-424b-9868-57a2d4851a1d" relativeResultsDirectory="03992839-cc5a-4109-a1d0-ccff8b758b17">
      <Output>
        <StdOut>=== Front0 (compact=True) ===&#xD;
装备区[0] px=(908,594,58x48) TemplateId=currency_wars_equipment_079 Conf=0.698 IsKnown=False 候选=[currency_wars_equipment_079,currency_wars_equipment_118]&#xD;
装备区[1] px=(964,594,58x48) TemplateId=currency_wars_equipment_131 Conf=0.719 IsKnown=False 候选=[currency_wars_equipment_131,currency_wars_equipment_064,currency_wars_equipment_103]&#xD;
装备区[2] px=(1021,594,58x48) TemplateId=currency_wars_equipment_059 Conf=0.718 IsKnown=False 候选=[currency_wars_equipment_059,currency_wars_equipment_098]&#xD;
  装备区前景判定: (0.355,0.412) =&gt; True&#xD;
  装备区前景判定: (0.377,0.412) =&gt; True&#xD;
  装备区前景判定: (0.399,0.412) =&gt; True&#xD;
=== Back5 (compact=False) ===&#xD;
装备区[0] px=(713,986,64x61) TemplateId=currency_wars_equipment_125 Conf=0.760 IsKnown=False 候选=[currency_wars_equipment_125,currency_wars_equipment_137,currency_wars_equipment_135]&#xD;
装备区[1] px=(775,986,63x61) TemplateId=currency_wars_equipment_006 Conf=0.723 IsKnown=False 候选=[currency_wars_equipment_006,currency_wars_equipment_009,currency_wars_equipment_016]&#xD;
装备区[2] px=(837,986,63x61) TemplateId=currency_wars_equipment_080 Conf=0.730 IsKnown=False 候选=[currency_wars_equipment_080,currency_wars_equipment_119]&#xD;
  装备区前景判定: (0.279,0.684) =&gt; False&#xD;
  装备区前景判定: (0.303,0.684) =&gt; False&#xD;
  装备区前景判定: (0.327,0.684) =&gt; False</StdOut>
      </Output>
    </UnitTestResult>
    <UnitTestResult executionId="6f200abd-4a11-4161-9303-a5d54ddf49d5" testId="e3fc7c71-890e-2979-c8f1-66042bfa62bc" testName="CurrencyWarsAssistant.Tests.SilverWolfSlotLevelDiagnosisTests.DumpFront0SlotMatchScores" computerName="ZZZ的电脑" duration="00:00:00.2746666" startTime="2026-08-09T17:06:53.1087214+08:00" endTime="2026-08-09T17:06:53.1087218+08:00" testType="13cdc9d9-ddb5-4fa4-a97d-d965ccfc6d4b" outcome="Passed" testListId="8c84fa94-04c1-424b-9868-57a2d4851a1d" relativeResultsDirectory="6f200abd-4a11-4161-9303-a5d54ddf49d5" />
  </Results>
  <TestDefinitions>
    <UnitTest name="CurrencyWarsAssistant.Tests.EquipmentRecognitionDiagnosisTests.CenteredEquipmentForegroundMatchesNative1920CompactCaptureEvidence" storage="d:\codex-2\work\currencywarsassistant-0.2.839-confirmed-20260809\tests\currencywarsassistant.tests\bin\release\net8.0-windows10.0.19041.0\currencywarsassistant.tests.dll" id="4e3714be-6b24-95bb-5072-992d424e609b">
      <Execution id="bf85515d-5ab2-47c5-b644-4c45f293b554" />
      <TestMethod codeBase="D:\Codex-2\work\CurrencyWarsAssistant-0.2.839-confirmed-20260809\tests\CurrencyWarsAssistant.Tests\bin\Release\net8.0-windows10.0.19041.0\CurrencyWarsAssistant.Tests.dll" adapterTypeName="executor://xunit/VsTestRunner2/netcoreapp" className="CurrencyWarsAssistant.Tests.EquipmentRecognitionDiagnosisTests" name="CenteredEquipmentForegroundMatchesNative1920CompactCaptureEvidence" />
    </UnitTest>
    <UnitTest name="CurrencyWarsAssistant.Tests.EquipmentRecognitionDiagnosisTests.CenteredEquipmentForegroundRetainsVisibleIconsAfterScalingSmoke(width: 1920, height: 1080)" storage="d:\codex-2\work\currencywarsassistant-0.2.839-confirmed-20260809\tests\currencywarsassistant.tests\bin\release\net8.0-windows10.0.19041.0\currencywarsassistant.tests.dll" id="13113ea1-cd23-9c17-008b-2b8445cc779d">
      <Execution id="e32d7f53-3950-42bb-86a0-e2131221e980" />
      <TestMethod codeBase="D:\Codex-2\work\CurrencyWarsAssistant-0.2.839-confirmed-20260809\tests\CurrencyWarsAssistant.Tests\bin\Release\net8.0-windows10.0.19041.0\CurrencyWarsAssistant.Tests.dll" adapterTypeName="executor://xunit/VsTestRunner2/netcoreapp" className="CurrencyWarsAssistant.Tests.EquipmentRecognitionDiagnosisTests" name="CenteredEquipmentForegroundRetainsVisibleIconsAfterScalingSmoke" />
    </UnitTest>
    <UnitTest name="CurrencyWarsAssistant.Tests.EquipmentRecognitionDiagnosisTests.CenteredEquipmentForegroundKeepsNative2560FrontAndBackIcons" storage="d:\codex-2\work\currencywarsassistant-0.2.839-confirmed-20260809\tests\currencywarsassistant.tests\bin\release\net8.0-windows10.0.19041.0\currencywarsassistant.tests.dll" id="647d53ce-7487-d6a6-1882-8802aa2bc2c2">
      <Execution id="9bb11fd8-3c6f-4927-bfcd-17f495b6c66e" />
      <TestMethod codeBase="D:\Codex-2\work\CurrencyWarsAssistant-0.2.839-confirmed-20260809\tests\CurrencyWarsAssistant.Tests\bin\Release\net8.0-windows10.0.19041.0\CurrencyWarsAssistant.Tests.dll" adapterTypeName="executor://xunit/VsTestRunner2/netcoreapp" className="CurrencyWarsAssistant.Tests.EquipmentRecognitionDiagnosisTests" name="CenteredEquipmentForegroundKeepsNative2560FrontAndBackIcons" />
    </UnitTest>
    <UnitTest name="CurrencyWarsAssistant.Tests.EquipmentRecognitionDiagnosisTests.CenteredEquipmentForegroundRetainsVisibleIconsAfterScalingSmoke(width: 2048, height: 1152)" storage="d:\codex-2\work\currencywarsassistant-0.2.839-confirmed-20260809\tests\currencywarsassistant.tests\bin\release\net8.0-windows10.0.19041.0\currencywarsassistant.tests.dll" id="cda55033-80a1-218c-45bc-5d069d142519">
      <Execution id="9bdded32-c1d4-431a-a7bd-15d309c761af" />
      <TestMethod codeBase="D:\Codex-2\work\CurrencyWarsAssistant-0.2.839-confirmed-20260809\tests\CurrencyWarsAssistant.Tests\bin\Release\net8.0-windows10.0.19041.0\CurrencyWarsAssistant.Tests.dll" adapterTypeName="executor://xunit/VsTestRunner2/netcoreapp" className="CurrencyWarsAssistant.Tests.EquipmentRecognitionDiagnosisTests" name="CenteredEquipmentForegroundRetainsVisibleIconsAfterScalingSmoke" />
    </UnitTest>
    <UnitTest name="CurrencyWarsAssistant.Tests.EquipmentRecognitionDiagnosisTests.DiagnoseEquipmentRegionsOnRealFrame" storage="d:\codex-2\work\currencywarsassistant-0.2.839-confirmed-20260809\tests\currencywarsassistant.tests\bin\release\net8.0-windows10.0.19041.0\currencywarsassistant.tests.dll" id="a7d6a4eb-fb3b-2ffb-f7f4-987d632707d9">
      <Execution id="557b3873-2d8f-42a9-aa22-dced49a232de" />
      <TestMethod codeBase="D:\Codex-2\work\CurrencyWarsAssistant-0.2.839-confirmed-20260809\tests\CurrencyWarsAssistant.Tests\bin\Release\net8.0-windows10.0.19041.0\CurrencyWarsAssistant.Tests.dll" adapterTypeName="executor://xunit/VsTestRunner2/netcoreapp" className="CurrencyWarsAssistant.Tests.EquipmentRecognitionDiagnosisTests" name="DiagnoseEquipmentRegionsOnRealFrame" />
    </UnitTest>
    <UnitTest name="CurrencyWarsAssistant.Tests.SilverWolfMatchDiagnosisTests.DiagnoseSilverWolfTemplateMatch" storage="d:\codex-2\work\currencywarsassistant-0.2.839-confirmed-20260809\tests\currencywarsassistant.tests\bin\release\net8.0-windows10.0.19041.0\currencywarsassistant.tests.dll" id="c7b5e68d-74e8-c52a-03ca-f91b9b457d39">
      <Execution id="1bdf3de0-4d03-46f5-8f60-dbf59094ad36" />
      <TestMethod codeBase="D:\Codex-2\work\CurrencyWarsAssistant-0.2.839-confirmed-20260809\tests\CurrencyWarsAssistant.Tests\bin\Release\net8.0-windows10.0.19041.0\CurrencyWarsAssistant.Tests.dll" adapterTypeName="executor://xunit/VsTestRunner2/netcoreapp" className="CurrencyWarsAssistant.Tests.SilverWolfMatchDiagnosisTests" name="DiagnoseSilverWolfTemplateMatch" />
    </UnitTest>
    <UnitTest name="CurrencyWarsAssistant.Tests.SilverWolfSlotLevelDiagnosisTests.DumpFront0SlotMatchScores" storage="d:\codex-2\work\currencywarsassistant-0.2.839-confirmed-20260809\tests\currencywarsassistant.tests\bin\release\net8.0-windows10.0.19041.0\currencywarsassistant.tests.dll" id="e3fc7c71-890e-2979-c8f1-66042bfa62bc">
      <Execution id="6f200abd-4a11-4161-9303-a5d54ddf49d5" />
      <TestMethod codeBase="D:\Codex-2\work\CurrencyWarsAssistant-0.2.839-confirmed-20260809\tests\CurrencyWarsAssistant.Tests\bin\Release\net8.0-windows10.0.19041.0\CurrencyWarsAssistant.Tests.dll" adapterTypeName="executor://xunit/VsTestRunner2/netcoreapp" className="CurrencyWarsAssistant.Tests.SilverWolfSlotLevelDiagnosisTests" name="DumpFront0SlotMatchScores" />
    </UnitTest>
    <UnitTest name="CurrencyWarsAssistant.Tests.EquipmentIconMatchDiagnosisTests.DiagnoseEquipmentIconMatching" storage="d:\codex-2\work\currencywarsassistant-0.2.839-confirmed-20260809\tests\currencywarsassistant.tests\bin\release\net8.0-windows10.0.19041.0\currencywarsassistant.tests.dll" id="0d531bc3-d28d-3c84-9286-4c3e15c0980a">
      <Execution id="03992839-cc5a-4109-a1d0-ccff8b758b17" />
      <TestMethod codeBase="D:\Codex-2\work\CurrencyWarsAssistant-0.2.839-confirmed-20260809\tests\CurrencyWarsAssistant.Tests\bin\Release\net8.0-windows10.0.19041.0\CurrencyWarsAssistant.Tests.dll" adapterTypeName="executor://xunit/VsTestRunner2/netcoreapp" className="CurrencyWarsAssistant.Tests.EquipmentIconMatchDiagnosisTests" name="DiagnoseEquipmentIconMatching" />
    </UnitTest>
  </TestDefinitions>
  <TestEntries>
    <TestEntry testId="a7d6a4eb-fb3b-2ffb-f7f4-987d632707d9" executionId="557b3873-2d8f-42a9-aa22-dced49a232de" testListId="8c84fa94-04c1-424b-9868-57a2d4851a1d" />
    <TestEntry testId="c7b5e68d-74e8-c52a-03ca-f91b9b457d39" executionId="1bdf3de0-4d03-46f5-8f60-dbf59094ad36" testListId="8c84fa94-04c1-424b-9868-57a2d4851a1d" />
    <TestEntry testId="13113ea1-cd23-9c17-008b-2b8445cc779d" executionId="e32d7f53-3950-42bb-86a0-e2131221e980" testListId="8c84fa94-04c1-424b-9868-57a2d4851a1d" />
    <TestEntry testId="4e3714be-6b24-95bb-5072-992d424e609b" executionId="bf85515d-5ab2-47c5-b644-4c45f293b554" testListId="8c84fa94-04c1-424b-9868-57a2d4851a1d" />
    <TestEntry testId="cda55033-80a1-218c-45bc-5d069d142519" executionId="9bdded32-c1d4-431a-a7bd-15d309c761af" testListId="8c84fa94-04c1-424b-9868-57a2d4851a1d" />
    <TestEntry testId="647d53ce-7487-d6a6-1882-8802aa2bc2c2" executionId="9bb11fd8-3c6f-4927-bfcd-17f495b6c66e" testListId="8c84fa94-04c1-424b-9868-57a2d4851a1d" />
    <TestEntry testId="0d531bc3-d28d-3c84-9286-4c3e15c0980a" executionId="03992839-cc5a-4109-a1d0-ccff8b758b17" testListId="8c84fa94-04c1-424b-9868-57a2d4851a1d" />
    <TestEntry testId="e3fc7c71-890e-2979-c8f1-66042bfa62bc" executionId="6f200abd-4a11-4161-9303-a5d54ddf49d5" testListId="8c84fa94-04c1-424b-9868-57a2d4851a1d" />
  </TestEntries>
  <TestLists>
    <TestList name="列表中未列出的结果" id="8c84fa94-04c1-424b-9868-57a2d4851a1d" />
    <TestList name="所有已加载的结果" id="19431567-8539-422a-85d7-44ee4e166bda" />
  </TestLists>
  <ResultSummary outcome="Completed">
    <Counters total="8" executed="8" passed="8" failed="0" error="0" timeout="0" aborted="0" inconclusive="0" passedButRunAborted="0" notRunnable="0" notExecuted="0" disconnected="0" warning="0" completed="0" inProgress="0" pending="0" />
    <Output>
      <StdOut>[xUnit.net 00:00:00.00] xUnit.net VSTest Adapter v2.8.2+699d445a1a (64-bit .NET 8.0.29)&#xD;
[xUnit.net 00:00:00.06]   Discovering: CurrencyWarsAssistant.Tests&#xD;
[xUnit.net 00:00:00.15]   Discovered:  CurrencyWarsAssistant.Tests&#xD;
[xUnit.net 00:00:00.15]   Starting:    CurrencyWarsAssistant.Tests&#xD;
Front#0 state=Recognized conf=0.465 runnerup=0.286 char=currency_wars_character_05 runnerupChar=currency_wars_character_19&#xD;
����ģ����: 4&#xD;
[DetectBackSlotCount] centers=754,935,1040,1166&#xD;
Front#0 char=currency_wars_character_05 conf=0.465 cand=&#xD;
[xUnit.net 00:00:08.57]   Finished:    CurrencyWarsAssistant.Tests&#xD;
</StdOut>
    </Output>
  </ResultSummary>
</TestRun>