<?xml version="1.0" encoding="utf-8"?>
<TestRun id="c1a246bb-d87c-4ab1-815c-481f2b843ffa" name="zzz81@ZZZ的电脑 2026-08-09 23:01:21" runUser="ZZZ的电脑\zzz81" xmlns="http://microsoft.com/schemas/VisualStudio/TeamTest/2010">
  <Times creation="2026-08-09T23:01:21.8473063+08:00" queuing="2026-08-09T23:01:21.8473067+08:00" start="2026-08-09T23:01:18.5811572+08:00" finish="2026-08-09T23:01:21.8571725+08:00" />
  <TestSettings name="default" id="6e3a847d-8d7d-43b5-aa2d-0a9dcc0ce5bc">
    <Deployment runDeploymentRoot="zzz81_ZZZ的电脑_2026-08-09_23_01_21" />
  </TestSettings>
  <Results>
    <UnitTestResult executionId="fac6e93b-7a1f-4a47-bc76-25b06d5334c6" testId="a980d6af-ff9d-3fa2-bfa6-38dfae7c5f5d" testName="CurrencyWarsAssistant.Tests.PrivilegeEquipmentOverlayRealFrameTests.PrivilegeCatalog_AllThirtySixVisibleAndLockedIconsHaveOverlay" computerName="ZZZ的电脑" duration="00:00:00.0974983" startTime="2026-08-09T23:01:21.7493522+08:00" endTime="2026-08-09T23:01:21.7493526+08:00" testType="13cdc9d9-ddb5-4fa4-a97d-d965ccfc6d4b" outcome="Failed" testListId="8c84fa94-04c1-424b-9868-57a2d4851a1d" relativeResultsDirectory="fac6e93b-7a1f-4a47-bc76-25b06d5334c6">
      <Output>
        <ErrorInfo>
          <Message>Assert.All() Failure: 27 out of 36 items in the collection did not pass.&#xD;
[0]:  Item:  Tuple (CaptureFrame { Width = 1745, Height = 951, Stride = 6980, BgraPixels = System.Byte[], ScreenArea = PixelRect { X = 0, Y = 0, Width = 1745, Height = 951, Right = 1745, Bottom = 951, Center = PixelPoint { X = 872, Y = 475 }, IsEmpty = False }, CapturedAt = 2026/8/9 15:01:21 +00:00 }, NormalizedRect { X = 0.04527220630372493, Y = 0.08096740273396424, Width = 0.07793696275071633, Height = 0.14300736067297581 })&#xD;
      Error: Privilege overlay missed at NormalizedRect { X = 0.04527220630372493, Y = 0.08096740273396424, Width = 0.07793696275071633, Height = 0.14300736067297581 }.&#xD;
[3]:  Item:  Tuple (CaptureFrame { Width = 1745, Height = 951, Stride = 6980, BgraPixels = System.Byte[], ScreenArea = PixelRect { X = 0, Y = 0, Width = 1745, Height = 951, Right = 1745, Bottom = 951, Center = PixelPoint { X = 872, Y = 475 }, IsEmpty = False }, CapturedAt = 2026/8/9 15:01:21 +00:00 }, NormalizedRect { X = 0.4487106017191977, Y = 0.08096740273396424, Width = 0.07793696275071633, Height = 0.14300736067297581 })&#xD;
      Error: Privilege overlay missed at NormalizedRect { X = 0.4487106017191977, Y = 0.08096740273396424, Width = 0.07793696275071633, Height = 0.14300736067297581 }.&#xD;
[4]:  Item:  Tuple (CaptureFrame { Width = 1745, Height = 951, Stride = 6980, BgraPixels = System.Byte[], ScreenArea = PixelRect { X = 0, Y = 0, Width = 1745, Height = 951, Right = 1745, Bottom = 951, Center = PixelPoint { X = 872, Y = 475 }, IsEmpty = False }, CapturedAt = 2026/8/9 15:01:21 +00:00 }, NormalizedRect { X = 0.5822349570200573, Y = 0.08096740273396424, Width = 0.07793696275071633, Height = 0.14300736067297581 })&#xD;
      Error: Privilege overlay missed at NormalizedRect { X = 0.5822349570200573, Y = 0.08096740273396424, Width = 0.07793696275071633, Height = 0.14300736067297581 }.&#xD;
[7]:  Item:  Tuple (CaptureFrame { Width = 1745, Height = 951, Stride = 6980, BgraPixels = System.Byte[], ScreenArea = PixelRect { X = 0, Y = 0, Width = 1745, Height = 951, Right = 1745, Bottom = 951, Center = PixelPoint { X = 872, Y = 475 }, IsEmpty = False }, CapturedAt = 2026/8/9 15:01:21 +00:00 }, NormalizedRect { X = 0.04527220630372493, Y = 0.41219768664563616, Width = 0.07793696275071633, Height = 0.14300736067297581 })&#xD;
      Error: Privilege overlay missed at NormalizedRect { X = 0.04527220630372493, Y = 0.41219768664563616, Width = 0.07793696275071633, Height = 0.14300736067297581 }.&#xD;
[8]:  Item:  Tuple (CaptureFrame { Width = 1745, Height = 951, Stride = 6980, BgraPixels = System.Byte[], ScreenArea = PixelRect { X = 0, Y = 0, Width = 1745, Height = 951, Right = 1745, Bottom = 951, Center = PixelPoint { X = 872, Y = 475 }, IsEmpty = False }, CapturedAt = 2026/8/9 15:01:21 +00:00 }, NormalizedRect { X = 0.18051575931232092, Y = 0.41219768664563616, Width = 0.07793696275071633, Height = 0.14300736067297581 })&#xD;
      Error: Privilege overlay missed at NormalizedRect { X = 0.18051575931232092, Y = 0.41219768664563616, Width = 0.07793696275071633, Height = 0.14300736067297581 }.&#xD;
[9]:  Item:  Tuple (CaptureFrame { Width = 1745, Height = 951, Stride = 6980, BgraPixels = System.Byte[], ScreenArea = PixelRect { X = 0, Y = 0, Width = 1745, Height = 951, Right = 1745, Bottom = 951, Center = PixelPoint { X = 872, Y = 475 }, IsEmpty = False }, CapturedAt = 2026/8/9 15:01:21 +00:00 }, NormalizedRect { X = 0.3146131805157593, Y = 0.41219768664563616, Width = 0.07793696275071633, Height = 0.14300736067297581 })&#xD;
      Error: Privilege overlay missed at NormalizedRect { X = 0.3146131805157593, Y = 0.41219768664563616, Width = 0.07793696275071633, Height = 0.14300736067297581 }.&#xD;
[10]: Item:  Tuple (CaptureFrame { Width = 1745, Height = 951, Stride = 6980, BgraPixels = System.Byte[], ScreenArea = PixelRect { X = 0, Y = 0, Width = 1745, Height = 951, Right = 1745, Bottom = 951, Center = PixelPoint { X = 872, Y = 475 }, IsEmpty = False }, CapturedAt = 2026/8/9 15:01:21 +00:00 }, NormalizedRect { X = 0.4487106017191977, Y = 0.41219768664563616, Width = 0.07793696275071633, Height = 0.14300736067297581 })&#xD;
      Error: Privilege overlay missed at NormalizedRect { X = 0.4487106017191977, Y = 0.41219768664563616, Width = 0.07793696275071633, Height = 0.14300736067297581 }.&#xD;
[11]: Item:  Tuple (CaptureFrame { Width = 1745, Height = 951, Stride = 6980, BgraPixels = System.Byte[], ScreenArea = PixelRect { X = 0, Y = 0, Width = 1745, Height = 951, Right = 1745, Bottom = 951, Center = PixelPoint { X = 872, Y = 475 }, IsEmpty = False }, CapturedAt = 2026/8/9 15:01:21 +00:00 }, NormalizedRect { X = 0.5822349570200573, Y = 0.41219768664563616, Width = 0.07793696275071633, Height = 0.14300736067297581 })&#xD;
      Error: Privilege overlay missed at NormalizedRect { X = 0.5822349570200573, Y = 0.41219768664563616, Width = 0.07793696275071633, Height = 0.14300736067297581 }.&#xD;
[12]: Item:  Tuple (CaptureFrame { Width = 1745, Height = 951, Stride = 6980, BgraPixels = System.Byte[], ScreenArea = PixelRect { X = 0, Y = 0, Width = 1745, Height = 951, Right = 1745, Bottom = 951, Center = PixelPoint { X = 872, Y = 475 }, IsEmpty = False }, CapturedAt = 2026/8/9 15:01:21 +00:00 }, NormalizedRect { X = 0.7163323782234957, Y = 0.41219768664563616, Width = 0.07793696275071633, Height = 0.14300736067297581 })&#xD;
      Error: Privilege overlay missed at NormalizedRect { X = 0.7163323782234957, Y = 0.41219768664563616, Width = 0.07793696275071633, Height = 0.14300736067297581 }.&#xD;
[13]: Item:  Tuple (CaptureFrame { Width = 1745, Height = 951, Stride = 6980, BgraPixels = System.Byte[], ScreenArea = PixelRect { X = 0, Y = 0, Width = 1745, Height = 951, Right = 1745, Bottom = 951, Center = PixelPoint { X = 872, Y = 475 }, IsEmpty = False }, CapturedAt = 2026/8/9 15:01:21 +00:00 }, NormalizedRect { X = 0.8504297994269341, Y = 0.41219768664563616, Width = 0.07793696275071633, Height = 0.14300736067297581 })&#xD;
      Error: Privilege overlay missed at NormalizedRect { X = 0.8504297994269341, Y = 0.41219768664563616, Width = 0.07793696275071633, Height = 0.14300736067297581 }.&#xD;
[14]: Item:  Tuple (CaptureFrame { Width = 1745, Height = 951, Stride = 6980, BgraPixels = System.Byte[], ScreenArea = PixelRect { X = 0, Y = 0, Width = 1745, Height = 951, Right = 1745, Bottom = 951, Center = PixelPoint { X = 872, Y = 475 }, IsEmpty = False }, CapturedAt = 2026/8/9 15:01:21 +00:00 }, NormalizedRect { X = 0.04527220630372493, Y = 0.7371188222923238, Width = 0.07793696275071633, Height = 0.14300736067297581 })&#xD;
      Error: Privilege overlay missed at NormalizedRect { X = 0.04527220630372493, Y = 0.7371188222923238, Width = 0.07793696275071633, Height = 0.14300736067297581 }.&#xD;
[15]: Item:  Tuple (CaptureFrame { Width = 1745, Height = 951, Stride = 6980, BgraPixels = System.Byte[], ScreenArea = PixelRect { X = 0, Y = 0, Width = 1745, Height = 951, Right = 1745, Bottom = 951, Center = PixelPoint { X = 872, Y = 475 }, IsEmpty = False }, CapturedAt = 2026/8/9 15:01:21 +00:00 }, NormalizedRect { X = 0.18051575931232092, Y = 0.7371188222923238, Width = 0.07793696275071633, Height = 0.14300736067297581 })&#xD;
      Error: Privilege overlay missed at NormalizedRect { X = 0.18051575931232092, Y = 0.7371188222923238, Width = 0.07793696275071633, Height = 0.14300736067297581 }.&#xD;
[16]: Item:  Tuple (CaptureFrame { Width = 1745, Height = 951, Stride = 6980, BgraPixels = System.Byte[], ScreenArea = PixelRect { X = 0, Y = 0, Width = 1745, Height = 951, Right = 1745, Bottom = 951, Center = PixelPoint { X = 872, Y = 475 }, IsEmpty = False }, CapturedAt = 2026/8/9 15:01:21 +00:00 }, NormalizedRect { X = 0.3146131805157593, Y = 0.7371188222923238, Width = 0.07793696275071633, Height = 0.14300736067297581 })&#xD;
      Error: Privilege overlay missed at NormalizedRect { X = 0.3146131805157593, Y = 0.7371188222923238, Width = 0.07793696275071633, Height = 0.14300736067297581 }.&#xD;
[19]: Item:  Tuple (CaptureFrame { Width = 1745, Height = 951, Stride = 6980, BgraPixels = System.Byte[], ScreenArea = PixelRect { X = 0, Y = 0, Width = 1745, Height = 951, Right = 1745, Bottom = 951, Center = PixelPoint { X = 872, Y = 475 }, IsEmpty = False }, CapturedAt = 2026/8/9 15:01:21 +00:00 }, NormalizedRect { X = 0.7163323782234957, Y = 0.7371188222923238, Width = 0.07793696275071633, Height = 0.14300736067297581 })&#xD;
      Error: Privilege overlay missed at NormalizedRect { X = 0.7163323782234957, Y = 0.7371188222923238, Width = 0.07793696275071633, Height = 0.14300736067297581 }.&#xD;
[21]: Item:  Tuple (CaptureFrame { Width = 1696, Height = 929, Stride = 6784, BgraPixels = System.Byte[], ScreenArea = PixelRect { X = 0, Y = 0, Width = 1696, Height = 929, Right = 1696, Bottom = 929, Center = PixelPoint { X = 848, Y = 464 }, IsEmpty = False }, CapturedAt = 2026/8/9 15:01:21 +00:00 }, NormalizedRect { X = 0.0347877358490566, Y = 0.07104413347685684, Width = 0.07665094339622641, Height = 0.13993541442411195 })&#xD;
      Error: Privilege overlay missed at NormalizedRect { X = 0.0347877358490566, Y = 0.07104413347685684, Width = 0.07665094339622641, Height = 0.13993541442411195 }.&#xD;
[22]: Item:  Tuple (CaptureFrame { Width = 1696, Height = 929, Stride = 6784, BgraPixels = System.Byte[], ScreenArea = PixelRect { X = 0, Y = 0, Width = 1696, Height = 929, Right = 1696, Bottom = 929, Center = PixelPoint { X = 848, Y = 464 }, IsEmpty = False }, CapturedAt = 2026/8/9 15:01:21 +00:00 }, NormalizedRect { X = 0.1721698113207547, Y = 0.07104413347685684, Width = 0.07665094339622641, Height = 0.13993541442411195 })&#xD;
      Error: Privilege overlay missed at NormalizedRect { X = 0.1721698113207547, Y = 0.07104413347685684, Width = 0.07665094339622641, Height = 0.13993541442411195 }.&#xD;
[23]: Item:  Tuple (CaptureFrame { Width = 1696, Height = 929, Stride = 6784, BgraPixels = System.Byte[], ScreenArea = PixelRect { X = 0, Y = 0, Width = 1696, Height = 929, Right = 1696, Bottom = 929, Center = PixelPoint { X = 848, Y = 464 }, IsEmpty = False }, CapturedAt = 2026/8/9 15:01:21 +00:00 }, NormalizedRect { X = 0.31014150943396224, Y = 0.07104413347685684, Width = 0.07665094339622641, Height = 0.13993541442411195 })&#xD;
      Error: Privilege overlay missed at NormalizedRect { X = 0.31014150943396224, Y = 0.07104413347685684, Width = 0.07665094339622641, Height = 0.13993541442411195 }.&#xD;
[24]: Item:  Tuple (CaptureFrame { Width = 1696, Height = 929, Stride = 6784, BgraPixels = System.Byte[], ScreenArea = PixelRect { X = 0, Y = 0, Width = 1696, Height = 929, Right = 1696, Bottom = 929, Center = PixelPoint { X = 848, Y = 464 }, IsEmpty = False }, CapturedAt = 2026/8/9 15:01:21 +00:00 }, NormalizedRect { X = 0.4481132075471698, Y = 0.07104413347685684, Width = 0.07665094339622641, Height = 0.13993541442411195 })&#xD;
      Error: Privilege overlay missed at NormalizedRect { X = 0.4481132075471698, Y = 0.07104413347685684, Width = 0.07665094339622641, Height = 0.13993541442411195 }.&#xD;
[25]: Item:  Tuple (CaptureFrame { Width = 1696, Height = 929, Stride = 6784, BgraPixels = System.Byte[], ScreenArea = PixelRect { X = 0, Y = 0, Width = 1696, Height = 929, Right = 1696, Bottom = 929, Center = PixelPoint { X = 848, Y = 464 }, IsEmpty = False }, CapturedAt = 2026/8/9 15:01:21 +00:00 }, NormalizedRect { X = 0.5854952830188679, Y = 0.07104413347685684, Width = 0.07665094339622641, Height = 0.13993541442411195 })&#xD;
      Error: Privilege overlay missed at NormalizedRect { X = 0.5854952830188679, Y = 0.07104413347685684, Width = 0.07665094339622641, Height = 0.13993541442411195 }.&#xD;
[26]: Item:  Tuple (CaptureFrame { Width = 1696, Height = 929, Stride = 6784, BgraPixels = System.Byte[], ScreenArea = PixelRect { X = 0, Y = 0, Width = 1696, Height = 929, Right = 1696, Bottom = 929, Center = PixelPoint { X = 848, Y = 464 }, IsEmpty = False }, CapturedAt = 2026/8/9 15:01:21 +00:00 }, NormalizedRect { X = 0.7234669811320755, Y = 0.07104413347685684, Width = 0.07665094339622641, Height = 0.13993541442411195 })&#xD;
      Error: Privilege overlay missed at NormalizedRect { X = 0.7234669811320755, Y = 0.07104413347685684, Width = 0.07665094339622641, Height = 0.13993541442411195 }.&#xD;
[29]: Item:  Tuple (CaptureFrame { Width = 1696, Height = 929, Stride = 6784, BgraPixels = System.Byte[], ScreenArea = PixelRect { X = 0, Y = 0, Width = 1696, Height = 929, Right = 1696, Bottom = 929, Center = PixelPoint { X = 848, Y = 464 }, IsEmpty = False }, CapturedAt = 2026/8/9 15:01:21 +00:00 }, NormalizedRect { X = 0.1721698113207547, Y = 0.4047362755651238, Width = 0.07665094339622641, Height = 0.13993541442411195 })&#xD;
      Error: Privilege overlay missed at NormalizedRect { X = 0.1721698113207547, Y = 0.4047362755651238, Width = 0.07665094339622641, Height = 0.13993541442411195 }.&#xD;
[30]: Item:  Tuple (CaptureFrame { Width = 1696, Height = 929, Stride = 6784, BgraPixels = System.Byte[], ScreenArea = PixelRect { X = 0, Y = 0, Width = 1696, Height = 929, Right = 1696, Bottom = 929, Center = PixelPoint { X = 848, Y = 464 }, IsEmpty = False }, CapturedAt = 2026/8/9 15:01:21 +00:00 }, NormalizedRect { X = 0.31014150943396224, Y = 0.4047362755651238, Width = 0.07665094339622641, Height = 0.13993541442411195 })&#xD;
      Error: Privilege overlay missed at NormalizedRect { X = 0.31014150943396224, Y = 0.4047362755651238, Width = 0.07665094339622641, Height = 0.13993541442411195 }.&#xD;
[31]: Item:  Tuple (CaptureFrame { Width = 1696, Height = 929, Stride = 6784, BgraPixels = System.Byte[], ScreenArea = PixelRect { X = 0, Y = 0, Width = 1696, Height = 929, Right = 1696, Bottom = 929, Center = PixelPoint { X = 848, Y = 464 }, IsEmpty = False }, CapturedAt = 2026/8/9 15:01:21 +00:00 }, NormalizedRect { X = 0.4481132075471698, Y = 0.4047362755651238, Width = 0.07665094339622641, Height = 0.13993541442411195 })&#xD;
      Error: Privilege overlay missed at NormalizedRect { X = 0.4481132075471698, Y = 0.4047362755651238, Width = 0.07665094339622641, Height = 0.13993541442411195 }.&#xD;
[32]: Item:  Tuple (CaptureFrame { Width = 1696, Height = 929, Stride = 6784, BgraPixels = System.Byte[], ScreenArea = PixelRect { X = 0, Y = 0, Width = 1696, Height = 929, Right = 1696, Bottom = 929, Center = PixelPoint { X = 848, Y = 464 }, IsEmpty = False }, CapturedAt = 2026/8/9 15:01:21 +00:00 }, NormalizedRect { X = 0.5854952830188679, Y = 0.4047362755651238, Width = 0.07665094339622641, Height = 0.13993541442411195 })&#xD;
      Error: Privilege overlay missed at NormalizedRect { X = 0.5854952830188679, Y = 0.4047362755651238, Width = 0.07665094339622641, Height = 0.13993541442411195 }.&#xD;
[33]: Item:  Tuple (CaptureFrame { Width = 1696, Height = 929, Stride = 6784, BgraPixels = System.Byte[], ScreenArea = PixelRect { X = 0, Y = 0, Width = 1696, Height = 929, Right = 1696, Bottom = 929, Center = PixelPoint { X = 848, Y = 464 }, IsEmpty = False }, CapturedAt = 2026/8/9 15:01:21 +00:00 }, NormalizedRect { X = 0.7234669811320755, Y = 0.4047362755651238, Width = 0.07665094339622641, Height = 0.13993541442411195 })&#xD;
      Error: Privilege overlay missed at NormalizedRect { X = 0.7234669811320755, Y = 0.4047362755651238, Width = 0.07665094339622641, Height = 0.13993541442411195 }.&#xD;
[34]: Item:  Tuple (CaptureFrame { Width = 1696, Height = 929, Stride = 6784, BgraPixels = System.Byte[], ScreenArea = PixelRect { X = 0, Y = 0, Width = 1696, Height = 929, Right = 1696, Bottom = 929, Center = PixelPoint { X = 848, Y = 464 }, IsEmpty = False }, CapturedAt = 2026/8/9 15:01:21 +00:00 }, NormalizedRect { X = 0.8608490566037735, Y = 0.4047362755651238, Width = 0.07665094339622641, Height = 0.13993541442411195 })&#xD;
      Error: Privilege overlay missed at NormalizedRect { X = 0.8608490566037735, Y = 0.4047362755651238, Width = 0.07665094339622641, Height = 0.13993541442411195 }.&#xD;
[35]: Item:  Tuple (CaptureFrame { Width = 1696, Height = 929, Stride = 6784, BgraPixels = System.Byte[], ScreenArea = PixelRect { X = 0, Y = 0, Width = 1696, Height = 929, Right = 1696, Bottom = 929, Center = PixelPoint { X = 848, Y = 464 }, IsEmpty = False }, CapturedAt = 2026/8/9 15:01:21 +00:00 }, NormalizedRect { X = 0.0347877358490566, Y = 0.7395048439181916, Width = 0.07665094339622641, Height = 0.13993541442411195 })&#xD;
      Error: Privilege overlay missed at NormalizedRect { X = 0.0347877358490566, Y = 0.7395048439181916, Width = 0.07665094339622641, Height = 0.13993541442411195 }.</Message>
          <StackTrace>   at CurrencyWarsAssistant.Tests.PrivilegeEquipmentOverlayRealFrameTests.PrivilegeCatalog_AllThirtySixVisibleAndLockedIconsHaveOverlay() in D:\Codex-2\work\CurrencyWarsAssistant-0.2.839-confirmed-20260809\tests\CurrencyWarsAssistant.Tests\PrivilegeEquipmentOverlayRealFrameTests.cs:line 22&#xD;
   at System.RuntimeMethodHandle.InvokeMethod(Object target, Void** arguments, Signature sig, Boolean isConstructor)&#xD;
   at System.Reflection.MethodBaseInvoker.InvokeWithNoArgs(Object obj, BindingFlags invokeAttr)</StackTrace>
        </ErrorInfo>
      </Output>
    </UnitTestResult>
    <UnitTestResult executionId="bf91c46f-d980-4994-92ed-1d612f48cb52" testId="28c6dea2-624c-3acc-8e2d-93c86473bc1d" testName="CurrencyWarsAssistant.Tests.PrivilegeEquipmentOverlayRealFrameTests.OrdinaryEquipmentRealFrame_HasNoPrivilegeOverlay" computerName="ZZZ的电脑" duration="00:00:00.0952255" startTime="2026-08-09T23:01:21.6320333+08:00" endTime="2026-08-09T23:01:21.6320569+08:00" testType="13cdc9d9-ddb5-4fa4-a97d-d965ccfc6d4b" outcome="Passed" testListId="8c84fa94-04c1-424b-9868-57a2d4851a1d" relativeResultsDirectory="bf91c46f-d980-4994-92ed-1d612f48cb52" />
  </Results>
  <TestDefinitions>
    <UnitTest name="CurrencyWarsAssistant.Tests.PrivilegeEquipmentOverlayRealFrameTests.PrivilegeCatalog_AllThirtySixVisibleAndLockedIconsHaveOverlay" storage="d:\codex-2\work\currencywarsassistant-0.2.839-confirmed-20260809\tests\currencywarsassistant.tests\bin\release\net8.0-windows10.0.19041.0\currencywarsassistant.tests.dll" id="a980d6af-ff9d-3fa2-bfa6-38dfae7c5f5d">
      <Execution id="fac6e93b-7a1f-4a47-bc76-25b06d5334c6" />
      <TestMethod codeBase="D:\Codex-2\work\CurrencyWarsAssistant-0.2.839-confirmed-20260809\tests\CurrencyWarsAssistant.Tests\bin\Release\net8.0-windows10.0.19041.0\CurrencyWarsAssistant.Tests.dll" adapterTypeName="executor://xunit/VsTestRunner2/netcoreapp" className="CurrencyWarsAssistant.Tests.PrivilegeEquipmentOverlayRealFrameTests" name="PrivilegeCatalog_AllThirtySixVisibleAndLockedIconsHaveOverlay" />
    </UnitTest>
    <UnitTest name="CurrencyWarsAssistant.Tests.PrivilegeEquipmentOverlayRealFrameTests.OrdinaryEquipmentRealFrame_HasNoPrivilegeOverlay" storage="d:\codex-2\work\currencywarsassistant-0.2.839-confirmed-20260809\tests\currencywarsassistant.tests\bin\release\net8.0-windows10.0.19041.0\currencywarsassistant.tests.dll" id="28c6dea2-624c-3acc-8e2d-93c86473bc1d">
      <Execution id="bf91c46f-d980-4994-92ed-1d612f48cb52" />
      <TestMethod codeBase="D:\Codex-2\work\CurrencyWarsAssistant-0.2.839-confirmed-20260809\tests\CurrencyWarsAssistant.Tests\bin\Release\net8.0-windows10.0.19041.0\CurrencyWarsAssistant.Tests.dll" adapterTypeName="executor://xunit/VsTestRunner2/netcoreapp" className="CurrencyWarsAssistant.Tests.PrivilegeEquipmentOverlayRealFrameTests" name="OrdinaryEquipmentRealFrame_HasNoPrivilegeOverlay" />
    </UnitTest>
  </TestDefinitions>
  <TestEntries>
    <TestEntry testId="a980d6af-ff9d-3fa2-bfa6-38dfae7c5f5d" executionId="fac6e93b-7a1f-4a47-bc76-25b06d5334c6" testListId="8c84fa94-04c1-424b-9868-57a2d4851a1d" />
    <TestEntry testId="28c6dea2-624c-3acc-8e2d-93c86473bc1d" executionId="bf91c46f-d980-4994-92ed-1d612f48cb52" testListId="8c84fa94-04c1-424b-9868-57a2d4851a1d" />
  </TestEntries>
  <TestLists>
    <TestList name="列表中未列出的结果" id="8c84fa94-04c1-424b-9868-57a2d4851a1d" />
    <TestList name="所有已加载的结果" id="19431567-8539-422a-85d7-44ee4e166bda" />
  </TestLists>
  <ResultSummary outcome="Failed">
    <Counters total="2" executed="2" passed="1" failed="1" error="0" timeout="0" aborted="0" inconclusive="0" passedButRunAborted="0" notRunnable="0" notExecuted="0" disconnected="0" warning="0" completed="0" inProgress="0" pending="0" />
    <Output>
      <StdOut>[xUnit.net 00:00:00.00] xUnit.net VSTest Adapter v2.8.2+699d445a1a (64-bit .NET 8.0.29)&#xD;
[xUnit.net 00:00:02.38]   Discovering: CurrencyWarsAssistant.Tests&#xD;
[xUnit.net 00:00:02.51]   Discovered:  CurrencyWarsAssistant.Tests&#xD;
[xUnit.net 00:00:02.51]   Starting:    CurrencyWarsAssistant.Tests&#xD;
[xUnit.net 00:00:02.76]       Assert.All() Failure: 27 out of 36 items in the collection did not pass.&#xD;
[xUnit.net 00:00:02.76]       [0]:  Item:  Tuple (CaptureFrame { Width = 1745, Height = 951, Stride = 6980, BgraPixels = System.Byte[], ScreenArea = PixelRect { X = 0, Y = 0, Width = 1745, Height = 951, Right = 1745, Bottom = 951, Center = PixelPoint { X = 872, Y = 475 }, IsEmpty = False }, CapturedAt = 2026/8/9 15:01:21 +00:00 }, NormalizedRect { X = 0.04527220630372493, Y = 0.08096740273396424, Width = 0.07793696275071633, Height = 0.14300736067297581 })&#xD;
[xUnit.net 00:00:02.76]             Error: Privilege overlay missed at NormalizedRect { X = 0.04527220630372493, Y = 0.08096740273396424, Width = 0.07793696275071633, Height = 0.14300736067297581 }.&#xD;
[xUnit.net 00:00:02.76]       [3]:  Item:  Tuple (CaptureFrame { Width = 1745, Height = 951, Stride = 6980, BgraPixels = System.Byte[], ScreenArea = PixelRect { X = 0, Y = 0, Width = 1745, Height = 951, Right = 1745, Bottom = 951, Center = PixelPoint { X = 872, Y = 475 }, IsEmpty = False }, CapturedAt = 2026/8/9 15:01:21 +00:00 }, NormalizedRect { X = 0.4487106017191977, Y = 0.08096740273396424, Width = 0.07793696275071633, Height = 0.14300736067297581 })&#xD;
[xUnit.net 00:00:02.76]             Error: Privilege overlay missed at NormalizedRect { X = 0.4487106017191977, Y = 0.08096740273396424, Width = 0.07793696275071633, Height = 0.14300736067297581 }.&#xD;
[xUnit.net 00:00:02.76]       [4]:  Item:  Tuple (CaptureFrame { Width = 1745, Height = 951, Stride = 6980, BgraPixels = System.Byte[], ScreenArea = PixelRect { X = 0, Y = 0, Width = 1745, Height = 951, Right = 1745, Bottom = 951, Center = PixelPoint { X = 872, Y = 475 }, IsEmpty = False }, CapturedAt = 2026/8/9 15:01:21 +00:00 }, NormalizedRect { X = 0.5822349570200573, Y = 0.08096740273396424, Width = 0.07793696275071633, Height = 0.14300736067297581 })&#xD;
[xUnit.net 00:00:02.76]             Error: Privilege overlay missed at NormalizedRect { X = 0.5822349570200573, Y = 0.08096740273396424, Width = 0.07793696275071633, Height = 0.14300736067297581 }.&#xD;
[xUnit.net 00:00:02.76]       [7]:  Item:  Tuple (CaptureFrame { Width = 1745, Height = 951, Stride = 6980, BgraPixels = System.Byte[], ScreenArea = PixelRect { X = 0, Y = 0, Width = 1745, Height = 951, Right = 1745, Bottom = 951, Center = PixelPoint { X = 872, Y = 475 }, IsEmpty = False }, CapturedAt = 2026/8/9 15:01:21 +00:00 }, NormalizedRect { X = 0.04527220630372493, Y = 0.41219768664563616, Width = 0.07793696275071633, Height = 0.14300736067297581 })&#xD;
[xUnit.net 00:00:02.76]             Error: Privilege overlay missed at NormalizedRect { X = 0.04527220630372493, Y = 0.41219768664563616, Width = 0.07793696275071633, Height = 0.14300736067297581 }.&#xD;
[xUnit.net 00:00:02.76]       [8]:  Item:  Tuple (CaptureFrame { Width = 1745, Height = 951, Stride = 6980, BgraPixels = System.Byte[], ScreenArea = PixelRect { X = 0, Y = 0, Width = 1745, Height = 951, Right = 1745, Bottom = 951, Center = PixelPoint { X = 872, Y = 475 }, IsEmpty = False }, CapturedAt = 2026/8/9 15:01:21 +00:00 }, NormalizedRect { X = 0.18051575931232092, Y = 0.41219768664563616, Width = 0.07793696275071633, Height = 0.14300736067297581 })&#xD;
[xUnit.net 00:00:02.76]             Error: Privilege overlay missed at NormalizedRect { X = 0.18051575931232092, Y = 0.41219768664563616, Width = 0.07793696275071633, Height = 0.14300736067297581 }.&#xD;
[xUnit.net 00:00:02.76]       [9]:  Item:  Tuple (CaptureFrame { Width = 1745, Height = 951, Stride = 6980, BgraPixels = System.Byte[], ScreenArea = PixelRect { X = 0, Y = 0, Width = 1745, Height = 951, Right = 1745, Bottom = 951, Center = PixelPoint { X = 872, Y = 475 }, IsEmpty = False }, CapturedAt = 2026/8/9 15:01:21 +00:00 }, NormalizedRect { X = 0.3146131805157593, Y = 0.41219768664563616, Width = 0.07793696275071633, Height = 0.14300736067297581 })&#xD;
[xUnit.net 00:00:02.76]             Error: Privilege overlay missed at NormalizedRect { X = 0.3146131805157593, Y = 0.41219768664563616, Width = 0.07793696275071633, Height = 0.14300736067297581 }.&#xD;
[xUnit.net 00:00:02.76]       [10]: Item:  Tuple (CaptureFrame { Width = 1745, Height = 951, Stride = 6980, BgraPixels = System.Byte[], ScreenArea = PixelRect { X = 0, Y = 0, Width = 1745, Height = 951, Right = 1745, Bottom = 951, Center = PixelPoint { X = 872, Y = 475 }, IsEmpty = False }, CapturedAt = 2026/8/9 15:01:21 +00:00 }, NormalizedRect { X = 0.4487106017191977, Y = 0.41219768664563616, Width = 0.07793696275071633, Height = 0.14300736067297581 })&#xD;
[xUnit.net 00:00:02.76]             Error: Privilege overlay missed at NormalizedRect { X = 0.4487106017191977, Y = 0.41219768664563616, Width = 0.07793696275071633, Height = 0.14300736067297581 }.&#xD;
[xUnit.net 00:00:02.76]       [11]: Item:  Tuple (CaptureFrame { Width = 1745, Height = 951, Stride = 6980, BgraPixels = System.Byte[], ScreenArea = PixelRect { X = 0, Y = 0, Width = 1745, Height = 951, Right = 1745, Bottom = 951, Center = PixelPoint { X = 872, Y = 475 }, IsEmpty = False }, CapturedAt = 2026/8/9 15:01:21 +00:00 }, NormalizedRect { X = 0.5822349570200573, Y = 0.41219768664563616, Width = 0.07793696275071633, Height = 0.14300736067297581 })&#xD;
[xUnit.net 00:00:02.76]             Error: Privilege overlay missed at NormalizedRect { X = 0.5822349570200573, Y = 0.41219768664563616, Width = 0.07793696275071633, Height = 0.14300736067297581 }.&#xD;
[xUnit.net 00:00:02.76]       [12]: Item:  Tuple (CaptureFrame { Width = 1745, Height = 951, Stride = 6980, BgraPixels = System.Byte[], ScreenArea = PixelRect { X = 0, Y = 0, Width = 1745, Height = 951, Right = 1745, Bottom = 951, Center = PixelPoint { X = 872, Y = 475 }, IsEmpty = False }, CapturedAt = 2026/8/9 15:01:21 +00:00 }, NormalizedRect { X = 0.7163323782234957, Y = 0.41219768664563616, Width = 0.07793696275071633, Height = 0.14300736067297581 })&#xD;
[xUnit.net 00:00:02.76]             Error: Privilege overlay missed at NormalizedRect { X = 0.7163323782234957, Y = 0.41219768664563616, Width = 0.07793696275071633, Height = 0.14300736067297581 }.&#xD;
[xUnit.net 00:00:02.76]       [13]: Item:  Tuple (CaptureFrame { Width = 1745, Height = 951, Stride = 6980, BgraPixels = System.Byte[], ScreenArea = PixelRect { X = 0, Y = 0, Width = 1745, Height = 951, Right = 1745, Bottom = 951, Center = PixelPoint { X = 872, Y = 475 }, IsEmpty = False }, CapturedAt = 2026/8/9 15:01:21 +00:00 }, NormalizedRect { X = 0.8504297994269341, Y = 0.41219768664563616, Width = 0.07793696275071633, Height = 0.14300736067297581 })&#xD;
[xUnit.net 00:00:02.76]             Error: Privilege overlay missed at NormalizedRect { X = 0.8504297994269341, Y = 0.41219768664563616, Width = 0.07793696275071633, Height = 0.14300736067297581 }.&#xD;
[xUnit.net 00:00:02.76]       [14]: Item:  Tuple (CaptureFrame { Width = 1745, Height = 951, Stride = 6980, BgraPixels = System.Byte[], ScreenArea = PixelRect { X = 0, Y = 0, Width = 1745, Height = 951, Right = 1745, Bottom = 951, Center = PixelPoint { X = 872, Y = 475 }, IsEmpty = False }, CapturedAt = 2026/8/9 15:01:21 +00:00 }, NormalizedRect { X = 0.04527220630372493, Y = 0.7371188222923238, Width = 0.07793696275071633, Height = 0.14300736067297581 })&#xD;
[xUnit.net 00:00:02.76]             Error: Privilege overlay missed at NormalizedRect { X = 0.04527220630372493, Y = 0.7371188222923238, Width = 0.07793696275071633, Height = 0.14300736067297581 }.&#xD;
[xUnit.net 00:00:02.76]       [15]: Item:  Tuple (CaptureFrame { Width = 1745, Height = 951, Stride = 6980, BgraPixels = System.Byte[], ScreenArea = PixelRect { X = 0, Y = 0, Width = 1745, Height = 951, Right = 1745, Bottom = 951, Center = PixelPoint { X = 872, Y = 475 }, IsEmpty = False }, CapturedAt = 2026/8/9 15:01:21 +00:00 }, NormalizedRect { X = 0.18051575931232092, Y = 0.7371188222923238, Width = 0.07793696275071633, Height = 0.14300736067297581 })&#xD;
[xUnit.net 00:00:02.76]             Error: Privilege overlay missed at NormalizedRect { X = 0.18051575931232092, Y = 0.7371188222923238, Width = 0.07793696275071633, Height = 0.14300736067297581 }.&#xD;
[xUnit.net 00:00:02.76]       [16]: Item:  Tuple (CaptureFrame { Width = 1745, Height = 951, Stride = 6980, BgraPixels = System.Byte[], ScreenArea = PixelRect { X = 0, Y = 0, Width = 1745, Height = 951, Right = 1745, Bottom = 951, Center = PixelPoint { X = 872, Y = 475 }, IsEmpty = False }, CapturedAt = 2026/8/9 15:01:21 +00:00 }, NormalizedRect { X = 0.3146131805157593, Y = 0.7371188222923238, Width = 0.07793696275071633, Height = 0.14300736067297581 })&#xD;
[xUnit.net 00:00:02.76]             Error: Privilege overlay missed at NormalizedRect { X = 0.3146131805157593, Y = 0.7371188222923238, Width = 0.07793696275071633, Height = 0.14300736067297581 }.&#xD;
[xUnit.net 00:00:02.76]       [19]: Item:  Tuple (CaptureFrame { Width = 1745, Height = 951, Stride = 6980, BgraPixels = System.Byte[], ScreenArea = PixelRect { X = 0, Y = 0, Width = 1745, Height = 951, Right = 1745, Bottom = 951, Center = PixelPoint { X = 872, Y = 475 }, IsEmpty = False }, CapturedAt = 2026/8/9 15:01:21 +00:00 }, NormalizedRect { X = 0.7163323782234957, Y = 0.7371188222923238, Width = 0.07793696275071633, Height = 0.14300736067297581 })&#xD;
[xUnit.net 00:00:02.76]             Error: Privilege overlay missed at NormalizedRect { X = 0.7163323782234957, Y = 0.7371188222923238, Width = 0.07793696275071633, Height = 0.14300736067297581 }.&#xD;
[xUnit.net 00:00:02.76]       [21]: Item:  Tuple (CaptureFrame { Width = 1696, Height = 929, Stride = 6784, BgraPixels = System.Byte[], ScreenArea = PixelRect { X = 0, Y = 0, Width = 1696, Height = 929, Right = 1696, Bottom = 929, Center = PixelPoint { X = 848, Y = 464 }, IsEmpty = False }, CapturedAt = 2026/8/9 15:01:21 +00:00 }, NormalizedRect { X = 0.0347877358490566, Y = 0.07104413347685684, Width = 0.07665094339622641, Height = 0.13993541442411195 })&#xD;
[xUnit.net 00:00:02.76]             Error: Privilege overlay missed at NormalizedRect { X = 0.0347877358490566, Y = 0.07104413347685684, Width = 0.07665094339622641, Height = 0.13993541442411195 }.&#xD;
[xUnit.net 00:00:02.77]       [22]: Item:  Tuple (CaptureFrame { Width = 1696, Height = 929, Stride = 6784, BgraPixels = System.Byte[], ScreenArea = PixelRect { X = 0, Y = 0, Width = 1696, Height = 929, Right = 1696, Bottom = 929, Center = PixelPoint { X = 848, Y = 464 }, IsEmpty = False }, CapturedAt = 2026/8/9 15:01:21 +00:00 }, NormalizedRect { X = 0.1721698113207547, Y = 0.07104413347685684, Width = 0.07665094339622641, Height = 0.13993541442411195 })&#xD;
[xUnit.net 00:00:02.77]             Error: Privilege overlay missed at NormalizedRect { X = 0.1721698113207547, Y = 0.07104413347685684, Width = 0.07665094339622641, Height = 0.13993541442411195 }.&#xD;
[xUnit.net 00:00:02.77]       [23]: Item:  Tuple (CaptureFrame { Width = 1696, Height = 929, Stride = 6784, BgraPixels = System.Byte[], ScreenArea = PixelRect { X = 0, Y = 0, Width = 1696, Height = 929, Right = 1696, Bottom = 929, Center = PixelPoint { X = 848, Y = 464 }, IsEmpty = False }, CapturedAt = 2026/8/9 15:01:21 +00:00 }, NormalizedRect { X = 0.31014150943396224, Y = 0.07104413347685684, Width = 0.07665094339622641, Height = 0.13993541442411195 })&#xD;
[xUnit.net 00:00:02.77]             Error: Privilege overlay missed at NormalizedRect { X = 0.31014150943396224, Y = 0.07104413347685684, Width = 0.07665094339622641, Height = 0.13993541442411195 }.&#xD;
[xUnit.net 00:00:02.77]       [24]: Item:  Tuple (CaptureFrame { Width = 1696, Height = 929, Stride = 6784, BgraPixels = System.Byte[], ScreenArea = PixelRect { X = 0, Y = 0, Width = 1696, Height = 929, Right = 1696, Bottom = 929, Center = PixelPoint { X = 848, Y = 464 }, IsEmpty = False }, CapturedAt = 2026/8/9 15:01:21 +00:00 }, NormalizedRect { X = 0.4481132075471698, Y = 0.07104413347685684, Width = 0.07665094339622641, Height = 0.13993541442411195 })&#xD;
[xUnit.net 00:00:02.77]             Error: Privilege overlay missed at NormalizedRect { X = 0.4481132075471698, Y = 0.07104413347685684, Width = 0.07665094339622641, Height = 0.13993541442411195 }.&#xD;
[xUnit.net 00:00:02.77]       [25]: Item:  Tuple (CaptureFrame { Width = 1696, Height = 929, Stride = 6784, BgraPixels = System.Byte[], ScreenArea = PixelRect { X = 0, Y = 0, Width = 1696, Height = 929, Right = 1696, Bottom = 929, Center = PixelPoint { X = 848, Y = 464 }, IsEmpty = False }, CapturedAt = 2026/8/9 15:01:21 +00:00 }, NormalizedRect { X = 0.5854952830188679, Y = 0.07104413347685684, Width = 0.07665094339622641, Height = 0.13993541442411195 })&#xD;
[xUnit.net 00:00:02.77]             Error: Privilege overlay missed at NormalizedRect { X = 0.5854952830188679, Y = 0.07104413347685684, Width = 0.07665094339622641, Height = 0.13993541442411195 }.&#xD;
[xUnit.net 00:00:02.77]       [26]: Item:  Tuple (CaptureFrame { Width = 1696, Height = 929, Stride = 6784, BgraPixels = System.Byte[], ScreenArea = PixelRect { X = 0, Y = 0, Width = 1696, Height = 929, Right = 1696, Bottom = 929, Center = PixelPoint { X = 848, Y = 464 }, IsEmpty = False }, CapturedAt = 2026/8/9 15:01:21 +00:00 }, NormalizedRect { X = 0.7234669811320755, Y = 0.07104413347685684, Width = 0.07665094339622641, Height = 0.13993541442411195 })&#xD;
[xUnit.net 00:00:02.77]             Error: Privilege overlay missed at NormalizedRect { X = 0.7234669811320755, Y = 0.07104413347685684, Width = 0.07665094339622641, Height = 0.13993541442411195 }.&#xD;
[xUnit.net 00:00:02.77]       [29]: Item:  Tuple (CaptureFrame { Width = 1696, Height = 929, Stride = 6784, BgraPixels = System.Byte[], ScreenArea = PixelRect { X = 0, Y = 0, Width = 1696, Height = 929, Right = 1696, Bottom = 929, Center = PixelPoint { X = 848, Y = 464 }, IsEmpty = False }, CapturedAt = 2026/8/9 15:01:21 +00:00 }, NormalizedRect { X = 0.1721698113207547, Y = 0.4047362755651238, Width = 0.07665094339622641, Height = 0.13993541442411195 })&#xD;
[xUnit.net 00:00:02.77]             Error: Privilege overlay missed at NormalizedRect { X = 0.1721698113207547, Y = 0.4047362755651238, Width = 0.07665094339622641, Height = 0.13993541442411195 }.&#xD;
[xUnit.net 00:00:02.77]       [30]: Item:  Tuple (CaptureFrame { Width = 1696, Height = 929, Stride = 6784, BgraPixels = System.Byte[], ScreenArea = PixelRect { X = 0, Y = 0, Width = 1696, Height = 929, Right = 1696, Bottom = 929, Center = PixelPoint { X = 848, Y = 464 }, IsEmpty = False }, CapturedAt = 2026/8/9 15:01:21 +00:00 }, NormalizedRect { X = 0.31014150943396224, Y = 0.4047362755651238, Width = 0.07665094339622641, Height = 0.13993541442411195 })&#xD;
[xUnit.net 00:00:02.77]             Error: Privilege overlay missed at NormalizedRect { X = 0.31014150943396224, Y = 0.4047362755651238, Width = 0.07665094339622641, Height = 0.13993541442411195 }.&#xD;
[xUnit.net 00:00:02.77]       [31]: Item:  Tuple (CaptureFrame { Width = 1696, Height = 929, Stride = 6784, BgraPixels = System.Byte[], ScreenArea = PixelRect { X = 0, Y = 0, Width = 1696, Height = 929, Right = 1696, Bottom = 929, Center = PixelPoint { X = 848, Y = 464 }, IsEmpty = False }, CapturedAt = 2026/8/9 15:01:21 +00:00 }, NormalizedRect { X = 0.4481132075471698, Y = 0.4047362755651238, Width = 0.07665094339622641, Height = 0.13993541442411195 })&#xD;
[xUnit.net 00:00:02.77]             Error: Privilege overlay missed at NormalizedRect { X = 0.4481132075471698, Y = 0.4047362755651238, Width = 0.07665094339622641, Height = 0.13993541442411195 }.&#xD;
[xUnit.net 00:00:02.77]       [32]: Item:  Tuple (CaptureFrame { Width = 1696, Height = 929, Stride = 6784, BgraPixels = System.Byte[], ScreenArea = PixelRect { X = 0, Y = 0, Width = 1696, Height = 929, Right = 1696, Bottom = 929, Center = PixelPoint { X = 848, Y = 464 }, IsEmpty = False }, CapturedAt = 2026/8/9 15:01:21 +00:00 }, NormalizedRect { X = 0.5854952830188679, Y = 0.4047362755651238, Width = 0.07665094339622641, Height = 0.13993541442411195 })&#xD;
[xUnit.net 00:00:02.77]             Error: Privilege overlay missed at NormalizedRect { X = 0.5854952830188679, Y = 0.4047362755651238, Width = 0.07665094339622641, Height = 0.13993541442411195 }.&#xD;
[xUnit.net 00:00:02.77]       [33]: Item:  Tuple (CaptureFrame { Width = 1696, Height = 929, Stride = 6784, BgraPixels = System.Byte[], ScreenArea = PixelRect { X = 0, Y = 0, Width = 1696, Height = 929, Right = 1696, Bottom = 929, Center = PixelPoint { X = 848, Y = 464 }, IsEmpty = False }, CapturedAt = 2026/8/9 15:01:21 +00:00 }, NormalizedRect { X = 0.7234669811320755, Y = 0.4047362755651238, Width = 0.07665094339622641, Height = 0.13993541442411195 })&#xD;
[xUnit.net 00:00:02.77]             Error: Privilege overlay missed at NormalizedRect { X = 0.7234669811320755, Y = 0.4047362755651238, Width = 0.07665094339622641, Height = 0.13993541442411195 }.&#xD;
[xUnit.net 00:00:02.77]       [34]: Item:  Tuple (CaptureFrame { Width = 1696, Height = 929, Stride = 6784, BgraPixels = System.Byte[], ScreenArea = PixelRect { X = 0, Y = 0, Width = 1696, Height = 929, Right = 1696, Bottom = 929, Center = PixelPoint { X = 848, Y = 464 }, IsEmpty = False }, CapturedAt = 2026/8/9 15:01:21 +00:00 }, NormalizedRect { X = 0.8608490566037735, Y = 0.4047362755651238, Width = 0.07665094339622641, Height = 0.13993541442411195 })&#xD;
[xUnit.net 00:00:02.77]             Error: Privilege overlay missed at NormalizedRect { X = 0.8608490566037735, Y = 0.4047362755651238, Width = 0.07665094339622641, Height = 0.13993541442411195 }.&#xD;
[xUnit.net 00:00:02.77]       [35]: Item:  Tuple (CaptureFrame { Width = 1696, Height = 929, Stride = 6784, BgraPixels = System.Byte[], ScreenArea = PixelRect { X = 0, Y = 0, Width = 1696, Height = 929, Right = 1696, Bottom = 929, Center = PixelPoint { X = 848, Y = 464 }, IsEmpty = False }, CapturedAt = 2026/8/9 15:01:21 +00:00 }, NormalizedRect { X = 0.0347877358490566, Y = 0.7395048439181916, Width = 0.07665094339622641, Height = 0.13993541442411195 })&#xD;
[xUnit.net 00:00:02.77]             Error: Privilege overlay missed at NormalizedRect { X = 0.0347877358490566, Y = 0.7395048439181916, Width = 0.07665094339622641, Height = 0.13993541442411195 }.&#xD;
[xUnit.net 00:00:02.77]       Stack Trace:&#xD;
[xUnit.net 00:00:02.77]         D:\Codex-2\work\CurrencyWarsAssistant-0.2.839-confirmed-20260809\tests\CurrencyWarsAssistant.Tests\PrivilegeEquipmentOverlayRealFrameTests.cs(22,0): at CurrencyWarsAssistant.Tests.PrivilegeEquipmentOverlayRealFrameTests.PrivilegeCatalog_AllThirtySixVisibleAndLockedIconsHaveOverlay()&#xD;
[xUnit.net 00:00:02.77]            at System.RuntimeMethodHandle.InvokeMethod(Object target, Void** arguments, Signature sig, Boolean isConstructor)&#xD;
[xUnit.net 00:00:02.77]            at System.Reflection.MethodBaseInvoker.InvokeWithNoArgs(Object obj, BindingFlags invokeAttr)&#xD;
[xUnit.net 00:00:02.77]   Finished:    CurrencyWarsAssistant.Tests&#xD;
</StdOut>
    </Output>
    <RunInfos>
      <RunInfo computerName="ZZZ的电脑" outcome="Error" timestamp="2026-08-09T23:01:21.7426422+08:00">
        <Text>[xUnit.net 00:00:02.76]     CurrencyWarsAssistant.Tests.PrivilegeEquipmentOverlayRealFrameTests.PrivilegeCatalog_AllThirtySixVisibleAndLockedIconsHaveOverlay [FAIL]</Text>
      </RunInfo>
    </RunInfos>
  </ResultSummary>
</TestRun>